Fetching stock data...

Starting Backtest with 46 stocks
Initial Capital: ₹1,000,000.00

🔄 Running Backtest...

Initial Capital: ₹1,000,000.00
Final Portfolio: ₹3,313,542.57
Total Return: +231.35%

================================================================================
📈 COMPREHENSIVE PERFORMANCE ANALYSIS
================================================================================

💰 RETURNS ANALYSIS:
   Total Return: 119.80%
   Average Return: 0.05%
   CAGR: 13.02%
   XIRR: 8.68%
   Annual Returns:
     2015: -0.08%
     2016: 8.25%
     2017: 39.23%
     2018: 1.01%
     2019: 9.92%
     2020: 13.06%
     2021: 26.93%
     2022: -1.82%
     2023: 20.58%
     2024: 16.64%

🎯 RISK ANALYSIS:
   Sharpe Ratio: 0.62 (Higher is better, >1 is good)
   Sharpe Ratio indicates how my returns are with respect to volatility of returns. A higher Sharpe Ratio means better risk-adjusted returns.
   Sortino Ratio: 0.62 (Higher is better, >1 is good)
   Sortino Ratio indicates how my returns are with respect to downside volatility. A higher Sortino Ratio means better risk-adjusted returns.
   Max Drawdown: 21.39% (Usually it should be 15-20% or lower)
   Drawdown Period: 436 days (Lower is better)

📊 TRADING STATISTICS:
   Total Trades: 309
   Winning Trades: 107
   Losing Trades: 175
   Win Rate: 34.6%
   Average Win: ₹15689.04
   Average Loss: ₹-2971.98
   Risk/Reward Ratio: 5.28
   Expectancy: 3489.93
   Profit Factor: 3.23
