Fetching stock data...

Starting Backtest with 46 stocks
Initial Capital: ₹1,000,000.00

🔄 Running Backtest...
BUY HCLTECH.NS @ 362.92 (size=275)
BUY NTPC.NS @ 82.80 (size=1086)
SELL NTPC.NS @ 80.92
SELL HCLTECH.NS @ 348.55
BUY DIVISLAB.NS @ 835.54 (size=119)
BUY BAJFINANCE.NS @ 41.23 (size=2170)
SELL BAJFINANCE.NS @ 39.93
SELL DIVISLAB.NS @ 813.20
BUY BHARTIARTL.NS @ 331.93 (size=298)
SELL BHARTIARTL.NS @ 323.52
BUY BHARTIARTL.NS @ 331.25 (size=297)
SELL BHARTIARTL.NS @ 324.75
BUY RELIANCE.NS @ 189.77 (size=518)
BUY EICHERMOT.NS @ 1604.75 (size=55)
BUY HCLTECH.NS @ 350.74 (size=227)
SELL RELIANCE.NS @ 190.06
SELL HCLTECH.NS @ 340.42
SELL EICHERMOT.NS @ 1970.53
BUY BAJFINANCE.NS @ 48.60 (size=2063)
BUY M&M.NS @ 565.09 (size=159)
BUY HINDUNILVR.NS @ 751.92 (size=107)
BUY DRREDDY.NS @ 694.24 (size=105)
BUY KOTAKBANK.NS @ 138.18 (size=475)
SELL DRREDDY.NS @ 762.26
SELL BAJFINANCE.NS @ 55.00
SELL KOTAKBANK.NS @ 137.15
BUY LT.NS @ 1004.37 (size=66)
BUY SBIN.NS @ 242.62 (size=323)
SELL SBIN.NS @ 231.38
SELL LT.NS @ 994.84
SELL HINDUNILVR.NS @ 730.88
BUY CIPLA.NS @ 640.42 (size=144)
BUY ADANIPORTS.NS @ 316.99 (size=262)
SELL M&M.NS @ 567.53
BUY MARUTI.NS @ 3849.82 (size=21)
BUY TCS.NS @ 1015.25 (size=82)
BUY INFY.NS @ 413.00 (size=201)
SELL CIPLA.NS @ 595.51
SELL MARUTI.NS @ 3810.98
SELL TCS.NS @ 1010.72
BUY MARUTI.NS @ 3841.15 (size=21)
SELL MARUTI.NS @ 3838.14
BUY TCS.NS @ 1013.68 (size=74)
SELL TCS.NS @ 1012.18
SELL ADANIPORTS.NS @ 305.67
SELL INFY.NS @ 400.41
BUY DRREDDY.NS @ 755.71 (size=132)
SELL DRREDDY.NS @ 743.09
BUY INFY.NS @ 424.67 (size=235)
BUY TCS.NS @ 1023.09 (size=88)
SELL INFY.NS @ 415.78
SELL TCS.NS @ 977.87
BUY DRREDDY.NS @ 780.50 (size=127)
BUY APOLLOHOSP.NS @ 1358.00 (size=66)
BUY POWERGRID.NS @ 46.33 (size=1741)
SELL DRREDDY.NS @ 769.29
SELL APOLLOHOSP.NS @ 1298.45
BUY BPCL.NS @ 77.77 (size=1168)
SELL POWERGRID.NS @ 45.31
BUY ITC.NS @ 150.01 (size=597)
BUY BAJAJ-AUTO.NS @ 1866.99 (size=43)
BUY POWERGRID.NS @ 46.39 (size=1566)
BUY NESTLEIND.NS @ 274.83 (size=264)
SELL NESTLEIND.NS @ 271.07
BUY SHREECEM.NS @ 11506.42 (size=5)
SELL POWERGRID.NS @ 45.98
BUY HDFCBANK.NS @ 244.79 (size=243)
SELL HDFCBANK.NS @ 242.44
BUY HINDALCO.NS @ 74.37 (size=817)
SELL SHREECEM.NS @ 10818.24
BUY GRASIM.NS @ 527.97 (size=114)
SELL ITC.NS @ 147.83
SELL HINDALCO.NS @ 72.63
SELL BAJAJ-AUTO.NS @ 1820.90
BUY HEROMOTOCO.NS @ 1833.74 (size=45)
BUY DIVISLAB.NS @ 1044.39 (size=71)
BUY NTPC.NS @ 74.68 (size=894)
BUY MARUTI.NS @ 4158.84 (size=16)
SELL BPCL.NS @ 78.05
SELL MARUTI.NS @ 4089.54
SELL HEROMOTOCO.NS @ 1821.97
BUY BAJAJFINSV.NS @ 191.33 (size=403)
SELL DIVISLAB.NS @ 1023.35
SELL GRASIM.NS @ 527.72
SELL BAJAJFINSV.NS @ 188.23
SELL NTPC.NS @ 82.13
BUY HINDUNILVR.NS @ 717.16 (size=136)
SELL HINDUNILVR.NS @ 697.76
BUY INDUSINDBK.NS @ 885.50 (size=110)
SELL INDUSINDBK.NS @ 867.15
BUY RELIANCE.NS @ 217.67 (size=448)
SELL RELIANCE.NS @ 213.26
BUY POWERGRID.NS @ 49.18 (size=1978)
SELL POWERGRID.NS @ 48.74
BUY ULTRACEMCO.NS @ 2659.61 (size=36)
BUY APOLLOHOSP.NS @ 1380.02 (size=63)
SELL APOLLOHOSP.NS @ 1361.96
SELL ULTRACEMCO.NS @ 3099.74
BUY DRREDDY.NS @ 571.86 (size=172)
SELL DRREDDY.NS @ 550.05
BUY M&M.NS @ 556.80 (size=176)
BUY COALINDIA.NS @ 135.29 (size=653)
BUY DRREDDY.NS @ 567.61 (size=155)
SELL COALINDIA.NS @ 132.99
SELL M&M.NS @ 545.59
SELL DRREDDY.NS @ 557.27
BUY SBIN.NS @ 166.39 (size=587)
BUY ADANIPORTS.NS @ 215.31 (size=454)
SELL ADANIPORTS.NS @ 206.32
BUY INFY.NS @ 447.58 (size=195)
BUY WIPRO.NS @ 95.03 (size=822)
BUY RELIANCE.NS @ 222.83 (size=315)
SELL RELIANCE.NS @ 218.40
BUY ITC.NS @ 144.74 (size=437)
SELL WIPRO.NS @ 93.27
BUY HEROMOTOCO.NS @ 2107.87 (size=30)
SELL ITC.NS @ 141.67
SELL SBIN.NS @ 162.42
BUY NTPC.NS @ 79.17 (size=1019)
SELL HEROMOTOCO.NS @ 2089.08
SELL INFY.NS @ 453.42
BUY BAJFINANCE.NS @ 71.22 (size=1232)
BUY TATACONSUM.NS @ 106.90 (size=821)
SELL TATACONSUM.NS @ 106.10
BUY TITAN.NS @ 348.81 (size=225)
SELL TITAN.NS @ 343.82
SELL NTPC.NS @ 87.29
BUY DRREDDY.NS @ 574.29 (size=136)
SELL DRREDDY.NS @ 570.05
BUY KOTAKBANK.NS @ 146.91 (size=596)
BUY GRASIM.NS @ 623.25 (size=140)
BUY MARUTI.NS @ 3716.07 (size=18)
BUY LT.NS @ 815.77 (size=85)
BUY TCS.NS @ 1028.63 (size=68)
BUY TECHM.NS @ 365.95 (size=191)
SELL TCS.NS @ 997.42
SELL TECHM.NS @ 364.22
SELL GRASIM.NS @ 649.79
BUY TCS.NS @ 1020.29 (size=64)
SELL TCS.NS @ 999.41
SELL BAJFINANCE.NS @ 79.63
SELL MARUTI.NS @ 4083.10
BUY WIPRO.NS @ 94.46 (size=795)
BUY ONGC.NS @ 85.64 (size=875)
BUY HINDUNILVR.NS @ 769.88 (size=87)
SELL WIPRO.NS @ 91.80
BUY AXISBANK.NS @ 529.94 (size=128)
BUY DRREDDY.NS @ 624.28 (size=98)
SELL DRREDDY.NS @ 560.44
BUY BAJAJ-AUTO.NS @ 2091.60 (size=29)
BUY BHARTIARTL.NS @ 309.07 (size=178)
SELL LT.NS @ 851.75
BUY ICICIBANK.NS @ 216.17 (size=229)
SELL ICICIBANK.NS @ 212.53
SELL BHARTIARTL.NS @ 305.44
SELL ONGC.NS @ 85.70
SELL BAJAJ-AUTO.NS @ 2250.10
BUY GRASIM.NS @ 705.82 (size=108)
SELL GRASIM.NS @ 661.53
BUY TITAN.NS @ 387.37 (size=177)
SELL AXISBANK.NS @ 582.09
BUY SUNPHARMA.NS @ 735.56 (size=93)
SELL TITAN.NS @ 385.24
SELL SUNPHARMA.NS @ 720.17
BUY NTPC.NS @ 91.88 (size=902)
SELL HINDUNILVR.NS @ 777.92
BUY NESTLEIND.NS @ 299.64 (size=271)
BUY INDUSINDBK.NS @ 1101.58 (size=66)
SELL NESTLEIND.NS @ 296.81
SELL KOTAKBANK.NS @ 161.20
BUY RELIANCE.NS @ 222.05 (size=376)
SELL NTPC.NS @ 89.30
BUY SHREECEM.NS @ 16266.38 (size=4)
BUY TATASTEEL.NS @ 28.12 (size=2729)
BUY POWERGRID.NS @ 63.10 (size=1094)
SELL TATASTEEL.NS @ 26.99
BUY JSWSTEEL.NS @ 155.75 (size=443)
BUY BAJAJ-AUTO.NS @ 2281.98 (size=27)
SELL SHREECEM.NS @ 16049.52
BUY KOTAKBANK.NS @ 156.76 (size=399)
SELL POWERGRID.NS @ 62.98
SELL RELIANCE.NS @ 242.61
BUY SBIN.NS @ 226.10 (size=320)
BUY HDFCBANK.NS @ 296.10 (size=244)
BUY ADANIPORTS.NS @ 244.38 (size=296)
SELL BAJAJ-AUTO.NS @ 2237.75
SELL KOTAKBANK.NS @ 153.62
BUY DRREDDY.NS @ 589.63 (size=123)
SELL JSWSTEEL.NS @ 151.49
BUY DIVISLAB.NS @ 1210.30 (size=59)
SELL DRREDDY.NS @ 584.37
BUY CIPLA.NS @ 545.13 (size=101)
SELL DIVISLAB.NS @ 1186.33
SELL HDFCBANK.NS @ 292.68
SELL ADANIPORTS.NS @ 238.96
BUY ASIANPAINT.NS @ 1088.62 (size=71)
SELL ASIANPAINT.NS @ 1069.15
BUY RELIANCE.NS @ 233.19 (size=302)
SELL RELIANCE.NS @ 230.97
SELL CIPLA.NS @ 542.87
SELL INDUSINDBK.NS @ 1119.57
BUY TATASTEEL.NS @ 29.87 (size=2792)
BUY EICHERMOT.NS @ 2238.78 (size=36)
BUY GRASIM.NS @ 707.71 (size=116)
SELL SBIN.NS @ 229.57
SELL GRASIM.NS @ 686.12
SELL EICHERMOT.NS @ 2230.37
BUY BAJAJFINSV.NS @ 312.94 (size=285)
SELL BAJAJFINSV.NS @ 306.03
BUY BPCL.NS @ 118.87 (size=746)
SELL TATASTEEL.NS @ 29.56
SELL BPCL.NS @ 115.99
BUY BPCL.NS @ 117.83 (size=821)
SELL BPCL.NS @ 115.08
BUY POWERGRID.NS @ 65.88 (size=1465)
SELL POWERGRID.NS @ 65.15
BUY ONGC.NS @ 116.01 (size=831)
BUY TCS.NS @ 916.53 (size=94)
BUY HCLTECH.NS @ 315.88 (size=274)
BUY TECHM.NS @ 347.29 (size=249)
SELL TCS.NS @ 903.63
BUY INFY.NS @ 380.81 (size=160)
SELL INFY.NS @ 372.94
BUY RELIANCE.NS @ 228.16 (size=304)
SELL RELIANCE.NS @ 226.26
SELL TECHM.NS @ 346.48
BUY LT.NS @ 804.41 (size=96)
BUY WIPRO.NS @ 80.70 (size=868)
BUY ICICIBANK.NS @ 225.22 (size=311)
SELL WIPRO.NS @ 79.31
SELL HCLTECH.NS @ 314.62
BUY HCLTECH.NS @ 318.06 (size=224)
SELL ICICIBANK.NS @ 247.62
SELL ONGC.NS @ 118.38
SELL HCLTECH.NS @ 318.74
BUY SHREECEM.NS @ 14714.14 (size=6)
BUY BPCL.NS @ 123.46 (size=649)
BUY ADANIPORTS.NS @ 282.88 (size=255)
SELL BPCL.NS @ 119.52
BUY BRITANNIA.NS @ 1362.25 (size=53)
BUY APOLLOHOSP.NS @ 1209.03 (size=60)
SELL BRITANNIA.NS @ 1345.71
SELL APOLLOHOSP.NS @ 1188.75
SELL LT.NS @ 899.39
BUY NESTLEIND.NS @ 271.64 (size=298)
BUY M&M.NS @ 595.77 (size=122)
SELL M&M.NS @ 584.93
BUY TCS.NS @ 977.89 (size=74)
BUY BAJAJ-AUTO.NS @ 2225.72 (size=29)
BUY SUNPHARMA.NS @ 632.64 (size=103)
BUY HEROMOTOCO.NS @ 2400.01 (size=27)
SELL ADANIPORTS.NS @ 322.90
SELL SHREECEM.NS @ 16695.01
SELL NESTLEIND.NS @ 293.90
SELL BAJAJ-AUTO.NS @ 2205.56
SELL TCS.NS @ 967.43
SELL HEROMOTOCO.NS @ 2380.40
SELL SUNPHARMA.NS @ 612.67
BUY ADANIPORTS.NS @ 311.76 (size=318)
BUY WIPRO.NS @ 84.88 (size=1054)
SELL WIPRO.NS @ 84.57
BUY INDUSINDBK.NS @ 1337.02 (size=66)
BUY TITAN.NS @ 452.00 (size=178)
BUY HEROMOTOCO.NS @ 2443.15 (size=33)
SELL HEROMOTOCO.NS @ 2636.04
SELL INDUSINDBK.NS @ 1335.65
BUY JSWSTEEL.NS @ 172.76 (size=423)
BUY POWERGRID.NS @ 74.12 (size=1006)
BUY UPL.NS @ 482.15 (size=154)
SELL TITAN.NS @ 455.87
BUY SBIN.NS @ 269.12 (size=251)
BUY SHREECEM.NS @ 17677.60 (size=3)
SELL POWERGRID.NS @ 72.55
SELL ADANIPORTS.NS @ 315.62
SELL SHREECEM.NS @ 17274.17
BUY BPCL.NS @ 136.46 (size=574)
SELL SBIN.NS @ 258.93
BUY ADANIPORTS.NS @ 323.23 (size=242)
SELL JSWSTEEL.NS @ 171.14
BUY M&M.NS @ 611.00 (size=124)
BUY ULTRACEMCO.NS @ 4006.27 (size=19)
SELL ULTRACEMCO.NS @ 3998.57
SELL ADANIPORTS.NS @ 311.95
BUY ADANIPORTS.NS @ 322.61 (size=236)
SELL UPL.NS @ 524.71
BUY ULTRACEMCO.NS @ 4037.84 (size=18)
SELL ULTRACEMCO.NS @ 3967.87
SELL BPCL.NS @ 135.68
BUY INFY.NS @ 375.87 (size=224)
BUY LT.NS @ 1002.43 (size=75)
SELL LT.NS @ 996.72
SELL INFY.NS @ 372.56
BUY EICHERMOT.NS @ 2602.04 (size=32)
SELL EICHERMOT.NS @ 2566.23
BUY BAJFINANCE.NS @ 131.14 (size=641)
SELL M&M.NS @ 624.14
BUY HEROMOTOCO.NS @ 2745.42 (size=27)
BUY KOTAKBANK.NS @ 188.56 (size=403)
BUY WIPRO.NS @ 88.73 (size=856)
SELL WIPRO.NS @ 88.41
SELL KOTAKBANK.NS @ 188.66
SELL BAJFINANCE.NS @ 144.72
BUY KOTAKBANK.NS @ 191.42 (size=397)
SELL HEROMOTOCO.NS @ 2762.92
SELL ADANIPORTS.NS @ 369.67
BUY DIVISLAB.NS @ 642.88 (size=132)
BUY HEROMOTOCO.NS @ 2783.22 (size=30)
BUY DRREDDY.NS @ 496.45 (size=155)
SELL HEROMOTOCO.NS @ 2779.09
BUY ICICIBANK.NS @ 284.46 (size=274)
SELL DRREDDY.NS @ 467.00
BUY NESTLEIND.NS @ 301.94 (size=256)
SELL NESTLEIND.NS @ 300.63
SELL ICICIBANK.NS @ 279.13
SELL DIVISLAB.NS @ 597.23
BUY BAJAJ-AUTO.NS @ 2242.80 (size=41)
BUY ADANIPORTS.NS @ 365.45 (size=228)
SELL BAJAJ-AUTO.NS @ 2236.38
BUY MARUTI.NS @ 6856.16 (size=12)
SELL ADANIPORTS.NS @ 358.95
SELL KOTAKBANK.NS @ 192.90
BUY NTPC.NS @ 99.91 (size=920)
SELL MARUTI.NS @ 7560.81
BUY BPCL.NS @ 144.02 (size=638)
SELL BPCL.NS @ 142.32
BUY HEROMOTOCO.NS @ 2923.80 (size=31)
SELL NTPC.NS @ 99.76
BUY HINDALCO.NS @ 219.05 (size=376)
SELL HEROMOTOCO.NS @ 2844.82
BUY HDFCBANK.NS @ 419.91 (size=219)
BUY TATASTEEL.NS @ 48.97 (size=1885)
SELL HINDALCO.NS @ 217.34
BUY HINDUNILVR.NS @ 1065.31 (size=76)
SELL HDFCBANK.NS @ 414.49
BUY INDUSINDBK.NS @ 1602.05 (size=51)
BUY HDFCBANK.NS @ 418.88 (size=198)
SELL HINDUNILVR.NS @ 1027.29
BUY MARUTI.NS @ 7266.22 (size=10)
SELL MARUTI.NS @ 7228.06
BUY NESTLEIND.NS @ 323.69 (size=229)
SELL INDUSINDBK.NS @ 1586.94
SELL HDFCBANK.NS @ 418.83
BUY KOTAKBANK.NS @ 202.72 (size=409)
SELL TATASTEEL.NS @ 55.82
BUY DRREDDY.NS @ 446.02 (size=191)
SELL KOTAKBANK.NS @ 202.04
SELL NESTLEIND.NS @ 345.19
BUY SUNPHARMA.NS @ 488.65 (size=173)
BUY CIPLA.NS @ 573.01 (size=148)
SELL DRREDDY.NS @ 439.60
BUY GRASIM.NS @ 1147.31 (size=65)
SELL GRASIM.NS @ 1120.83
SELL SUNPHARMA.NS @ 467.40
SELL CIPLA.NS @ 559.14
BUY GRASIM.NS @ 1135.48 (size=88)
BUY ULTRACEMCO.NS @ 4038.02 (size=22)
SELL GRASIM.NS @ 1117.74
BUY ICICIBANK.NS @ 295.41 (size=308)
BUY TCS.NS @ 1080.25 (size=84)
BUY BAJAJ-AUTO.NS @ 2580.24 (size=28)
SELL BAJAJ-AUTO.NS @ 2565.64
SELL ULTRACEMCO.NS @ 3965.56
SELL TCS.NS @ 1065.71
BUY TCS.NS @ 1076.73 (size=84)
SELL TCS.NS @ 1047.80
SELL ICICIBANK.NS @ 297.48
BUY DRREDDY.NS @ 443.14 (size=224)
BUY BHARTIARTL.NS @ 443.65 (size=201)
BUY BAJAJFINSV.NS @ 513.88 (size=156)
BUY NESTLEIND.NS @ 350.40 (size=229)
SELL BHARTIARTL.NS @ 438.02
SELL BAJAJFINSV.NS @ 504.00
SELL NESTLEIND.NS @ 348.46
BUY ULTRACEMCO.NS @ 4148.83 (size=21)
BUY ASIANPAINT.NS @ 1096.79 (size=73)
SELL ASIANPAINT.NS @ 1079.11
SELL ULTRACEMCO.NS @ 4132.43
BUY UPL.NS @ 472.11 (size=188)
BUY WIPRO.NS @ 106.75 (size=833)
BUY HINDALCO.NS @ 245.66 (size=362)
SELL DRREDDY.NS @ 446.57
SELL HINDALCO.NS @ 240.54
SELL UPL.NS @ 461.73
BUY TATASTEEL.NS @ 56.65 (size=1424)
SELL WIPRO.NS @ 103.26
SELL TATASTEEL.NS @ 53.87
BUY M&M.NS @ 698.65 (size=139)
BUY AXISBANK.NS @ 560.66 (size=173)
BUY JSWSTEEL.NS @ 258.50 (size=376)
SELL AXISBANK.NS @ 556.33
SELL M&M.NS @ 693.26
BUY HCLTECH.NS @ 372.73 (size=233)
SELL HCLTECH.NS @ 369.20
SELL JSWSTEEL.NS @ 264.25
BUY COALINDIA.NS @ 146.62 (size=661)
SELL COALINDIA.NS @ 145.24
BUY NTPC.NS @ 104.33 (size=928)
BUY UPL.NS @ 448.10 (size=194)
BUY HCLTECH.NS @ 396.29 (size=197)
BUY HEROMOTOCO.NS @ 2792.19 (size=28)
SELL UPL.NS @ 434.62
SELL HCLTECH.NS @ 366.66
SELL NTPC.NS @ 102.96
SELL HEROMOTOCO.NS @ 2757.29
BUY ITC.NS @ 193.97 (size=492)
SELL ITC.NS @ 191.00
BUY INDUSINDBK.NS @ 1800.26 (size=53)
BUY ASIANPAINT.NS @ 1180.24 (size=72)
BUY RELIANCE.NS @ 428.90 (size=180)
SELL ASIANPAINT.NS @ 1283.95
SELL INDUSINDBK.NS @ 1832.17
SELL RELIANCE.NS @ 481.30
BUY KOTAKBANK.NS @ 268.21 (size=362)
SELL KOTAKBANK.NS @ 261.22
BUY HCLTECH.NS @ 378.14 (size=256)
BUY MARUTI.NS @ 8489.38 (size=10)
BUY BRITANNIA.NS @ 2753.77 (size=28)
SELL MARUTI.NS @ 8492.77
BUY CIPLA.NS @ 583.95 (size=121)
SELL BRITANNIA.NS @ 3007.37
BUY BAJAJFINSV.NS @ 672.67 (size=119)
BUY BAJFINANCE.NS @ 265.76 (size=273)
SELL BAJAJFINSV.NS @ 648.78
SELL HCLTECH.NS @ 428.14
BUY TITAN.NS @ 860.18 (size=76)
SELL TITAN.NS @ 843.58
SELL BAJFINANCE.NS @ 255.18
BUY M&M.NS @ 883.60 (size=102)
BUY ITC.NS @ 212.21 (size=428)
BUY ULTRACEMCO.NS @ 4052.75 (size=17)
SELL ULTRACEMCO.NS @ 3969.93
BUY UPL.NS @ 413.68 (size=175)
BUY ICICIBANK.NS @ 305.95 (size=237)
BUY AXISBANK.NS @ 595.97 (size=121)
BUY RELIANCE.NS @ 541.40 (size=134)
BUY INFY.NS @ 580.62 (size=125)
SELL M&M.NS @ 839.47
SELL ICICIBANK.NS @ 297.89
SELL ITC.NS @ 212.75
BUY LT.NS @ 1176.94 (size=51)
SELL AXISBANK.NS @ 596.91
SELL LT.NS @ 1142.97
SELL UPL.NS @ 399.29
SELL RELIANCE.NS @ 535.89
BUY TCS.NS @ 1713.26 (size=47)
SELL CIPLA.NS @ 605.02
BUY TECHM.NS @ 557.14 (size=147)
BUY NTPC.NS @ 100.98 (size=723)
SELL TECHM.NS @ 537.83
SELL NTPC.NS @ 100.23
SELL TCS.NS @ 1695.67
SELL INFY.NS @ 576.63
BUY DIVISLAB.NS @ 1371.34 (size=69)
BUY ICICIBANK.NS @ 330.74 (size=260)
BUY AXISBANK.NS @ 600.99 (size=143)
BUY DRREDDY.NS @ 494.27 (size=139)
BUY ADANIPORTS.NS @ 346.51 (size=179)
BUY UPL.NS @ 457.08 (size=135)
BUY BHARTIARTL.NS @ 270.24 (size=229)
SELL DIVISLAB.NS @ 1378.77
BUY TITAN.NS @ 868.23 (size=60)
BUY BAJAJ-AUTO.NS @ 2203.60 (size=21)
SELL AXISBANK.NS @ 604.67
BUY INDUSINDBK.NS @ 1497.76 (size=34)
SELL BAJAJ-AUTO.NS @ 2176.22
SELL DRREDDY.NS @ 488.97
SELL ICICIBANK.NS @ 366.78
SELL INDUSINDBK.NS @ 1455.49
BUY HINDUNILVR.NS @ 1582.02 (size=45)
BUY KOTAKBANK.NS @ 242.84 (size=269)
SELL HINDUNILVR.NS @ 1563.23
SELL BHARTIARTL.NS @ 273.10
SELL UPL.NS @ 464.35
SELL ADANIPORTS.NS @ 358.75
BUY BAJAJFINSV.NS @ 621.35 (size=136)
SELL KOTAKBANK.NS @ 243.29
BUY BPCL.NS @ 104.69 (size=790)
SELL BAJAJFINSV.NS @ 607.28
SELL BPCL.NS @ 103.34
SELL TITAN.NS @ 1001.62
BUY NESTLEIND.NS @ 512.04 (size=189)
SELL NESTLEIND.NS @ 493.86
BUY WIPRO.NS @ 125.19 (size=770)
SELL WIPRO.NS @ 118.30
BUY HCLTECH.NS @ 401.10 (size=239)
BUY CIPLA.NS @ 501.63 (size=172)
SELL CIPLA.NS @ 498.03
BUY DIVISLAB.NS @ 1576.37 (size=54)
BUY BPCL.NS @ 113.74 (size=680)
SELL BPCL.NS @ 109.92
BUY ASIANPAINT.NS @ 1364.22 (size=56)
BUY HDFCBANK.NS @ 525.35 (size=131)
SELL ASIANPAINT.NS @ 1331.17
BUY INDUSINDBK.NS @ 1632.34 (size=42)
BUY BPCL.NS @ 112.19 (size=560)
BUY POWERGRID.NS @ 74.25 (size=847)
BUY AXISBANK.NS @ 736.90 (size=85)
SELL INDUSINDBK.NS @ 1543.25
SELL POWERGRID.NS @ 72.25
SELL HCLTECH.NS @ 472.56
BUY SUNPHARMA.NS @ 425.14 (size=103)
SELL SUNPHARMA.NS @ 420.08
BUY APOLLOHOSP.NS @ 1170.38 (size=54)
SELL APOLLOHOSP.NS @ 1166.21
BUY ICICIBANK.NS @ 372.91 (size=181)
SELL AXISBANK.NS @ 737.85
SELL ICICIBANK.NS @ 368.76
SELL DIVISLAB.NS @ 1589.66
BUY BAJFINANCE.NS @ 289.89 (size=283)
BUY TITAN.NS @ 1078.47 (size=76)
SELL BPCL.NS @ 113.66
BUY HCLTECH.NS @ 433.95 (size=151)
SELL BAJFINANCE.NS @ 281.16
BUY BAJAJFINSV.NS @ 734.26 (size=89)
SELL HCLTECH.NS @ 426.44
SELL BAJAJFINSV.NS @ 796.79
SELL HDFCBANK.NS @ 571.14
SELL TITAN.NS @ 1202.68
BUY CIPLA.NS @ 524.09 (size=185)
BUY BAJAJ-AUTO.NS @ 2445.90 (size=35)
BUY WIPRO.NS @ 129.89 (size=673)
SELL BAJAJ-AUTO.NS @ 2394.74
SELL CIPLA.NS @ 520.77
SELL WIPRO.NS @ 131.73
BUY HINDUNILVR.NS @ 1588.15 (size=61)
BUY ADANIPORTS.NS @ 390.08 (size=223)
BUY INFY.NS @ 619.93 (size=140)
BUY NTPC.NS @ 104.24 (size=670)
SELL INFY.NS @ 609.28
BUY TITAN.NS @ 1248.03 (size=55)
SELL NTPC.NS @ 98.97
SELL ADANIPORTS.NS @ 381.73
BUY BAJFINANCE.NS @ 333.00 (size=193)
BUY LT.NS @ 1339.07 (size=48)
SELL HINDUNILVR.NS @ 1576.37
SELL TITAN.NS @ 1073.10
SELL BAJFINANCE.NS @ 330.09
SELL LT.NS @ 1317.96
BUY NESTLEIND.NS @ 528.26 (size=179)
SELL NESTLEIND.NS @ 517.17
BUY SUNPHARMA.NS @ 387.52 (size=244)
BUY ASIANPAINT.NS @ 1457.30 (size=58)
SELL SUNPHARMA.NS @ 389.71
BUY INFY.NS @ 683.11 (size=126)
SELL ASIANPAINT.NS @ 1711.33
SELL INFY.NS @ 648.62
BUY ADANIPORTS.NS @ 380.30 (size=251)
BUY ITC.NS @ 180.39 (size=477)
BUY ULTRACEMCO.NS @ 3993.88 (size=19)
BUY BHARTIARTL.NS @ 344.03 (size=225)
SELL ADANIPORTS.NS @ 370.75
BUY NESTLEIND.NS @ 656.70 (size=108)
SELL ULTRACEMCO.NS @ 3991.84
BUY GRASIM.NS @ 708.63 (size=101)
SELL ITC.NS @ 181.55
SELL BHARTIARTL.NS @ 419.98
BUY HINDUNILVR.NS @ 1859.99 (size=44)
BUY HCLTECH.NS @ 444.93 (size=186)
SELL HINDUNILVR.NS @ 1839.17
BUY TECHM.NS @ 591.82 (size=125)
SELL NESTLEIND.NS @ 665.13
SELL HCLTECH.NS @ 443.34
BUY DRREDDY.NS @ 543.34 (size=151)
SELL GRASIM.NS @ 728.18
BUY RELIANCE.NS @ 677.92 (size=120)
SELL RELIANCE.NS @ 677.31
BUY BAJAJFINSV.NS @ 911.99 (size=89)
BUY INDUSINDBK.NS @ 1430.84 (size=51)
SELL INDUSINDBK.NS @ 1352.47
BUY WIPRO.NS @ 113.96 (size=577)
SELL DRREDDY.NS @ 584.33
BUY TCS.NS @ 1868.48 (size=40)
BUY UPL.NS @ 542.47 (size=124)
SELL WIPRO.NS @ 113.43
SELL UPL.NS @ 528.62
BUY ASIANPAINT.NS @ 1692.15 (size=39)
SELL TCS.NS @ 1844.68
SELL BAJAJFINSV.NS @ 906.07
BUY HEROMOTOCO.NS @ 1917.80 (size=43)
BUY BRITANNIA.NS @ 2819.21 (size=26)
SELL HEROMOTOCO.NS @ 1897.44
SELL BRITANNIA.NS @ 2766.55
SELL TECHM.NS @ 663.27
BUY BAJFINANCE.NS @ 436.46 (size=207)
SELL ASIANPAINT.NS @ 1709.93
SELL BAJFINANCE.NS @ 426.18
BUY NESTLEIND.NS @ 771.57 (size=125)
SELL NESTLEIND.NS @ 758.96
BUY INFY.NS @ 565.53 (size=154)
BUY UPL.NS @ 344.67 (size=255)
BUY POWERGRID.NS @ 64.60 (size=1224)
BUY DIVISLAB.NS @ 2265.09 (size=31)
SELL DIVISLAB.NS @ 2250.83
SELL POWERGRID.NS @ 64.87
BUY ONGC.NS @ 58.72 (size=1345)
SELL INFY.NS @ 691.68
SELL ONGC.NS @ 57.71
BUY SUNPHARMA.NS @ 455.62 (size=195)
SELL SUNPHARMA.NS @ 449.45
BUY LT.NS @ 845.85 (size=105)
SELL LT.NS @ 834.64
BUY KOTAKBANK.NS @ 263.42 (size=337)
BUY ICICIBANK.NS @ 346.74 (size=256)
BUY SHREECEM.NS @ 21471.36 (size=3)
BUY GRASIM.NS @ 575.68 (size=123)
SELL SHREECEM.NS @ 21302.75
SELL ICICIBANK.NS @ 333.63
SELL KOTAKBANK.NS @ 260.62
BUY HEROMOTOCO.NS @ 2171.67 (size=33)
BUY BPCL.NS @ 138.18 (size=536)
BUY ITC.NS @ 147.92 (size=450)
BUY EICHERMOT.NS @ 1920.55 (size=31)
SELL HEROMOTOCO.NS @ 2415.88
SELL GRASIM.NS @ 665.37
SELL UPL.NS @ 493.26
SELL BPCL.NS @ 137.92
BUY COALINDIA.NS @ 80.69 (size=1025)
BUY LT.NS @ 879.67 (size=94)
SELL ITC.NS @ 146.61
BUY SUNPHARMA.NS @ 490.88 (size=168)
BUY INFY.NS @ 808.78 (size=102)
SELL COALINDIA.NS @ 79.55
BUY M&M.NS @ 582.37 (size=123)
SELL LT.NS @ 867.76
BUY DRREDDY.NS @ 842.85 (size=86)
SELL SUNPHARMA.NS @ 473.57
BUY POWERGRID.NS @ 72.86 (size=1005)
SELL POWERGRID.NS @ 71.34
SELL DRREDDY.NS @ 935.58
SELL INFY.NS @ 880.54
BUY ICICIBANK.NS @ 357.42 (size=252)
BUY HINDALCO.NS @ 173.23 (size=521)
SELL ICICIBANK.NS @ 339.19
SELL EICHERMOT.NS @ 2004.95
SELL HINDALCO.NS @ 161.31
SELL M&M.NS @ 584.42
BUY TCS.NS @ 2037.65 (size=50)
BUY DIVISLAB.NS @ 2929.95 (size=35)
SELL TCS.NS @ 2364.01
SELL DIVISLAB.NS @ 3036.65
BUY DRREDDY.NS @ 959.56 (size=108)
BUY TITAN.NS @ 1160.16 (size=81)
SELL TITAN.NS @ 1147.90
SELL DRREDDY.NS @ 945.73
BUY CIPLA.NS @ 735.11 (size=128)
SELL CIPLA.NS @ 690.90
BUY APOLLOHOSP.NS @ 2007.16 (size=47)
BUY INFY.NS @ 968.35 (size=97)
BUY EICHERMOT.NS @ 2288.59 (size=36)
BUY INDUSINDBK.NS @ 811.87 (size=94)
SELL INFY.NS @ 1103.09
SELL EICHERMOT.NS @ 2550.25
BUY ITC.NS @ 157.58 (size=561)
BUY KOTAKBANK.NS @ 379.11 (size=209)
SELL KOTAKBANK.NS @ 371.23
BUY TATACONSUM.NS @ 560.58 (size=141)
SELL APOLLOHOSP.NS @ 2611.36
BUY AXISBANK.NS @ 641.82 (size=130)
BUY ASIANPAINT.NS @ 2485.44 (size=33)
SELL INDUSINDBK.NS @ 820.03
SELL ASIANPAINT.NS @ 2406.28
BUY JSWSTEEL.NS @ 362.04 (size=184)
SELL TATACONSUM.NS @ 550.91
SELL JSWSTEEL.NS @ 347.27
SELL ITC.NS @ 155.94
BUY BPCL.NS @ 132.92 (size=743)
BUY CIPLA.NS @ 776.72 (size=127)
BUY TATACONSUM.NS @ 558.13 (size=141)
BUY EICHERMOT.NS @ 2686.83 (size=26)
BUY ITC.NS @ 166.83 (size=383)
SELL AXISBANK.NS @ 790.70
SELL EICHERMOT.NS @ 2569.89
SELL BPCL.NS @ 151.99
SELL CIPLA.NS @ 777.64
SELL ITC.NS @ 162.76
BUY M&M.NS @ 769.30 (size=132)
BUY ICICIBANK.NS @ 578.14 (size=176)
BUY JSWSTEEL.NS @ 374.34 (size=272)
SELL TATACONSUM.NS @ 580.45
SELL ICICIBANK.NS @ 570.16
BUY SHREECEM.NS @ 26390.50 (size=3)
BUY RELIANCE.NS @ 944.04 (size=94)
BUY APOLLOHOSP.NS @ 2896.73 (size=30)
SELL M&M.NS @ 774.07
SELL RELIANCE.NS @ 902.99
SELL APOLLOHOSP.NS @ 2773.09
SELL JSWSTEEL.NS @ 442.50
SELL SHREECEM.NS @ 30942.24
BUY ADANIPORTS.NS @ 709.64 (size=158)
BUY INFY.NS @ 1197.90 (size=84)
SELL INFY.NS @ 1174.17
BUY BRITANNIA.NS @ 3320.58 (size=30)
SELL BRITANNIA.NS @ 3263.87
BUY HINDUNILVR.NS @ 2164.52 (size=46)
BUY TITAN.NS @ 1468.80 (size=68)
SELL TITAN.NS @ 1402.14
BUY TATACONSUM.NS @ 620.76 (size=145)
SELL TATACONSUM.NS @ 605.13
SELL HINDUNILVR.NS @ 2141.72
SELL ADANIPORTS.NS @ 712.07
BUY SUNPHARMA.NS @ 637.47 (size=174)
SELL SUNPHARMA.NS @ 632.99
BUY NTPC.NS @ 94.64 (size=1174)
BUY POWERGRID.NS @ 101.30 (size=1097)
BUY UPL.NS @ 733.55 (size=121)
BUY HEROMOTOCO.NS @ 2465.93 (size=32)
SELL HEROMOTOCO.NS @ 2447.91
BUY RELIANCE.NS @ 957.55 (size=83)
SELL POWERGRID.NS @ 99.11
BUY BAJAJ-AUTO.NS @ 3615.18 (size=22)
BUY TCS.NS @ 2834.01 (size=29)
SELL RELIANCE.NS @ 942.42
SELL BAJAJ-AUTO.NS @ 3579.22
SELL TCS.NS @ 2820.71
BUY HCLTECH.NS @ 812.96 (size=111)
BUY TATACONSUM.NS @ 730.40 (size=111)
SELL UPL.NS @ 777.04
SELL NTPC.NS @ 97.10
SELL HCLTECH.NS @ 888.12
SELL TATACONSUM.NS @ 805.78
BUY TATASTEEL.NS @ 121.07 (size=934)
BUY HINDALCO.NS @ 392.24 (size=288)
BUY POWERGRID.NS @ 101.65 (size=885)
SELL POWERGRID.NS @ 100.93
SELL TATASTEEL.NS @ 110.29
BUY TATACONSUM.NS @ 809.60 (size=123)
BUY APOLLOHOSP.NS @ 4673.58 (size=21)
SELL APOLLOHOSP.NS @ 4356.78
BUY AXISBANK.NS @ 778.90 (size=114)
BUY TECHM.NS @ 1202.59 (size=74)
SELL TATACONSUM.NS @ 787.20
SELL AXISBANK.NS @ 763.36
BUY ASIANPAINT.NS @ 3121.06 (size=22)
BUY CIPLA.NS @ 905.12 (size=91)
SELL CIPLA.NS @ 884.69
BUY GRASIM.NS @ 1555.58 (size=53)
BUY TCS.NS @ 3262.88 (size=22)
SELL TECHM.NS @ 1206.77
SELL TCS.NS @ 3233.89
BUY HCLTECH.NS @ 1046.47 (size=73)
SELL GRASIM.NS @ 1712.41
SELL HINDALCO.NS @ 527.46
SELL ASIANPAINT.NS @ 3062.48
SELL HCLTECH.NS @ 1007.48
BUY HINDALCO.NS @ 457.16 (size=234)
BUY BAJFINANCE.NS @ 734.11 (size=140)
BUY AXISBANK.NS @ 784.23 (size=131)
SELL BAJFINANCE.NS @ 734.31
SELL AXISBANK.NS @ 755.20
SELL HINDALCO.NS @ 455.55
BUY HDFCBANK.NS @ 761.14 (size=149)
BUY RELIANCE.NS @ 1138.42 (size=99)
SELL HDFCBANK.NS @ 747.82
SELL RELIANCE.NS @ 1145.67
BUY ICICIBANK.NS @ 737.41 (size=153)
SELL ICICIBANK.NS @ 700.55
BUY TITAN.NS @ 2344.73 (size=48)
SELL TITAN.NS @ 2338.56
BUY ASIANPAINT.NS @ 3240.07 (size=34)
BUY HCLTECH.NS @ 1062.12 (size=95)
BUY TECHM.NS @ 1445.57 (size=63)
SELL HCLTECH.NS @ 1011.87
BUY BAJAJFINSV.NS @ 1722.44 (size=53)
SELL BAJAJFINSV.NS @ 1630.25
SELL ASIANPAINT.NS @ 3153.83
SELL TECHM.NS @ 1387.08
BUY LT.NS @ 1847.68 (size=60)
BUY UPL.NS @ 746.24 (size=134)
BUY EICHERMOT.NS @ 2561.19 (size=35)
SELL LT.NS @ 1808.52
SELL UPL.NS @ 727.12
SELL EICHERMOT.NS @ 2483.87
BUY M&M.NS @ 822.97 (size=133)
SELL M&M.NS @ 795.95
BUY CIPLA.NS @ 892.82 (size=123)
SELL CIPLA.NS @ 880.48
BUY BAJAJ-AUTO.NS @ 3147.44 (size=34)
BUY MARUTI.NS @ 8059.86 (size=12)
SELL BAJAJ-AUTO.NS @ 3051.00
SELL MARUTI.NS @ 7537.18
BUY TITAN.NS @ 2491.21 (size=43)
BUY HINDALCO.NS @ 553.41 (size=176)
SELL TITAN.NS @ 2426.51
BUY TCS.NS @ 3279.77 (size=30)
SELL HINDALCO.NS @ 527.03
SELL TCS.NS @ 3253.87
BUY BAJFINANCE.NS @ 689.99 (size=156)
BUY BPCL.NS @ 152.99 (size=632)
SELL BAJFINANCE.NS @ 658.75
SELL BPCL.NS @ 150.06
BUY ULTRACEMCO.NS @ 6482.63 (size=15)
BUY SUNPHARMA.NS @ 866.52 (size=112)
BUY TATACONSUM.NS @ 751.16 (size=116)
SELL ULTRACEMCO.NS @ 6214.20
SELL SUNPHARMA.NS @ 844.64
SELL TATACONSUM.NS @ 733.64
BUY UPL.NS @ 747.30 (size=130)
BUY ASIANPAINT.NS @ 2972.30 (size=32)
SELL ASIANPAINT.NS @ 2940.80
SELL UPL.NS @ 735.14
BUY BAJAJ-AUTO.NS @ 3365.66 (size=31)
SELL BAJAJ-AUTO.NS @ 3337.25
BUY MARUTI.NS @ 7415.59 (size=14)
SELL MARUTI.NS @ 7389.36
BUY HDFCBANK.NS @ 648.40 (size=162)
SELL HDFCBANK.NS @ 695.84
BUY BRITANNIA.NS @ 3533.04 (size=30)
BUY TATACONSUM.NS @ 754.30 (size=126)
BUY DIVISLAB.NS @ 3657.15 (size=23)
SELL DIVISLAB.NS @ 3514.30
SELL BRITANNIA.NS @ 3505.31
BUY SUNPHARMA.NS @ 846.59 (size=113)
BUY TECHM.NS @ 928.01 (size=92)
BUY RELIANCE.NS @ 1168.81 (size=66)
SELL SUNPHARMA.NS @ 841.33
BUY SHREECEM.NS @ 20788.54 (size=3)
BUY BAJAJ-AUTO.NS @ 3714.12 (size=19)
SELL BAJAJ-AUTO.NS @ 3688.54
SELL SHREECEM.NS @ 24110.67
BUY M&M.NS @ 1218.35 (size=65)
SELL TATACONSUM.NS @ 775.52
BUY ASIANPAINT.NS @ 3218.21 (size=24)
BUY TATASTEEL.NS @ 98.05 (size=818)
BUY ULTRACEMCO.NS @ 6373.48 (size=12)
SELL RELIANCE.NS @ 1140.88
BUY HINDALCO.NS @ 404.52 (size=198)
SELL TECHM.NS @ 925.90
SELL ULTRACEMCO.NS @ 6208.62
SELL TATASTEEL.NS @ 96.10
BUY TATASTEEL.NS @ 96.75 (size=849)
SELL HINDALCO.NS @ 388.68
SELL M&M.NS @ 1205.00
BUY BAJFINANCE.NS @ 714.86 (size=114)
SELL TATASTEEL.NS @ 92.62
SELL BAJFINANCE.NS @ 699.62
SELL ASIANPAINT.NS @ 3237.48
BUY EICHERMOT.NS @ 3344.63 (size=31)
SELL EICHERMOT.NS @ 3291.18
BUY INDUSINDBK.NS @ 1134.76 (size=92)
SELL INDUSINDBK.NS @ 1117.45
BUY APOLLOHOSP.NS @ 4341.02 (size=24)
SELL APOLLOHOSP.NS @ 4320.71
BUY M&M.NS @ 1254.42 (size=83)
SELL M&M.NS @ 1245.69
BUY COALINDIA.NS @ 180.26 (size=578)
BUY SUNPHARMA.NS @ 982.12 (size=95)
BUY KOTAKBANK.NS @ 378.24 (size=223)
SELL SUNPHARMA.NS @ 946.47
BUY INFY.NS @ 1439.25 (size=59)
SELL KOTAKBANK.NS @ 372.01
BUY BHARTIARTL.NS @ 814.03 (size=104)
SELL INFY.NS @ 1412.83
BUY ADANIPORTS.NS @ 846.93 (size=99)
SELL COALINDIA.NS @ 179.10
SELL ADANIPORTS.NS @ 844.18
SELL BHARTIARTL.NS @ 799.11
BUY SHREECEM.NS @ 22926.05 (size=4)
BUY BRITANNIA.NS @ 4063.51 (size=23)
BUY JSWSTEEL.NS @ 725.56 (size=116)
BUY HINDUNILVR.NS @ 2445.44 (size=31)
SELL HINDUNILVR.NS @ 2438.58
SELL JSWSTEEL.NS @ 717.72
SELL SHREECEM.NS @ 23224.50
BUY INDUSINDBK.NS @ 1174.48 (size=80)
SELL BRITANNIA.NS @ 4137.37
SELL INDUSINDBK.NS @ 1131.05
BUY LT.NS @ 2085.42 (size=49)
SELL LT.NS @ 2071.13
BUY ITC.NS @ 323.86 (size=318)
BUY ONGC.NS @ 128.39 (size=723)
SELL ITC.NS @ 352.06
BUY ULTRACEMCO.NS @ 7316.66 (size=12)
BUY LT.NS @ 2179.31 (size=39)
BUY HINDALCO.NS @ 412.71 (size=208)
SELL LT.NS @ 2158.85
SELL HINDALCO.NS @ 396.92
BUY POWERGRID.NS @ 156.52 (size=547)
BUY DIVISLAB.NS @ 3095.07 (size=27)
BUY JSWSTEEL.NS @ 693.83 (size=99)
BUY GRASIM.NS @ 1669.47 (size=41)
SELL JSWSTEEL.NS @ 685.85
SELL ONGC.NS @ 136.68
BUY JSWSTEEL.NS @ 694.32 (size=103)
SELL JSWSTEEL.NS @ 686.14
SELL POWERGRID.NS @ 154.76
BUY COALINDIA.NS @ 188.14 (size=381)
BUY POWERGRID.NS @ 156.49 (size=467)
SELL COALINDIA.NS @ 187.61
SELL ULTRACEMCO.NS @ 7974.52
BUY TECHM.NS @ 976.73 (size=84)
SELL TECHM.NS @ 969.21
BUY WIPRO.NS @ 181.91 (size=453)
SELL WIPRO.NS @ 178.34
BUY TECHM.NS @ 982.11 (size=75)
SELL POWERGRID.NS @ 171.50
BUY ADANIPORTS.NS @ 703.08 (size=117)
SELL GRASIM.NS @ 1687.32
SELL TECHM.NS @ 1071.28
SELL ADANIPORTS.NS @ 707.41
BUY ULTRACEMCO.NS @ 7984.00 (size=12)
BUY INFY.NS @ 1237.66 (size=79)
BUY ITC.NS @ 407.63 (size=192)
BUY BPCL.NS @ 159.71 (size=441)
BUY M&M.NS @ 1425.43 (size=49)
BUY BAJFINANCE.NS @ 720.33 (size=97)
BUY AXISBANK.NS @ 958.34 (size=73)
BUY BAJAJFINSV.NS @ 1583.08 (size=26)
SELL AXISBANK.NS @ 948.41
SELL BPCL.NS @ 155.43
SELL BAJFINANCE.NS @ 712.35
SELL BAJAJFINSV.NS @ 1525.29
BUY HEROMOTOCO.NS @ 2741.05 (size=16)
BUY SBIN.NS @ 569.33 (size=102)
BUY ICICIBANK.NS @ 941.69 (size=62)
SELL ULTRACEMCO.NS @ 8037.24
SELL ITC.NS @ 402.12
SELL SBIN.NS @ 552.75
SELL DIVISLAB.NS @ 3838.09
SELL ICICIBANK.NS @ 935.32
SELL HEROMOTOCO.NS @ 2680.25
BUY WIPRO.NS @ 191.01 (size=473)
BUY ICICIBANK.NS @ 943.29 (size=95)
BUY GRASIM.NS @ 1770.59 (size=51)
BUY SUNPHARMA.NS @ 1084.57 (size=83)
SELL WIPRO.NS @ 203.03
SELL INFY.NS @ 1374.57
SELL ICICIBANK.NS @ 942.06
BUY AXISBANK.NS @ 963.48 (size=77)
SELL M&M.NS @ 1513.62
SELL GRASIM.NS @ 1911.02
SELL AXISBANK.NS @ 1025.48
BUY WIPRO.NS @ 195.73 (size=518)
SELL WIPRO.NS @ 193.68
SELL SUNPHARMA.NS @ 1096.71
BUY TECHM.NS @ 1150.35 (size=96)
SELL TECHM.NS @ 1137.90
BUY AXISBANK.NS @ 993.93 (size=110)
BUY ADANIPORTS.NS @ 812.05 (size=122)
SELL ADANIPORTS.NS @ 807.44
BUY TCS.NS @ 3290.74 (size=30)
BUY HCLTECH.NS @ 1119.27 (size=88)
BUY APOLLOHOSP.NS @ 4961.71 (size=19)
SELL TCS.NS @ 3239.37
SELL APOLLOHOSP.NS @ 4945.22
SELL AXISBANK.NS @ 978.76
BUY SHREECEM.NS @ 25443.27 (size=3)
SELL SHREECEM.NS @ 25170.40
BUY MARUTI.NS @ 10190.12 (size=9)
SELL MARUTI.NS @ 10023.56
BUY HEROMOTOCO.NS @ 2794.76 (size=35)
BUY BAJAJFINSV.NS @ 1568.05 (size=57)
SELL HEROMOTOCO.NS @ 3091.81
SELL HCLTECH.NS @ 1227.80
BUY INDUSINDBK.NS @ 1450.00 (size=70)
BUY CIPLA.NS @ 1189.40 (size=86)
SELL BAJAJFINSV.NS @ 1694.35
BUY HINDUNILVR.NS @ 2420.58 (size=37)
SELL HINDUNILVR.NS @ 2406.55
BUY DRREDDY.NS @ 1094.60 (size=83)
SELL CIPLA.NS @ 1176.01
BUY NESTLEIND.NS @ 1190.49 (size=77)
SELL INDUSINDBK.NS @ 1592.87
SELL NESTLEIND.NS @ 1282.51
BUY EICHERMOT.NS @ 3800.56 (size=27)
BUY JSWSTEEL.NS @ 828.91 (size=113)
BUY ICICIBANK.NS @ 971.23 (size=87)
BUY TCS.NS @ 3414.97 (size=24)
BUY SHREECEM.NS @ 27048.96 (size=2)
BUY KOTAKBANK.NS @ 364.40 (size=186)
BUY GRASIM.NS @ 2040.58 (size=27)
SELL SHREECEM.NS @ 26566.46
SELL EICHERMOT.NS @ 3751.79
BUY INFY.NS @ 1406.77 (size=46)
BUY HINDUNILVR.NS @ 2445.34 (size=24)
BUY SBIN.NS @ 603.56 (size=87)
SELL KOTAKBANK.NS @ 355.13
BUY AXISBANK.NS @ 1080.54 (size=49)
SELL DRREDDY.NS @ 1116.26
BUY ASIANPAINT.NS @ 3171.48 (size=16)
BUY TATASTEEL.NS @ 126.11 (size=420)
SELL JSWSTEEL.NS @ 804.17
BUY NTPC.NS @ 282.57 (size=201)
BUY POWERGRID.NS @ 214.88 (size=265)
SELL HINDUNILVR.NS @ 2449.18
SELL ASIANPAINT.NS @ 3094.74
BUY INDUSINDBK.NS @ 1543.96 (size=36)
SELL INDUSINDBK.NS @ 1425.87
SELL SBIN.NS @ 583.41
SELL TATASTEEL.NS @ 124.62
BUY ULTRACEMCO.NS @ 9711.48 (size=5)
SELL AXISBANK.NS @ 1057.43
BUY HINDALCO.NS @ 557.84 (size=110)
BUY ITC.NS @ 401.76 (size=150)
SELL POWERGRID.NS @ 233.75
SELL ITC.NS @ 396.61
BUY LT.NS @ 3420.71 (size=19)
BUY TITAN.NS @ 3674.43 (size=18)
SELL LT.NS @ 3340.34
SELL TITAN.NS @ 3604.77
SELL TCS.NS @ 3878.79
SELL GRASIM.NS @ 2050.63
SELL INFY.NS @ 1628.25
BUY BRITANNIA.NS @ 4948.15 (size=17)
SELL ICICIBANK.NS @ 973.35
SELL BRITANNIA.NS @ 4750.65
SELL ULTRACEMCO.NS @ 9732.62
SELL HINDALCO.NS @ 503.50
BUY HEROMOTOCO.NS @ 4206.33 (size=25)
BUY BAJAJ-AUTO.NS @ 7651.66 (size=12)
SELL NTPC.NS @ 341.52
SELL BAJAJ-AUTO.NS @ 8589.77
BUY POWERGRID.NS @ 247.34 (size=422)
BUY ADANIPORTS.NS @ 1256.32 (size=74)
BUY TATASTEEL.NS @ 136.45 (size=689)
BUY RELIANCE.NS @ 1420.96 (size=66)
BUY BPCL.NS @ 261.51 (size=252)
BUY SBIN.NS @ 705.66 (size=93)
BUY ONGC.NS @ 233.10 (size=283)
SELL RELIANCE.NS @ 1407.81
SELL BPCL.NS @ 248.69
SELL POWERGRID.NS @ 242.38
SELL ADANIPORTS.NS @ 1229.91
BUY COALINDIA.NS @ 377.58 (size=215)
SELL TATASTEEL.NS @ 157.72
SELL HEROMOTOCO.NS @ 4267.77
BUY NESTLEIND.NS @ 1251.32 (size=75)
SELL NESTLEIND.NS @ 1223.94
SELL ONGC.NS @ 239.36
SELL SBIN.NS @ 718.10
SELL COALINDIA.NS @ 385.62
BUY GRASIM.NS @ 2209.49 (size=45)
BUY BAJAJ-AUTO.NS @ 8517.65 (size=12)
BUY NTPC.NS @ 326.89 (size=293)
BUY LT.NS @ 3538.42 (size=24)
BUY BAJFINANCE.NS @ 685.46 (size=113)
SELL LT.NS @ 3440.42
SELL GRASIM.NS @ 2462.89
SELL BAJAJ-AUTO.NS @ 8395.17
SELL BAJFINANCE.NS @ 672.40
BUY ITC.NS @ 380.55 (size=280)
BUY MARUTI.NS @ 12248.14 (size=7)
BUY TATASTEEL.NS @ 157.24 (size=556)
SELL ITC.NS @ 379.43
SELL MARUTI.NS @ 12151.76
BUY HINDUNILVR.NS @ 2238.72 (size=39)
BUY JSWSTEEL.NS @ 871.36 (size=102)
SELL NTPC.NS @ 315.78
BUY POWERGRID.NS @ 276.96 (size=288)
BUY HDFCBANK.NS @ 731.68 (size=109)
BUY AXISBANK.NS @ 1129.41 (size=70)
SELL TATASTEEL.NS @ 152.26
SELL JSWSTEEL.NS @ 833.06
BUY BHARTIARTL.NS @ 1281.78 (size=62)
BUY HINDALCO.NS @ 640.65 (size=124)
BUY SBIN.NS @ 774.20 (size=86)
BUY ADANIPORTS.NS @ 1342.28 (size=49)
SELL HINDUNILVR.NS @ 2501.81
BUY ICICIBANK.NS @ 1090.77 (size=61)
SELL ICICIBANK.NS @ 1089.49
SELL HDFCBANK.NS @ 817.87
BUY RELIANCE.NS @ 1443.52 (size=49)
SELL RELIANCE.NS @ 1430.88
BUY BAJAJ-AUTO.NS @ 9184.67 (size=7)
BUY EICHERMOT.NS @ 4602.47 (size=15)
BUY ITC.NS @ 388.02 (size=185)
SELL EICHERMOT.NS @ 4562.58
SELL ITC.NS @ 387.38
BUY M&M.NS @ 2710.23 (size=24)
SELL AXISBANK.NS @ 1316.18
SELL HINDALCO.NS @ 654.42
BUY KOTAKBANK.NS @ 351.11 (size=216)
BUY WIPRO.NS @ 237.07 (size=321)
BUY RELIANCE.NS @ 1489.65 (size=51)
SELL RELIANCE.NS @ 1476.97
SELL BAJAJ-AUTO.NS @ 9031.31
SELL KOTAKBANK.NS @ 348.84
BUY NESTLEIND.NS @ 1250.58 (size=48)
SELL NESTLEIND.NS @ 1220.68
BUY BAJAJFINSV.NS @ 1585.68 (size=46)
BUY SHREECEM.NS @ 27059.48 (size=2)
SELL ADANIPORTS.NS @ 1582.45
SELL M&M.NS @ 2727.74
SELL SBIN.NS @ 795.67
BUY ADANIPORTS.NS @ 1486.62 (size=50)
SELL SHREECEM.NS @ 26659.02
SELL WIPRO.NS @ 227.32
SELL BAJAJFINSV.NS @ 1566.94
BUY BRITANNIA.NS @ 5572.72 (size=17)
SELL POWERGRID.NS @ 312.10
SELL ADANIPORTS.NS @ 1454.87
SELL BHARTIARTL.NS @ 1552.92
BUY TECHM.NS @ 1521.13 (size=73)
SELL BRITANNIA.NS @ 6030.22
BUY UPL.NS @ 581.78 (size=189)
BUY CIPLA.NS @ 1604.66 (size=61)
SELL TECHM.NS @ 1519.20
BUY HEROMOTOCO.NS @ 5384.62 (size=16)
BUY HDFCBANK.NS @ 829.78 (size=110)
BUY APOLLOHOSP.NS @ 6878.25 (size=13)
SELL HDFCBANK.NS @ 817.77
SELL APOLLOHOSP.NS @ 6746.43
SELL HEROMOTOCO.NS @ 5204.06
SELL UPL.NS @ 575.04
SELL CIPLA.NS @ 1578.88
BUY WIPRO.NS @ 249.79 (size=482)
BUY DIVISLAB.NS @ 5932.64 (size=18)
SELL WIPRO.NS @ 288.81
SELL DIVISLAB.NS @ 5850.06
BUY ICICIBANK.NS @ 1278.53 (size=95)
BUY SHREECEM.NS @ 25621.41 (size=4)
BUY INFY.NS @ 1851.21 (size=59)
SELL SHREECEM.NS @ 25525.89
SELL ICICIBANK.NS @ 1271.84

Initial Capital: ₹1,000,000.00
Final Portfolio: ₹1,220,153.70
Total Return: +22.02%

================================================================================
📈 COMPREHENSIVE PERFORMANCE ANALYSIS
================================================================================

💰 RETURNS ANALYSIS:
   Total Return: 19.90%
   Average Return: 0.01%
   CAGR: 2.05%
   XIRR: 2.01%
   Annual Returns:
     2015: -2.13%
     2016: -1.56%
     2017: 3.23%
     2018: -1.94%
     2019: -0.13%
     2020: 10.31%
     2021: 4.92%
     2022: -8.34%
     2023: 10.21%
     2024: 7.16%

🎯 RISK ANALYSIS:
   Sharpe Ratio: -0.93 (Higher is better, >1 is good)
   Sharpe Ratio indicates how my returns are with respect to volatility of returns. A higher Sharpe Ratio means better risk-adjusted returns.
   Sortino Ratio: -1.11 (Higher is better, >1 is good)
   Sortino Ratio indicates how my returns are with respect to downside volatility. A higher Sortino Ratio means better risk-adjusted returns.
   Max Drawdown: 10.69% (Usually it should be 15-20% or lower)
   Drawdown Period: 1258 days (Lower is better)

📊 TRADING STATISTICS:
   Total Trades: 557
   Winning Trades: 159
   Losing Trades: 395
   Win Rate: 28.5%
   Average Win: ₹6398.85
   Average Loss: ₹-2012.34
   Risk/Reward Ratio: 3.18
   Expectancy: 388.70
   Profit Factor: 1.28
