Fetching stock data...

Starting Backtest with 46 stocks
Initial Capital: ₹1,000,000.00

🔄 Running Backtest...
BUY BPCL.NS @ 69.89 (size=1430)
BUY SUNPHARMA.NS @ 990.08 (size=90)
BUY UPL.NS @ 283.34 (size=285)
BUY DIVISLAB.NS @ 886.07 (size=91)
BUY COALINDIA.NS @ 161.11 (size=401)
BUY EICHERMOT.NS @ 1531.81 (size=42)
BUY BAJFINANCE.NS @ 43.45 (size=1187)
BUY KOTAKBANK.NS @ 142.04 (size=363)
BUY RELIANCE.NS @ 193.52 (size=212)
BUY TATACONSUM.NS @ 142.16 (size=260)
BUY BRITANNIA.NS @ 1003.58 (size=36)
SELL EICHERMOT.NS @ 1471.36
SELL UPL.NS @ 256.79
SELL TATACONSUM.NS @ 134.90
SELL BRITANNIA.NS @ 899.01
SELL SUNPHARMA.NS @ 871.99
BUY TATASTEEL.NS @ 26.40 (size=2198)
SELL BAJFINANCE.NS @ 39.93
SELL DIVISLAB.NS @ 813.20
SELL BPCL.NS @ 63.12
SELL KOTAKBANK.NS @ 132.73
BUY MARUTI.NS @ 3469.36 (size=22)
SELL RELIANCE.NS @ 185.14
SELL COALINDIA.NS @ 153.65
BUY ADANIPORTS.NS @ 327.88 (size=246)
BUY ONGC.NS @ 130.86 (size=554)
SELL MARUTI.NS @ 3298.69
BUY EICHERMOT.NS @ 1563.95 (size=46)
SELL ONGC.NS @ 118.43
BUY SHREECEM.NS @ 10849.52 (size=6)
BUY ULTRACEMCO.NS @ 2843.65 (size=22)
BUY BAJAJ-AUTO.NS @ 1731.09 (size=34)
SELL TATASTEEL.NS @ 24.45
BUY BRITANNIA.NS @ 1055.99 (size=55)
BUY BPCL.NS @ 70.49 (size=748)
BUY COALINDIA.NS @ 165.64 (size=286)
BUY BHARTIARTL.NS @ 361.30 (size=131)
SELL ADANIPORTS.NS @ 295.15
BUY MARUTI.NS @ 3524.04 (size=10)
SELL ULTRACEMCO.NS @ 2709.38
SELL SHREECEM.NS @ 10315.94
BUY BAJFINANCE.NS @ 45.00 (size=1201)
BUY RELIANCE.NS @ 201.78 (size=241)
BUY M&M.NS @ 590.41 (size=74)
BUY HDFCBANK.NS @ 243.01 (size=162)
BUY LT.NS @ 1021.51 (size=38)
BUY DRREDDY.NS @ 662.08 (size=47)
BUY ULTRACEMCO.NS @ 2864.75 (size=11)
BUY AXISBANK.NS @ 565.32 (size=44)
BUY ADANIPORTS.NS @ 315.52 (size=72)
BUY ASIANPAINT.NS @ 758.22 (size=30)
SELL ADANIPORTS.NS @ 303.77
BUY DIVISLAB.NS @ 904.27 (size=22)
BUY GRASIM.NS @ 545.51 (size=33)
BUY INFY.NS @ 420.79 (size=39)
BUY WIPRO.NS @ 99.26 (size=152)
SELL LT.NS @ 984.03
SELL AXISBANK.NS @ 542.35
SELL EICHERMOT.NS @ 1793.50
SELL BHARTIARTL.NS @ 354.81
BUY BAJAJFINSV.NS @ 180.48 (size=181)
BUY NESTLEIND.NS @ 278.35 (size=105)
BUY CIPLA.NS @ 664.08 (size=44)
BUY HCLTECH.NS @ 371.47 (size=63)
BUY ITC.NS @ 146.13 (size=161)
BUY SBIN.NS @ 253.67 (size=74)
SELL HCLTECH.NS @ 349.37
BUY ADANIPORTS.NS @ 321.30 (size=59)
BUY TATACONSUM.NS @ 128.60 (size=134)
BUY APOLLOHOSP.NS @ 1382.39 (size=12)
SELL COALINDIA.NS @ 175.66
SELL RELIANCE.NS @ 209.95
SELL BPCL.NS @ 74.99
SELL SBIN.NS @ 231.38
SELL HDFCBANK.NS @ 246.09
SELL TATACONSUM.NS @ 119.03
SELL ULTRACEMCO.NS @ 2932.08
BUY TCS.NS @ 1051.89 (size=22)
SELL GRASIM.NS @ 521.80
SELL NESTLEIND.NS @ 269.74
BUY JSWSTEEL.NS @ 86.82 (size=457)
BUY SUNPHARMA.NS @ 849.60 (size=45)
SELL BAJAJ-AUTO.NS @ 1846.69
SELL APOLLOHOSP.NS @ 1257.89
SELL M&M.NS @ 567.53
SELL BAJFINANCE.NS @ 47.15
SELL WIPRO.NS @ 91.73
SELL BAJAJFINSV.NS @ 170.63
SELL JSWSTEEL.NS @ 77.84
SELL CIPLA.NS @ 595.51
SELL MARUTI.NS @ 3810.98
SELL TCS.NS @ 1010.72
SELL BRITANNIA.NS @ 1258.36
SELL ASIANPAINT.NS @ 753.17
SELL ITC.NS @ 141.40
SELL SUNPHARMA.NS @ 785.45
SELL ADANIPORTS.NS @ 305.67
SELL DRREDDY.NS @ 738.03
SELL INFY.NS @ 400.41
BUY SHREECEM.NS @ 11537.93 (size=7)
BUY WIPRO.NS @ 100.41 (size=825)
BUY INFY.NS @ 431.34 (size=173)
BUY APOLLOHOSP.NS @ 1391.23 (size=48)
BUY NESTLEIND.NS @ 279.95 (size=216)
BUY BRITANNIA.NS @ 1403.80 (size=38)
BUY TCS.NS @ 1067.62 (size=51)
BUY HINDALCO.NS @ 83.19 (size=524)
SELL NESTLEIND.NS @ 270.47
SELL INFY.NS @ 415.78
SELL TCS.NS @ 977.87
SELL DIVISLAB.NS @ 990.79
BUY NESTLEIND.NS @ 288.19 (size=207)
BUY RELIANCE.NS @ 208.77 (size=257)
BUY TATACONSUM.NS @ 124.71 (size=388)
SELL WIPRO.NS @ 96.35
BUY BAJFINANCE.NS @ 51.86 (size=994)
BUY BAJAJFINSV.NS @ 197.51 (size=235)
BUY KOTAKBANK.NS @ 133.42 (size=313)
SELL APOLLOHOSP.NS @ 1298.45
SELL NESTLEIND.NS @ 271.43
BUY NTPC.NS @ 77.42 (size=637)
BUY DIVISLAB.NS @ 1100.36 (size=44)
SELL TATACONSUM.NS @ 114.51
SELL BRITANNIA.NS @ 1329.93
SELL KOTAKBANK.NS @ 128.53
SELL SHREECEM.NS @ 10818.24
SELL HINDALCO.NS @ 72.63
SELL RELIANCE.NS @ 197.62
BUY M&M.NS @ 600.39 (size=115)
BUY RELIANCE.NS @ 214.22 (size=291)
BUY TITAN.NS @ 373.53 (size=167)
BUY HEROMOTOCO.NS @ 1923.79 (size=32)
BUY JSWSTEEL.NS @ 84.75 (size=517)
SELL BAJAJFINSV.NS @ 186.49
SELL RELIANCE.NS @ 198.46
SELL HEROMOTOCO.NS @ 1821.97
SELL DIVISLAB.NS @ 1023.35
SELL M&M.NS @ 576.04
SELL TITAN.NS @ 338.92
BUY HINDUNILVR.NS @ 730.38 (size=98)
BUY KOTAKBANK.NS @ 139.73 (size=464)
BUY TATACONSUM.NS @ 127.21 (size=510)
BUY TATASTEEL.NS @ 18.91 (size=3432)
BUY APOLLOHOSP.NS @ 1396.54 (size=32)
BUY POWERGRID.NS @ 49.30 (size=831)
BUY EICHERMOT.NS @ 1610.23 (size=22)
BUY ASIANPAINT.NS @ 830.36 (size=40)
BUY BPCL.NS @ 80.70 (size=371)
SELL BPCL.NS @ 78.22
SELL HINDUNILVR.NS @ 697.76
BUY BAJAJFINSV.NS @ 199.06 (size=184)
SELL BAJAJFINSV.NS @ 193.39
BUY RELIANCE.NS @ 227.86 (size=145)
SELL APOLLOHOSP.NS @ 1314.39
SELL TATACONSUM.NS @ 121.31
SELL KOTAKBANK.NS @ 135.93
SELL TATASTEEL.NS @ 17.56
BUY INFY.NS @ 432.43 (size=100)
BUY BPCL.NS @ 82.50 (size=624)
SELL EICHERMOT.NS @ 1505.48
SELL JSWSTEEL.NS @ 87.33
SELL NTPC.NS @ 76.79
SELL BPCL.NS @ 79.32
SELL BAJFINANCE.NS @ 53.27
SELL ASIANPAINT.NS @ 783.94
SELL POWERGRID.NS @ 48.07
SELL RELIANCE.NS @ 213.26
BUY JSWSTEEL.NS @ 99.43 (size=800)
BUY SUNPHARMA.NS @ 766.43 (size=93)
SELL JSWSTEEL.NS @ 90.10
BUY BAJFINANCE.NS @ 64.84 (size=1103)
BUY EICHERMOT.NS @ 1679.60 (size=42)
SELL INFY.NS @ 411.68
BUY HEROMOTOCO.NS @ 1936.31 (size=31)
BUY HINDUNILVR.NS @ 732.98 (size=75)
SELL BAJFINANCE.NS @ 57.06
SELL HEROMOTOCO.NS @ 1828.41
BUY M&M.NS @ 578.87 (size=106)
SELL HINDUNILVR.NS @ 701.08
SELL M&M.NS @ 547.40
BUY ULTRACEMCO.NS @ 2853.54 (size=21)
BUY APOLLOHOSP.NS @ 1446.71 (size=42)
BUY HEROMOTOCO.NS @ 2008.22 (size=30)
BUY SHREECEM.NS @ 10741.29 (size=4)
BUY TATASTEEL.NS @ 21.11 (size=2307)
BUY HINDALCO.NS @ 74.37 (size=655)
BUY UPL.NS @ 268.75 (size=128)
SELL APOLLOHOSP.NS @ 1361.96
SELL SUNPHARMA.NS @ 767.90
BUY BPCL.NS @ 77.96 (size=564)
SELL EICHERMOT.NS @ 1671.91
BUY WIPRO.NS @ 93.74 (size=497)
BUY INDUSINDBK.NS @ 915.00 (size=45)
BUY JSWSTEEL.NS @ 115.24 (size=364)
BUY NTPC.NS @ 76.02 (size=443)
BUY BAJFINANCE.NS @ 71.20 (size=425)
BUY BAJAJ-AUTO.NS @ 2026.46 (size=13)
BUY M&M.NS @ 608.25 (size=44)
BUY TITAN.NS @ 350.07 (size=62)
BUY BAJAJFINSV.NS @ 187.45 (size=105)
BUY ICICIBANK.NS @ 214.82 (size=82)
BUY DIVISLAB.NS @ 1019.65 (size=17)
BUY AXISBANK.NS @ 468.58 (size=30)
BUY ONGC.NS @ 86.90 (size=148)
BUY BHARTIARTL.NS @ 318.46 (size=40)
SELL WIPRO.NS @ 93.27
SELL ICICIBANK.NS @ 187.70
SELL ONGC.NS @ 81.67
BUY ASIANPAINT.NS @ 835.85 (size=21)
BUY LT.NS @ 752.73 (size=21)
BUY GRASIM.NS @ 621.44 (size=23)
SELL JSWSTEEL.NS @ 113.93
BUY NESTLEIND.NS @ 277.06 (size=61)
SELL HINDALCO.NS @ 83.61
SELL HEROMOTOCO.NS @ 2089.08
SELL BHARTIARTL.NS @ 294.35
SELL M&M.NS @ 590.28
SELL BAJAJFINSV.NS @ 179.79
SELL TATASTEEL.NS @ 23.73
SELL ULTRACEMCO.NS @ 3008.08
BUY POWERGRID.NS @ 52.67 (size=845)
SELL BAJAJ-AUTO.NS @ 1900.36
BUY ITC.NS @ 155.48 (size=286)
SELL BPCL.NS @ 80.76
BUY TECHM.NS @ 381.43 (size=111)
BUY HDFCBANK.NS @ 272.02 (size=141)
BUY BPCL.NS @ 91.22 (size=378)
BUY HINDALCO.NS @ 96.60 (size=321)
BUY APOLLOHOSP.NS @ 1357.10 (size=22)
BUY SBIN.NS @ 184.99 (size=134)
BUY BAJAJ-AUTO.NS @ 2054.59 (size=12)
BUY COALINDIA.NS @ 135.03 (size=184)
BUY JSWSTEEL.NS @ 124.75 (size=200)
BUY HEROMOTOCO.NS @ 2241.96 (size=6)
SELL TITAN.NS @ 343.82
BUY M&M.NS @ 629.02 (size=25)
BUY ULTRACEMCO.NS @ 3200.95 (size=4)
BUY TATACONSUM.NS @ 111.29 (size=115)
BUY ONGC.NS @ 86.44 (size=134)
SELL APOLLOHOSP.NS @ 1279.16
BUY BAJAJFINSV.NS @ 193.94 (size=68)
SELL ONGC.NS @ 82.57
SELL UPL.NS @ 338.72
SELL LT.NS @ 815.77
SELL TECHM.NS @ 365.95
SELL INDUSINDBK.NS @ 1025.33
BUY HINDUNILVR.NS @ 772.81 (size=35)
BUY EICHERMOT.NS @ 1791.62 (size=15)
BUY TITAN.NS @ 393.07 (size=70)
BUY ONGC.NS @ 88.15 (size=220)
BUY ADANIPORTS.NS @ 204.18 (size=85)
SELL NESTLEIND.NS @ 284.08
BUY ICICIBANK.NS @ 226.74 (size=77)
BUY TATASTEEL.NS @ 26.31 (size=596)
BUY NESTLEIND.NS @ 291.57 (size=53)
BUY UPL.NS @ 370.88 (size=33)
BUY MARUTI.NS @ 4349.20 (size=2)
BUY TCS.NS @ 1049.44 (size=10)
BUY HCLTECH.NS @ 298.21 (size=31)
SELL ICICIBANK.NS @ 212.53
SELL ONGC.NS @ 85.70
BUY BRITANNIA.NS @ 1386.62 (size=8)
SELL TITAN.NS @ 390.85
SELL GRASIM.NS @ 661.53
BUY APOLLOHOSP.NS @ 1373.25 (size=11)
BUY CIPLA.NS @ 519.00 (size=26)
SELL TCS.NS @ 1021.17
SELL M&M.NS @ 650.75
SELL HINDUNILVR.NS @ 777.92
SELL APOLLOHOSP.NS @ 1311.46
SELL HCLTECH.NS @ 290.66
SELL NESTLEIND.NS @ 296.81
BUY RELIANCE.NS @ 233.67 (size=85)
BUY KOTAKBANK.NS @ 160.44 (size=122)
BUY INDUSINDBK.NS @ 1165.06 (size=15)
BUY ICICIBANK.NS @ 236.27 (size=74)
BUY ONGC.NS @ 97.27 (size=144)
BUY HINDUNILVR.NS @ 818.39 (size=15)
SELL NTPC.NS @ 89.30
SELL BPCL.NS @ 103.55
SELL TATACONSUM.NS @ 123.00
SELL HINDUNILVR.NS @ 789.92
SELL ITC.NS @ 173.88
SELL HINDALCO.NS @ 133.01
SELL COALINDIA.NS @ 150.30
SELL POWERGRID.NS @ 62.65
SELL TATASTEEL.NS @ 26.99
SELL SHREECEM.NS @ 16049.52
SELL AXISBANK.NS @ 549.05
BUY TATACONSUM.NS @ 131.41 (size=371)
SELL ADANIPORTS.NS @ 244.38
SELL BAJAJ-AUTO.NS @ 2237.75
SELL BAJFINANCE.NS @ 100.75
SELL KOTAKBANK.NS @ 153.62
SELL TATACONSUM.NS @ 124.55
SELL ICICIBANK.NS @ 216.91
SELL BRITANNIA.NS @ 1445.30
SELL JSWSTEEL.NS @ 151.49
SELL DIVISLAB.NS @ 1210.30
BUY TATACONSUM.NS @ 139.37 (size=482)
BUY GRASIM.NS @ 739.90 (size=81)
BUY TATASTEEL.NS @ 30.57 (size=1779)
SELL HDFCBANK.NS @ 292.68
SELL HEROMOTOCO.NS @ 2493.82
BUY ADANIPORTS.NS @ 271.46 (size=200)
SELL ASIANPAINT.NS @ 1069.15
BUY DRREDDY.NS @ 609.73 (size=84)
SELL RELIANCE.NS @ 230.97
SELL CIPLA.NS @ 542.87
SELL INDUSINDBK.NS @ 1119.57
SELL TATACONSUM.NS @ 125.23
BUY NTPC.NS @ 91.43 (size=626)
SELL SBIN.NS @ 229.57
SELL ULTRACEMCO.NS @ 3749.96
SELL GRASIM.NS @ 686.12
SELL NTPC.NS @ 89.41
SELL UPL.NS @ 407.77
BUY HINDALCO.NS @ 153.74 (size=400)
SELL DRREDDY.NS @ 579.16
SELL EICHERMOT.NS @ 2230.37
SELL BAJAJFINSV.NS @ 306.03
SELL MARUTI.NS @ 4958.15
BUY SBIN.NS @ 257.23 (size=286)
BUY POWERGRID.NS @ 67.55 (size=1091)
BUY COALINDIA.NS @ 154.40 (size=477)
SELL COALINDIA.NS @ 150.16
SELL ADANIPORTS.NS @ 253.76
SELL TATASTEEL.NS @ 29.56
BUY NTPC.NS @ 92.92 (size=747)
SELL SBIN.NS @ 235.33
BUY BHARTIARTL.NS @ 278.19 (size=249)
BUY RELIANCE.NS @ 232.16 (size=268)
BUY HCLTECH.NS @ 322.77 (size=174)
SELL BHARTIARTL.NS @ 265.90
SELL POWERGRID.NS @ 65.15
SELL HINDALCO.NS @ 152.28
SELL HCLTECH.NS @ 307.87
SELL ONGC.NS @ 114.44
BUY WIPRO.NS @ 80.47 (size=960)
BUY BPCL.NS @ 119.04 (size=584)
BUY TITAN.NS @ 336.86 (size=206)
BUY HCLTECH.NS @ 332.39 (size=167)
BUY INDUSINDBK.NS @ 1070.67 (size=46)
BUY ADANIPORTS.NS @ 279.69 (size=161)
BUY HDFCBANK.NS @ 286.01 (size=141)
BUY COALINDIA.NS @ 146.83 (size=276)
BUY TATASTEEL.NS @ 33.71 (size=1202)
BUY JSWSTEEL.NS @ 168.88 (size=239)
BUY POWERGRID.NS @ 70.97 (size=342)
BUY LT.NS @ 836.62 (size=29)
BUY UPL.NS @ 428.09 (size=45)
BUY AXISBANK.NS @ 479.86 (size=36)
SELL RELIANCE.NS @ 228.16
BUY HINDUNILVR.NS @ 750.18 (size=29)
BUY BRITANNIA.NS @ 1359.96 (size=16)
SELL AXISBANK.NS @ 443.96
BUY ULTRACEMCO.NS @ 3519.68 (size=5)
BUY GRASIM.NS @ 668.16 (size=28)
BUY BAJAJ-AUTO.NS @ 2240.31 (size=6)
BUY BAJFINANCE.NS @ 97.13 (size=158)
BUY KOTAKBANK.NS @ 158.11 (size=97)
BUY ITC.NS @ 183.01 (size=84)
BUY HINDALCO.NS @ 180.14 (size=85)
BUY HEROMOTOCO.NS @ 2378.08 (size=6)
SELL WIPRO.NS @ 79.31
BUY EICHERMOT.NS @ 2188.70 (size=2)
BUY BAJAJFINSV.NS @ 319.31 (size=42)
BUY BHARTIARTL.NS @ 296.24 (size=46)
SELL HCLTECH.NS @ 314.62
BUY SBIN.NS @ 247.54 (size=65)
BUY M&M.NS @ 599.45 (size=26)
BUY MARUTI.NS @ 5681.01 (size=2)
BUY ICICIBANK.NS @ 243.46 (size=66)
BUY TATACONSUM.NS @ 125.14 (size=81)
BUY CIPLA.NS @ 571.30 (size=16)
BUY SUNPHARMA.NS @ 621.14 (size=13)
BUY TCS.NS @ 966.10 (size=7)
BUY TECHM.NS @ 369.58 (size=20)
SELL UPL.NS @ 436.10
SELL JSWSTEEL.NS @ 164.14
SELL CIPLA.NS @ 541.37
SELL SUNPHARMA.NS @ 573.20
SELL HEROMOTOCO.NS @ 2268.53
BUY AXISBANK.NS @ 517.38 (size=28)
BUY ASIANPAINT.NS @ 948.04 (size=15)
BUY RELIANCE.NS @ 264.59 (size=56)
BUY APOLLOHOSP.NS @ 1286.43 (size=11)
SELL NTPC.NS @ 98.19
SELL POWERGRID.NS @ 69.43
SELL BRITANNIA.NS @ 1399.31
SELL BPCL.NS @ 119.52
SELL EICHERMOT.NS @ 2152.04
SELL APOLLOHOSP.NS @ 1188.75
SELL TATACONSUM.NS @ 124.64
SELL ICICIBANK.NS @ 234.41
SELL TECHM.NS @ 351.77
SELL COALINDIA.NS @ 145.29
BUY HEROMOTOCO.NS @ 2490.60 (size=14)
BUY HCLTECH.NS @ 338.30 (size=99)
SELL BHARTIARTL.NS @ 297.26
BUY TATACONSUM.NS @ 133.14 (size=237)
SELL AXISBANK.NS @ 480.94
SELL M&M.NS @ 584.93
BUY WIPRO.NS @ 87.26 (size=358)
SELL TCS.NS @ 977.89
SELL BAJAJ-AUTO.NS @ 2207.88
BUY SHREECEM.NS @ 16274.88 (size=1)
SELL MARUTI.NS @ 5464.91
BUY NESTLEIND.NS @ 293.90 (size=100)
BUY MARUTI.NS @ 5831.05 (size=4)
SELL HEROMOTOCO.NS @ 2380.40
BUY BPCL.NS @ 129.45 (size=214)
SELL HCLTECH.NS @ 325.52
BUY EICHERMOT.NS @ 2462.71 (size=11)
SELL TATASTEEL.NS @ 35.90
SELL HINDALCO.NS @ 173.06
SELL WIPRO.NS @ 84.23
SELL NESTLEIND.NS @ 280.85
BUY UPL.NS @ 463.85 (size=79)
SELL ASIANPAINT.NS @ 966.76
BUY POWERGRID.NS @ 76.08 (size=456)
BUY M&M.NS @ 622.63 (size=50)
BUY ASIANPAINT.NS @ 1026.42 (size=30)
BUY BRITANNIA.NS @ 1563.12 (size=20)
BUY HEROMOTOCO.NS @ 2456.88 (size=8)
BUY ICICIBANK.NS @ 258.02 (size=77)
SELL RELIANCE.NS @ 291.05
BUY APOLLOHOSP.NS @ 1227.50 (size=14)
SELL ITC.NS @ 188.15
SELL TITAN.NS @ 452.00
BUY BHARTIARTL.NS @ 319.46 (size=90)
BUY BAJAJ-AUTO.NS @ 2357.29 (size=10)
BUY TITAN.NS @ 484.90 (size=53)
BUY JSWSTEEL.NS @ 186.57 (size=112)
SELL INDUSINDBK.NS @ 1335.65
SELL TATACONSUM.NS @ 134.09
BUY WIPRO.NS @ 89.90 (size=209)
BUY TATASTEEL.NS @ 36.57 (size=515)
BUY TCS.NS @ 1021.80 (size=18)
SELL BPCL.NS @ 134.65
SELL BAJAJFINSV.NS @ 415.39
SELL GRASIM.NS @ 821.46
SELL TITAN.NS @ 455.87
SELL POWERGRID.NS @ 72.94
SELL SHREECEM.NS @ 17677.60
SELL M&M.NS @ 601.22
BUY ITC.NS @ 209.28 (size=152)
SELL ADANIPORTS.NS @ 315.62
SELL BAJAJ-AUTO.NS @ 2220.89
SELL BAJFINANCE.NS @ 119.85
SELL UPL.NS @ 478.56
SELL SBIN.NS @ 258.93
SELL LT.NS @ 972.33
SELL ASIANPAINT.NS @ 1013.92
SELL JSWSTEEL.NS @ 171.14
BUY INFY.NS @ 383.73 (size=154)
SELL APOLLOHOSP.NS @ 1169.11
BUY LT.NS @ 1031.87 (size=53)
SELL BRITANNIA.NS @ 1502.62
SELL ULTRACEMCO.NS @ 3998.57
BUY M&M.NS @ 652.17 (size=83)
BUY TITAN.NS @ 533.95 (size=92)
BUY HCLTECH.NS @ 349.99 (size=126)
SELL BHARTIARTL.NS @ 312.99
SELL WIPRO.NS @ 87.64
BUY RELIANCE.NS @ 303.26 (size=146)
SELL LT.NS @ 996.72
SELL TCS.NS @ 977.61
SELL INFY.NS @ 372.56
SELL EICHERMOT.NS @ 2566.23
BUY SBIN.NS @ 271.74 (size=204)
BUY GRASIM.NS @ 859.47 (size=64)
SELL SBIN.NS @ 266.62
SELL HEROMOTOCO.NS @ 2724.32
SELL HCLTECH.NS @ 330.61
SELL M&M.NS @ 624.14
SELL KOTAKBANK.NS @ 188.56
BUY JSWSTEEL.NS @ 187.44 (size=328)
BUY NESTLEIND.NS @ 306.43 (size=186)
BUY DIVISLAB.NS @ 635.50 (size=81)
BUY INDUSINDBK.NS @ 1481.97 (size=31)
BUY TATACONSUM.NS @ 156.46 (size=294)
BUY INFY.NS @ 386.47 (size=119)
BUY BAJFINANCE.NS @ 144.72 (size=222)
BUY BAJAJFINSV.NS @ 434.96 (size=73)
BUY ADANIPORTS.NS @ 362.82 (size=70)
SELL ITC.NS @ 199.22
BUY CIPLA.NS @ 526.05 (size=44)
BUY DRREDDY.NS @ 525.56 (size=45)
BUY BRITANNIA.NS @ 1674.33 (size=14)
BUY AXISBANK.NS @ 537.09 (size=35)
BUY WIPRO.NS @ 97.89 (size=177)
BUY UPL.NS @ 542.65 (size=28)
SELL DRREDDY.NS @ 467.00
BUY SBIN.NS @ 288.35 (size=55)
BUY POWERGRID.NS @ 80.44 (size=200)
BUY ONGC.NS @ 103.74 (size=155)
BUY M&M.NS @ 664.11 (size=17)
BUY EICHERMOT.NS @ 2946.43 (size=3)
SELL NESTLEIND.NS @ 299.99
BUY TECHM.NS @ 304.58 (size=37)
BUY NTPC.NS @ 101.95 (size=135)
SELL ONGC.NS @ 101.29
SELL AXISBANK.NS @ 503.27
BUY BPCL.NS @ 149.12 (size=105)
BUY HEROMOTOCO.NS @ 2968.94 (size=5)
BUY BAJAJ-AUTO.NS @ 2335.36 (size=5)
SELL INFY.NS @ 381.91
BUY HINDALCO.NS @ 221.83 (size=57)
SELL UPL.NS @ 509.90
SELL ICICIBANK.NS @ 279.13
SELL DIVISLAB.NS @ 597.23
SELL TATACONSUM.NS @ 146.04
SELL CIPLA.NS @ 517.03
SELL SBIN.NS @ 258.50
SELL BAJAJ-AUTO.NS @ 2236.38
SELL M&M.NS @ 626.38
BUY TATACONSUM.NS @ 167.33 (size=198)
BUY INFY.NS @ 404.49 (size=73)
SELL INFY.NS @ 365.82
SELL ADANIPORTS.NS @ 358.95
SELL POWERGRID.NS @ 77.56
BUY NESTLEIND.NS @ 312.02 (size=102)
BUY ASIANPAINT.NS @ 1093.07 (size=27)
BUY SHREECEM.NS @ 18162.19 (size=1)
BUY LT.NS @ 1080.43 (size=23)
BUY DIVISLAB.NS @ 752.41 (size=30)
BUY ADANIPORTS.NS @ 384.88 (size=54)
SELL WIPRO.NS @ 97.00
BUY ONGC.NS @ 102.12 (size=200)
BUY HCLTECH.NS @ 349.84 (size=58)
BUY BAJAJ-AUTO.NS @ 2516.47 (size=6)
SELL BPCL.NS @ 142.32
SELL HEROMOTOCO.NS @ 2893.52
BUY DRREDDY.NS @ 471.10 (size=37)
BUY TCS.NS @ 1031.52 (size=17)
SELL HCLTECH.NS @ 343.23
BUY CIPLA.NS @ 558.25 (size=31)
SELL NTPC.NS @ 99.76
SELL SHREECEM.NS @ 17177.94
SELL BAJAJFINSV.NS @ 521.38
SELL ADANIPORTS.NS @ 371.08
SELL JSWSTEEL.NS @ 216.20
SELL HINDALCO.NS @ 217.34
SELL LT.NS @ 1031.68
SELL ASIANPAINT.NS @ 1098.16
SELL EICHERMOT.NS @ 2883.06
SELL TCS.NS @ 1010.99
SELL GRASIM.NS @ 1074.86
SELL TITAN.NS @ 575.80
SELL HDFCBANK.NS @ 414.49
SELL RELIANCE.NS @ 353.01
SELL HINDUNILVR.NS @ 1027.29
BUY NTPC.NS @ 105.80 (size=623)
BUY COALINDIA.NS @ 136.30 (size=484)
BUY TCS.NS @ 1041.04 (size=50)
BUY SUNPHARMA.NS @ 499.72 (size=105)
BUY HINDALCO.NS @ 250.88 (size=210)
BUY BHARTIARTL.NS @ 389.48 (size=95)
SELL MARUTI.NS @ 7228.06
BUY RELIANCE.NS @ 403.96 (size=82)
SELL BAJFINANCE.NS @ 178.60
BUY ULTRACEMCO.NS @ 4057.22 (size=8)
SELL INDUSINDBK.NS @ 1586.94
BUY ASIANPAINT.NS @ 1143.91 (size=29)
BUY SBIN.NS @ 299.79 (size=117)
BUY SHREECEM.NS @ 18780.46 (size=1)
BUY BPCL.NS @ 154.46 (size=192)
BUY MARUTI.NS @ 7491.77 (size=3)
BUY LT.NS @ 1085.45 (size=27)
BUY WIPRO.NS @ 103.45 (size=287)
BUY ADANIPORTS.NS @ 412.52 (size=45)
BUY ICICIBANK.NS @ 289.27 (size=64)
SELL ASIANPAINT.NS @ 1106.16
BUY GRASIM.NS @ 1166.76 (size=15)
BUY TITAN.NS @ 641.42 (size=25)
SELL SHREECEM.NS @ 17921.44
BUY HINDUNILVR.NS @ 1136.80 (size=14)
SELL BPCL.NS @ 144.14
SELL COALINDIA.NS @ 135.44
BUY M&M.NS @ 655.72 (size=22)
SELL HINDALCO.NS @ 247.51
SELL DRREDDY.NS @ 439.60
SELL TATASTEEL.NS @ 52.47
SELL GRASIM.NS @ 1120.83
SELL SUNPHARMA.NS @ 467.40
SELL ADANIPORTS.NS @ 379.24
BUY INFY.NS @ 397.10 (size=97)
SELL CIPLA.NS @ 559.14
SELL ULTRACEMCO.NS @ 4034.31
BUY APOLLOHOSP.NS @ 1080.48 (size=38)
SELL WIPRO.NS @ 100.16
SELL ICICIBANK.NS @ 293.20
SELL TECHM.NS @ 357.89
SELL BAJAJ-AUTO.NS @ 2565.64
SELL NTPC.NS @ 106.43
SELL M&M.NS @ 635.39
SELL ONGC.NS @ 109.97
SELL LT.NS @ 1056.84
SELL TCS.NS @ 1065.71
BUY M&M.NS @ 689.27 (size=91)
BUY BPCL.NS @ 151.56 (size=376)
SELL BRITANNIA.NS @ 2079.09
BUY ONGC.NS @ 117.56 (size=461)
BUY LT.NS @ 1116.76 (size=43)
SELL RELIANCE.NS @ 403.28
BUY HEROMOTOCO.NS @ 2855.93 (size=17)
BUY SUNPHARMA.NS @ 533.76 (size=79)
SELL SBIN.NS @ 284.57
BUY WIPRO.NS @ 105.40 (size=362)
BUY TATASTEEL.NS @ 56.36 (size=677)
BUY HINDALCO.NS @ 261.12 (size=146)
BUY AXISBANK.NS @ 560.91 (size=53)
SELL BPCL.NS @ 146.44
BUY ASIANPAINT.NS @ 1111.18 (size=29)
BUY JSWSTEEL.NS @ 260.24 (size=125)
BUY GRASIM.NS @ 1154.49 (size=28)
BUY COALINDIA.NS @ 149.77 (size=152)
BUY ITC.NS @ 189.42 (size=120)
SELL BHARTIARTL.NS @ 438.02
BUY TCS.NS @ 1149.73 (size=19)
BUY HCLTECH.NS @ 362.46 (size=56)
BUY TECHM.NS @ 417.53 (size=48)
BUY HDFCBANK.NS @ 442.78 (size=36)
BUY KOTAKBANK.NS @ 206.59 (size=78)
BUY ICICIBANK.NS @ 316.31 (size=51)
BUY ULTRACEMCO.NS @ 4361.25 (size=3)
SELL HEROMOTOCO.NS @ 2723.00
SELL APOLLOHOSP.NS @ 1097.94
SELL NESTLEIND.NS @ 348.46
SELL HINDALCO.NS @ 240.87
BUY UPL.NS @ 499.52 (size=52)
BUY RELIANCE.NS @ 429.14 (size=60)
BUY CIPLA.NS @ 586.96 (size=35)
BUY SBIN.NS @ 304.40 (size=61)
BUY DRREDDY.NS @ 484.90 (size=38)
SELL ASIANPAINT.NS @ 1079.11
SELL ULTRACEMCO.NS @ 4132.43
SELL SBIN.NS @ 288.95
SELL DRREDDY.NS @ 446.57
SELL GRASIM.NS @ 1106.05
SELL CIPLA.NS @ 571.50
SELL TATACONSUM.NS @ 272.08
SELL UPL.NS @ 461.73
SELL DIVISLAB.NS @ 982.67
BUY INDUSINDBK.NS @ 1711.37 (size=22)
BUY BAJAJ-AUTO.NS @ 2737.49 (size=14)
SELL WIPRO.NS @ 103.26
SELL TATASTEEL.NS @ 55.98
SELL SUNPHARMA.NS @ 513.38
SELL TITAN.NS @ 807.92
SELL BAJAJ-AUTO.NS @ 2599.81
SELL MARUTI.NS @ 8348.43
SELL RELIANCE.NS @ 399.48
SELL ONGC.NS @ 118.03
SELL HINDUNILVR.NS @ 1167.37
SELL INDUSINDBK.NS @ 1583.94
SELL HDFCBANK.NS @ 436.96
SELL AXISBANK.NS @ 556.33
SELL M&M.NS @ 693.26
SELL ICICIBANK.NS @ 306.36
SELL ITC.NS @ 186.59
SELL LT.NS @ 1149.32
SELL HCLTECH.NS @ 362.11
SELL JSWSTEEL.NS @ 264.25
SELL COALINDIA.NS @ 146.62
SELL TCS.NS @ 1185.38
SELL KOTAKBANK.NS @ 211.05
BUY TITAN.NS @ 912.96 (size=103)
BUY BAJFINANCE.NS @ 172.62 (size=492)
BUY NESTLEIND.NS @ 365.42 (size=232)
BUY INDUSINDBK.NS @ 1712.61 (size=39)
SELL INFY.NS @ 454.72
SELL TECHM.NS @ 458.85
BUY EICHERMOT.NS @ 2869.77 (size=23)
BUY TCS.NS @ 1289.04 (size=47)
BUY HCLTECH.NS @ 400.08 (size=153)
BUY TECHM.NS @ 508.23 (size=96)
BUY POWERGRID.NS @ 75.94 (size=584)
BUY ITC.NS @ 192.78 (size=207)
BUY JSWSTEEL.NS @ 294.70 (size=121)
BUY HINDALCO.NS @ 251.16 (size=142)
BUY INFY.NS @ 477.18 (size=60)
BUY RELIANCE.NS @ 428.50 (size=60)
BUY M&M.NS @ 797.49 (size=29)
BUY ADANIPORTS.NS @ 384.25 (size=55)
BUY KOTAKBANK.NS @ 250.06 (size=76)
BUY ASIANPAINT.NS @ 1145.91 (size=16)
SELL HINDALCO.NS @ 216.34
SELL BAJFINANCE.NS @ 182.54
SELL HCLTECH.NS @ 366.66
BUY SUNPHARMA.NS @ 496.43 (size=36)
SELL EICHERMOT.NS @ 2731.66
SELL SUNPHARMA.NS @ 479.71
BUY ICICIBANK.NS @ 297.09 (size=132)
BUY ONGC.NS @ 119.18 (size=296)
SELL TITAN.NS @ 894.44
BUY HDFCBANK.NS @ 475.46 (size=86)
BUY TATASTEEL.NS @ 50.29 (size=816)
BUY HINDUNILVR.NS @ 1386.47 (size=23)
BUY BRITANNIA.NS @ 2451.90 (size=13)
BUY BAJFINANCE.NS @ 201.26 (size=131)
BUY BAJAJFINSV.NS @ 555.02 (size=47)
SELL ICICIBANK.NS @ 274.81
SELL TATASTEEL.NS @ 47.51
SELL RELIANCE.NS @ 412.51
SELL ADANIPORTS.NS @ 366.35
SELL JSWSTEEL.NS @ 282.28
BUY SBIN.NS @ 242.86 (size=150)
SELL ONGC.NS @ 111.04
SELL ITC.NS @ 191.45
BUY COALINDIA.NS @ 150.80 (size=266)
SELL POWERGRID.NS @ 74.75
BUY SUNPHARMA.NS @ 489.25 (size=82)
BUY DRREDDY.NS @ 415.04 (size=87)
SELL COALINDIA.NS @ 145.59
BUY CIPLA.NS @ 576.82 (size=57)
SELL ASIANPAINT.NS @ 1180.24
SELL SBIN.NS @ 237.14
SELL TECHM.NS @ 502.71
BUY TATACONSUM.NS @ 265.51 (size=165)
BUY BAJAJ-AUTO.NS @ 2389.46 (size=16)
BUY MARUTI.NS @ 8562.19 (size=4)
BUY ASIANPAINT.NS @ 1244.67 (size=25)
BUY HCLTECH.NS @ 388.84 (size=74)
SELL INDUSINDBK.NS @ 1832.17
BUY RELIANCE.NS @ 481.30 (size=69)
SELL TATACONSUM.NS @ 244.62
BUY WIPRO.NS @ 96.42 (size=310)
SELL DRREDDY.NS @ 400.17
SELL SUNPHARMA.NS @ 494.53
SELL BAJAJ-AUTO.NS @ 2324.43
BUY ITC.NS @ 202.89 (size=208)
BUY ADANIPORTS.NS @ 374.85 (size=101)
BUY SHREECEM.NS @ 17267.92 (size=2)
SELL KOTAKBANK.NS @ 261.22
BUY ULTRACEMCO.NS @ 4002.15 (size=9)
BUY SBIN.NS @ 265.47 (size=109)
BUY ICICIBANK.NS @ 295.22 (size=88)
BUY AXISBANK.NS @ 566.58 (size=46)
BUY DIVISLAB.NS @ 1093.48 (size=23)
BUY BHARTIARTL.NS @ 337.78 (size=54)
BUY SUNPHARMA.NS @ 537.55 (size=30)
SELL HDFCBANK.NS @ 498.18
SELL ADANIPORTS.NS @ 357.26
SELL BRITANNIA.NS @ 2753.77
SELL MARUTI.NS @ 8492.77
SELL BHARTIARTL.NS @ 319.49
SELL SUNPHARMA.NS @ 513.10
BUY APOLLOHOSP.NS @ 1042.25 (size=31)
BUY SUNPHARMA.NS @ 557.37 (size=53)
BUY TECHM.NS @ 549.06 (size=49)
BUY LT.NS @ 1214.81 (size=19)
BUY DRREDDY.NS @ 470.81 (size=51)
BUY ONGC.NS @ 110.63 (size=176)
BUY JSWSTEEL.NS @ 327.23 (size=59)
BUY POWERGRID.NS @ 73.31 (size=213)
BUY GRASIM.NS @ 1025.42 (size=15)
BUY NTPC.NS @ 102.84 (size=121)
BUY HINDALCO.NS @ 226.73 (size=55)
BUY UPL.NS @ 422.50 (size=23)
SELL BAJAJFINSV.NS @ 672.67
SELL ASIANPAINT.NS @ 1292.76
SELL HINDUNILVR.NS @ 1507.86
SELL NESTLEIND.NS @ 470.80
BUY BAJAJ-AUTO.NS @ 2393.15 (size=12)
SELL SBIN.NS @ 262.84
SELL SHREECEM.NS @ 16781.95
SELL BAJFINANCE.NS @ 255.18
SELL ULTRACEMCO.NS @ 3973.90
SELL ITC.NS @ 212.21
SELL ICICIBANK.NS @ 311.54
SELL BAJAJ-AUTO.NS @ 2270.56
SELL AXISBANK.NS @ 605.32
SELL APOLLOHOSP.NS @ 1049.23
SELL M&M.NS @ 839.47
SELL LT.NS @ 1184.53
SELL JSWSTEEL.NS @ 352.00
SELL GRASIM.NS @ 955.10
SELL UPL.NS @ 399.29
SELL DRREDDY.NS @ 475.77
SELL RELIANCE.NS @ 535.89
SELL SUNPHARMA.NS @ 556.50
SELL CIPLA.NS @ 605.02
SELL TECHM.NS @ 557.14
SELL NTPC.NS @ 100.98
SELL POWERGRID.NS @ 70.42
SELL ONGC.NS @ 93.82
SELL HINDALCO.NS @ 212.23
SELL DIVISLAB.NS @ 1189.08
SELL TCS.NS @ 1695.67
SELL HCLTECH.NS @ 418.37
SELL INFY.NS @ 576.63
SELL WIPRO.NS @ 107.48
BUY ICICIBANK.NS @ 337.11 (size=314)
BUY DIVISLAB.NS @ 1372.10 (size=77)
BUY UPL.NS @ 432.38 (size=196)
BUY SBIN.NS @ 272.16 (size=280)
BUY AXISBANK.NS @ 621.03 (size=123)
BUY TITAN.NS @ 873.70 (size=69)
BUY HINDUNILVR.NS @ 1531.10 (size=35)
BUY APOLLOHOSP.NS @ 1236.56 (size=40)
BUY BHARTIARTL.NS @ 295.65 (size=151)
BUY DRREDDY.NS @ 497.22 (size=81)
BUY HEROMOTOCO.NS @ 2370.50 (size=15)
SELL BHARTIARTL.NS @ 275.69
BUY HDFCBANK.NS @ 500.39 (size=74)
BUY BAJFINANCE.NS @ 244.54 (size=151)
BUY KOTAKBANK.NS @ 241.45 (size=153)
BUY BAJAJ-AUTO.NS @ 2247.56 (size=11)
BUY BRITANNIA.NS @ 2815.55 (size=9)
SELL DIVISLAB.NS @ 1371.34
SELL SBIN.NS @ 254.35
SELL AXISBANK.NS @ 596.81
SELL ICICIBANK.NS @ 330.74
BUY POWERGRID.NS @ 73.83 (size=761)
BUY SHREECEM.NS @ 17006.78 (size=2)
BUY BAJAJFINSV.NS @ 638.54 (size=79)
BUY ASIANPAINT.NS @ 1322.11 (size=38)
SELL TITAN.NS @ 878.88
SELL HEROMOTOCO.NS @ 2302.57
SELL BAJAJ-AUTO.NS @ 2176.22
SELL DRREDDY.NS @ 488.97
SELL SHREECEM.NS @ 15888.49
BUY AXISBANK.NS @ 666.49 (size=79)
BUY ITC.NS @ 210.89 (size=242)
SELL KOTAKBANK.NS @ 241.21
BUY INFY.NS @ 584.11 (size=78)
SELL HINDUNILVR.NS @ 1563.23
BUY WIPRO.NS @ 118.84 (size=425)
SELL BAJAJFINSV.NS @ 623.03
BUY RELIANCE.NS @ 526.66 (size=96)
BUY KOTAKBANK.NS @ 252.33 (size=179)
SELL POWERGRID.NS @ 71.33
SELL ITC.NS @ 198.00
SELL UPL.NS @ 464.35
SELL HDFCBANK.NS @ 492.16
SELL BAJFINANCE.NS @ 239.85
SELL KOTAKBANK.NS @ 243.29
BUY HCLTECH.NS @ 405.91 (size=166)
BUY DRREDDY.NS @ 519.96 (size=125)
BUY TITAN.NS @ 968.22 (size=60)
BUY DIVISLAB.NS @ 1533.40 (size=34)
BUY UPL.NS @ 500.32 (size=94)
BUY TECHM.NS @ 627.96 (size=75)
BUY BAJAJ-AUTO.NS @ 2335.89 (size=16)
BUY CIPLA.NS @ 505.04 (size=75)
SELL BRITANNIA.NS @ 2762.47
SELL APOLLOHOSP.NS @ 1232.39
SELL DRREDDY.NS @ 499.81
SELL ASIANPAINT.NS @ 1303.04
BUY SHREECEM.NS @ 16157.12 (size=3)
BUY BAJAJFINSV.NS @ 643.25 (size=76)
BUY ULTRACEMCO.NS @ 3762.51 (size=10)
BUY ONGC.NS @ 98.33 (size=361)
BUY ICICIBANK.NS @ 358.87 (size=89)
BUY SUNPHARMA.NS @ 427.84 (size=74)
BUY LT.NS @ 1215.12 (size=21)
SELL WIPRO.NS @ 123.42
BUY NTPC.NS @ 96.85 (size=290)
SELL HCLTECH.NS @ 402.96
SELL INFY.NS @ 596.07
BUY BPCL.NS @ 121.21 (size=302)
BUY EICHERMOT.NS @ 2157.15 (size=16)
BUY BHARTIARTL.NS @ 292.98 (size=125)
BUY INDUSINDBK.NS @ 1507.27 (size=17)
BUY HDFCBANK.NS @ 509.77 (size=50)
SELL CIPLA.NS @ 504.94
BUY SBIN.NS @ 275.34 (size=88)
BUY ASIANPAINT.NS @ 1402.18 (size=15)
SELL TECHM.NS @ 596.54
BUY HCLTECH.NS @ 432.45 (size=56)
SELL EICHERMOT.NS @ 1882.58
BUY TATASTEEL.NS @ 43.76 (size=502)
BUY HINDALCO.NS @ 205.88 (size=106)
SELL BAJAJ-AUTO.NS @ 2335.48
BUY TATACONSUM.NS @ 200.22 (size=103)
SELL BPCL.NS @ 110.95
BUY WIPRO.NS @ 129.00 (size=198)
SELL ASIANPAINT.NS @ 1331.17
BUY ITC.NS @ 218.31 (size=114)
BUY COALINDIA.NS @ 137.72 (size=163)
BUY TCS.NS @ 1760.96 (size=12)
SELL SUNPHARMA.NS @ 422.22
SELL HINDALCO.NS @ 191.10
SELL INDUSINDBK.NS @ 1586.33
SELL AXISBANK.NS @ 736.90
BUY DRREDDY.NS @ 558.96 (size=46)
SELL TATASTEEL.NS @ 41.77
BUY GRASIM.NS @ 884.43 (size=29)
BUY JSWSTEEL.NS @ 284.39 (size=101)
BUY KOTAKBANK.NS @ 279.95 (size=93)
SELL TATACONSUM.NS @ 192.75
SELL TITAN.NS @ 1057.38
SELL JSWSTEEL.NS @ 265.72
SELL NTPC.NS @ 99.88
SELL SBIN.NS @ 275.20
SELL ICICIBANK.NS @ 368.76
SELL RELIANCE.NS @ 577.84
SELL DIVISLAB.NS @ 1589.66
SELL LT.NS @ 1183.90
SELL GRASIM.NS @ 801.37
SELL ITC.NS @ 206.57
SELL HCLTECH.NS @ 426.44
SELL COALINDIA.NS @ 129.51
BUY BAJFINANCE.NS @ 322.06 (size=203)
BUY TATACONSUM.NS @ 222.42 (size=295)
SELL DRREDDY.NS @ 524.58
BUY SBIN.NS @ 318.06 (size=171)
BUY LT.NS @ 1304.12 (size=41)
SELL TCS.NS @ 1734.67
BUY ADANIPORTS.NS @ 391.09 (size=117)
BUY HEROMOTOCO.NS @ 2154.58 (size=21)
BUY ICICIBANK.NS @ 416.57 (size=88)
BUY NESTLEIND.NS @ 508.05 (size=65)
BUY APOLLOHOSP.NS @ 1213.73 (size=24)
BUY COALINDIA.NS @ 148.27 (size=181)
SELL ONGC.NS @ 109.61
BUY HCLTECH.NS @ 443.26 (size=63)
SELL HCLTECH.NS @ 434.90
SELL KOTAKBANK.NS @ 290.70
SELL ULTRACEMCO.NS @ 4310.28
SELL HEROMOTOCO.NS @ 2079.78
BUY POWERGRID.NS @ 77.64 (size=507)
SELL UPL.NS @ 594.90
SELL ADANIPORTS.NS @ 384.99
SELL WIPRO.NS @ 131.73
BUY NTPC.NS @ 105.73 (size=455)
SELL COALINDIA.NS @ 137.31
SELL NTPC.NS @ 98.97
SELL BAJAJFINSV.NS @ 756.93
SELL HDFCBANK.NS @ 562.12
SELL BAJFINANCE.NS @ 330.09
SELL LT.NS @ 1317.96
BUY INFY.NS @ 661.35 (size=107)
BUY KOTAKBANK.NS @ 305.64 (size=208)
SELL BHARTIARTL.NS @ 330.99
SELL ICICIBANK.NS @ 403.93
SELL SBIN.NS @ 323.74
SELL SHREECEM.NS @ 20388.47
SELL KOTAKBANK.NS @ 289.65
SELL NESTLEIND.NS @ 517.17
BUY ASIANPAINT.NS @ 1356.87 (size=63)
SELL TATACONSUM.NS @ 238.68
BUY TATACONSUM.NS @ 253.68 (size=333)
SELL APOLLOHOSP.NS @ 1283.68
SELL POWERGRID.NS @ 77.97
BUY NESTLEIND.NS @ 541.55 (size=153)
BUY BHARTIARTL.NS @ 352.21 (size=236)
BUY HCLTECH.NS @ 434.62 (size=153)
SELL INFY.NS @ 648.96
BUY APOLLOHOSP.NS @ 1440.84 (size=46)
BUY MARUTI.NS @ 5916.79 (size=10)
SELL TATACONSUM.NS @ 247.08
SELL BHARTIARTL.NS @ 332.95
BUY TATACONSUM.NS @ 267.48 (size=264)
BUY SUNPHARMA.NS @ 406.40 (size=156)
BUY BPCL.NS @ 116.57 (size=490)
SELL MARUTI.NS @ 5538.59
SELL ASIANPAINT.NS @ 1442.68
BUY BAJAJ-AUTO.NS @ 2376.25 (size=27)
SELL TATACONSUM.NS @ 250.95
BUY TECHM.NS @ 570.71 (size=115)
BUY MARUTI.NS @ 6266.73 (size=9)
BUY TITAN.NS @ 1126.62 (size=48)
SELL APOLLOHOSP.NS @ 1391.99
SELL SUNPHARMA.NS @ 389.71
SELL HCLTECH.NS @ 420.70
BUY HDFCBANK.NS @ 568.12 (size=119)
BUY BAJFINANCE.NS @ 361.82 (size=187)
BUY HINDUNILVR.NS @ 1770.73 (size=38)
BUY BAJAJFINSV.NS @ 767.21 (size=88)
BUY ASIANPAINT.NS @ 1586.26 (size=42)
BUY BRITANNIA.NS @ 2561.38 (size=26)
BUY HEROMOTOCO.NS @ 2276.97 (size=29)
BUY INDUSINDBK.NS @ 1459.71 (size=13)
BUY ADANIPORTS.NS @ 394.56 (size=49)
BUY KOTAKBANK.NS @ 326.75 (size=60)
BUY LT.NS @ 1391.11 (size=14)
BUY ICICIBANK.NS @ 431.66 (size=45)
BUY EICHERMOT.NS @ 1819.91 (size=10)
BUY DIVISLAB.NS @ 1612.83 (size=5)
SELL INDUSINDBK.NS @ 1336.10
BUY BHARTIARTL.NS @ 350.87 (size=20)
SELL BHARTIARTL.NS @ 329.70
BUY BHARTIARTL.NS @ 360.62 (size=25)
SELL HEROMOTOCO.NS @ 2069.35
BUY HCLTECH.NS @ 448.56 (size=31)
BUY M&M.NS @ 581.16 (size=21)
BUY TATASTEEL.NS @ 32.74 (size=389)
BUY TATACONSUM.NS @ 278.65 (size=36)
BUY NTPC.NS @ 95.39 (size=96)
BUY SBIN.NS @ 288.26 (size=32)
BUY SUNPHARMA.NS @ 405.23 (size=22)
BUY JSWSTEEL.NS @ 234.36 (size=27)
BUY HINDALCO.NS @ 190.06 (size=34)
BUY UPL.NS @ 568.72 (size=9)
SELL TITAN.NS @ 1134.03
SELL NTPC.NS @ 93.17
SELL UPL.NS @ 542.47
BUY INDUSINDBK.NS @ 1374.00 (size=8)
SELL ADANIPORTS.NS @ 370.75
SELL LT.NS @ 1267.79
SELL SUNPHARMA.NS @ 385.22
SELL DIVISLAB.NS @ 1610.37
SELL HINDALCO.NS @ 180.99
SELL ASIANPAINT.NS @ 1653.87
SELL M&M.NS @ 532.57
BUY RELIANCE.NS @ 675.39 (size=34)
BUY SUNPHARMA.NS @ 420.75 (size=52)
SELL BRITANNIA.NS @ 2745.10
SELL KOTAKBANK.NS @ 312.51
SELL HCLTECH.NS @ 447.62
SELL BPCL.NS @ 159.25
BUY SHREECEM.NS @ 20520.32 (size=1)
SELL HINDUNILVR.NS @ 1839.17
SELL BAJFINANCE.NS @ 386.08
SELL TECHM.NS @ 591.82
SELL MARUTI.NS @ 6721.54
SELL HDFCBANK.NS @ 589.90
SELL NESTLEIND.NS @ 665.13
BUY KOTAKBANK.NS @ 333.47 (size=240)
BUY HINDALCO.NS @ 199.95 (size=360)
BUY HDFCBANK.NS @ 612.04 (size=105)
BUY TCS.NS @ 1866.24 (size=34)
BUY TECHM.NS @ 622.03 (size=104)
BUY ASIANPAINT.NS @ 1714.83 (size=26)
BUY WIPRO.NS @ 115.59 (size=354)
BUY NESTLEIND.NS @ 694.28 (size=58)
BUY CIPLA.NS @ 456.31 (size=71)
SELL RELIANCE.NS @ 677.92
SELL SUNPHARMA.NS @ 394.71
SELL WIPRO.NS @ 113.64
BUY NTPC.NS @ 92.78 (size=409)
SELL BAJAJ-AUTO.NS @ 2665.52
BUY COALINDIA.NS @ 116.43 (size=326)
SELL EICHERMOT.NS @ 2043.29
BUY APOLLOHOSP.NS @ 1470.29 (size=25)
SELL ASIANPAINT.NS @ 1665.66
BUY SUNPHARMA.NS @ 415.70 (size=86)
SELL SBIN.NS @ 294.35
SELL HDFCBANK.NS @ 587.70
SELL ICICIBANK.NS @ 508.45
SELL NESTLEIND.NS @ 673.65
SELL CIPLA.NS @ 444.91
SELL COALINDIA.NS @ 110.29
BUY ULTRACEMCO.NS @ 4189.08 (size=12)
BUY INFY.NS @ 664.69 (size=77)
SELL INDUSINDBK.NS @ 1352.47
BUY HINDUNILVR.NS @ 1851.77 (size=25)
BUY BRITANNIA.NS @ 2814.43 (size=16)
BUY NESTLEIND.NS @ 717.49 (size=66)
BUY DRREDDY.NS @ 584.33 (size=57)
BUY POWERGRID.NS @ 80.27 (size=380)
SELL KOTAKBANK.NS @ 322.23
SELL NTPC.NS @ 91.30
SELL HINDALCO.NS @ 196.97
BUY GRASIM.NS @ 765.55 (size=59)
BUY LT.NS @ 1237.03 (size=33)
SELL JSWSTEEL.NS @ 246.17
SELL POWERGRID.NS @ 74.70
SELL TATASTEEL.NS @ 37.45
BUY DIVISLAB.NS @ 1874.43 (size=20)
BUY BAJFINANCE.NS @ 431.88 (size=89)
SELL TCS.NS @ 1844.68
SELL SUNPHARMA.NS @ 406.07
BUY BAJAJ-AUTO.NS @ 2748.79 (size=16)
SELL LT.NS @ 1171.00
SELL BAJAJFINSV.NS @ 906.07
SELL BAJAJ-AUTO.NS @ 2646.94
BUY TITAN.NS @ 1251.44 (size=41)
BUY BPCL.NS @ 158.74 (size=321)
SELL GRASIM.NS @ 731.42
SELL BPCL.NS @ 152.23
SELL BRITANNIA.NS @ 2766.55
SELL TATACONSUM.NS @ 352.53
SELL ULTRACEMCO.NS @ 4213.38
SELL SHREECEM.NS @ 22211.25
SELL DRREDDY.NS @ 563.67
SELL INFY.NS @ 628.73
SELL TECHM.NS @ 588.62
SELL BAJFINANCE.NS @ 426.18
SELL BHARTIARTL.NS @ 474.37
SELL TITAN.NS @ 1180.48
SELL APOLLOHOSP.NS @ 1605.60
SELL HINDUNILVR.NS @ 1857.83
SELL NESTLEIND.NS @ 727.33
SELL DIVISLAB.NS @ 1855.54
BUY HINDUNILVR.NS @ 2209.29 (size=49)
BUY DRREDDY.NS @ 690.02 (size=157)
BUY CIPLA.NS @ 474.13 (size=229)
BUY SUNPHARMA.NS @ 427.98 (size=178)
BUY DIVISLAB.NS @ 2241.66 (size=34)
BUY RELIANCE.NS @ 610.01 (size=99)
BUY BRITANNIA.NS @ 2896.45 (size=18)
SELL HINDUNILVR.NS @ 1983.48
BUY HEROMOTOCO.NS @ 1772.14 (size=27)
BUY M&M.NS @ 380.59 (size=142)
BUY BAJAJ-AUTO.NS @ 2298.88 (size=21)
SELL CIPLA.NS @ 549.17
BUY ADANIPORTS.NS @ 300.29 (size=189)
BUY SHREECEM.NS @ 19362.51 (size=2)
SELL SHREECEM.NS @ 17784.61
BUY BHARTIARTL.NS @ 572.40 (size=89)
BUY SHREECEM.NS @ 20248.22 (size=2)
BUY ULTRACEMCO.NS @ 3672.15 (size=12)
BUY WIPRO.NS @ 92.76 (size=403)
BUY GRASIM.NS @ 547.10 (size=68)
BUY HINDALCO.NS @ 127.99 (size=292)
BUY EICHERMOT.NS @ 1547.99 (size=16)
BUY ONGC.NS @ 59.87 (size=395)
BUY MARUTI.NS @ 5329.66 (size=4)
BUY LT.NS @ 860.34 (size=27)
BUY TATASTEEL.NS @ 26.45 (size=632)
BUY KOTAKBANK.NS @ 267.46 (size=56)
BUY BPCL.NS @ 120.83 (size=111)
BUY TECHM.NS @ 466.55 (size=28)
BUY TITAN.NS @ 1005.43 (size=10)
BUY INDUSINDBK.NS @ 505.21 (size=19)
SELL DIVISLAB.NS @ 2250.83
SELL TECHM.NS @ 427.44
BUY ASIANPAINT.NS @ 1668.39 (size=10)
BUY HINDUNILVR.NS @ 1977.13 (size=8)
BUY TCS.NS @ 1847.06 (size=7)
BUY INFY.NS @ 651.66 (size=22)
SELL SUNPHARMA.NS @ 445.40
SELL DRREDDY.NS @ 753.23
BUY BAJFINANCE.NS @ 328.34 (size=96)
BUY TATACONSUM.NS @ 415.99 (size=68)
SELL ONGC.NS @ 57.71
BUY TECHM.NS @ 480.94 (size=58)
SELL ADANIPORTS.NS @ 311.02
SELL KOTAKBANK.NS @ 256.93
BUY HCLTECH.NS @ 495.71 (size=62)
SELL GRASIM.NS @ 568.59
SELL BHARTIARTL.NS @ 538.75
BUY DRREDDY.NS @ 804.73 (size=47)
BUY NESTLEIND.NS @ 820.55 (size=46)
BUY CIPLA.NS @ 649.68 (size=58)
BUY JSWSTEEL.NS @ 195.71 (size=136)
BUY AXISBANK.NS @ 476.96 (size=50)
SELL SHREECEM.NS @ 21130.81
SELL LT.NS @ 834.64
SELL ULTRACEMCO.NS @ 3668.76
BUY ULTRACEMCO.NS @ 4011.97 (size=8)
BUY APOLLOHOSP.NS @ 1575.99 (size=20)
SELL NESTLEIND.NS @ 778.44
BUY SUNPHARMA.NS @ 480.25 (size=61)
BUY DIVISLAB.NS @ 2485.57 (size=11)
BUY UPL.NS @ 448.99 (size=53)
SELL AXISBANK.NS @ 415.61
SELL INDUSINDBK.NS @ 475.85
BUY LT.NS @ 893.73 (size=27)
BUY ITC.NS @ 155.78 (size=142)
BUY SBIN.NS @ 187.59 (size=106)
BUY ADANIPORTS.NS @ 331.21 (size=60)
SELL HINDUNILVR.NS @ 1986.27
BUY NTPC.NS @ 77.04 (size=228)
BUY COALINDIA.NS @ 82.07 (size=192)
BUY GRASIM.NS @ 644.09 (size=24)
BUY POWERGRID.NS @ 76.90 (size=164)
SELL WIPRO.NS @ 124.42
SELL INFY.NS @ 817.05
BUY INDUSINDBK.NS @ 548.18 (size=33)
BUY BAJAJFINSV.NS @ 654.97 (size=27)
BUY KOTAKBANK.NS @ 292.20 (size=50)
BUY ICICIBANK.NS @ 396.26 (size=36)
BUY AXISBANK.NS @ 507.08 (size=28)
SELL BPCL.NS @ 137.92
SELL BAJAJ-AUTO.NS @ 2594.59
SELL BAJAJFINSV.NS @ 617.65
SELL DRREDDY.NS @ 826.55
SELL ULTRACEMCO.NS @ 3798.40
SELL ITC.NS @ 146.61
SELL COALINDIA.NS @ 79.55
SELL BRITANNIA.NS @ 3420.34
SELL LT.NS @ 867.76
SELL KOTAKBANK.NS @ 269.02
SELL AXISBANK.NS @ 442.50
SELL TATASTEEL.NS @ 34.87
SELL SUNPHARMA.NS @ 473.57
SELL CIPLA.NS @ 682.14
SELL NTPC.NS @ 73.08
SELL SBIN.NS @ 179.79
SELL ICICIBANK.NS @ 355.54
SELL APOLLOHOSP.NS @ 1583.13
BUY BPCL.NS @ 145.53 (size=395)
SELL HINDALCO.NS @ 170.48
BUY WIPRO.NS @ 135.19 (size=419)
SELL POWERGRID.NS @ 71.34
BUY INFY.NS @ 852.15 (size=59)
SELL BPCL.NS @ 140.16
BUY DRREDDY.NS @ 896.94 (size=58)
BUY APOLLOHOSP.NS @ 1754.16 (size=27)
BUY CIPLA.NS @ 776.58 (size=55)
SELL BAJFINANCE.NS @ 326.21
SELL TATACONSUM.NS @ 488.48
SELL MARUTI.NS @ 6351.52
SELL EICHERMOT.NS @ 2004.95
SELL JSWSTEEL.NS @ 256.82
SELL INDUSINDBK.NS @ 525.34
SELL ADANIPORTS.NS @ 322.57
SELL M&M.NS @ 584.42
SELL TITAN.NS @ 1079.36
SELL DIVISLAB.NS @ 2929.95
BUY BAJAJ-AUTO.NS @ 2691.13 (size=26)
BUY ULTRACEMCO.NS @ 4099.54 (size=17)
BUY TITAN.NS @ 1234.79 (size=56)
BUY HDFCBANK.NS @ 564.42 (size=87)
SELL UPL.NS @ 472.41
BUY ICICIBANK.NS @ 388.33 (size=114)
BUY JSWSTEEL.NS @ 294.45 (size=144)
SELL RELIANCE.NS @ 986.58
SELL BAJAJ-AUTO.NS @ 2605.95
BUY TATASTEEL.NS @ 34.78 (size=1574)
SELL CIPLA.NS @ 729.62
SELL DRREDDY.NS @ 964.81
SELL HEROMOTOCO.NS @ 2391.74
BUY SHREECEM.NS @ 21293.64 (size=3)
BUY KOTAKBANK.NS @ 316.21 (size=207)
BUY LT.NS @ 914.12 (size=71)
BUY NESTLEIND.NS @ 808.08 (size=81)
SELL TITAN.NS @ 1160.16
BUY INDUSINDBK.NS @ 654.80 (size=70)
BUY SBIN.NS @ 201.75 (size=204)
BUY DIVISLAB.NS @ 3321.16 (size=11)
BUY BAJFINANCE.NS @ 412.25 (size=81)
BUY BAJAJFINSV.NS @ 667.26 (size=50)
BUY ITC.NS @ 136.83 (size=245)
BUY M&M.NS @ 604.07 (size=38)
BUY AXISBANK.NS @ 606.12 (size=38)
BUY EICHERMOT.NS @ 2218.28 (size=10)
BUY HINDALCO.NS @ 196.92 (size=119)
BUY ADANIPORTS.NS @ 368.53 (size=38)
SELL HCLTECH.NS @ 663.61
BUY TITAN.NS @ 1344.24 (size=12)
BUY ONGC.NS @ 55.05 (size=279)
BUY BAJAJ-AUTO.NS @ 2775.21 (size=4)
BUY TATACONSUM.NS @ 517.58 (size=26)
BUY SUNPHARMA.NS @ 508.90 (size=22)
BUY MARUTI.NS @ 7417.45 (size=1)
BUY UPL.NS @ 452.13 (size=20)
BUY HINDUNILVR.NS @ 2074.77 (size=4)
BUY DRREDDY.NS @ 974.70 (size=9)
SELL UPL.NS @ 416.51
BUY BRITANNIA.NS @ 3451.63 (size=1)
BUY COALINDIA.NS @ 91.44 (size=80)
SELL EICHERMOT.NS @ 2288.59
BUY CIPLA.NS @ 760.25 (size=9)
SELL M&M.NS @ 654.39
SELL AXISBANK.NS @ 580.08
SELL BRITANNIA.NS @ 3292.92
BUY EICHERMOT.NS @ 2531.95 (size=5)
BUY AXISBANK.NS @ 661.69 (size=18)
BUY POWERGRID.NS @ 83.73 (size=129)
BUY BHARTIARTL.NS @ 523.08 (size=18)
BUY UPL.NS @ 478.44 (size=18)
BUY HCLTECH.NS @ 859.11 (size=9)
BUY HEROMOTOCO.NS @ 2639.13 (size=3)
SELL NESTLEIND.NS @ 850.87
BUY BPCL.NS @ 139.31 (size=95)
BUY M&M.NS @ 790.24 (size=16)
SELL BAJFINANCE.NS @ 480.27
SELL KOTAKBANK.NS @ 374.85
SELL BAJAJFINSV.NS @ 861.67
SELL SHREECEM.NS @ 23363.35
SELL DRREDDY.NS @ 979.15
SELL DIVISLAB.NS @ 3458.47
SELL COALINDIA.NS @ 84.97
SELL JSWSTEEL.NS @ 355.36
SELL HINDALCO.NS @ 230.84
SELL INDUSINDBK.NS @ 820.03
SELL BPCL.NS @ 130.99
SELL POWERGRID.NS @ 81.19
SELL ASIANPAINT.NS @ 2406.28
SELL HDFCBANK.NS @ 667.57
SELL ONGC.NS @ 64.55
SELL TATACONSUM.NS @ 550.91
SELL TATASTEEL.NS @ 53.89
SELL SUNPHARMA.NS @ 537.64
SELL TITAN.NS @ 1418.64
SELL MARUTI.NS @ 7273.10
SELL HINDUNILVR.NS @ 2115.46
SELL ITC.NS @ 155.94
BUY BAJAJFINSV.NS @ 970.00 (size=85)
SELL TECHM.NS @ 790.45
BUY HDFCBANK.NS @ 739.06 (size=107)
BUY SHREECEM.NS @ 25896.57 (size=3)
BUY INDUSINDBK.NS @ 1012.59 (size=62)
BUY ITC.NS @ 176.42 (size=324)
BUY HINDALCO.NS @ 269.21 (size=191)
BUY POWERGRID.NS @ 96.28 (size=482)
SELL EICHERMOT.NS @ 2569.89
SELL HCLTECH.NS @ 771.08
BUY NTPC.NS @ 86.18 (size=507)
BUY BPCL.NS @ 151.99 (size=287)
BUY ONGC.NS @ 81.02 (size=539)
SELL TCS.NS @ 2687.65
BUY TECHM.NS @ 848.24 (size=51)
SELL BAJAJ-AUTO.NS @ 3498.89
SELL CIPLA.NS @ 777.64
SELL ITC.NS @ 162.76
SELL INFY.NS @ 1113.78
SELL TECHM.NS @ 797.97
BUY COALINDIA.NS @ 99.57 (size=463)
SELL LT.NS @ 1368.85
SELL WIPRO.NS @ 189.54
SELL BHARTIARTL.NS @ 533.69
SELL HEROMOTOCO.NS @ 2714.89
BUY JSWSTEEL.NS @ 405.30 (size=150)
SELL HDFCBANK.NS @ 716.14
SELL SBIN.NS @ 339.70
SELL BAJAJFINSV.NS @ 950.37
SELL ICICIBANK.NS @ 570.16
SELL COALINDIA.NS @ 89.93
BUY HINDUNILVR.NS @ 2126.17 (size=39)
BUY ITC.NS @ 175.26 (size=482)
SELL INDUSINDBK.NS @ 934.95
SELL AXISBANK.NS @ 713.22
BUY BRITANNIA.NS @ 3289.79 (size=21)
SELL ONGC.NS @ 78.42
SELL M&M.NS @ 774.07
SELL HINDALCO.NS @ 306.65
SELL NTPC.NS @ 85.85
SELL HINDUNILVR.NS @ 2057.20
SELL BRITANNIA.NS @ 3178.52
SELL ITC.NS @ 166.34
SELL APOLLOHOSP.NS @ 2773.09
BUY TITAN.NS @ 1528.43 (size=77)
BUY TATASTEEL.NS @ 74.30 (size=1434)
BUY BRITANNIA.NS @ 3415.26 (size=28)
BUY HCLTECH.NS @ 844.90 (size=113)
SELL POWERGRID.NS @ 90.95
BUY TATACONSUM.NS @ 648.95 (size=118)
BUY ASIANPAINT.NS @ 2499.75 (size=30)
BUY NESTLEIND.NS @ 823.01 (size=80)
BUY HINDALCO.NS @ 352.44 (size=168)
BUY DRREDDY.NS @ 922.60 (size=57)
BUY SUNPHARMA.NS @ 606.06 (size=88)
BUY CIPLA.NS @ 850.55 (size=62)
SELL BPCL.NS @ 143.73
BUY WIPRO.NS @ 216.75 (size=191)
SELL ULTRACEMCO.NS @ 6333.91
SELL GRASIM.NS @ 1286.64
SELL UPL.NS @ 562.13
SELL HCLTECH.NS @ 785.88
BUY APOLLOHOSP.NS @ 3227.45 (size=15)
SELL NESTLEIND.NS @ 793.73
SELL TITAN.NS @ 1458.17
SELL SHREECEM.NS @ 27536.38
BUY BAJAJ-AUTO.NS @ 3401.51 (size=24)
BUY BAJAJFINSV.NS @ 1046.58 (size=78)
SELL BRITANNIA.NS @ 3263.87
BUY DIVISLAB.NS @ 3940.63 (size=19)
SELL TATACONSUM.NS @ 620.76
BUY ONGC.NS @ 81.32 (size=922)
BUY COALINDIA.NS @ 97.02 (size=695)
BUY UPL.NS @ 640.84 (size=105)
BUY NTPC.NS @ 93.93 (size=574)
SELL ADANIPORTS.NS @ 712.07
BUY SBIN.NS @ 353.49 (size=145)
BUY INDUSINDBK.NS @ 981.16 (size=46)
BUY AXISBANK.NS @ 747.23 (size=55)
BUY TCS.NS @ 2809.14 (size=14)
BUY INFY.NS @ 1234.43 (size=33)
BUY TECHM.NS @ 855.96 (size=48)
BUY HEROMOTOCO.NS @ 2518.93 (size=16)
BUY RELIANCE.NS @ 949.85 (size=22)
BUY ADANIPORTS.NS @ 787.74 (size=24)
BUY TITAN.NS @ 1665.30 (size=10)
BUY LT.NS @ 1459.05 (size=10)
BUY SHREECEM.NS @ 28564.60 (size=1)
BUY POWERGRID.NS @ 105.26 (size=105)
SELL SHREECEM.NS @ 27831.33
BUY BAJFINANCE.NS @ 596.20 (size=21)
SELL ADANIPORTS.NS @ 745.95
BUY HINDUNILVR.NS @ 2230.34 (size=6)
BUY NESTLEIND.NS @ 853.89 (size=15)
SELL INDUSINDBK.NS @ 950.30
SELL BAJAJ-AUTO.NS @ 3545.06
SELL SUNPHARMA.NS @ 632.99
SELL HINDALCO.NS @ 356.35
SELL JSWSTEEL.NS @ 634.80
SELL HEROMOTOCO.NS @ 2434.77
SELL UPL.NS @ 733.55
BUY MARUTI.NS @ 7123.78 (size=7)
SELL APOLLOHOSP.NS @ 3161.91
SELL RELIANCE.NS @ 957.55
BUY APOLLOHOSP.NS @ 3394.61 (size=16)
SELL COALINDIA.NS @ 95.34
SELL ONGC.NS @ 86.15
SELL POWERGRID.NS @ 99.11
BUY HDFCBANK.NS @ 729.96 (size=93)
SELL WIPRO.NS @ 242.89
SELL TCS.NS @ 2834.01
BUY ULTRACEMCO.NS @ 6902.13 (size=10)
BUY GRASIM.NS @ 1492.02 (size=47)
BUY ICICIBANK.NS @ 643.13 (size=87)
SELL HINDUNILVR.NS @ 2236.78
BUY WIPRO.NS @ 266.04 (size=195)
BUY HCLTECH.NS @ 864.99 (size=60)
BUY ITC.NS @ 168.16 (size=246)
SELL HDFCBANK.NS @ 699.66
SELL MARUTI.NS @ 6867.73
SELL TITAN.NS @ 1654.61
BUY BHARTIARTL.NS @ 524.48 (size=95)
SELL CIPLA.NS @ 914.94
SELL AXISBANK.NS @ 728.66
SELL DRREDDY.NS @ 943.01
BUY HINDALCO.NS @ 402.77 (size=126)
BUY JSWSTEEL.NS @ 715.38 (size=77)
SELL ASIANPAINT.NS @ 2845.76
SELL ITC.NS @ 165.77
BUY SUNPHARMA.NS @ 736.65 (size=67)
BUY SHREECEM.NS @ 28761.70 (size=1)
BUY TITAN.NS @ 1748.60 (size=32)
SELL NTPC.NS @ 97.10
BUY ITC.NS @ 174.10 (size=280)
SELL GRASIM.NS @ 1468.71
SELL SBIN.NS @ 397.13
SELL SHREECEM.NS @ 26624.66
BUY POWERGRID.NS @ 108.40 (size=599)
BUY TATACONSUM.NS @ 781.25 (size=74)
BUY TCS.NS @ 3066.17 (size=19)
BUY M&M.NS @ 771.11 (size=60)
BUY RELIANCE.NS @ 988.97 (size=47)
BUY HINDUNILVR.NS @ 2426.24 (size=15)
BUY ASIANPAINT.NS @ 2994.38 (size=12)
BUY BRITANNIA.NS @ 3668.87 (size=10)
SELL JSWSTEEL.NS @ 654.39
SELL POWERGRID.NS @ 101.82
SELL M&M.NS @ 738.89
SELL ITC.NS @ 166.86
BUY AXISBANK.NS @ 780.79 (size=60)
BUY ADANIPORTS.NS @ 731.48 (size=57)
BUY SHREECEM.NS @ 29771.99 (size=1)
BUY ONGC.NS @ 90.10 (size=391)
BUY GRASIM.NS @ 1540.63 (size=20)
BUY COALINDIA.NS @ 104.54 (size=273)
BUY INDUSINDBK.NS @ 1005.98 (size=25)
BUY NTPC.NS @ 106.41 (size=218)
BUY SBIN.NS @ 431.81 (size=48)
BUY ITC.NS @ 186.64 (size=111)
BUY HEROMOTOCO.NS @ 2489.93 (size=8)
BUY KOTAKBANK.NS @ 400.12 (size=36)
SELL TATASTEEL.NS @ 110.29
BUY HDFCBANK.NS @ 761.76 (size=38)
SELL TATACONSUM.NS @ 809.60
SELL ULTRACEMCO.NS @ 7354.04
BUY BAJAJ-AUTO.NS @ 3540.54 (size=11)
BUY M&M.NS @ 782.74 (size=50)
BUY MARUTI.NS @ 7140.99 (size=5)
SELL APOLLOHOSP.NS @ 4509.38
SELL DIVISLAB.NS @ 4804.37
BUY POWERGRID.NS @ 108.52 (size=409)
SELL HINDUNILVR.NS @ 2487.28
SELL BRITANNIA.NS @ 3741.19
BUY CIPLA.NS @ 956.50 (size=41)
SELL SHREECEM.NS @ 28376.13
SELL WIPRO.NS @ 292.92
SELL ICICIBANK.NS @ 679.84
SELL AXISBANK.NS @ 763.36
SELL ASIANPAINT.NS @ 3121.06
SELL INFY.NS @ 1490.63
SELL TCS.NS @ 3302.36
BUY DRREDDY.NS @ 981.82 (size=78)
SELL ADANIPORTS.NS @ 707.72
SELL BAJAJ-AUTO.NS @ 3410.85
SELL NESTLEIND.NS @ 910.54
SELL CIPLA.NS @ 884.69
SELL HEROMOTOCO.NS @ 2385.70
SELL TECHM.NS @ 1206.77
BUY BAJAJ-AUTO.NS @ 3599.67 (size=25)
BUY ADANIPORTS.NS @ 794.53 (size=102)
BUY WIPRO.NS @ 327.18 (size=248)
BUY JSWSTEEL.NS @ 684.22 (size=94)
SELL HCLTECH.NS @ 1022.25
BUY INFY.NS @ 1594.69 (size=40)
SELL DRREDDY.NS @ 934.92
SELL JSWSTEEL.NS @ 654.92
SELL BAJAJ-AUTO.NS @ 3405.15
BUY ICICIBANK.NS @ 816.47 (size=87)
BUY AXISBANK.NS @ 841.59 (size=84)
SELL INFY.NS @ 1519.41
SELL BAJFINANCE.NS @ 734.11
SELL NTPC.NS @ 117.68
SELL ADANIPORTS.NS @ 672.63
SELL COALINDIA.NS @ 112.62
SELL WIPRO.NS @ 303.45
SELL AXISBANK.NS @ 755.20
SELL ITC.NS @ 182.07
SELL HINDALCO.NS @ 455.55
SELL HDFCBANK.NS @ 752.86
SELL SUNPHARMA.NS @ 758.67
SELL RELIANCE.NS @ 1137.89
SELL INDUSINDBK.NS @ 1029.81
BUY ULTRACEMCO.NS @ 8031.17 (size=15)
SELL POWERGRID.NS @ 108.78
BUY UPL.NS @ 741.24 (size=150)
BUY APOLLOHOSP.NS @ 5018.43 (size=20)
SELL SBIN.NS @ 452.95
SELL KOTAKBANK.NS @ 389.66
SELL UPL.NS @ 688.58
SELL BAJAJFINSV.NS @ 1703.96
BUY POWERGRID.NS @ 119.08 (size=1022)
SELL ULTRACEMCO.NS @ 7408.60
SELL M&M.NS @ 823.64
SELL MARUTI.NS @ 6916.30
SELL LT.NS @ 1706.46
SELL ICICIBANK.NS @ 700.55
SELL GRASIM.NS @ 1651.44
SELL TITAN.NS @ 2262.61
SELL ONGC.NS @ 111.08
BUY CIPLA.NS @ 934.62 (size=156)
SELL CIPLA.NS @ 892.24
SELL BHARTIARTL.NS @ 681.81
BUY INFY.NS @ 1634.59 (size=95)
SELL APOLLOHOSP.NS @ 4727.80
BUY WIPRO.NS @ 307.64 (size=490)
BUY HCLTECH.NS @ 1016.77 (size=133)
BUY TECHM.NS @ 1553.72 (size=78)
BUY DRREDDY.NS @ 923.63 (size=118)
BUY SUNPHARMA.NS @ 800.47 (size=123)
BUY HINDALCO.NS @ 462.11 (size=192)
BUY TITAN.NS @ 2489.73 (size=35)
BUY EICHERMOT.NS @ 2608.25 (size=27)
BUY BAJFINANCE.NS @ 752.62 (size=85)
BUY ICICIBANK.NS @ 764.42 (size=84)
BUY JSWSTEEL.NS @ 663.86 (size=96)
BUY UPL.NS @ 752.25 (size=60)
BUY ONGC.NS @ 121.06 (size=337)
BUY GRASIM.NS @ 1756.53 (size=23)
BUY MARUTI.NS @ 7837.54 (size=4)
SELL DRREDDY.NS @ 914.91
BUY BRITANNIA.NS @ 3548.66 (size=9)
BUY ADANIPORTS.NS @ 747.90 (size=49)
SELL JSWSTEEL.NS @ 617.21
BUY M&M.NS @ 849.50 (size=46)
BUY BHARTIARTL.NS @ 713.67 (size=55)
BUY COALINDIA.NS @ 118.06 (size=267)
SELL WIPRO.NS @ 300.15
BUY TATASTEEL.NS @ 107.48 (size=293)
BUY LT.NS @ 1962.31 (size=20)
BUY ULTRACEMCO.NS @ 7694.88 (size=4)
BUY JSWSTEEL.NS @ 668.54 (size=53)
BUY HEROMOTOCO.NS @ 2303.29 (size=15)
SELL BRITANNIA.NS @ 3367.24
SELL ULTRACEMCO.NS @ 7268.88
SELL HCLTECH.NS @ 1011.87
SELL BHARTIARTL.NS @ 687.77
SELL ADANIPORTS.NS @ 721.41
SELL INFY.NS @ 1603.03
SELL TECHM.NS @ 1387.08
SELL M&M.NS @ 824.56
SELL BAJFINANCE.NS @ 680.11
SELL TATASTEEL.NS @ 96.75
SELL JSWSTEEL.NS @ 594.36
SELL GRASIM.NS @ 1652.03
SELL SUNPHARMA.NS @ 764.26
SELL TITAN.NS @ 2371.92
BUY AXISBANK.NS @ 770.63 (size=149)
BUY NTPC.NS @ 120.08 (size=863)
BUY SBIN.NS @ 501.28 (size=185)
BUY SUNPHARMA.NS @ 851.00 (size=98)
BUY ITC.NS @ 187.77 (size=401)
SELL LT.NS @ 1808.52
SELL UPL.NS @ 727.12
SELL EICHERMOT.NS @ 2483.87
SELL POWERGRID.NS @ 123.25
SELL ICICIBANK.NS @ 731.10
SELL SBIN.NS @ 464.13
SELL ITC.NS @ 177.95
SELL NTPC.NS @ 109.69
SELL COALINDIA.NS @ 110.80
SELL ONGC.NS @ 122.03
SELL MARUTI.NS @ 7919.09
SELL AXISBANK.NS @ 727.26
SELL SUNPHARMA.NS @ 787.02
SELL HEROMOTOCO.NS @ 2170.25
BUY COALINDIA.NS @ 125.24 (size=1270)
BUY TITAN.NS @ 2513.56 (size=63)
BUY TATASTEEL.NS @ 113.48 (size=1120)
SELL TITAN.NS @ 2409.38
BUY ONGC.NS @ 145.63 (size=887)
BUY ITC.NS @ 195.76 (size=593)
BUY SUNPHARMA.NS @ 867.58 (size=133)
BUY CIPLA.NS @ 1011.08 (size=114)
SELL ONGC.NS @ 127.56
BUY TATACONSUM.NS @ 724.31 (size=112)
BUY TITAN.NS @ 2667.99 (size=31)
BUY BHARTIARTL.NS @ 737.86 (size=103)
BUY NTPC.NS @ 126.05 (size=544)
BUY POWERGRID.NS @ 141.24 (size=486)
BUY HDFCBANK.NS @ 788.04 (size=69)
BUY ADANIPORTS.NS @ 800.15 (size=68)
SELL TITAN.NS @ 2426.51
BUY GRASIM.NS @ 1730.73 (size=29)
SELL HINDALCO.NS @ 527.03
SELL HDFCBANK.NS @ 696.79
SELL CIPLA.NS @ 968.80
BUY RELIANCE.NS @ 1236.93 (size=58)
BUY EICHERMOT.NS @ 2543.68 (size=25)
BUY MARUTI.NS @ 7624.27 (size=7)
SELL TATASTEEL.NS @ 112.44
SELL SUNPHARMA.NS @ 865.65
BUY BAJAJ-AUTO.NS @ 3521.27 (size=21)
BUY HINDUNILVR.NS @ 2089.30 (size=33)
BUY ASIANPAINT.NS @ 3127.68 (size=22)
SELL MARUTI.NS @ 7444.19
BUY INDUSINDBK.NS @ 988.03 (size=61)
SELL BAJAJ-AUTO.NS @ 3163.73
SELL EICHERMOT.NS @ 2382.23
SELL GRASIM.NS @ 1585.14
SELL INDUSINDBK.NS @ 909.13
SELL TATACONSUM.NS @ 751.16
SELL BHARTIARTL.NS @ 702.67
SELL ASIANPAINT.NS @ 2904.79
SELL COALINDIA.NS @ 135.21
SELL RELIANCE.NS @ 1145.86
SELL ADANIPORTS.NS @ 751.81
SELL NTPC.NS @ 130.99
BUY KOTAKBANK.NS @ 368.01 (size=368)
SELL POWERGRID.NS @ 140.96
BUY DRREDDY.NS @ 846.39 (size=152)
BUY M&M.NS @ 963.14 (size=120)
BUY ICICIBANK.NS @ 730.28 (size=143)
BUY HEROMOTOCO.NS @ 2417.31 (size=43)
SELL DRREDDY.NS @ 806.83
SELL ICICIBANK.NS @ 707.63
SELL HINDUNILVR.NS @ 2048.15
SELL KOTAKBANK.NS @ 357.05
SELL ITC.NS @ 221.19
SELL HEROMOTOCO.NS @ 2150.21
BUY MARUTI.NS @ 7977.78 (size=18)
BUY EICHERMOT.NS @ 2704.42 (size=54)
BUY ITC.NS @ 241.26 (size=491)
BUY BRITANNIA.NS @ 3544.87 (size=30)
BUY HINDUNILVR.NS @ 2348.95 (size=40)
BUY LT.NS @ 1619.42 (size=53)
BUY DRREDDY.NS @ 882.36 (size=88)
BUY SUNPHARMA.NS @ 846.32 (size=83)
BUY TATACONSUM.NS @ 770.98 (size=81)
BUY ULTRACEMCO.NS @ 5950.35 (size=9)
BUY SBIN.NS @ 481.02 (size=107)
BUY INDUSINDBK.NS @ 920.10 (size=50)
BUY UPL.NS @ 696.75 (size=59)
BUY GRASIM.NS @ 1486.55 (size=28)
BUY BAJAJFINSV.NS @ 1329.11 (size=25)
SELL DRREDDY.NS @ 825.71
BUY BAJFINANCE.NS @ 696.85 (size=53)
BUY TATASTEEL.NS @ 93.09 (size=401)
BUY COALINDIA.NS @ 156.04 (size=190)
BUY NESTLEIND.NS @ 930.16 (size=32)
BUY ADANIPORTS.NS @ 788.66 (size=30)
BUY CIPLA.NS @ 972.92 (size=24)
BUY NTPC.NS @ 140.68 (size=135)
BUY DIVISLAB.NS @ 3787.11 (size=4)
SELL BRITANNIA.NS @ 3533.04
SELL TATACONSUM.NS @ 744.55
BUY BPCL.NS @ 143.14 (size=225)
BUY HEROMOTOCO.NS @ 2571.05 (size=11)
BUY KOTAKBANK.NS @ 379.73 (size=69)
BUY BHARTIARTL.NS @ 719.79 (size=36)
SELL DIVISLAB.NS @ 3514.30
SELL BAJFINANCE.NS @ 685.79
BUY TITAN.NS @ 2580.01 (size=10)
BUY TATACONSUM.NS @ 817.65 (size=28)
SELL SUNPHARMA.NS @ 841.33
SELL NESTLEIND.NS @ 925.38
BUY SHREECEM.NS @ 22851.43 (size=1)
BUY AXISBANK.NS @ 777.69 (size=37)
BUY TECHM.NS @ 1030.66 (size=25)
BUY POWERGRID.NS @ 147.38 (size=157)
BUY HDFCBANK.NS @ 735.54 (size=31)
SELL HINDUNILVR.NS @ 2417.58
SELL HEROMOTOCO.NS @ 2462.37
SELL BPCL.NS @ 135.30
SELL TATACONSUM.NS @ 775.52
SELL UPL.NS @ 685.04
SELL TECHM.NS @ 925.90
SELL TATASTEEL.NS @ 95.64
SELL ULTRACEMCO.NS @ 6208.62
BUY APOLLOHOSP.NS @ 4560.59 (size=10)
SELL POWERGRID.NS @ 139.49
BUY HINDUNILVR.NS @ 2531.67 (size=18)
BUY BRITANNIA.NS @ 3665.10 (size=12)
SELL HDFCBANK.NS @ 695.84
SELL COALINDIA.NS @ 166.89
SELL SHREECEM.NS @ 20899.98
SELL KOTAKBANK.NS @ 371.40
SELL LT.NS @ 1804.81
BUY SUNPHARMA.NS @ 888.86 (size=45)
SELL NTPC.NS @ 142.53
SELL M&M.NS @ 1205.00
SELL MARUTI.NS @ 8577.84
SELL AXISBANK.NS @ 740.64
SELL APOLLOHOSP.NS @ 4202.21
SELL SBIN.NS @ 496.39
SELL ADANIPORTS.NS @ 814.11
SELL BAJAJFINSV.NS @ 1649.48
BUY ASIANPAINT.NS @ 3458.51 (size=27)
BUY DRREDDY.NS @ 854.86 (size=114)
SELL TITAN.NS @ 2507.55
SELL ASIANPAINT.NS @ 3237.48
SELL GRASIM.NS @ 1609.00
SELL HINDUNILVR.NS @ 2457.63
SELL EICHERMOT.NS @ 3291.18
SELL BRITANNIA.NS @ 3571.17
BUY HCLTECH.NS @ 859.16 (size=151)
BUY NESTLEIND.NS @ 948.41 (size=123)
SELL INDUSINDBK.NS @ 1117.45
BUY KOTAKBANK.NS @ 379.36 (size=277)
BUY AXISBANK.NS @ 898.02 (size=117)
BUY SBIN.NS @ 547.17 (size=164)
SELL KOTAKBANK.NS @ 368.19
BUY ICICIBANK.NS @ 902.70 (size=99)
BUY MARUTI.NS @ 9216.31 (size=8)
BUY APOLLOHOSP.NS @ 4523.15 (size=18)
BUY M&M.NS @ 1314.35 (size=50)
BUY LT.NS @ 1966.40 (size=33)
BUY NTPC.NS @ 163.38 (size=326)
BUY HDFCBANK.NS @ 728.13 (size=73)
BUY TCS.NS @ 2931.22 (size=18)
BUY DIVISLAB.NS @ 3765.36 (size=14)
BUY HINDALCO.NS @ 413.15 (size=77)
BUY BAJAJ-AUTO.NS @ 3542.20 (size=8)
BUY SHREECEM.NS @ 22490.88 (size=1)
BUY BAJAJFINSV.NS @ 1797.74 (size=13)
BUY TATASTEEL.NS @ 97.17 (size=245)
SELL APOLLOHOSP.NS @ 4320.71
BUY BRITANNIA.NS @ 3965.22 (size=6)
SELL DIVISLAB.NS @ 3351.28
BUY ADANIPORTS.NS @ 876.81 (size=33)
BUY COALINDIA.NS @ 191.56 (size=152)
SELL BAJAJFINSV.NS @ 1697.56
BUY HEROMOTOCO.NS @ 2393.71 (size=9)
SELL HEROMOTOCO.NS @ 2354.88
SELL M&M.NS @ 1245.69
BUY KOTAKBANK.NS @ 391.97 (size=81)
SELL NTPC.NS @ 149.04
SELL BAJAJ-AUTO.NS @ 3410.26
SELL MARUTI.NS @ 8590.56
SELL CIPLA.NS @ 1072.88
SELL NESTLEIND.NS @ 955.15
SELL ITC.NS @ 286.10
BUY BPCL.NS @ 135.18 (size=527)
BUY TATACONSUM.NS @ 773.13 (size=92)
BUY APOLLOHOSP.NS @ 4768.82 (size=14)
BUY INDUSINDBK.NS @ 1161.33 (size=43)
BUY RELIANCE.NS @ 1235.99 (size=36)
BUY HEROMOTOCO.NS @ 2456.37 (size=18)
BUY HINDUNILVR.NS @ 2493.24 (size=14)
SELL INDUSINDBK.NS @ 1142.44
BUY JSWSTEEL.NS @ 732.56 (size=45)
BUY ULTRACEMCO.NS @ 7152.88 (size=4)
BUY TECHM.NS @ 1004.27 (size=34)
BUY GRASIM.NS @ 1789.13 (size=15)
BUY UPL.NS @ 781.84 (size=32)
SELL DRREDDY.NS @ 857.50
BUY ASIANPAINT.NS @ 3129.68 (size=10)
SELL KOTAKBANK.NS @ 378.24
SELL SUNPHARMA.NS @ 946.47
SELL HCLTECH.NS @ 907.87
SELL TECHM.NS @ 943.91
SELL ASIANPAINT.NS @ 3051.55
SELL ICICIBANK.NS @ 886.84
SELL ADANIPORTS.NS @ 846.93
SELL COALINDIA.NS @ 179.10
SELL TCS.NS @ 2913.73
SELL UPL.NS @ 735.14
SELL SBIN.NS @ 561.22
SELL GRASIM.NS @ 1703.84
SELL BHARTIARTL.NS @ 799.11
SELL BPCL.NS @ 136.90
SELL TATACONSUM.NS @ 759.72
SELL TATASTEEL.NS @ 94.85
SELL RELIANCE.NS @ 1142.25
SELL HINDALCO.NS @ 421.24
SELL HEROMOTOCO.NS @ 2326.95
SELL HINDUNILVR.NS @ 2445.35
SELL SHREECEM.NS @ 22926.05
SELL APOLLOHOSP.NS @ 4481.01
BUY TATASTEEL.NS @ 110.62 (size=1207)
BUY HINDALCO.NS @ 477.63 (size=279)
SELL BRITANNIA.NS @ 4063.51
SELL LT.NS @ 2012.52
SELL HDFCBANK.NS @ 767.17
SELL JSWSTEEL.NS @ 717.72
BUY M&M.NS @ 1277.07 (size=97)
SELL ULTRACEMCO.NS @ 6805.07
BUY ULTRACEMCO.NS @ 7034.24 (size=16)
BUY HCLTECH.NS @ 952.31 (size=109)
BUY LT.NS @ 2151.07 (size=43)
BUY HINDUNILVR.NS @ 2542.46 (size=33)
BUY WIPRO.NS @ 188.11 (size=446)
SELL HINDUNILVR.NS @ 2412.36
SELL ULTRACEMCO.NS @ 6735.69
BUY HDFCBANK.NS @ 815.82 (size=105)
SELL AXISBANK.NS @ 907.80
BUY MARUTI.NS @ 8528.47 (size=10)
SELL HDFCBANK.NS @ 777.47
BUY BAJAJ-AUTO.NS @ 3695.44 (size=21)
BUY ITC.NS @ 293.57 (size=270)
SELL LT.NS @ 2053.68
BUY BRITANNIA.NS @ 4380.79 (size=18)
SELL HINDALCO.NS @ 456.40
BUY DRREDDY.NS @ 870.45 (size=98)
SELL TATASTEEL.NS @ 103.38
BUY ONGC.NS @ 130.55 (size=685)
BUY APOLLOHOSP.NS @ 4598.57 (size=19)
BUY TECHM.NS @ 1030.48 (size=86)
BUY SHREECEM.NS @ 26183.24 (size=2)
BUY NTPC.NS @ 159.76 (size=362)
SELL WIPRO.NS @ 184.81
SELL HCLTECH.NS @ 974.12
SELL M&M.NS @ 1247.69
BUY POWERGRID.NS @ 145.60 (size=570)
SELL BAJAJ-AUTO.NS @ 3416.74
SELL BRITANNIA.NS @ 4203.75
SELL DRREDDY.NS @ 846.21
SELL APOLLOHOSP.NS @ 4365.28
BUY COALINDIA.NS @ 182.02 (size=582)
SELL MARUTI.NS @ 8299.97
BUY BPCL.NS @ 147.77 (size=701)
BUY TITAN.NS @ 2490.26 (size=37)
SELL COALINDIA.NS @ 174.75
SELL ONGC.NS @ 128.43
SELL TECHM.NS @ 975.82
BUY ULTRACEMCO.NS @ 7444.69 (size=14)
BUY NESTLEIND.NS @ 952.39 (size=106)
SELL BPCL.NS @ 138.95
BUY BAJAJ-AUTO.NS @ 3776.54 (size=26)
BUY GRASIM.NS @ 1631.42 (size=61)
BUY KOTAKBANK.NS @ 368.17 (size=219)
BUY JSWSTEEL.NS @ 703.19 (size=114)
BUY DRREDDY.NS @ 956.85 (size=67)
BUY DIVISLAB.NS @ 3152.58 (size=20)
SELL NTPC.NS @ 156.40
SELL SHREECEM.NS @ 24949.53
BUY SBIN.NS @ 531.33 (size=117)
BUY TATACONSUM.NS @ 728.22 (size=77)
BUY BAJFINANCE.NS @ 610.53 (size=83)
BUY WIPRO.NS @ 180.07 (size=253)
BUY BRITANNIA.NS @ 4436.90 (size=10)
BUY BHARTIARTL.NS @ 784.68 (size=58)
BUY APOLLOHOSP.NS @ 4476.40 (size=10)
BUY TATASTEEL.NS @ 102.32 (size=268)
BUY HDFCBANK.NS @ 831.36 (size=29)
SELL HDFCBANK.NS @ 782.21
BUY MARUTI.NS @ 8688.24 (size=2)
BUY BAJAJFINSV.NS @ 1402.49 (size=16)
SELL DRREDDY.NS @ 888.44
BUY ASIANPAINT.NS @ 3045.54 (size=6)
BUY EICHERMOT.NS @ 3502.05 (size=7)
SELL JSWSTEEL.NS @ 692.40
BUY HEROMOTOCO.NS @ 2437.50 (size=12)
SELL TATASTEEL.NS @ 98.33
SELL DIVISLAB.NS @ 3040.89
BUY ADANIPORTS.NS @ 718.24 (size=50)
BUY COALINDIA.NS @ 201.01 (size=161)
BUY M&M.NS @ 1296.37 (size=25)
BUY SHREECEM.NS @ 25268.80 (size=1)
SELL POWERGRID.NS @ 154.76
SELL COALINDIA.NS @ 188.14
SELL SHREECEM.NS @ 24565.13
BUY SHREECEM.NS @ 25528.88 (size=1)
BUY TATASTEEL.NS @ 103.43 (size=339)
BUY NTPC.NS @ 167.88 (size=188)
SELL KOTAKBANK.NS @ 376.14
BUY JSWSTEEL.NS @ 737.88 (size=42)
BUY BPCL.NS @ 159.56 (size=209)
BUY DRREDDY.NS @ 941.65 (size=35)
SELL WIPRO.NS @ 178.34
BUY RELIANCE.NS @ 1176.57 (size=22)
SELL EICHERMOT.NS @ 3376.79
BUY HCLTECH.NS @ 1059.73 (size=29)
BUY POWERGRID.NS @ 171.50 (size=163)
SELL SBIN.NS @ 542.77
SELL BPCL.NS @ 151.43
SELL ADANIPORTS.NS @ 703.08
SELL GRASIM.NS @ 1687.32
SELL SHREECEM.NS @ 23458.71
BUY HDFCBANK.NS @ 815.76 (size=62)
BUY SUNPHARMA.NS @ 993.44 (size=51)
BUY INFY.NS @ 1241.29 (size=32)
BUY INDUSINDBK.NS @ 1384.18 (size=26)
BUY BPCL.NS @ 162.78 (size=225)
BUY DIVISLAB.NS @ 3678.50 (size=9)
BUY TECHM.NS @ 1071.28 (size=34)
SELL HCLTECH.NS @ 1019.70
SELL HDFCBANK.NS @ 794.73
BUY ONGC.NS @ 144.12 (size=176)
SELL POWERGRID.NS @ 161.47
BUY HINDALCO.NS @ 426.78 (size=65)
BUY WIPRO.NS @ 189.44 (size=146)
BUY TCS.NS @ 3256.36 (size=8)
BUY ICICIBANK.NS @ 951.88 (size=23)
BUY KOTAKBANK.NS @ 390.18 (size=51)
BUY LT.NS @ 2513.77 (size=7)
SELL KOTAKBANK.NS @ 373.95
SELL BRITANNIA.NS @ 4760.44
BUY CIPLA.NS @ 1048.32 (size=21)
SELL NESTLEIND.NS @ 1084.46
SELL TECHM.NS @ 1029.09
BUY ADANIPORTS.NS @ 770.78 (size=46)
BUY COALINDIA.NS @ 196.31 (size=163)
SELL BAJAJFINSV.NS @ 1570.59
SELL APOLLOHOSP.NS @ 4990.81
SELL BPCL.NS @ 155.43
SELL BAJFINANCE.NS @ 712.35
SELL HEROMOTOCO.NS @ 2741.05
SELL COALINDIA.NS @ 187.90
SELL TATACONSUM.NS @ 823.58
SELL ULTRACEMCO.NS @ 8037.24
SELL ITC.NS @ 402.12
SELL TITAN.NS @ 2883.96
SELL BAJAJ-AUTO.NS @ 4558.48
SELL MARUTI.NS @ 9281.33
SELL ASIANPAINT.NS @ 3252.56
SELL BHARTIARTL.NS @ 845.14
BUY TITAN.NS @ 3052.55 (size=36)
SELL ICICIBANK.NS @ 935.32
SELL JSWSTEEL.NS @ 778.88
SELL SUNPHARMA.NS @ 1091.10
SELL RELIANCE.NS @ 1225.11
SELL DIVISLAB.NS @ 3594.72
SELL INDUSINDBK.NS @ 1363.02
BUY MARUTI.NS @ 9804.08 (size=12)
SELL TCS.NS @ 3118.20
BUY COALINDIA.NS @ 196.88 (size=569)
BUY SHREECEM.NS @ 25407.89 (size=3)
BUY ULTRACEMCO.NS @ 8478.21 (size=11)
BUY HCLTECH.NS @ 1127.28 (size=89)
BUY TECHM.NS @ 1175.84 (size=85)
BUY TATACONSUM.NS @ 866.46 (size=73)
BUY TCS.NS @ 3326.27 (size=17)
BUY DIVISLAB.NS @ 3747.63 (size=15)
SELL M&M.NS @ 1513.62
BUY GRASIM.NS @ 1911.02 (size=24)
BUY UPL.NS @ 624.94 (size=72)
BUY HDFCBANK.NS @ 808.75 (size=50)
BUY BAJAJ-AUTO.NS @ 4963.35 (size=8)
BUY NESTLEIND.NS @ 1098.89 (size=37)
BUY BHARTIARTL.NS @ 923.24 (size=44)
BUY HEROMOTOCO.NS @ 2806.43 (size=14)
BUY POWERGRID.NS @ 180.67 (size=115)
SELL HDFCBANK.NS @ 792.84
BUY M&M.NS @ 1616.53 (size=12)
SELL CIPLA.NS @ 1183.61
SELL HEROMOTOCO.NS @ 2747.92
SELL DRREDDY.NS @ 1090.00
SELL ULTRACEMCO.NS @ 8087.87
BUY BAJFINANCE.NS @ 773.31 (size=51)
SELL WIPRO.NS @ 193.68
BUY BAJAJFINSV.NS @ 1575.64 (size=25)
SELL UPL.NS @ 598.48
SELL DIVISLAB.NS @ 3626.13
SELL M&M.NS @ 1514.06
SELL TECHM.NS @ 1137.90
SELL MARUTI.NS @ 9927.61
SELL TATASTEEL.NS @ 120.03
SELL ADANIPORTS.NS @ 782.87
SELL INFY.NS @ 1330.19
BUY HEROMOTOCO.NS @ 2894.48 (size=27)
SELL TCS.NS @ 3239.37
BUY ULTRACEMCO.NS @ 8414.99 (size=9)
BUY INDUSINDBK.NS @ 1452.97 (size=48)
SELL HINDALCO.NS @ 450.79
SELL NTPC.NS @ 216.98
SELL INDUSINDBK.NS @ 1397.19
SELL LT.NS @ 2866.62
SELL ULTRACEMCO.NS @ 8155.98
SELL GRASIM.NS @ 1856.10
SELL SHREECEM.NS @ 25170.40
SELL BAJFINANCE.NS @ 733.94
SELL ONGC.NS @ 155.95
SELL BHARTIARTL.NS @ 893.02
SELL TITAN.NS @ 3081.41
SELL BAJAJFINSV.NS @ 1534.43
BUY ONGC.NS @ 166.55 (size=740)
BUY BPCL.NS @ 163.60 (size=678)
BUY APOLLOHOSP.NS @ 5263.50 (size=18)
BUY NTPC.NS @ 231.96 (size=389)
BUY EICHERMOT.NS @ 3559.30 (size=25)
BUY HINDALCO.NS @ 498.86 (size=144)
BUY ADANIPORTS.NS @ 830.08 (size=78)
BUY HDFCBANK.NS @ 758.65 (size=77)
BUY SHREECEM.NS @ 26467.09 (size=2)
BUY M&M.NS @ 1622.74 (size=36)
BUY HINDUNILVR.NS @ 2446.83 (size=23)
BUY WIPRO.NS @ 193.18 (size=302)
BUY AXISBANK.NS @ 1072.51 (size=54)
BUY ULTRACEMCO.NS @ 8894.19 (size=6)
BUY JSWSTEEL.NS @ 792.74 (size=73)
BUY BHARTIARTL.NS @ 1000.71 (size=58)
BUY LT.NS @ 3136.51 (size=2)
BUY BRITANNIA.NS @ 4843.41 (size=1)
BUY ITC.NS @ 396.61 (size=17)
BUY KOTAKBANK.NS @ 362.89 (size=14)
BUY ICICIBANK.NS @ 975.21 (size=5)
BUY GRASIM.NS @ 2029.61 (size=2)
BUY SBIN.NS @ 586.44 (size=6)
BUY UPL.NS @ 582.20 (size=5)
BUY ASIANPAINT.NS @ 3181.50 (size=1)
BUY TITAN.NS @ 3611.93 (size=1)
SELL HINDUNILVR.NS @ 2406.55
BUY INFY.NS @ 1413.59 (size=5)
BUY TECHM.NS @ 1196.04 (size=6)
BUY TATASTEEL.NS @ 130.71 (size=50)
BUY TCS.NS @ 3595.84 (size=1)
SELL UPL.NS @ 565.98
BUY DIVISLAB.NS @ 3822.53 (size=1)
SELL ICICIBANK.NS @ 966.41
SELL EICHERMOT.NS @ 3800.56
BUY SUNPHARMA.NS @ 1264.68 (size=4)
BUY INDUSINDBK.NS @ 1630.45 (size=9)
BUY BAJFINANCE.NS @ 762.00 (size=19)
SELL SHREECEM.NS @ 26745.75
BUY CIPLA.NS @ 1304.09 (size=13)
BUY RELIANCE.NS @ 1349.91 (size=11)
SELL M&M.NS @ 1595.75
SELL HDFCBANK.NS @ 748.28
SELL BAJFINANCE.NS @ 727.72
SELL KOTAKBANK.NS @ 355.13
SELL JSWSTEEL.NS @ 804.17
SELL DIVISLAB.NS @ 3689.25
SELL NTPC.NS @ 282.57
SELL ASIANPAINT.NS @ 3094.74
SELL NESTLEIND.NS @ 1222.42
SELL INDUSINDBK.NS @ 1425.87
SELL SBIN.NS @ 583.41
BUY ICICIBANK.NS @ 1012.45 (size=48)
SELL TATASTEEL.NS @ 124.62
SELL HINDALCO.NS @ 534.40
SELL AXISBANK.NS @ 1057.43
SELL ITC.NS @ 401.76
BUY DRREDDY.NS @ 1209.35 (size=50)
BUY SHREECEM.NS @ 29309.40 (size=1)
SELL LT.NS @ 3340.34
SELL TITAN.NS @ 3604.77
BUY NTPC.NS @ 313.91 (size=169)
BUY TATASTEEL.NS @ 132.86 (size=400)
SELL SHREECEM.NS @ 26677.96
SELL BRITANNIA.NS @ 4878.78
SELL GRASIM.NS @ 2050.63
BUY SBIN.NS @ 651.04 (size=70)
SELL ICICIBANK.NS @ 973.35
BUY HINDALCO.NS @ 593.52 (size=69)
SELL ULTRACEMCO.NS @ 9732.62
SELL HINDALCO.NS @ 503.50
BUY M&M.NS @ 1738.26 (size=29)
SELL TECHM.NS @ 1227.77
SELL HEROMOTOCO.NS @ 4093.95
SELL APOLLOHOSP.NS @ 6067.80
BUY LT.NS @ 3571.85 (size=19)
BUY TITAN.NS @ 3742.36 (size=18)
SELL INFY.NS @ 1541.40
BUY AXISBANK.NS @ 1123.17 (size=49)
SELL NTPC.NS @ 307.44
SELL POWERGRID.NS @ 247.34
SELL ADANIPORTS.NS @ 1198.55
SELL COALINDIA.NS @ 366.68
SELL ONGC.NS @ 230.04
SELL AXISBANK.NS @ 1078.65
SELL RELIANCE.NS @ 1421.65
SELL TITAN.NS @ 3603.03
SELL BPCL.NS @ 261.51
SELL M&M.NS @ 1772.18
SELL TATACONSUM.NS @ 1130.03
SELL WIPRO.NS @ 231.94
SELL DRREDDY.NS @ 1212.07
SELL TCS.NS @ 3729.95
SELL HCLTECH.NS @ 1488.00
SELL CIPLA.NS @ 1408.58
BUY MARUTI.NS @ 11702.75 (size=15)
BUY ITC.NS @ 383.68 (size=419)
BUY BAJFINANCE.NS @ 716.48 (size=202)
BUY BAJAJFINSV.NS @ 1642.01 (size=88)
BUY EICHERMOT.NS @ 3924.37 (size=36)
BUY GRASIM.NS @ 2270.29 (size=63)
BUY JSWSTEEL.NS @ 862.85 (size=100)
BUY ADANIPORTS.NS @ 1391.38 (size=56)
BUY HDFCBANK.NS @ 743.46 (size=95)
BUY DIVISLAB.NS @ 3694.60 (size=19)
SELL SUNPHARMA.NS @ 1511.11
BUY ONGC.NS @ 252.11 (size=226)
SELL SBIN.NS @ 718.10
SELL ADANIPORTS.NS @ 1283.77
SELL BAJAJFINSV.NS @ 1592.12
SELL LT.NS @ 3458.65
SELL BAJAJ-AUTO.NS @ 8413.75
BUY SBIN.NS @ 783.56 (size=115)
BUY AXISBANK.NS @ 1125.17 (size=80)
SELL BAJFINANCE.NS @ 665.65
BUY ICICIBANK.NS @ 1141.44 (size=75)
BUY POWERGRID.NS @ 282.48 (size=275)
BUY M&M.NS @ 2123.61 (size=36)
BUY BPCL.NS @ 283.01 (size=219)
BUY ASIANPAINT.NS @ 2910.41 (size=21)
BUY COALINDIA.NS @ 417.28 (size=119)
SELL BPCL.NS @ 269.47
BUY BRITANNIA.NS @ 5041.31 (size=8)
SELL HDFCBANK.NS @ 721.58
SELL ASIANPAINT.NS @ 2781.19
SELL COALINDIA.NS @ 389.93
SELL ONGC.NS @ 238.96
SELL JSWSTEEL.NS @ 825.84
BUY HEROMOTOCO.NS @ 4458.75 (size=13)
BUY UPL.NS @ 528.34 (size=136)
BUY COALINDIA.NS @ 431.39 (size=150)
BUY JSWSTEEL.NS @ 913.81 (size=70)
BUY HINDALCO.NS @ 684.63 (size=94)
BUY CIPLA.NS @ 1454.30 (size=31)
BUY ADANIPORTS.NS @ 1430.23 (size=28)
SELL ICICIBANK.NS @ 1084.23
SELL ITC.NS @ 379.43
SELL MARUTI.NS @ 12151.76
SELL GRASIM.NS @ 2299.02
BUY NTPC.NS @ 373.51 (size=253)
BUY HDFCBANK.NS @ 775.62 (size=122)
BUY LT.NS @ 3831.02 (size=24)
BUY ICICIBANK.NS @ 1141.29 (size=82)
BUY ULTRACEMCO.NS @ 10342.77 (size=9)
BUY RELIANCE.NS @ 1499.23 (size=63)
SELL NTPC.NS @ 315.78
SELL SBIN.NS @ 759.94
SELL ADANIPORTS.NS @ 1237.59
SELL COALINDIA.NS @ 388.53
SELL LT.NS @ 3345.46
BUY HINDUNILVR.NS @ 2399.49 (size=16)
SELL ICICIBANK.NS @ 1054.17
SELL EICHERMOT.NS @ 4389.22
SELL TATASTEEL.NS @ 152.26
SELL JSWSTEEL.NS @ 833.06
SELL RELIANCE.NS @ 1387.01
BUY BAJFINANCE.NS @ 711.16 (size=161)
BUY ITC.NS @ 400.37 (size=287)
BUY INFY.NS @ 1472.75 (size=78)
BUY TECHM.NS @ 1302.81 (size=88)
BUY TITAN.NS @ 3507.98 (size=19)
SELL ITC.NS @ 386.24
SELL TITAN.NS @ 3414.47
BUY KOTAKBANK.NS @ 365.29 (size=219)
BUY RELIANCE.NS @ 1519.30 (size=52)
BUY GRASIM.NS @ 2617.98 (size=30)
BUY DRREDDY.NS @ 1264.91 (size=44)
BUY HCLTECH.NS @ 1435.55 (size=35)
BUY ONGC.NS @ 259.63 (size=175)
BUY ITC.NS @ 412.63 (size=99)
SELL M&M.NS @ 2710.23
BUY ASIANPAINT.NS @ 2959.36 (size=12)
SELL BAJFINANCE.NS @ 690.77
BUY TCS.NS @ 3952.27 (size=13)
BUY BPCL.NS @ 281.78 (size=174)
BUY COALINDIA.NS @ 450.55 (size=109)
BUY BAJAJFINSV.NS @ 1650.45 (size=23)
BUY APOLLOHOSP.NS @ 6484.73 (size=6)
SELL BPCL.NS @ 270.95
SELL UPL.NS @ 536.75
SELL HINDALCO.NS @ 654.42
SELL HEROMOTOCO.NS @ 5078.97
SELL KOTAKBANK.NS @ 351.11
BUY TATACONSUM.NS @ 1232.34 (size=51)
SELL RELIANCE.NS @ 1476.97
BUY NTPC.NS @ 374.27 (size=174)
SELL BAJAJFINSV.NS @ 1578.48
SELL AXISBANK.NS @ 1238.19
BUY BPCL.NS @ 290.88 (size=247)
BUY SUNPHARMA.NS @ 1639.74 (size=43)
BUY ADANIPORTS.NS @ 1582.45 (size=36)
BUY MARUTI.NS @ 13092.35 (size=4)
SELL GRASIM.NS @ 2686.66
SELL HDFCBANK.NS @ 797.10
SELL MARUTI.NS @ 12070.21
SELL POWERGRID.NS @ 312.10
SELL ADANIPORTS.NS @ 1454.87
SELL ULTRACEMCO.NS @ 10933.30
BUY BAJAJ-AUTO.NS @ 10149.23 (size=9)
BUY HINDALCO.NS @ 706.67 (size=119)
BUY BAJAJFINSV.NS @ 1718.16 (size=44)
BUY BAJFINANCE.NS @ 702.02 (size=96)
BUY UPL.NS @ 592.92 (size=103)
BUY HEROMOTOCO.NS @ 5142.37 (size=11)
SELL COALINDIA.NS @ 447.25
SELL ONGC.NS @ 285.43
SELL HINDALCO.NS @ 661.95
SELL DRREDDY.NS @ 1330.71
SELL TATACONSUM.NS @ 1165.21
SELL NTPC.NS @ 374.58
BUY ULTRACEMCO.NS @ 11636.49 (size=7)
BUY WIPRO.NS @ 258.07 (size=299)
SELL TCS.NS @ 4115.03
SELL BPCL.NS @ 298.63
BUY NESTLEIND.NS @ 1296.24 (size=57)
BUY M&M.NS @ 2927.33 (size=25)
BUY KOTAKBANK.NS @ 380.46 (size=197)
BUY MARUTI.NS @ 12479.43 (size=6)
BUY LT.NS @ 3758.84 (size=19)
BUY ICICIBANK.NS @ 1328.20 (size=56)
BUY JSWSTEEL.NS @ 978.91 (size=76)
BUY POWERGRID.NS @ 330.31 (size=92)
BUY HINDALCO.NS @ 712.62 (size=42)
BUY TATASTEEL.NS @ 161.84 (size=151)
BUY BPCL.NS @ 338.07 (size=65)
BUY EICHERMOT.NS @ 4997.80 (size=4)
BUY RELIANCE.NS @ 1520.10 (size=14)
SELL RELIANCE.NS @ 1470.70
SELL TECHM.NS @ 1519.20
SELL LT.NS @ 3465.33
SELL ASIANPAINT.NS @ 3110.32
SELL EICHERMOT.NS @ 4721.28
SELL BPCL.NS @ 313.17
SELL POWERGRID.NS @ 319.74
SELL KOTAKBANK.NS @ 361.38
SELL ULTRACEMCO.NS @ 11378.13
SELL ITC.NS @ 459.08
SELL APOLLOHOSP.NS @ 6746.43
SELL HEROMOTOCO.NS @ 5204.06
SELL UPL.NS @ 575.04
SELL HINDUNILVR.NS @ 2735.88
SELL NESTLEIND.NS @ 1238.08
SELL ICICIBANK.NS @ 1213.64
SELL CIPLA.NS @ 1578.88
SELL BAJFINANCE.NS @ 697.39
SELL MARUTI.NS @ 12313.48
SELL BAJAJ-AUTO.NS @ 9869.32
SELL TATASTEEL.NS @ 148.93
BUY TECHM.NS @ 1636.52 (size=73)
SELL BRITANNIA.NS @ 5811.05
SELL INFY.NS @ 1805.02
SELL BAJAJFINSV.NS @ 1757.54
SELL M&M.NS @ 2864.19
SELL JSWSTEEL.NS @ 961.06
SELL SUNPHARMA.NS @ 1810.57
SELL HINDALCO.NS @ 685.67
BUY ICICIBANK.NS @ 1282.95 (size=133)
BUY SBIN.NS @ 816.31 (size=189)
SELL BHARTIARTL.NS @ 1623.53
SELL HCLTECH.NS @ 1689.12
SELL TECHM.NS @ 1563.42
BUY APOLLOHOSP.NS @ 7395.07 (size=22)
SELL ICICIBANK.NS @ 1249.21
SELL APOLLOHOSP.NS @ 6831.34
SELL SBIN.NS @ 787.19
BUY POWERGRID.NS @ 328.07 (size=597)
BUY TCS.NS @ 4095.59 (size=47)
BUY SHREECEM.NS @ 25905.64 (size=6)
BUY ULTRACEMCO.NS @ 11575.18 (size=12)
SELL POWERGRID.NS @ 311.12
BUY ICICIBANK.NS @ 1326.27 (size=110)
BUY TITAN.NS @ 3430.73 (size=42)
BUY LT.NS @ 3910.83 (size=29)
BUY BAJFINANCE.NS @ 707.15 (size=149)
BUY BHARTIARTL.NS @ 1667.81 (size=57)
SELL DIVISLAB.NS @ 5850.06
SELL BHARTIARTL.NS @ 1601.91
BUY DRREDDY.NS @ 1317.25 (size=80)
SELL BAJFINANCE.NS @ 680.63
SELL LT.NS @ 3596.31
SELL TCS.NS @ 3958.16
SELL TITAN.NS @ 3299.27
SELL SHREECEM.NS @ 25621.41
SELL ULTRACEMCO.NS @ 11217.25
BUY SUNPHARMA.NS @ 1854.42 (size=80)
SELL ICICIBANK.NS @ 1271.84

Initial Capital: ₹1,000,000.00
Final Portfolio: ₹2,109,130.76
Total Return: +110.91%

================================================================================
📈 COMPREHENSIVE PERFORMANCE ANALYSIS
================================================================================

💰 RETURNS ANALYSIS:
   Total Return: 74.63%
   Average Return: 0.03%
   CAGR: 7.92%
   XIRR: 7.75%
   Annual Returns:
     2015: -11.54%
     2016: 2.69%
     2017: 14.92%
     2018: 1.74%
     2019: 5.86%
     2020: 37.84%
     2021: 17.49%
     2022: -9.09%
     2023: 20.19%
     2024: 6.01%

🎯 RISK ANALYSIS:
   Sharpe Ratio: 0.24 (Higher is better, >1 is good)
   Sharpe Ratio indicates how my returns are with respect to volatility of returns. A higher Sharpe Ratio means better risk-adjusted returns.
   Sortino Ratio: 0.20 (Higher is better, >1 is good)
   Sortino Ratio indicates how my returns are with respect to downside volatility. A higher Sortino Ratio means better risk-adjusted returns.
   Max Drawdown: 19.27% (Usually it should be 15-20% or lower)
   Drawdown Period: 573 days (Lower is better)

📊 TRADING STATISTICS:
   Total Trades: 1134
   Winning Trades: 445
   Losing Trades: 685
   Win Rate: 39.2%
   Average Win: ₹6165.96
   Average Loss: ₹-2394.66
   Risk/Reward Ratio: 2.57
   Expectancy: 964.67
   Profit Factor: 1.67
