Fetching stock data...

Starting Backtest with 46 stocks
Initial Capital: ₹1,000,000.00

🔄 Running Backtest...
BUY POWERGRID.NS @ 52.33 (size=5733)
BUY BPCL.NS @ 62.49 (size=3344)
BUY TECHM.NS @ 515.71 (size=282)
BUY SHREECEM.NS @ 10539.15 (size=9)
SELL TECHM.NS @ 504.64
BUY INDUSINDBK.NS @ 825.65 (size=139)
BUY NESTLEIND.NS @ 314.34 (size=367)
SELL NESTLEIND.NS @ 306.57
SELL SHREECEM.NS @ 10524.88
SELL INDUSINDBK.NS @ 808.47
BUY SHREECEM.NS @ 10597.00 (size=10)
BUY NESTLEIND.NS @ 308.90 (size=352)
SELL SHREECEM.NS @ 10529.19
BUY ITC.NS @ 172.88 (size=631)
BUY HDFCBANK.NS @ 247.01 (size=321)
BUY HINDUNILVR.NS @ 781.10 (size=101)
BUY BRITANNIA.NS @ 921.99 (size=86)
SELL NESTLEIND.NS @ 306.16
BUY GRASIM.NS @ 577.09 (size=137)
SELL ITC.NS @ 150.73
BUY APOLLOHOSP.NS @ 1363.55 (size=33)
SELL GRASIM.NS @ 547.77
BUY SUNPHARMA.NS @ 951.25 (size=33)
SELL POWERGRID.NS @ 52.56
SELL HDFCBANK.NS @ 241.64
BUY UPL.NS @ 261.34 (size=171)
BUY HCLTECH.NS @ 382.63 (size=117)
SELL BPCL.NS @ 63.05
SELL UPL.NS @ 247.39
SELL HCLTECH.NS @ 372.79
BUY HCLTECH.NS @ 381.02 (size=580)
SELL HINDUNILVR.NS @ 769.79
SELL HCLTECH.NS @ 371.67
SELL BRITANNIA.NS @ 926.79
SELL APOLLOHOSP.NS @ 1305.18
BUY APOLLOHOSP.NS @ 1371.10 (size=203)
BUY BHARTIARTL.NS @ 339.27 (size=575)
SELL SUNPHARMA.NS @ 926.02
SELL APOLLOHOSP.NS @ 1302.05
BUY SUNPHARMA.NS @ 990.08 (size=228)
BUY BPCL.NS @ 70.65 (size=2218)
BUY BAJFINANCE.NS @ 43.45 (size=2513)
BUY UPL.NS @ 284.21 (size=268)
BUY BRITANNIA.NS @ 1003.58 (size=75)
SELL UPL.NS @ 256.79
SELL SUNPHARMA.NS @ 950.33
SELL BRITANNIA.NS @ 942.67
BUY RELIANCE.NS @ 189.52 (size=616)
SELL BHARTIARTL.NS @ 338.13
SELL BAJFINANCE.NS @ 41.23
SELL BPCL.NS @ 67.28
BUY TATASTEEL.NS @ 26.47 (size=7228)
SELL RELIANCE.NS @ 185.14
SELL TATASTEEL.NS @ 25.26
BUY BAJAJ-AUTO.NS @ 1731.09 (size=154)
BUY EICHERMOT.NS @ 1777.32 (size=105)
BUY SHREECEM.NS @ 11291.06 (size=11)
BUY UPL.NS @ 321.57 (size=297)
BUY BRITANNIA.NS @ 1120.24 (size=85)
SELL SHREECEM.NS @ 10442.85
BUY HEROMOTOCO.NS @ 1870.34 (size=20)
BUY WIPRO.NS @ 93.48 (size=663)
SELL WIPRO.NS @ 91.34
SELL BAJAJ-AUTO.NS @ 1669.15
SELL EICHERMOT.NS @ 1604.75
SELL HEROMOTOCO.NS @ 1803.55
SELL UPL.NS @ 309.17
BUY BAJFINANCE.NS @ 50.68 (size=4474)
BUY BAJAJ-AUTO.NS @ 1884.60 (size=84)
BUY LT.NS @ 1021.51 (size=155)
BUY COALINDIA.NS @ 178.43 (size=357)
BUY HINDUNILVR.NS @ 773.35 (size=82)
BUY EICHERMOT.NS @ 1879.49 (size=13)
BUY BPCL.NS @ 80.24 (size=228)
SELL BPCL.NS @ 74.71
SELL BAJFINANCE.NS @ 48.60
BUY INDUSINDBK.NS @ 870.05 (size=95)
BUY MARUTI.NS @ 3768.45 (size=15)
SELL HINDUNILVR.NS @ 770.31
BUY ULTRACEMCO.NS @ 3209.66 (size=12)
BUY GRASIM.NS @ 545.51 (size=74)
BUY HDFCBANK.NS @ 252.43 (size=142)
BUY ASIANPAINT.NS @ 750.36 (size=47)
SELL BAJAJ-AUTO.NS @ 1910.27
SELL LT.NS @ 1033.53
BUY DRREDDY.NS @ 731.84 (size=19)
SELL EICHERMOT.NS @ 1903.83
SELL COALINDIA.NS @ 179.43
SELL ULTRACEMCO.NS @ 2999.35
SELL DRREDDY.NS @ 701.11
BUY TECHM.NS @ 377.86 (size=381)
BUY DRREDDY.NS @ 731.78 (size=143)
BUY INFY.NS @ 404.66 (size=258)
SELL HDFCBANK.NS @ 251.82
BUY BAJAJFINSV.NS @ 189.57 (size=217)
BUY M&M.NS @ 634.65 (size=62)
SELL INDUSINDBK.NS @ 893.06
BUY DIVISLAB.NS @ 990.33 (size=53)
SELL M&M.NS @ 593.16
SELL GRASIM.NS @ 529.86
BUY CIPLA.NS @ 662.76 (size=56)
SELL CIPLA.NS @ 640.42
SELL BAJAJFINSV.NS @ 187.47
BUY ADANIPORTS.NS @ 349.15 (size=206)
SELL BRITANNIA.NS @ 1397.56
SELL ADANIPORTS.NS @ 316.99
SELL MARUTI.NS @ 3849.82
SELL DRREDDY.NS @ 756.12
SELL ASIANPAINT.NS @ 770.09
SELL INFY.NS @ 413.00
SELL TECHM.NS @ 377.93
SELL DIVISLAB.NS @ 1006.72
BUY MARUTI.NS @ 4084.02 (size=63)
SELL MARUTI.NS @ 3975.32
BUY TITAN.NS @ 335.03 (size=542)
BUY ONGC.NS @ 98.80 (size=2053)
BUY M&M.NS @ 580.95 (size=243)
BUY HINDALCO.NS @ 83.19 (size=1186)
SELL M&M.NS @ 570.91
BUY BAJAJ-AUTO.NS @ 1976.70 (size=57)
BUY NTPC.NS @ 75.68 (size=1048)
SELL ONGC.NS @ 95.02
BUY ITC.NS @ 159.58 (size=497)
SELL TITAN.NS @ 327.24
SELL ITC.NS @ 150.01
SELL BAJAJ-AUTO.NS @ 1866.99
SELL HINDALCO.NS @ 75.96
SELL NTPC.NS @ 74.62
BUY NTPC.NS @ 75.82 (size=3272)
BUY HEROMOTOCO.NS @ 1886.55 (size=91)
SELL NTPC.NS @ 74.82
BUY M&M.NS @ 623.33 (size=312)
SELL HEROMOTOCO.NS @ 1873.06
SELL M&M.NS @ 598.96
BUY JSWSTEEL.NS @ 91.64 (size=2655)
BUY TATACONSUM.NS @ 129.54 (size=1313)
BUY NTPC.NS @ 82.61 (size=1440)
BUY POWERGRID.NS @ 49.83 (size=2387)
BUY BAJFINANCE.NS @ 58.17 (size=823)
BUY BRITANNIA.NS @ 1295.75 (size=36)
BUY APOLLOHOSP.NS @ 1418.37 (size=13)
SELL NTPC.NS @ 78.65
SELL TATACONSUM.NS @ 125.29
SELL JSWSTEEL.NS @ 92.17
SELL APOLLOHOSP.NS @ 1348.97
SELL BRITANNIA.NS @ 1267.80
BUY NTPC.NS @ 80.79 (size=2356)
BUY RELIANCE.NS @ 233.34 (size=567)
SELL NTPC.NS @ 77.85
SELL POWERGRID.NS @ 49.18
SELL BAJFINANCE.NS @ 57.84
SELL RELIANCE.NS @ 220.34
BUY JSWSTEEL.NS @ 100.69 (size=2337)
BUY POWERGRID.NS @ 51.71 (size=3200)
SELL JSWSTEEL.NS @ 90.10
BUY BAJFINANCE.NS @ 61.75 (size=2886)
SELL POWERGRID.NS @ 48.60
SELL BAJFINANCE.NS @ 58.04
BUY HINDALCO.NS @ 78.02 (size=2857)
BUY KOTAKBANK.NS @ 130.07 (size=1216)
BUY TECHM.NS @ 336.43 (size=470)
BUY EICHERMOT.NS @ 1812.07 (size=34)
SELL EICHERMOT.NS @ 1732.83
BUY INDUSINDBK.NS @ 862.94 (size=71)
BUY ADANIPORTS.NS @ 223.29 (size=278)
BUY SHREECEM.NS @ 12107.90 (size=2)
BUY GRASIM.NS @ 548.94 (size=32)
BUY BPCL.NS @ 81.51 (size=151)
BUY TATASTEEL.NS @ 23.51 (size=525)
BUY ULTRACEMCO.NS @ 3099.02 (size=3)
BUY JSWSTEEL.NS @ 115.24 (size=107)
BUY RELIANCE.NS @ 229.03 (size=53)
BUY BHARTIARTL.NS @ 299.47 (size=41)
BUY BAJAJFINSV.NS @ 174.00 (size=12)
SELL TECHM.NS @ 334.23
SELL ADANIPORTS.NS @ 215.31
BUY JSWSTEEL.NS @ 116.08 (size=578)
SELL KOTAKBANK.NS @ 131.64
BUY UPL.NS @ 287.51 (size=328)
BUY BAJFINANCE.NS @ 71.20 (size=928)
BUY HEROMOTOCO.NS @ 2284.74 (size=20)
BUY NESTLEIND.NS @ 263.06 (size=123)
SELL BAJFINANCE.NS @ 66.53
SELL HEROMOTOCO.NS @ 2149.57
BUY ICICIBANK.NS @ 207.65 (size=260)
SELL ULTRACEMCO.NS @ 3063.55
BUY M&M.NS @ 613.75 (size=66)
BUY BHARTIARTL.NS @ 318.16 (size=127)
SELL ICICIBANK.NS @ 201.16
SELL NESTLEIND.NS @ 252.42
SELL SHREECEM.NS @ 12072.10
SELL TATASTEEL.NS @ 24.18
SELL JSWSTEEL.NS @ 118.69
SELL HINDALCO.NS @ 85.53
SELL BPCL.NS @ 84.62
BUY AXISBANK.NS @ 486.15 (size=307)
SELL BHARTIARTL.NS @ 306.38
SELL M&M.NS @ 599.25
BUY BAJFINANCE.NS @ 74.02 (size=1573)
SELL BAJAJFINSV.NS @ 186.01
BUY NESTLEIND.NS @ 269.88 (size=431)
BUY ASIANPAINT.NS @ 878.30 (size=67)
BUY SHREECEM.NS @ 12379.14 (size=3)
SELL UPL.NS @ 338.99
SELL INDUSINDBK.NS @ 986.92
SELL BAJFINANCE.NS @ 71.22
BUY HDFCBANK.NS @ 272.02 (size=436)
SELL SHREECEM.NS @ 12441.60
BUY UPL.NS @ 358.27 (size=331)
BUY COALINDIA.NS @ 135.57 (size=433)
BUY SBIN.NS @ 192.17 (size=213)
SELL HDFCBANK.NS @ 266.54
BUY POWERGRID.NS @ 54.89 (size=1158)
SELL UPL.NS @ 350.44
BUY HINDALCO.NS @ 108.19 (size=587)
SELL ASIANPAINT.NS @ 909.51
SELL GRASIM.NS @ 622.49
BUY GRASIM.NS @ 630.46 (size=134)
SELL AXISBANK.NS @ 509.81
SELL GRASIM.NS @ 629.65
SELL COALINDIA.NS @ 142.77
BUY BAJAJFINSV.NS @ 217.35 (size=606)
SELL NESTLEIND.NS @ 285.66
BUY NTPC.NS @ 90.32 (size=1633)
BUY BPCL.NS @ 98.09 (size=1503)
BUY HDFCBANK.NS @ 272.68 (size=540)
BUY LT.NS @ 853.34 (size=172)
BUY TITAN.NS @ 393.07 (size=375)
BUY GRASIM.NS @ 676.64 (size=21)
BUY COALINDIA.NS @ 146.22 (size=71)
SELL COALINDIA.NS @ 144.44
BUY BAJFINANCE.NS @ 83.23 (size=125)
BUY COALINDIA.NS @ 150.44 (size=48)
BUY JSWSTEEL.NS @ 147.67 (size=34)
BUY TITAN.NS @ 404.20 (size=12)
BUY HEROMOTOCO.NS @ 2354.45 (size=2)
BUY HINDUNILVR.NS @ 792.93 (size=1)
SELL HINDUNILVR.NS @ 769.88
BUY ICICIBANK.NS @ 234.45 (size=3)
SELL HEROMOTOCO.NS @ 2325.82
BUY MARUTI.NS @ 4349.20 (size=1)
BUY ASIANPAINT.NS @ 1045.52 (size=1)
BUY UPL.NS @ 380.66 (size=1)
BUY NESTLEIND.NS @ 318.47 (size=1)
SELL ICICIBANK.NS @ 216.17
SELL COALINDIA.NS @ 149.70
BUY HCLTECH.NS @ 305.97 (size=1)
BUY ITC.NS @ 179.77 (size=1)
SELL SBIN.NS @ 207.26
SELL NESTLEIND.NS @ 300.23
SELL BPCL.NS @ 104.17
SELL TITAN.NS @ 394.96
BUY BPCL.NS @ 111.03 (size=581)
SELL ITC.NS @ 172.29
BUY ADANIPORTS.NS @ 228.16 (size=198)
BUY TATACONSUM.NS @ 130.23 (size=347)
SELL NTPC.NS @ 91.25
SELL HDFCBANK.NS @ 284.37
SELL GRASIM.NS @ 705.82
BUY BRITANNIA.NS @ 1423.90 (size=79)
SELL BPCL.NS @ 106.12
BUY SHREECEM.NS @ 16335.39 (size=4)
BUY COALINDIA.NS @ 161.17 (size=485)
SELL ASIANPAINT.NS @ 1026.38
BUY ULTRACEMCO.NS @ 3729.02 (size=14)
BUY HEROMOTOCO.NS @ 2444.70 (size=22)
BUY SBIN.NS @ 236.38 (size=97)
SELL HCLTECH.NS @ 300.96
SELL BAJFINANCE.NS @ 97.54
SELL MARUTI.NS @ 4413.39
SELL BAJAJFINSV.NS @ 267.21
BUY HDFCBANK.NS @ 291.70 (size=239)
SELL COALINDIA.NS @ 153.52
BUY CIPLA.NS @ 527.19 (size=132)
BUY DIVISLAB.NS @ 1250.25 (size=55)
SELL HEROMOTOCO.NS @ 2398.36
SELL HDFCBANK.NS @ 286.96
BUY HDFCBANK.NS @ 294.05 (size=225)
BUY MARUTI.NS @ 4626.90 (size=14)
BUY EICHERMOT.NS @ 2147.73 (size=30)
BUY KOTAKBANK.NS @ 160.44 (size=46)
BUY ONGC.NS @ 93.84 (size=79)
BUY BAJAJFINSV.NS @ 295.59 (size=25)
BUY ASIANPAINT.NS @ 1073.23 (size=6)
BUY ITC.NS @ 179.26 (size=41)
SELL ADANIPORTS.NS @ 246.19
SELL UPL.NS @ 382.06
BUY BAJFINANCE.NS @ 110.68 (size=139)
SELL TATACONSUM.NS @ 127.00
SELL HINDALCO.NS @ 146.24
SELL SBIN.NS @ 231.13
SELL POWERGRID.NS @ 64.61
SELL SHREECEM.NS @ 16266.38
SELL ULTRACEMCO.NS @ 3721.13
SELL JSWSTEEL.NS @ 157.51
SELL DIVISLAB.NS @ 1218.66
SELL EICHERMOT.NS @ 2091.52
BUY TATACONSUM.NS @ 127.14 (size=1205)
BUY ITC.NS @ 179.46 (size=854)
SELL BAJFINANCE.NS @ 104.52
SELL BRITANNIA.NS @ 1500.75
SELL KOTAKBANK.NS @ 157.63
SELL TATACONSUM.NS @ 125.46
SELL ITC.NS @ 177.12
BUY EICHERMOT.NS @ 2255.44 (size=85)
BUY UPL.NS @ 421.81 (size=321)
BUY RELIANCE.NS @ 242.61 (size=390)
SELL ONGC.NS @ 98.31
BUY TATACONSUM.NS @ 133.41 (size=512)
SELL HDFCBANK.NS @ 296.10
SELL TATACONSUM.NS @ 124.55
SELL UPL.NS @ 396.16
SELL BAJAJFINSV.NS @ 305.78
SELL CIPLA.NS @ 545.13
BUY ONGC.NS @ 108.63 (size=1368)
BUY ASIANPAINT.NS @ 1127.64 (size=92)
SELL RELIANCE.NS @ 231.65
SELL ASIANPAINT.NS @ 1095.85
SELL EICHERMOT.NS @ 2297.26
SELL MARUTI.NS @ 5152.74
BUY WIPRO.NS @ 82.44 (size=2557)
SELL WIPRO.NS @ 82.01
BUY MARUTI.NS @ 5387.69 (size=39)
SELL ONGC.NS @ 110.10
SELL MARUTI.NS @ 5244.91
BUY ITC.NS @ 176.81 (size=1434)
SELL ITC.NS @ 167.47
BUY HINDUNILVR.NS @ 732.01 (size=340)
BUY ONGC.NS @ 117.93 (size=1479)
BUY GRASIM.NS @ 643.96 (size=189)
SELL HINDUNILVR.NS @ 712.76
BUY RELIANCE.NS @ 232.16 (size=367)
SELL GRASIM.NS @ 609.54
SELL ONGC.NS @ 118.01
BUY TITAN.NS @ 336.86 (size=652)
BUY LT.NS @ 803.69 (size=190)
BUY HDFCBANK.NS @ 286.01 (size=375)
BUY JSWSTEEL.NS @ 168.88 (size=635)
BUY NTPC.NS @ 99.90 (size=427)
BUY MARUTI.NS @ 5239.99 (size=8)
SELL RELIANCE.NS @ 228.16
BUY POWERGRID.NS @ 71.13 (size=598)
BUY HINDUNILVR.NS @ 750.18 (size=56)
BUY TATASTEEL.NS @ 35.22 (size=1207)
BUY BRITANNIA.NS @ 1359.96 (size=31)
BUY BRITANNIA.NS @ 1367.17 (size=3)
BUY ASIANPAINT.NS @ 898.70 (size=3)
SELL LT.NS @ 804.41
BUY BPCL.NS @ 130.14 (size=370)
BUY KOTAKBANK.NS @ 158.11 (size=305)
BUY UPL.NS @ 450.93 (size=106)
BUY ULTRACEMCO.NS @ 3542.35 (size=13)
BUY ITC.NS @ 183.01 (size=263)
BUY ITC.NS @ 177.43 (size=27)
BUY BAJFINANCE.NS @ 102.47 (size=33)
BUY BAJAJFINSV.NS @ 319.31 (size=10)
BUY TATACONSUM.NS @ 117.14 (size=11)
BUY GRASIM.NS @ 667.57 (size=2)
SELL TITAN.NS @ 350.31
SELL HINDUNILVR.NS @ 733.14
BUY TITAN.NS @ 376.67 (size=184)
BUY CIPLA.NS @ 571.30 (size=106)
SELL POWERGRID.NS @ 71.65
BUY SHREECEM.NS @ 15432.44 (size=2)
SELL JSWSTEEL.NS @ 170.60
SELL NTPC.NS @ 100.43
SELL TATASTEEL.NS @ 34.58
BUY SBIN.NS @ 252.71 (size=414)
BUY M&M.NS @ 588.06 (size=177)
SELL UPL.NS @ 442.86
SELL CIPLA.NS @ 545.04
SELL BPCL.NS @ 126.64
SELL SHREECEM.NS @ 14714.14
SELL MARUTI.NS @ 5460.96
SELL ASIANPAINT.NS @ 901.21
SELL ITC.NS @ 183.81
BUY TATASTEEL.NS @ 36.63 (size=3040)
BUY HINDUNILVR.NS @ 749.49 (size=103)
BUY ASIANPAINT.NS @ 948.04 (size=82)
BUY RELIANCE.NS @ 264.59 (size=294)
BUY APOLLOHOSP.NS @ 1286.43 (size=60)
BUY INDUSINDBK.NS @ 1273.12 (size=5)
SELL SBIN.NS @ 247.31
BUY EICHERMOT.NS @ 2318.73 (size=3)
BUY ULTRACEMCO.NS @ 3644.08 (size=2)
BUY BHARTIARTL.NS @ 313.89 (size=23)
BUY APOLLOHOSP.NS @ 1283.91 (size=5)
SELL TATACONSUM.NS @ 126.28
SELL EICHERMOT.NS @ 2268.36
SELL BHARTIARTL.NS @ 304.85
SELL INDUSINDBK.NS @ 1246.39
SELL BRITANNIA.NS @ 1420.60
SELL GRASIM.NS @ 725.97
BUY BHARTIARTL.NS @ 312.95 (size=103)
BUY TATACONSUM.NS @ 130.55 (size=200)
SELL ULTRACEMCO.NS @ 3591.15
SELL BAJFINANCE.NS @ 101.88
SELL TATACONSUM.NS @ 128.28
BUY ULTRACEMCO.NS @ 3674.60 (size=5)
SELL BHARTIARTL.NS @ 305.83
SELL APOLLOHOSP.NS @ 1209.03
SELL M&M.NS @ 599.98
SELL TATASTEEL.NS @ 35.53
BUY WIPRO.NS @ 84.66 (size=1168)
BUY TATACONSUM.NS @ 131.55 (size=525)
BUY HEROMOTOCO.NS @ 2492.01 (size=27)
BUY BRITANNIA.NS @ 1449.17 (size=19)
SELL TITAN.NS @ 431.29
SELL ASIANPAINT.NS @ 969.04
SELL RELIANCE.NS @ 274.15
BUY ASIANPAINT.NS @ 992.46 (size=92)
SELL HEROMOTOCO.NS @ 2400.01
BUY GRASIM.NS @ 783.19 (size=106)
BUY LT.NS @ 958.79 (size=61)
BUY RELIANCE.NS @ 301.22 (size=194)
BUY TITAN.NS @ 475.80 (size=48)
SELL WIPRO.NS @ 86.30
SELL ASIANPAINT.NS @ 984.19
BUY ADANIPORTS.NS @ 317.66 (size=232)
SELL ADANIPORTS.NS @ 311.76
BUY EICHERMOT.NS @ 2462.71 (size=21)
SELL GRASIM.NS @ 770.29
SELL TATACONSUM.NS @ 135.87
SELL HINDUNILVR.NS @ 792.77
SELL ULTRACEMCO.NS @ 3849.82
BUY INDUSINDBK.NS @ 1359.53 (size=98)
BUY SHREECEM.NS @ 16976.96 (size=5)
BUY UPL.NS @ 470.55 (size=199)
BUY ULTRACEMCO.NS @ 3986.20 (size=10)
BUY BAJFINANCE.NS @ 130.34 (size=214)
BUY TATACONSUM.NS @ 139.78 (size=140)
BUY HINDUNILVR.NS @ 810.90 (size=16)
SELL TITAN.NS @ 455.00
SELL EICHERMOT.NS @ 2403.83
SELL RELIANCE.NS @ 300.32
SELL INDUSINDBK.NS @ 1348.61
BUY SBIN.NS @ 273.47 (size=179)
BUY GRASIM.NS @ 882.31 (size=55)
SELL BAJAJFINSV.NS @ 441.14
BUY ASIANPAINT.NS @ 1065.58 (size=55)
BUY APOLLOHOSP.NS @ 1227.50 (size=48)
SELL LT.NS @ 986.85
BUY HEROMOTOCO.NS @ 2443.15 (size=17)
BUY EICHERMOT.NS @ 2597.56 (size=11)
BUY NESTLEIND.NS @ 307.92 (size=100)
BUY TITAN.NS @ 484.90 (size=26)
SELL TATACONSUM.NS @ 138.78
BUY BAJAJFINSV.NS @ 453.35 (size=33)
BUY MARUTI.NS @ 6393.30 (size=1)
SELL NESTLEIND.NS @ 288.29
SELL SHREECEM.NS @ 18264.74
SELL TITAN.NS @ 466.13
BUY WIPRO.NS @ 89.90 (size=534)
SELL BAJAJFINSV.NS @ 430.24
SELL BRITANNIA.NS @ 1564.03
BUY TCS.NS @ 1021.80 (size=46)
SELL GRASIM.NS @ 828.68
SELL APOLLOHOSP.NS @ 1209.03
SELL BAJFINANCE.NS @ 125.23
SELL UPL.NS @ 482.15
SELL ASIANPAINT.NS @ 1043.61
SELL SBIN.NS @ 269.12
SELL EICHERMOT.NS @ 2534.23
SELL ULTRACEMCO.NS @ 4109.45
BUY LT.NS @ 1021.05 (size=149)
BUY ICICIBANK.NS @ 275.26 (size=556)
BUY ITC.NS @ 206.83 (size=740)
BUY BHARTIARTL.NS @ 317.70 (size=481)
BUY TATASTEEL.NS @ 38.49 (size=396)
BUY BHARTIARTL.NS @ 318.43 (size=33)
SELL BHARTIARTL.NS @ 314.45
BUY HCLTECH.NS @ 349.99 (size=30)
BUY INDUSINDBK.NS @ 1447.22 (size=5)
SELL TCS.NS @ 1015.92
BUY M&M.NS @ 655.21 (size=29)
SELL LT.NS @ 1002.43
SELL WIPRO.NS @ 90.06
BUY TATACONSUM.NS @ 142.23 (size=511)
SELL ICICIBANK.NS @ 272.79
SELL HCLTECH.NS @ 333.35
SELL ITC.NS @ 209.94
BUY UPL.NS @ 527.60 (size=278)
SELL M&M.NS @ 638.96
SELL INDUSINDBK.NS @ 1418.97
SELL HEROMOTOCO.NS @ 2776.87
SELL TATACONSUM.NS @ 137.41
SELL MARUTI.NS @ 6637.12
SELL UPL.NS @ 512.08
SELL KOTAKBANK.NS @ 193.81
SELL HINDUNILVR.NS @ 952.20
BUY ICICIBANK.NS @ 281.68 (size=739)
SELL HDFCBANK.NS @ 385.45
BUY GRASIM.NS @ 910.65 (size=165)
BUY ITC.NS @ 226.60 (size=664)
BUY DIVISLAB.NS @ 635.50 (size=158)
SELL ICICIBANK.NS @ 278.22
BUY TATACONSUM.NS @ 160.39 (size=810)
BUY HINDUNILVR.NS @ 990.31 (size=131)
BUY TCS.NS @ 996.64 (size=51)
SELL ITC.NS @ 199.22
BUY BAJFINANCE.NS @ 150.17 (size=510)
BUY HEROMOTOCO.NS @ 2829.44 (size=27)
BUY ADANIPORTS.NS @ 361.63 (size=84)
BUY COALINDIA.NS @ 129.23 (size=166)
BUY WIPRO.NS @ 97.89 (size=219)
BUY BAJAJFINSV.NS @ 489.36 (size=43)
BUY RELIANCE.NS @ 350.07 (size=61)
BUY BHARTIARTL.NS @ 353.39 (size=60)
SELL HEROMOTOCO.NS @ 2762.92
BUY HDFCBANK.NS @ 404.83 (size=60)
BUY RELIANCE.NS @ 356.75 (size=68)
SELL DIVISLAB.NS @ 642.88
BUY UPL.NS @ 542.65 (size=73)
BUY ICICIBANK.NS @ 292.15 (size=137)
BUY BHARTIARTL.NS @ 367.57 (size=109)
BUY INDUSINDBK.NS @ 1531.46 (size=2)
BUY SBIN.NS @ 275.29 (size=14)
BUY MARUTI.NS @ 6986.90 (size=1)
BUY JSWSTEEL.NS @ 196.07 (size=20)
BUY INFY.NS @ 384.76 (size=10)
BUY CIPLA.NS @ 536.36 (size=7)
SELL COALINDIA.NS @ 123.91
SELL ICICIBANK.NS @ 284.46
BUY ICICIBANK.NS @ 290.66 (size=68)
BUY INFY.NS @ 400.67 (size=49)
SELL TATACONSUM.NS @ 154.62
BUY JSWSTEEL.NS @ 200.59 (size=227)
BUY BPCL.NS @ 141.08 (size=226)
SELL ICICIBANK.NS @ 284.03
BUY TITAN.NS @ 542.55 (size=58)
BUY M&M.NS @ 658.90 (size=28)
SELL INFY.NS @ 389.79
BUY BRITANNIA.NS @ 1817.32 (size=10)
SELL UPL.NS @ 530.07
BUY HINDALCO.NS @ 221.83 (size=60)
SELL M&M.NS @ 646.94
SELL BHARTIARTL.NS @ 357.47
SELL SBIN.NS @ 273.77
SELL ADANIPORTS.NS @ 368.21
SELL BAJFINANCE.NS @ 159.30
BUY EICHERMOT.NS @ 2816.14 (size=13)
SELL RELIANCE.NS @ 349.93
SELL GRASIM.NS @ 1013.48
BUY TECHM.NS @ 305.75 (size=124)
SELL HDFCBANK.NS @ 408.09
BUY BAJFINANCE.NS @ 165.12 (size=642)
SELL HINDUNILVR.NS @ 1008.82
SELL EICHERMOT.NS @ 2770.85
SELL HINDALCO.NS @ 208.71
SELL BPCL.NS @ 137.73
BUY TATACONSUM.NS @ 167.33 (size=808)
SELL TCS.NS @ 1008.84
SELL INDUSINDBK.NS @ 1545.14
SELL WIPRO.NS @ 98.59
SELL BAJFINANCE.NS @ 164.65
BUY INDUSINDBK.NS @ 1589.61 (size=99)
SELL TITAN.NS @ 583.77
BUY HDFCBANK.NS @ 414.48 (size=292)
BUY HINDUNILVR.NS @ 1067.41 (size=113)
BUY WIPRO.NS @ 102.35 (size=1183)
BUY NESTLEIND.NS @ 319.43 (size=379)
BUY BHARTIARTL.NS @ 367.48 (size=329)
BUY GRASIM.NS @ 1108.13 (size=11)
SELL HDFCBANK.NS @ 408.52
SELL TECHM.NS @ 314.91
BUY NESTLEIND.NS @ 315.23 (size=178)
BUY TITAN.NS @ 621.10 (size=90)
BUY BAJFINANCE.NS @ 181.05 (size=126)
BUY HDFCBANK.NS @ 425.42 (size=37)
BUY ONGC.NS @ 99.40 (size=113)
BUY ASIANPAINT.NS @ 1175.19 (size=9)
BUY DIVISLAB.NS @ 752.41 (size=14)
BUY RELIANCE.NS @ 375.03 (size=4)
SELL ONGC.NS @ 97.59
SELL WIPRO.NS @ 97.00
BUY BAJAJ-AUTO.NS @ 2426.80 (size=16)
BUY ONGC.NS @ 102.12 (size=383)
BUY LT.NS @ 1098.27 (size=14)
SELL BAJAJFINSV.NS @ 546.75
BUY DRREDDY.NS @ 471.10 (size=23)
SELL JSWSTEEL.NS @ 232.31
SELL TITAN.NS @ 601.37
SELL BAJFINANCE.NS @ 181.46
SELL TATACONSUM.NS @ 188.30
SELL ASIANPAINT.NS @ 1134.88
SELL TATASTEEL.NS @ 50.06
SELL BRITANNIA.NS @ 1889.21
SELL RELIANCE.NS @ 361.07
SELL GRASIM.NS @ 1118.46
SELL INDUSINDBK.NS @ 1622.01
SELL HDFCBANK.NS @ 419.91
BUY MARUTI.NS @ 7396.04 (size=15)
SELL LT.NS @ 1033.73
SELL NESTLEIND.NS @ 320.56
SELL MARUTI.NS @ 7326.35
SELL HINDUNILVR.NS @ 1065.31
BUY TECHM.NS @ 343.93 (size=661)
BUY COALINDIA.NS @ 136.30 (size=1168)
BUY TATASTEEL.NS @ 52.93 (size=3010)
BUY BRITANNIA.NS @ 1922.03 (size=33)
SELL DIVISLAB.NS @ 812.54
BUY NESTLEIND.NS @ 331.07 (size=144)
SELL DRREDDY.NS @ 446.07
BUY BHARTIARTL.NS @ 370.23 (size=90)
BUY RELIANCE.NS @ 387.31 (size=68)
BUY NTPC.NS @ 105.71 (size=175)
SELL NESTLEIND.NS @ 325.01
SELL TECHM.NS @ 346.96
BUY HDFCBANK.NS @ 435.63 (size=219)
BUY SBIN.NS @ 299.79 (size=223)
SELL HDFCBANK.NS @ 418.83
BUY ULTRACEMCO.NS @ 4303.45 (size=15)
BUY HCLTECH.NS @ 357.73 (size=186)
BUY M&M.NS @ 637.95 (size=53)
BUY ICICIBANK.NS @ 287.44 (size=118)
BUY TCS.NS @ 1040.04 (size=32)
SELL HCLTECH.NS @ 342.74
BUY TECHM.NS @ 361.19 (size=94)
SELL M&M.NS @ 620.48
BUY GRASIM.NS @ 1229.85 (size=10)
BUY CIPLA.NS @ 599.84 (size=21)
SELL TECHM.NS @ 354.15
BUY POWERGRID.NS @ 76.87 (size=329)
SELL COALINDIA.NS @ 141.15
SELL BAJAJ-AUTO.NS @ 2574.58
BUY M&M.NS @ 634.79 (size=105)
BUY TATACONSUM.NS @ 219.71 (size=305)
SELL TATASTEEL.NS @ 54.10
BUY TITAN.NS @ 761.93 (size=88)
SELL NTPC.NS @ 107.21
SELL POWERGRID.NS @ 75.99
SELL M&M.NS @ 629.03
BUY WIPRO.NS @ 103.43 (size=659)
SELL RELIANCE.NS @ 400.52
SELL CIPLA.NS @ 573.01
BUY TECHM.NS @ 356.08 (size=191)
BUY COALINDIA.NS @ 141.89 (size=506)
BUY CIPLA.NS @ 587.20 (size=122)
SELL COALINDIA.NS @ 139.53
BUY NESTLEIND.NS @ 349.84 (size=82)
SELL CIPLA.NS @ 579.61
BUY BAJAJ-AUTO.NS @ 2609.47 (size=23)
BUY M&M.NS @ 647.24 (size=96)
BUY LT.NS @ 1122.22 (size=55)
BUY DIVISLAB.NS @ 960.93 (size=65)
SELL BAJAJ-AUTO.NS @ 2585.13
SELL BHARTIARTL.NS @ 427.88
SELL ONGC.NS @ 113.81
SELL GRASIM.NS @ 1147.31
SELL WIPRO.NS @ 101.46
SELL ULTRACEMCO.NS @ 4155.30
SELL TECHM.NS @ 360.85
BUY NTPC.NS @ 109.94 (size=1027)
SELL LT.NS @ 1084.69
BUY APOLLOHOSP.NS @ 1080.48 (size=104)
BUY INFY.NS @ 398.25 (size=158)
SELL NESTLEIND.NS @ 336.52
SELL TCS.NS @ 1100.26
SELL ICICIBANK.NS @ 300.84
SELL SBIN.NS @ 295.59
BUY MARUTI.NS @ 7984.89 (size=9)
BUY BAJAJFINSV.NS @ 519.63 (size=141)
SELL INFY.NS @ 385.21
SELL M&M.NS @ 650.98
SELL BAJAJFINSV.NS @ 503.95
SELL BRITANNIA.NS @ 2107.29
BUY INFY.NS @ 395.88 (size=172)
SELL NTPC.NS @ 106.43
SELL TITAN.NS @ 770.58
BUY DIVISLAB.NS @ 1005.32 (size=160)
BUY TECHM.NS @ 379.31 (size=425)
BUY M&M.NS @ 706.95 (size=91)
BUY SHREECEM.NS @ 17010.55 (size=2)
BUY HINDALCO.NS @ 249.79 (size=180)
SELL TECHM.NS @ 371.33
BUY HEROMOTOCO.NS @ 2855.93 (size=15)
BUY HINDUNILVR.NS @ 1193.04 (size=46)
BUY WIPRO.NS @ 107.54 (size=364)
SELL APOLLOHOSP.NS @ 1147.49
SELL MARUTI.NS @ 8715.82
SELL INFY.NS @ 407.95
BUY TITAN.NS @ 868.10 (size=73)
BUY GRASIM.NS @ 1154.49 (size=77)
BUY COALINDIA.NS @ 151.87 (size=411)
SELL DIVISLAB.NS @ 1020.40
BUY INFY.NS @ 432.22 (size=215)
BUY TECHM.NS @ 417.53 (size=222)
SELL HEROMOTOCO.NS @ 2780.67
BUY JSWSTEEL.NS @ 261.79 (size=189)
SELL HINDALCO.NS @ 253.01
SELL M&M.NS @ 693.91
BUY TCS.NS @ 1183.46 (size=56)
SELL SHREECEM.NS @ 17873.59
SELL TATACONSUM.NS @ 285.94
BUY LT.NS @ 1207.25 (size=39)
SELL HINDUNILVR.NS @ 1195.20
BUY ONGC.NS @ 125.50 (size=691)
SELL WIPRO.NS @ 107.88
BUY HCLTECH.NS @ 393.47 (size=153)
BUY HINDUNILVR.NS @ 1203.08 (size=45)
BUY DRREDDY.NS @ 484.90 (size=111)
SELL GRASIM.NS @ 1141.04
SELL TITAN.NS @ 862.26
BUY ICICIBANK.NS @ 346.56 (size=192)
BUY MARUTI.NS @ 8942.81 (size=5)
SELL DRREDDY.NS @ 446.57
BUY M&M.NS @ 742.28 (size=65)
BUY KOTAKBANK.NS @ 223.02 (size=216)
SELL ONGC.NS @ 121.88
SELL MARUTI.NS @ 8730.30
SELL COALINDIA.NS @ 143.02
SELL ICICIBANK.NS @ 321.88
SELL M&M.NS @ 706.74
SELL LT.NS @ 1209.78
SELL HINDUNILVR.NS @ 1194.14
SELL KOTAKBANK.NS @ 205.68
SELL JSWSTEEL.NS @ 258.50
SELL HCLTECH.NS @ 377.81
SELL INFY.NS @ 445.06
SELL TCS.NS @ 1213.41
BUY SUNPHARMA.NS @ 545.66 (size=423)
SELL TECHM.NS @ 442.24
SELL SUNPHARMA.NS @ 519.96
BUY INFY.NS @ 466.35 (size=552)
BUY TECHM.NS @ 478.19 (size=376)
SELL INFY.NS @ 460.72
SELL TECHM.NS @ 461.58
BUY TITAN.NS @ 870.19 (size=291)
BUY DIVISLAB.NS @ 1081.23 (size=164)
BUY M&M.NS @ 752.14 (size=164)
BUY NESTLEIND.NS @ 406.00 (size=305)
BUY HINDALCO.NS @ 230.34 (size=215)
BUY INDUSINDBK.NS @ 1747.12 (size=19)
SELL INDUSINDBK.NS @ 1727.96
BUY TCS.NS @ 1397.12 (size=17)
BUY INDUSINDBK.NS @ 1786.63 (size=15)
BUY TECHM.NS @ 531.28 (size=50)
BUY DRREDDY.NS @ 407.36 (size=26)
BUY BHARTIARTL.NS @ 363.08 (size=21)
BUY KOTAKBANK.NS @ 235.91 (size=23)
BUY HINDUNILVR.NS @ 1313.49 (size=4)
SELL DRREDDY.NS @ 393.48
BUY ITC.NS @ 201.11 (size=26)
SELL HINDALCO.NS @ 216.34
SELL TITAN.NS @ 932.70
SELL TECHM.NS @ 494.16
BUY POWERGRID.NS @ 76.87 (size=1387)
BUY TITAN.NS @ 958.32 (size=77)
BUY ASIANPAINT.NS @ 1141.60 (size=45)
SELL NESTLEIND.NS @ 404.56
BUY NESTLEIND.NS @ 428.95 (size=174)
SELL BHARTIARTL.NS @ 334.32
SELL TITAN.NS @ 929.49
SELL DIVISLAB.NS @ 1108.65
BUY BRITANNIA.NS @ 2413.24 (size=53)
SELL M&M.NS @ 788.98
SELL ITC.NS @ 195.30
SELL INDUSINDBK.NS @ 1766.85
BUY BAJAJFINSV.NS @ 605.09 (size=230)
SELL POWERGRID.NS @ 76.70
BUY M&M.NS @ 808.73 (size=160)
SELL TCS.NS @ 1434.60
SELL ASIANPAINT.NS @ 1204.18
SELL NESTLEIND.NS @ 431.46
BUY BAJFINANCE.NS @ 212.98 (size=641)
BUY DRREDDY.NS @ 394.68 (size=241)
BUY TCS.NS @ 1474.81 (size=45)
BUY INDUSINDBK.NS @ 1882.45 (size=24)
BUY RELIANCE.NS @ 448.00 (size=103)
BUY SUNPHARMA.NS @ 529.13 (size=87)
BUY INFY.NS @ 527.38 (size=87)
SELL M&M.NS @ 828.39
SELL KOTAKBANK.NS @ 259.29
SELL BAJAJFINSV.NS @ 589.30
BUY CIPLA.NS @ 568.57 (size=153)
BUY BAJAJFINSV.NS @ 615.54 (size=99)
BUY NESTLEIND.NS @ 456.29 (size=93)
SELL RELIANCE.NS @ 432.43
SELL BAJAJFINSV.NS @ 595.47
BUY M&M.NS @ 843.58 (size=72)
BUY KOTAKBANK.NS @ 266.43 (size=229)
SELL NESTLEIND.NS @ 442.17
BUY INFY.NS @ 530.82 (size=115)
SELL INDUSINDBK.NS @ 1848.81
SELL M&M.NS @ 834.24
SELL DRREDDY.NS @ 429.89
SELL SUNPHARMA.NS @ 516.90
BUY BAJAJ-AUTO.NS @ 2532.63 (size=37)
BUY RELIANCE.NS @ 481.30 (size=138)
BUY WIPRO.NS @ 96.42 (size=486)
BUY NESTLEIND.NS @ 475.62 (size=69)
BUY HDFCBANK.NS @ 510.99 (size=45)
SELL HINDUNILVR.NS @ 1458.74
SELL KOTAKBANK.NS @ 268.21
SELL CIPLA.NS @ 575.41
SELL BAJAJ-AUTO.NS @ 2324.43
BUY ASIANPAINT.NS @ 1349.98 (size=65)
BUY MARUTI.NS @ 9130.15 (size=6)
BUY ULTRACEMCO.NS @ 4002.15 (size=15)
SELL WIPRO.NS @ 93.18
BUY ITC.NS @ 205.07 (size=133)
SELL MARUTI.NS @ 8645.39
SELL TCS.NS @ 1612.82
SELL BRITANNIA.NS @ 2811.97
SELL NESTLEIND.NS @ 458.00
BUY SBIN.NS @ 270.82 (size=459)
BUY BRITANNIA.NS @ 2905.57 (size=42)
BUY NESTLEIND.NS @ 476.46 (size=260)
SELL HDFCBANK.NS @ 506.88
BUY CIPLA.NS @ 602.20 (size=32)
BUY ONGC.NS @ 105.60 (size=128)
SELL BRITANNIA.NS @ 2839.18
SELL ASIANPAINT.NS @ 1316.26
BUY AXISBANK.NS @ 589.85 (size=120)
SELL CIPLA.NS @ 593.66
BUY ICICIBANK.NS @ 319.86 (size=173)
BUY TCS.NS @ 1659.62 (size=23)
BUY APOLLOHOSP.NS @ 1103.31 (size=24)
SELL ONGC.NS @ 104.11
BUY ONGC.NS @ 106.80 (size=219)
BUY COALINDIA.NS @ 152.03 (size=107)
BUY DRREDDY.NS @ 470.81 (size=24)
SELL INFY.NS @ 567.33
BUY NTPC.NS @ 102.84 (size=268)
BUY CIPLA.NS @ 614.41 (size=45)
BUY UPL.NS @ 422.50 (size=26)
BUY JSWSTEEL.NS @ 368.00 (size=29)
BUY INFY.NS @ 582.93 (size=7)
BUY POWERGRID.NS @ 74.68 (size=43)
BUY WIPRO.NS @ 103.43 (size=31)
BUY HCLTECH.NS @ 416.25 (size=7)
BUY SUNPHARMA.NS @ 604.66 (size=5)
BUY TECHM.NS @ 592.71 (size=5)
SELL BAJFINANCE.NS @ 265.76
SELL RELIANCE.NS @ 546.58
SELL SBIN.NS @ 273.49
SELL COALINDIA.NS @ 145.87
SELL ICICIBANK.NS @ 316.95
SELL ULTRACEMCO.NS @ 4064.40
SELL NESTLEIND.NS @ 491.43
SELL ITC.NS @ 221.06
SELL APOLLOHOSP.NS @ 1090.14
BUY DIVISLAB.NS @ 1254.77 (size=157)
SELL ONGC.NS @ 108.83
BUY SUNPHARMA.NS @ 615.21 (size=238)
SELL POWERGRID.NS @ 70.27
SELL TCS.NS @ 1697.87
SELL SUNPHARMA.NS @ 583.86
SELL DIVISLAB.NS @ 1185.84
BUY POWERGRID.NS @ 72.87 (size=3018)
SELL AXISBANK.NS @ 632.02
BUY TCS.NS @ 1713.76 (size=102)
SELL UPL.NS @ 430.14
SELL INFY.NS @ 580.62
SELL CIPLA.NS @ 619.05
SELL NTPC.NS @ 104.07
SELL POWERGRID.NS @ 72.42
SELL WIPRO.NS @ 109.61
SELL DRREDDY.NS @ 485.60
SELL JSWSTEEL.NS @ 369.20
SELL TCS.NS @ 1713.26
SELL HCLTECH.NS @ 428.44
BUY NESTLEIND.NS @ 460.00 (size=590)
BUY UPL.NS @ 432.38 (size=437)
BUY SBIN.NS @ 272.16 (size=486)
BUY BRITANNIA.NS @ 2557.09 (size=36)
BUY DIVISLAB.NS @ 1432.79 (size=45)
BUY ASIANPAINT.NS @ 1274.19 (size=35)
SELL SBIN.NS @ 262.56
SELL DIVISLAB.NS @ 1410.16
BUY HINDUNILVR.NS @ 1578.40 (size=56)
BUY ICICIBANK.NS @ 349.46 (size=257)
BUY AXISBANK.NS @ 627.99 (size=143)
BUY ULTRACEMCO.NS @ 3899.21 (size=23)
SELL ICICIBANK.NS @ 342.66
BUY ULTRACEMCO.NS @ 3869.46 (size=2)
BUY TCS.NS @ 1636.59 (size=5)
SELL UPL.NS @ 455.18
BUY APOLLOHOSP.NS @ 1266.05 (size=24)
SELL AXISBANK.NS @ 611.63
BUY ADANIPORTS.NS @ 349.25 (size=307)
BUY SHREECEM.NS @ 15621.76 (size=6)
SELL ASIANPAINT.NS @ 1222.83
SELL ULTRACEMCO.NS @ 3738.71
SELL NESTLEIND.NS @ 467.32
SELL APOLLOHOSP.NS @ 1164.84
SELL ADANIPORTS.NS @ 344.64
SELL BRITANNIA.NS @ 2647.58
SELL SHREECEM.NS @ 15546.82
BUY TITAN.NS @ 921.94 (size=260)
BUY HEROMOTOCO.NS @ 2557.19 (size=94)
BUY SHREECEM.NS @ 17006.78 (size=5)
BUY NESTLEIND.NS @ 508.92 (size=190)
BUY LT.NS @ 1303.53 (size=32)
SELL TCS.NS @ 1624.78
SELL HINDUNILVR.NS @ 1609.64
SELL TITAN.NS @ 878.88
SELL LT.NS @ 1262.20
BUY NTPC.NS @ 91.93 (size=1522)
SELL HEROMOTOCO.NS @ 2411.19
BUY BPCL.NS @ 108.48 (size=1532)
BUY SBIN.NS @ 271.19 (size=613)
SELL NTPC.NS @ 88.89
SELL SHREECEM.NS @ 16269.24
SELL NESTLEIND.NS @ 494.21
BUY APOLLOHOSP.NS @ 1266.83 (size=85)
SELL BPCL.NS @ 106.66
BUY NESTLEIND.NS @ 501.23 (size=255)
SELL NESTLEIND.NS @ 503.53
SELL SBIN.NS @ 274.42
SELL APOLLOHOSP.NS @ 1266.15
BUY TITAN.NS @ 968.22 (size=268)
BUY CIPLA.NS @ 506.98 (size=353)
BUY BAJAJ-AUTO.NS @ 2334.08 (size=53)
BUY DIVISLAB.NS @ 1605.47 (size=78)
BUY EICHERMOT.NS @ 1948.75 (size=26)
SELL EICHERMOT.NS @ 1879.57
SELL DIVISLAB.NS @ 1486.81
BUY TECHM.NS @ 635.16 (size=134)
BUY UPL.NS @ 526.66 (size=112)
BUY ULTRACEMCO.NS @ 3665.23 (size=11)
BUY WIPRO.NS @ 128.90 (size=230)
SELL TITAN.NS @ 992.34
SELL WIPRO.NS @ 127.01
BUY WIPRO.NS @ 129.35 (size=845)
SELL WIPRO.NS @ 125.19
SELL CIPLA.NS @ 513.05
SELL TECHM.NS @ 625.56
BUY COALINDIA.NS @ 130.78 (size=1437)
BUY TITAN.NS @ 1060.89 (size=123)
BUY BPCL.NS @ 124.11 (size=741)
BUY LT.NS @ 1254.75 (size=73)
BUY RELIANCE.NS @ 587.72 (size=156)
BUY GRASIM.NS @ 782.82 (size=11)
BUY NTPC.NS @ 102.82 (size=62)
BUY HDFCBANK.NS @ 534.46 (size=12)
SELL ULTRACEMCO.NS @ 3745.05
BUY INDUSINDBK.NS @ 1733.21 (size=8)
BUY SBIN.NS @ 284.93 (size=52)
BUY BAJAJFINSV.NS @ 695.85 (size=21)
SELL BAJAJ-AUTO.NS @ 2413.81
SELL BPCL.NS @ 119.16
BUY BHARTIARTL.NS @ 312.86 (size=128)
SELL COALINDIA.NS @ 128.96
BUY SHREECEM.NS @ 18375.57 (size=6)
SELL LT.NS @ 1229.77
BUY ULTRACEMCO.NS @ 3947.15 (size=27)
SELL RELIANCE.NS @ 591.10
SELL TITAN.NS @ 1072.71
SELL HDFCBANK.NS @ 525.35
SELL BHARTIARTL.NS @ 298.42
SELL UPL.NS @ 573.20
BUY BHARTIARTL.NS @ 303.99 (size=502)
SELL INDUSINDBK.NS @ 1668.42
BUY COALINDIA.NS @ 138.60 (size=938)
BUY ICICIBANK.NS @ 392.69 (size=331)
SELL NTPC.NS @ 103.36
SELL SBIN.NS @ 286.78
BUY ADANIPORTS.NS @ 373.52 (size=155)
BUY ONGC.NS @ 112.40 (size=515)
BUY UPL.NS @ 599.64 (size=96)
SELL ICICIBANK.NS @ 381.49
BUY ITC.NS @ 217.17 (size=266)
BUY TITAN.NS @ 1114.45 (size=51)
BUY KOTAKBANK.NS @ 276.01 (size=34)
BUY HCLTECH.NS @ 472.56 (size=20)
SELL BHARTIARTL.NS @ 306.18
BUY JSWSTEEL.NS @ 282.82 (size=177)
BUY ICICIBANK.NS @ 387.67 (size=90)
SELL ADANIPORTS.NS @ 364.46
SELL TITAN.NS @ 1057.38
SELL ICICIBANK.NS @ 372.91
SELL JSWSTEEL.NS @ 265.72
SELL GRASIM.NS @ 834.27
SELL BAJAJFINSV.NS @ 732.28
SELL ITC.NS @ 214.67
SELL COALINDIA.NS @ 133.48
SELL SHREECEM.NS @ 18810.12
SELL HCLTECH.NS @ 433.95
SELL ONGC.NS @ 109.24
SELL ULTRACEMCO.NS @ 4197.24
BUY BAJAJFINSV.NS @ 759.36 (size=304)
BUY BAJFINANCE.NS @ 322.06 (size=500)
BUY SHREECEM.NS @ 19810.40 (size=5)
BUY TATACONSUM.NS @ 222.85 (size=499)
BUY SBIN.NS @ 315.75 (size=153)
BUY ADANIPORTS.NS @ 391.09 (size=123)
BUY GRASIM.NS @ 847.85 (size=57)
BUY HEROMOTOCO.NS @ 2154.58 (size=22)
BUY LT.NS @ 1434.00 (size=3)
BUY M&M.NS @ 628.21 (size=5)
BUY AXISBANK.NS @ 804.04 (size=4)
BUY COALINDIA.NS @ 148.27 (size=9)
SELL M&M.NS @ 594.06
SELL GRASIM.NS @ 831.59
BUY APOLLOHOSP.NS @ 1314.99 (size=1)
SELL SHREECEM.NS @ 20004.95
SELL KOTAKBANK.NS @ 295.31
SELL UPL.NS @ 629.14
SELL SBIN.NS @ 317.23
SELL BAJFINANCE.NS @ 338.19
SELL LT.NS @ 1346.62
SELL BAJAJFINSV.NS @ 809.59
SELL AXISBANK.NS @ 773.51
SELL ADANIPORTS.NS @ 391.23
SELL COALINDIA.NS @ 140.06
BUY NESTLEIND.NS @ 530.72 (size=419)
BUY TITAN.NS @ 1261.95 (size=176)
BUY NTPC.NS @ 105.73 (size=840)
SELL APOLLOHOSP.NS @ 1298.04
BUY COALINDIA.NS @ 142.90 (size=436)
SELL COALINDIA.NS @ 139.82
BUY APOLLOHOSP.NS @ 1331.69 (size=32)
SELL APOLLOHOSP.NS @ 1328.61
BUY UPL.NS @ 655.76 (size=94)
SELL TITAN.NS @ 1260.00
SELL NTPC.NS @ 104.24
BUY SBIN.NS @ 342.00 (size=319)
BUY LT.NS @ 1400.17 (size=77)
SELL LT.NS @ 1339.07
BUY BAJFINANCE.NS @ 351.52 (size=288)
SELL UPL.NS @ 601.02
SELL NESTLEIND.NS @ 534.66
SELL SBIN.NS @ 326.83
SELL BAJFINANCE.NS @ 334.54
SELL TATACONSUM.NS @ 240.35
BUY SUNPHARMA.NS @ 392.91 (size=641)
SELL SUNPHARMA.NS @ 381.20
BUY ASIANPAINT.NS @ 1466.84 (size=170)
BUY HCLTECH.NS @ 435.40 (size=403)
BUY NESTLEIND.NS @ 586.21 (size=210)
BUY HINDUNILVR.NS @ 1682.94 (size=51)
BUY BPCL.NS @ 114.22 (size=527)
SELL ASIANPAINT.NS @ 1496.79
SELL HINDUNILVR.NS @ 1644.87
SELL HCLTECH.NS @ 434.67
BUY ONGC.NS @ 89.49 (size=2195)
BUY HINDUNILVR.NS @ 1770.73 (size=110)
BUY JSWSTEEL.NS @ 223.03 (size=881)
BUY HINDALCO.NS @ 194.09 (size=1012)
BUY APOLLOHOSP.NS @ 1445.41 (size=135)
BUY SBIN.NS @ 289.50 (size=48)
BUY BAJAJFINSV.NS @ 827.45 (size=17)
BUY AXISBANK.NS @ 722.48 (size=19)
BUY ASIANPAINT.NS @ 1711.33 (size=8)
BUY TITAN.NS @ 1286.76 (size=11)
SELL SBIN.NS @ 258.59
BUY TITAN.NS @ 1244.68 (size=1)
BUY HDFCBANK.NS @ 588.43 (size=8)
BUY ADANIPORTS.NS @ 402.43 (size=12)
SELL ONGC.NS @ 85.87
SELL JSWSTEEL.NS @ 208.56
SELL AXISBANK.NS @ 665.62
BUY KOTAKBANK.NS @ 311.33 (size=376)
BUY BRITANNIA.NS @ 2638.52 (size=31)
SELL BAJAJFINSV.NS @ 801.33
BUY BAJAJFINSV.NS @ 829.33 (size=73)
BUY EICHERMOT.NS @ 1938.39 (size=31)
BUY BAJFINANCE.NS @ 394.26 (size=63)
SELL BAJAJFINSV.NS @ 798.64
SELL ADANIPORTS.NS @ 380.30
BUY BAJAJ-AUTO.NS @ 2646.82 (size=13)
BUY BHARTIARTL.NS @ 355.94 (size=73)
SELL BAJFINANCE.NS @ 389.68
SELL KOTAKBANK.NS @ 316.40
SELL BHARTIARTL.NS @ 344.03
BUY ONGC.NS @ 94.92 (size=730)
BUY M&M.NS @ 560.22 (size=86)
BUY DRREDDY.NS @ 530.84 (size=91)
BUY TATACONSUM.NS @ 292.83 (size=66)
BUY TATASTEEL.NS @ 34.33 (size=570)
SELL M&M.NS @ 551.10
SELL TITAN.NS @ 1259.29
SELL BPCL.NS @ 164.56
SELL BRITANNIA.NS @ 2880.14
SELL ONGC.NS @ 92.64
SELL HINDUNILVR.NS @ 1885.34
BUY ICICIBANK.NS @ 473.39 (size=159)
SELL NESTLEIND.NS @ 673.59
SELL TATACONSUM.NS @ 276.50
SELL DRREDDY.NS @ 532.10
BUY BRITANNIA.NS @ 2921.19 (size=60)
SELL BRITANNIA.NS @ 2886.40
SELL EICHERMOT.NS @ 2017.11
BUY BPCL.NS @ 167.30 (size=1288)
SELL BAJAJ-AUTO.NS @ 2642.01
SELL BPCL.NS @ 166.40
BUY RELIANCE.NS @ 675.39 (size=238)
BUY BPCL.NS @ 174.63 (size=1013)
SELL BPCL.NS @ 164.85
SELL TATASTEEL.NS @ 32.31
BUY EICHERMOT.NS @ 2152.30 (size=83)
BUY SUNPHARMA.NS @ 422.72 (size=423)
BUY JSWSTEEL.NS @ 243.68 (size=293)
BUY TATACONSUM.NS @ 304.39 (size=164)
SELL EICHERMOT.NS @ 2053.91
BUY BHARTIARTL.NS @ 438.38 (size=79)
SELL HDFCBANK.NS @ 594.54
BUY BAJAJ-AUTO.NS @ 2728.08 (size=27)
SELL SUNPHARMA.NS @ 405.42
SELL JSWSTEEL.NS @ 235.53
BUY KOTAKBANK.NS @ 337.14 (size=377)
BUY JSWSTEEL.NS @ 241.30 (size=526)
SELL BHARTIARTL.NS @ 408.94
SELL JSWSTEEL.NS @ 237.08
SELL BAJAJ-AUTO.NS @ 2677.32
SELL RELIANCE.NS @ 699.08
SELL TATACONSUM.NS @ 298.33
SELL KOTAKBANK.NS @ 335.47
SELL ICICIBANK.NS @ 519.14
BUY SHREECEM.NS @ 21887.16 (size=11)
BUY JSWSTEEL.NS @ 260.50 (size=668)
BUY TATACONSUM.NS @ 337.10 (size=361)
BUY HINDUNILVR.NS @ 1851.77 (size=45)
BUY NESTLEIND.NS @ 717.49 (size=117)
BUY APOLLOHOSP.NS @ 1565.61 (size=54)
BUY BAJAJFINSV.NS @ 968.78 (size=9)
BUY HCLTECH.NS @ 480.89 (size=18)
BUY BHARTIARTL.NS @ 478.01 (size=18)
SELL JSWSTEEL.NS @ 254.18
BUY ULTRACEMCO.NS @ 4503.14 (size=11)
BUY DRREDDY.NS @ 614.06 (size=59)
BUY SUNPHARMA.NS @ 423.47 (size=60)
BUY DIVISLAB.NS @ 1874.43 (size=13)
SELL SUNPHARMA.NS @ 413.37
SELL SHREECEM.NS @ 22438.80
SELL BAJAJFINSV.NS @ 941.49
SELL ULTRACEMCO.NS @ 4283.31
SELL HCLTECH.NS @ 476.53
BUY BAJAJ-AUTO.NS @ 2748.79 (size=39)
BUY BAJAJFINSV.NS @ 950.82 (size=80)
BUY SHREECEM.NS @ 24278.76 (size=2)
SELL BAJAJ-AUTO.NS @ 2597.15
SELL TATACONSUM.NS @ 363.94
SELL BAJAJFINSV.NS @ 950.21
SELL SHREECEM.NS @ 23190.13
BUY SHREECEM.NS @ 23927.46 (size=6)
SELL SHREECEM.NS @ 23348.36
SELL DRREDDY.NS @ 611.66
BUY TECHM.NS @ 648.48 (size=159)
SELL NESTLEIND.NS @ 758.85
SELL TECHM.NS @ 641.64
SELL BHARTIARTL.NS @ 508.21
BUY TITAN.NS @ 1253.50 (size=145)
SELL HINDUNILVR.NS @ 1965.18
SELL TITAN.NS @ 1230.55
SELL APOLLOHOSP.NS @ 1702.13
SELL DIVISLAB.NS @ 2084.80
BUY CIPLA.NS @ 432.67 (size=572)
BUY HINDUNILVR.NS @ 2209.29 (size=76)
BUY SUNPHARMA.NS @ 411.27 (size=287)
BUY DIVISLAB.NS @ 2241.66 (size=36)
BUY DRREDDY.NS @ 721.49 (size=78)
BUY BHARTIARTL.NS @ 487.99 (size=80)
BUY TATACONSUM.NS @ 309.50 (size=89)
BUY HEROMOTOCO.NS @ 1543.91 (size=12)
SELL HINDUNILVR.NS @ 2063.09
BUY BRITANNIA.NS @ 2735.72 (size=4)
BUY RELIANCE.NS @ 633.90 (size=21)
BUY HINDALCO.NS @ 125.01 (size=427)
BUY M&M.NS @ 349.71 (size=110)
SELL DIVISLAB.NS @ 2215.81
SELL SUNPHARMA.NS @ 427.93
SELL DRREDDY.NS @ 739.02
SELL BRITANNIA.NS @ 2633.43
BUY HCLTECH.NS @ 412.35 (size=214)
SELL CIPLA.NS @ 564.48
SELL HINDALCO.NS @ 110.75
BUY CIPLA.NS @ 578.35 (size=309)
SELL RELIANCE.NS @ 636.25
BUY DRREDDY.NS @ 752.99 (size=191)
SELL HEROMOTOCO.NS @ 1655.10
SELL DRREDDY.NS @ 740.92
BUY BRITANNIA.NS @ 3001.89 (size=49)
BUY HEROMOTOCO.NS @ 1879.61 (size=79)
SELL BHARTIARTL.NS @ 528.24
BUY BAJFINANCE.NS @ 236.26 (size=311)
BUY BAJAJFINSV.NS @ 527.42 (size=139)
BUY SBIN.NS @ 173.29 (size=170)
BUY ONGC.NS @ 65.44 (size=308)
BUY DRREDDY.NS @ 794.12 (size=17)
BUY TITAN.NS @ 978.06 (size=14)
BUY HINDALCO.NS @ 139.99 (size=42)
SELL TATACONSUM.NS @ 352.48
SELL ONGC.NS @ 60.16
BUY RELIANCE.NS @ 794.53 (size=23)
SELL CIPLA.NS @ 612.79
BUY CIPLA.NS @ 631.81 (size=118)
SELL HCLTECH.NS @ 450.91
SELL CIPLA.NS @ 607.97
BUY POWERGRID.NS @ 72.94 (size=1405)
SELL DRREDDY.NS @ 771.55
SELL HINDALCO.NS @ 140.76
BUY WIPRO.NS @ 103.91 (size=742)
SELL TITAN.NS @ 947.75
SELL SBIN.NS @ 165.40
BUY TATASTEEL.NS @ 27.41 (size=2437)
BUY TCS.NS @ 1972.89 (size=23)
SELL POWERGRID.NS @ 70.40
BUY HCLTECH.NS @ 477.06 (size=69)
BUY INFY.NS @ 691.68 (size=47)
BUY TATACONSUM.NS @ 415.99 (size=103)
BUY HINDALCO.NS @ 158.23 (size=190)
BUY TECHM.NS @ 480.42 (size=43)
BUY BPCL.NS @ 147.90 (size=100)
SELL TATACONSUM.NS @ 391.55
BUY HINDUNILVR.NS @ 2045.69 (size=5)
SELL HINDUNILVR.NS @ 2011.89
BUY EICHERMOT.NS @ 1990.94 (size=9)
SELL TCS.NS @ 1896.94
SELL BAJAJFINSV.NS @ 625.62
BUY ITC.NS @ 153.14 (size=197)
SELL HINDALCO.NS @ 149.98
BUY APOLLOHOSP.NS @ 1490.10 (size=20)
SELL BAJFINANCE.NS @ 310.63
BUY TCS.NS @ 2017.99 (size=37)
SELL ITC.NS @ 149.91
BUY TATACONSUM.NS @ 411.47 (size=151)
SELL HEROMOTOCO.NS @ 2231.63
SELL BPCL.NS @ 139.95
BUY CIPLA.NS @ 693.65 (size=138)
BUY DRREDDY.NS @ 877.47 (size=81)
SELL BRITANNIA.NS @ 3411.03
BUY DIVISLAB.NS @ 2562.60 (size=27)
BUY HINDALCO.NS @ 168.75 (size=472)
BUY JSWSTEEL.NS @ 240.20 (size=230)
BUY TITAN.NS @ 1049.92 (size=52)
SELL EICHERMOT.NS @ 1920.55
SELL TCS.NS @ 1958.93
BUY HEROMOTOCO.NS @ 2314.03 (size=9)
BUY EICHERMOT.NS @ 2014.98 (size=21)
SELL RELIANCE.NS @ 948.28
SELL M&M.NS @ 583.89
SELL WIPRO.NS @ 126.38
BUY NTPC.NS @ 85.65 (size=996)
BUY ASIANPAINT.NS @ 1871.28 (size=45)
SELL INFY.NS @ 826.37
SELL APOLLOHOSP.NS @ 1653.15
SELL DRREDDY.NS @ 866.83
BUY BAJFINANCE.NS @ 356.85 (size=215)
SELL HCLTECH.NS @ 567.07
BUY UPL.NS @ 493.26 (size=132)
BUY GRASIM.NS @ 681.01 (size=96)
BUY SUNPHARMA.NS @ 524.38 (size=124)
SELL CIPLA.NS @ 721.05
BUY SBIN.NS @ 195.62 (size=185)
BUY ADANIPORTS.NS @ 345.33 (size=105)
SELL EICHERMOT.NS @ 1994.52
SELL TATASTEEL.NS @ 35.55
SELL SUNPHARMA.NS @ 490.88
SELL HINDALCO.NS @ 177.87
SELL TITAN.NS @ 1083.65
BUY INDUSINDBK.NS @ 605.93 (size=187)
BUY M&M.NS @ 614.99 (size=128)
BUY WIPRO.NS @ 130.37 (size=607)
BUY TITAN.NS @ 1167.15 (size=67)
SELL NTPC.NS @ 76.56
BUY MARUTI.NS @ 6891.26 (size=1)
SELL HEROMOTOCO.NS @ 2405.98
SELL ADANIPORTS.NS @ 341.74
SELL M&M.NS @ 582.37
SELL BAJFINANCE.NS @ 343.35
SELL UPL.NS @ 469.70
SELL SBIN.NS @ 188.28
SELL TATACONSUM.NS @ 517.92
BUY HCLTECH.NS @ 586.72 (size=189)
SELL DIVISLAB.NS @ 3019.34
BUY TCS.NS @ 2176.69 (size=62)
BUY INFY.NS @ 852.15 (size=159)
SELL MARUTI.NS @ 6759.67
BUY CIPLA.NS @ 776.58 (size=73)
BUY DIVISLAB.NS @ 3244.19 (size=17)
SELL INDUSINDBK.NS @ 541.37
BUY DRREDDY.NS @ 996.58 (size=23)
SELL ASIANPAINT.NS @ 1885.19
SELL JSWSTEEL.NS @ 256.82
SELL TITAN.NS @ 1102.75
SELL DIVISLAB.NS @ 3064.15
BUY DIVISLAB.NS @ 3139.62 (size=40)
SELL DIVISLAB.NS @ 3053.24
SELL TCS.NS @ 2037.65
SELL GRASIM.NS @ 660.17
SELL CIPLA.NS @ 706.46
BUY APOLLOHOSP.NS @ 1922.51 (size=65)
SELL TECHM.NS @ 607.52
BUY TCS.NS @ 2116.32 (size=79)
BUY TECHM.NS @ 664.61 (size=178)
BUY HDFCBANK.NS @ 584.19 (size=141)
BUY TITAN.NS @ 1210.03 (size=48)
SELL DRREDDY.NS @ 979.96
BUY ASIANPAINT.NS @ 1997.87 (size=20)
SELL TECHM.NS @ 656.45
SELL HCLTECH.NS @ 670.41
BUY ICICIBANK.NS @ 403.41 (size=270)
BUY ULTRACEMCO.NS @ 4504.06 (size=17)
SELL APOLLOHOSP.NS @ 2074.57
SELL WIPRO.NS @ 156.62
BUY JSWSTEEL.NS @ 291.84 (size=321)
SELL TITAN.NS @ 1196.88
SELL TCS.NS @ 2307.71
SELL ICICIBANK.NS @ 383.05
SELL INFY.NS @ 947.71
SELL HDFCBANK.NS @ 562.24
BUY AXISBANK.NS @ 491.80 (size=492)
BUY INDUSINDBK.NS @ 606.80 (size=317)
BUY ICICIBANK.NS @ 403.75 (size=477)
BUY SBIN.NS @ 213.79 (size=354)
BUY HDFCBANK.NS @ 660.02 (size=114)
BUY GRASIM.NS @ 766.82 (size=98)
BUY KOTAKBANK.NS @ 360.07 (size=21)
BUY TATASTEEL.NS @ 40.80 (size=187)
BUY ITC.NS @ 144.24 (size=21)
BUY HINDALCO.NS @ 201.31 (size=15)
BUY BAJAJFINSV.NS @ 724.48 (size=1)
BUY BPCL.NS @ 133.48 (size=8)
BUY LT.NS @ 1089.53 (size=1)
BUY POWERGRID.NS @ 78.96 (size=5)
BUY M&M.NS @ 671.52 (size=1)
SELL ASIANPAINT.NS @ 2069.12
BUY TITAN.NS @ 1272.66 (size=1)
SELL BPCL.NS @ 127.84
BUY SHREECEM.NS @ 23813.48 (size=1)
BUY BAJFINANCE.NS @ 480.85 (size=25)
BUY ONGC.NS @ 56.49 (size=220)
BUY TATACONSUM.NS @ 517.58 (size=24)
BUY APOLLOHOSP.NS @ 2317.60 (size=5)
BUY DIVISLAB.NS @ 3497.08 (size=3)
BUY ONGC.NS @ 58.68 (size=21)
SELL HDFCBANK.NS @ 652.23
BUY ASIANPAINT.NS @ 2308.12 (size=1)
BUY MARUTI.NS @ 7478.83 (size=3)
BUY BHARTIARTL.NS @ 473.68 (size=47)
BUY ADANIPORTS.NS @ 457.69 (size=19)
SELL KOTAKBANK.NS @ 362.60
BUY UPL.NS @ 452.13 (size=20)
SELL SHREECEM.NS @ 23276.35
BUY COALINDIA.NS @ 88.19 (size=147)
SELL UPL.NS @ 413.23
SELL AXISBANK.NS @ 610.70
SELL M&M.NS @ 678.96
BUY DIVISLAB.NS @ 3710.10 (size=27)
BUY DRREDDY.NS @ 1013.39 (size=70)
SELL INDUSINDBK.NS @ 813.80
SELL SBIN.NS @ 235.02
SELL POWERGRID.NS @ 79.19
SELL COALINDIA.NS @ 84.81
SELL MARUTI.NS @ 7069.53
SELL BAJAJFINSV.NS @ 882.69
SELL ICICIBANK.NS @ 478.27
SELL TATASTEEL.NS @ 51.30
SELL JSWSTEEL.NS @ 334.63
SELL GRASIM.NS @ 852.15
SELL ITC.NS @ 155.71
SELL BHARTIARTL.NS @ 470.94
SELL HINDALCO.NS @ 224.19
SELL DIVISLAB.NS @ 3525.26
SELL ONGC.NS @ 65.34
BUY TATACONSUM.NS @ 582.32 (size=565)
BUY BAJAJ-AUTO.NS @ 2951.15 (size=77)
BUY JSWSTEEL.NS @ 365.96 (size=439)
BUY INDUSINDBK.NS @ 881.59 (size=127)
SELL INDUSINDBK.NS @ 868.22
BUY M&M.NS @ 698.75 (size=159)
BUY TATASTEEL.NS @ 59.66 (size=1311)
BUY HINDALCO.NS @ 245.42 (size=318)
BUY WIPRO.NS @ 187.27 (size=169)
SELL BAJFINANCE.NS @ 492.75
BUY MARUTI.NS @ 7681.78 (size=3)
BUY EICHERMOT.NS @ 2632.20 (size=9)
BUY INFY.NS @ 1155.07 (size=22)
BUY TECHM.NS @ 882.24 (size=29)
BUY TCS.NS @ 2787.04 (size=1)
BUY HCLTECH.NS @ 859.11 (size=4)
BUY TECHM.NS @ 904.48 (size=4)
BUY POWERGRID.NS @ 86.95 (size=13)
SELL TITAN.NS @ 1503.71
BUY SBIN.NS @ 283.09 (size=4)
SELL ASIANPAINT.NS @ 2587.90
BUY BHARTIARTL.NS @ 554.74 (size=2)
SELL DRREDDY.NS @ 1010.30
BUY HDFCBANK.NS @ 702.38 (size=32)
SELL TATACONSUM.NS @ 562.55
SELL JSWSTEEL.NS @ 362.65
SELL HINDALCO.NS @ 234.66
BUY GRASIM.NS @ 1002.26 (size=182)
SELL TECHM.NS @ 833.05
SELL POWERGRID.NS @ 83.31
SELL TATASTEEL.NS @ 57.39
SELL SBIN.NS @ 261.77
SELL HDFCBANK.NS @ 683.65
SELL ULTRACEMCO.NS @ 5223.39
SELL HCLTECH.NS @ 774.60
SELL M&M.NS @ 734.53
SELL MARUTI.NS @ 7543.77
SELL INFY.NS @ 1145.30
SELL ADANIPORTS.NS @ 503.90
SELL LT.NS @ 1266.55
SELL WIPRO.NS @ 193.05
SELL EICHERMOT.NS @ 2616.42
SELL TCS.NS @ 2735.12
SELL BHARTIARTL.NS @ 531.10
BUY SBIN.NS @ 286.69 (size=895)
BUY LT.NS @ 1374.88 (size=186)
BUY UPL.NS @ 507.37 (size=505)
BUY ICICIBANK.NS @ 583.99 (size=439)
BUY ULTRACEMCO.NS @ 5588.99 (size=45)
BUY INDUSINDBK.NS @ 942.19 (size=23)
BUY ICICIBANK.NS @ 597.09 (size=37)
BUY ULTRACEMCO.NS @ 5958.14 (size=3)
BUY M&M.NS @ 826.64 (size=4)
BUY BHARTIARTL.NS @ 576.18 (size=6)
SELL UPL.NS @ 509.65
BUY SHREECEM.NS @ 27453.99 (size=2)
BUY DIVISLAB.NS @ 3668.54 (size=21)
BUY ADANIPORTS.NS @ 559.96 (size=71)
BUY BAJAJFINSV.NS @ 1020.50 (size=39)
BUY HINDALCO.NS @ 285.08 (size=56)
SELL BHARTIARTL.NS @ 562.42
BUY SUNPHARMA.NS @ 596.92 (size=18)
BUY APOLLOHOSP.NS @ 3050.76 (size=2)
BUY POWERGRID.NS @ 96.28 (size=74)
BUY TATACONSUM.NS @ 608.16 (size=8)
SELL DIVISLAB.NS @ 3506.93
BUY BPCL.NS @ 151.99 (size=167)
SELL BAJAJ-AUTO.NS @ 3598.88
SELL SUNPHARMA.NS @ 578.03
SELL M&M.NS @ 798.59
SELL LT.NS @ 1378.05
SELL ICICIBANK.NS @ 589.84
BUY ONGC.NS @ 82.12 (size=2297)
SELL POWERGRID.NS @ 91.48
SELL SHREECEM.NS @ 25964.32
SELL BAJAJFINSV.NS @ 962.69
SELL ULTRACEMCO.NS @ 5949.82
SELL GRASIM.NS @ 1166.30
SELL SBIN.NS @ 365.07
BUY ULTRACEMCO.NS @ 6592.53 (size=34)
SELL INDUSINDBK.NS @ 1004.24
SELL APOLLOHOSP.NS @ 2842.34
SELL TATACONSUM.NS @ 592.67
BUY GRASIM.NS @ 1327.10 (size=204)
SELL BPCL.NS @ 151.94
SELL ADANIPORTS.NS @ 668.10
SELL ONGC.NS @ 80.04
SELL HINDALCO.NS @ 315.00
BUY NTPC.NS @ 90.43 (size=3004)
BUY ADANIPORTS.NS @ 700.76 (size=270)
SELL NTPC.NS @ 88.35
SELL ADANIPORTS.NS @ 686.15
BUY JSWSTEEL.NS @ 481.59 (size=556)
BUY HINDALCO.NS @ 338.02 (size=792)
BUY ADANIPORTS.NS @ 790.89 (size=134)
SELL ULTRACEMCO.NS @ 6333.57
SELL GRASIM.NS @ 1337.05
SELL HINDALCO.NS @ 324.46
SELL ADANIPORTS.NS @ 709.64
BUY DRREDDY.NS @ 925.90 (size=321)
BUY CIPLA.NS @ 880.56 (size=267)
BUY BAJFINANCE.NS @ 537.28 (size=306)
BUY TATASTEEL.NS @ 88.79 (size=1857)
BUY DIVISLAB.NS @ 3940.63 (size=17)
SELL CIPLA.NS @ 846.12
BUY SUNPHARMA.NS @ 650.46 (size=177)
BUY HINDALCO.NS @ 372.47 (size=216)
BUY COALINDIA.NS @ 97.02 (size=580)
BUY ONGC.NS @ 86.44 (size=456)
BUY UPL.NS @ 743.00 (size=37)
SELL JSWSTEEL.NS @ 657.43
SELL TATASTEEL.NS @ 94.01
BUY BAJAJFINSV.NS @ 1187.97 (size=153)
SELL HINDALCO.NS @ 367.69
BUY NTPC.NS @ 91.93 (size=1652)
BUY BPCL.NS @ 166.47 (size=912)
BUY POWERGRID.NS @ 99.26 (size=1530)
SELL ONGC.NS @ 81.86
BUY WIPRO.NS @ 249.87 (size=608)
SELL NTPC.NS @ 90.81
SELL DRREDDY.NS @ 1006.76
BUY EICHERMOT.NS @ 2515.50 (size=10)
SELL SUNPHARMA.NS @ 637.47
SELL POWERGRID.NS @ 97.56
BUY BAJAJ-AUTO.NS @ 3706.88 (size=52)
BUY ONGC.NS @ 86.07 (size=2251)
BUY LT.NS @ 1459.05 (size=83)
BUY NESTLEIND.NS @ 828.30 (size=147)
BUY POWERGRID.NS @ 105.26 (size=466)
SELL BAJAJ-AUTO.NS @ 3648.77
BUY TECHM.NS @ 900.62 (size=37)
BUY ASIANPAINT.NS @ 2926.32 (size=27)
BUY TATACONSUM.NS @ 712.02 (size=80)
SELL LT.NS @ 1411.60
SELL EICHERMOT.NS @ 2549.16
SELL BPCL.NS @ 168.07
SELL POWERGRID.NS @ 101.30
SELL COALINDIA.NS @ 96.59
SELL ONGC.NS @ 88.01
SELL UPL.NS @ 767.56
BUY TCS.NS @ 2912.76 (size=28)
BUY INFY.NS @ 1337.67 (size=62)
SELL DIVISLAB.NS @ 4071.54
BUY NTPC.NS @ 98.35 (size=2021)
BUY BAJAJ-AUTO.NS @ 3691.71 (size=37)
BUY MARUTI.NS @ 6963.43 (size=19)
SELL NESTLEIND.NS @ 828.76
SELL BAJAJ-AUTO.NS @ 3671.60
SELL NTPC.NS @ 96.81
SELL BAJFINANCE.NS @ 584.52
SELL BAJAJFINSV.NS @ 1178.99
SELL ASIANPAINT.NS @ 2888.13
SELL TCS.NS @ 2881.84
SELL TECHM.NS @ 880.93
BUY BAJAJFINSV.NS @ 1282.90 (size=280)
SELL MARUTI.NS @ 7022.23
BUY TECHM.NS @ 933.73 (size=313)
BUY WIPRO.NS @ 266.89 (size=766)
SELL INFY.NS @ 1384.07
BUY DIVISLAB.NS @ 4615.05 (size=44)
SELL TATACONSUM.NS @ 732.53
BUY ASIANPAINT.NS @ 3038.72 (size=35)
BUY ULTRACEMCO.NS @ 7224.14 (size=15)
BUY APOLLOHOSP.NS @ 4047.43 (size=15)
BUY LT.NS @ 1526.14 (size=28)
SELL ASIANPAINT.NS @ 2889.67
BUY NESTLEIND.NS @ 856.61 (size=35)
BUY TATASTEEL.NS @ 128.38 (size=402)
SELL NESTLEIND.NS @ 841.41
BUY TATACONSUM.NS @ 742.74 (size=60)
BUY BHARTIARTL.NS @ 556.61 (size=81)
SELL TATACONSUM.NS @ 734.13
BUY HCLTECH.NS @ 888.12 (size=35)
SELL LT.NS @ 1524.41
SELL ULTRACEMCO.NS @ 7307.75
BUY LT.NS @ 1601.14 (size=42)
BUY INFY.NS @ 1549.75 (size=30)
BUY ULTRACEMCO.NS @ 7432.21 (size=4)
SELL LT.NS @ 1529.35
SELL TATASTEEL.NS @ 121.07
BUY BRITANNIA.NS @ 3668.87 (size=6)
SELL ULTRACEMCO.NS @ 7326.52
BUY NESTLEIND.NS @ 930.22 (size=26)
SELL DIVISLAB.NS @ 4693.48
BUY TCS.NS @ 3220.21 (size=36)
BUY BAJFINANCE.NS @ 684.85 (size=118)
SELL BHARTIARTL.NS @ 563.04
BUY BHARTIARTL.NS @ 595.23 (size=118)
BUY ASIANPAINT.NS @ 3079.41 (size=15)
BUY TATASTEEL.NS @ 127.64 (size=384)
BUY RELIANCE.NS @ 1027.49 (size=47)
BUY SUNPHARMA.NS @ 757.77 (size=64)
BUY HINDALCO.NS @ 455.07 (size=107)
BUY DIVISLAB.NS @ 5039.16 (size=9)
SELL TATASTEEL.NS @ 124.21
SELL INFY.NS @ 1492.90
BUY DIVISLAB.NS @ 4952.91 (size=6)
SELL APOLLOHOSP.NS @ 4661.48
BUY COALINDIA.NS @ 104.54 (size=436)
BUY ONGC.NS @ 95.49 (size=333)
BUY TITAN.NS @ 2092.39 (size=15)
BUY SHREECEM.NS @ 30103.26 (size=1)
BUY ITC.NS @ 186.64 (size=68)
BUY HDFCBANK.NS @ 752.53 (size=4)
BUY KOTAKBANK.NS @ 400.12 (size=9)
BUY ICICIBANK.NS @ 698.56 (size=5)
BUY GRASIM.NS @ 1532.91 (size=2)
BUY ITC.NS @ 186.96 (size=19)
SELL HDFCBANK.NS @ 741.92
SELL ICICIBANK.NS @ 688.71
BUY ITC.NS @ 189.07 (size=3)
SELL TECHM.NS @ 1233.57
SELL NESTLEIND.NS @ 947.04
BUY TECHM.NS @ 1304.50 (size=90)
BUY LT.NS @ 1698.35 (size=53)
SELL BRITANNIA.NS @ 3806.74
BUY HDFCBANK.NS @ 761.76 (size=92)
SELL SHREECEM.NS @ 28877.11
SELL DIVISLAB.NS @ 4975.80
SELL WIPRO.NS @ 302.07
BUY NTPC.NS @ 113.05 (size=1202)
SELL BAJFINANCE.NS @ 740.11
SELL TCS.NS @ 3345.70
SELL TECHM.NS @ 1218.71
SELL ASIANPAINT.NS @ 3196.47
SELL LT.NS @ 1634.29
SELL BHARTIARTL.NS @ 672.72
SELL BAJAJFINSV.NS @ 1714.34
BUY M&M.NS @ 811.49 (size=492)
SELL KOTAKBANK.NS @ 389.72
SELL ITC.NS @ 187.41
BUY SBIN.NS @ 449.79 (size=623)
SELL HCLTECH.NS @ 1046.47
BUY POWERGRID.NS @ 117.63 (size=1759)
BUY LT.NS @ 1717.16 (size=84)
BUY WIPRO.NS @ 327.18 (size=441)
BUY GRASIM.NS @ 1712.41 (size=84)
BUY ITC.NS @ 207.51 (size=696)
BUY ITC.NS @ 212.36 (size=63)
BUY HINDALCO.NS @ 527.46 (size=25)
BUY TECHM.NS @ 1326.48 (size=4)
SELL COALINDIA.NS @ 122.06
BUY KOTAKBANK.NS @ 427.18 (size=46)
SELL HINDALCO.NS @ 479.80
BUY BAJAJFINSV.NS @ 1862.08 (size=9)
SELL ITC.NS @ 191.37
BUY ICICIBANK.NS @ 816.47 (size=19)
SELL RELIANCE.NS @ 1183.85
SELL NTPC.NS @ 122.69
SELL POWERGRID.NS @ 112.32
SELL BAJAJFINSV.NS @ 1797.59
BUY INDUSINDBK.NS @ 1141.27 (size=119)
SELL HDFCBANK.NS @ 757.98
SELL ONGC.NS @ 111.66
SELL WIPRO.NS @ 303.45
SELL INDUSINDBK.NS @ 1106.53
SELL M&M.NS @ 853.07
SELL KOTAKBANK.NS @ 404.74
SELL TITAN.NS @ 2352.68
BUY INDUSINDBK.NS @ 1192.80 (size=293)
BUY MARUTI.NS @ 7515.52 (size=32)
SELL INDUSINDBK.NS @ 1143.16
BUY ULTRACEMCO.NS @ 8031.17 (size=34)
BUY TITAN.NS @ 2503.89 (size=110)
BUY M&M.NS @ 860.69 (size=129)
SELL MARUTI.NS @ 7245.35
SELL ICICIBANK.NS @ 748.32
SELL SBIN.NS @ 471.72
BUY APOLLOHOSP.NS @ 5018.43 (size=30)
BUY MARUTI.NS @ 7981.40 (size=24)
SELL GRASIM.NS @ 1733.91
SELL LT.NS @ 1789.33
SELL ULTRACEMCO.NS @ 7483.40
SELL TITAN.NS @ 2360.32
SELL M&M.NS @ 861.70
SELL MARUTI.NS @ 7397.56
SELL TECHM.NS @ 1338.81
BUY POWERGRID.NS @ 121.97 (size=3826)
SELL APOLLOHOSP.NS @ 5267.88
BUY BAJAJFINSV.NS @ 1795.24 (size=208)
SELL POWERGRID.NS @ 124.57
BUY TITAN.NS @ 2623.08 (size=100)
BUY HCLTECH.NS @ 1133.76 (size=289)
BUY HDFCBANK.NS @ 740.40 (size=309)
BUY SHREECEM.NS @ 26229.83 (size=8)
BUY TCS.NS @ 3457.45 (size=28)
BUY SUNPHARMA.NS @ 825.95 (size=117)
BUY BAJAJ-AUTO.NS @ 3157.26 (size=12)
BUY ONGC.NS @ 127.85 (size=305)
SELL HCLTECH.NS @ 1062.12
BUY HEROMOTOCO.NS @ 2303.29 (size=16)
BUY EICHERMOT.NS @ 2624.99 (size=37)
BUY NTPC.NS @ 115.49 (size=592)
SELL SHREECEM.NS @ 25922.27
BUY POWERGRID.NS @ 131.07 (size=842)
SELL HDFCBANK.NS @ 717.74
SELL BAJAJ-AUTO.NS @ 2993.50
BUY COALINDIA.NS @ 118.27 (size=933)
SELL BAJAJFINSV.NS @ 1722.44
SELL TCS.NS @ 3400.13
SELL SUNPHARMA.NS @ 782.53
BUY BAJAJ-AUTO.NS @ 3093.97 (size=91)
SELL EICHERMOT.NS @ 2600.86
SELL TITAN.NS @ 2495.40
SELL COALINDIA.NS @ 112.00
BUY ICICIBANK.NS @ 774.51 (size=389)
SELL ICICIBANK.NS @ 770.83
SELL POWERGRID.NS @ 128.05
SELL HEROMOTOCO.NS @ 2257.72
SELL BAJAJ-AUTO.NS @ 3129.12
SELL ONGC.NS @ 126.38
BUY MARUTI.NS @ 8632.18 (size=53)
BUY HEROMOTOCO.NS @ 2317.87 (size=144)
SELL NTPC.NS @ 116.83
SELL MARUTI.NS @ 8069.80
SELL HEROMOTOCO.NS @ 2258.11
BUY HEROMOTOCO.NS @ 2369.07 (size=204)
SELL HEROMOTOCO.NS @ 2327.33
BUY DRREDDY.NS @ 842.77 (size=567)
BUY NTPC.NS @ 134.91 (size=2482)
BUY ITC.NS @ 221.56 (size=1058)
BUY UPL.NS @ 786.75 (size=208)
SELL DRREDDY.NS @ 819.64
BUY NESTLEIND.NS @ 875.20 (size=291)
BUY ADANIPORTS.NS @ 854.50 (size=209)
SELL ITC.NS @ 211.42
BUY M&M.NS @ 907.00 (size=212)
SELL UPL.NS @ 767.29
BUY RELIANCE.NS @ 1283.07 (size=143)
BUY POWERGRID.NS @ 149.11 (size=862)
SELL ADANIPORTS.NS @ 794.53
SELL NESTLEIND.NS @ 869.07
SELL RELIANCE.NS @ 1201.64
SELL NTPC.NS @ 137.07
SELL M&M.NS @ 857.02
SELL POWERGRID.NS @ 143.03
BUY DRREDDY.NS @ 846.39 (size=542)
BUY NESTLEIND.NS @ 850.03 (size=376)
SELL DRREDDY.NS @ 806.83
SELL NESTLEIND.NS @ 804.65
BUY M&M.NS @ 1093.62 (size=408)
BUY BRITANNIA.NS @ 3687.08 (size=85)
BUY LT.NS @ 1658.00 (size=132)
BUY SBIN.NS @ 481.02 (size=319)
BUY HINDUNILVR.NS @ 2448.70 (size=62)
BUY EICHERMOT.NS @ 3019.61 (size=20)
BUY ULTRACEMCO.NS @ 6314.90 (size=9)
BUY ICICIBANK.NS @ 776.89 (size=34)
BUY GRASIM.NS @ 1464.22 (size=18)
BUY APOLLOHOSP.NS @ 4138.35 (size=6)
BUY BAJAJ-AUTO.NS @ 3684.97 (size=1)
BUY BAJAJFINSV.NS @ 1329.11 (size=2)
BUY AXISBANK.NS @ 704.58 (size=4)
BUY ASIANPAINT.NS @ 3010.88 (size=1)
BUY NESTLEIND.NS @ 889.34 (size=3)
BUY TECHM.NS @ 895.57 (size=3)
BUY INDUSINDBK.NS @ 987.64 (size=1)
SELL BAJAJ-AUTO.NS @ 3621.75
BUY BAJFINANCE.NS @ 696.85 (size=1)
BUY NESTLEIND.NS @ 918.30 (size=1)
BUY TATASTEEL.NS @ 99.81 (size=9)
BUY ADANIPORTS.NS @ 788.66 (size=1)
BUY UPL.NS @ 747.32 (size=1)
SELL BRITANNIA.NS @ 3628.88
BUY ITC.NS @ 262.98 (size=1)
BUY HINDALCO.NS @ 409.78 (size=225)
BUY TITAN.NS @ 2409.78 (size=26)
SELL SBIN.NS @ 486.79
SELL HINDUNILVR.NS @ 2439.72
BUY KOTAKBANK.NS @ 374.25 (size=369)
SELL APOLLOHOSP.NS @ 4095.65
SELL KOTAKBANK.NS @ 365.29
SELL UPL.NS @ 725.26
SELL TATASTEEL.NS @ 97.45
SELL ULTRACEMCO.NS @ 6359.81
SELL GRASIM.NS @ 1537.87
BUY GRASIM.NS @ 1568.69 (size=109)
SELL BAJFINANCE.NS @ 706.72
SELL NESTLEIND.NS @ 938.28
SELL INDUSINDBK.NS @ 1036.20
SELL AXISBANK.NS @ 726.77
BUY BAJAJ-AUTO.NS @ 3834.46 (size=31)
BUY HDFCBANK.NS @ 708.35 (size=121)
BUY KOTAKBANK.NS @ 379.40 (size=227)
SELL HINDALCO.NS @ 413.79
SELL BAJAJ-AUTO.NS @ 3783.82
BUY JSWSTEEL.NS @ 672.00 (size=145)
BUY NTPC.NS @ 151.38 (size=453)
BUY ULTRACEMCO.NS @ 6658.06 (size=7)
BUY BHARTIARTL.NS @ 739.32 (size=65)
BUY INDUSINDBK.NS @ 1112.46 (size=17)
BUY SHREECEM.NS @ 24157.14 (size=1)
BUY COALINDIA.NS @ 173.37 (size=36)
BUY SBIN.NS @ 540.74 (size=8)
SELL M&M.NS @ 1218.35
SELL LT.NS @ 1866.19
SELL ULTRACEMCO.NS @ 6373.48
SELL COALINDIA.NS @ 172.17
BUY POWERGRID.NS @ 147.47 (size=1642)
SELL POWERGRID.NS @ 143.89
SELL SHREECEM.NS @ 21710.78
SELL GRASIM.NS @ 1691.01
SELL HDFCBANK.NS @ 715.02
SELL KOTAKBANK.NS @ 377.39
SELL NTPC.NS @ 147.34
SELL BAJAJFINSV.NS @ 1719.07
SELL ICICIBANK.NS @ 860.94
SELL JSWSTEEL.NS @ 659.24
SELL INDUSINDBK.NS @ 1124.64
SELL SBIN.NS @ 513.84
SELL ADANIPORTS.NS @ 849.84
SELL BHARTIARTL.NS @ 741.24
SELL TITAN.NS @ 2575.75
SELL ITC.NS @ 275.71
SELL EICHERMOT.NS @ 3344.63
BUY ITC.NS @ 285.64 (size=1651)
SELL ITC.NS @ 283.47
BUY AXISBANK.NS @ 898.02 (size=521)
BUY SUNPHARMA.NS @ 1000.32 (size=325)
BUY JSWSTEEL.NS @ 691.51 (size=329)
BUY SBIN.NS @ 580.84 (size=273)
BUY ADANIPORTS.NS @ 876.81 (size=126)
BUY UPL.NS @ 736.36 (size=105)
SELL AXISBANK.NS @ 841.47
BUY COALINDIA.NS @ 189.65 (size=981)
BUY ONGC.NS @ 113.53 (size=1144)
BUY ULTRACEMCO.NS @ 6848.58 (size=18)
SELL COALINDIA.NS @ 183.01
SELL SUNPHARMA.NS @ 974.26
BUY RELIANCE.NS @ 1235.99 (size=163)
BUY ICICIBANK.NS @ 929.88 (size=151)
BUY BRITANNIA.NS @ 4178.90 (size=33)
BUY HCLTECH.NS @ 990.31 (size=142)
BUY INFY.NS @ 1499.46 (size=94)
BUY LT.NS @ 2045.27 (size=7)
SELL ICICIBANK.NS @ 900.36
BUY BPCL.NS @ 140.80 (size=363)
SELL HCLTECH.NS @ 977.14
BUY AXISBANK.NS @ 936.87 (size=82)
SELL UPL.NS @ 743.76
SELL RELIANCE.NS @ 1191.05
SELL ADANIPORTS.NS @ 867.45
SELL SBIN.NS @ 570.63
SELL ULTRACEMCO.NS @ 6897.31
SELL BPCL.NS @ 140.69
SELL ONGC.NS @ 119.12
SELL LT.NS @ 2050.81
SELL AXISBANK.NS @ 917.12
SELL BRITANNIA.NS @ 4206.82
SELL JSWSTEEL.NS @ 726.79
BUY JSWSTEEL.NS @ 753.79 (size=593)
BUY ONGC.NS @ 121.13 (size=2588)
SELL JSWSTEEL.NS @ 725.56
SELL ONGC.NS @ 123.64
BUY COALINDIA.NS @ 175.91 (size=2527)
SELL COALINDIA.NS @ 173.52
BUY TITAN.NS @ 2495.22 (size=177)
BUY NTPC.NS @ 159.76 (size=1935)
SELL TITAN.NS @ 2408.54
BUY ADANIPORTS.NS @ 673.89 (size=511)
BUY BPCL.NS @ 147.77 (size=1625)
SELL NTPC.NS @ 160.78
SELL ADANIPORTS.NS @ 627.98
SELL BPCL.NS @ 138.95
BUY HEROMOTOCO.NS @ 2236.44 (size=190)
BUY DRREDDY.NS @ 956.85 (size=310)
BUY SUNPHARMA.NS @ 988.48 (size=300)
BUY CIPLA.NS @ 893.37 (size=332)
BUY EICHERMOT.NS @ 3102.91 (size=9)
BUY DIVISLAB.NS @ 3124.95 (size=9)
BUY POWERGRID.NS @ 157.19 (size=77)
BUY BAJAJ-AUTO.NS @ 3993.57 (size=3)
BUY KOTAKBANK.NS @ 377.87 (size=32)
BUY NESTLEIND.NS @ 978.48 (size=12)
BUY NESTLEIND.NS @ 998.63 (size=1)
BUY JSWSTEEL.NS @ 711.81 (size=1)
SELL SUNPHARMA.NS @ 960.33
BUY ICICIBANK.NS @ 891.38 (size=98)
BUY BRITANNIA.NS @ 4436.90 (size=13)
BUY TITAN.NS @ 2616.85 (size=23)
BUY HDFCBANK.NS @ 831.36 (size=31)
BUY COALINDIA.NS @ 193.94 (size=134)
SELL HDFCBANK.NS @ 782.21
BUY BAJFINANCE.NS @ 655.62 (size=27)
BUY GRASIM.NS @ 1748.52 (size=10)
SELL DRREDDY.NS @ 954.17
SELL JSWSTEEL.NS @ 713.78
BUY ITC.NS @ 362.54 (size=256)
BUY BHARTIARTL.NS @ 782.47 (size=83)
SELL POWERGRID.NS @ 158.62
SELL KOTAKBANK.NS @ 380.66
SELL GRASIM.NS @ 1695.92
SELL DIVISLAB.NS @ 3207.44
BUY SBIN.NS @ 543.06 (size=122)
SELL ITC.NS @ 361.94
SELL CIPLA.NS @ 890.01
SELL BRITANNIA.NS @ 4384.57
SELL NESTLEIND.NS @ 1044.12
SELL TITAN.NS @ 2658.06
BUY DIVISLAB.NS @ 3323.06 (size=54)
BUY ITC.NS @ 387.29 (size=375)
BUY KOTAKBANK.NS @ 393.73 (size=257)
BUY APOLLOHOSP.NS @ 4561.14 (size=22)
BUY TATACONSUM.NS @ 787.35 (size=51)
BUY MARUTI.NS @ 9095.09 (size=4)
BUY AXISBANK.NS @ 912.43 (size=44)
BUY ASIANPAINT.NS @ 3097.14 (size=13)
BUY BRITANNIA.NS @ 4537.74 (size=9)
BUY TITAN.NS @ 2796.54 (size=14)
SELL COALINDIA.NS @ 188.14
SELL KOTAKBANK.NS @ 384.83
SELL ICICIBANK.NS @ 913.48
BUY M&M.NS @ 1359.96 (size=51)
BUY WIPRO.NS @ 187.06 (size=263)
BUY ULTRACEMCO.NS @ 7974.52 (size=6)
BUY BRITANNIA.NS @ 4767.80 (size=4)
BUY NESTLEIND.NS @ 1086.52 (size=18)
BUY INDUSINDBK.NS @ 1316.44 (size=6)
BUY ASIANPAINT.NS @ 3105.66 (size=2)
SELL EICHERMOT.NS @ 3458.54
SELL WIPRO.NS @ 185.02
SELL SBIN.NS @ 555.73
BUY DRREDDY.NS @ 941.65 (size=51)
SELL BAJAJ-AUTO.NS @ 4357.41
BUY BAJAJFINSV.NS @ 1506.12 (size=22)
SELL HEROMOTOCO.NS @ 2564.41
SELL BHARTIARTL.NS @ 813.00
BUY TITAN.NS @ 2940.51 (size=58)
SELL MARUTI.NS @ 9215.87
SELL INDUSINDBK.NS @ 1272.47
BUY POWERGRID.NS @ 171.50 (size=893)
BUY ADANIPORTS.NS @ 737.68 (size=207)
SELL BAJFINANCE.NS @ 692.26
BUY CIPLA.NS @ 971.56 (size=65)
SELL ADANIPORTS.NS @ 703.08
SELL AXISBANK.NS @ 955.87
SELL ULTRACEMCO.NS @ 7945.65
SELL ITC.NS @ 392.15
SELL DIVISLAB.NS @ 3398.78
BUY NTPC.NS @ 174.38 (size=1258)
BUY BAJAJ-AUTO.NS @ 4427.20 (size=49)
BUY JSWSTEEL.NS @ 771.97 (size=284)
BUY ITC.NS @ 396.21 (size=553)
BUY MARUTI.NS @ 9504.18 (size=2)
BUY BAJFINANCE.NS @ 725.16 (size=22)
BUY BHARTIARTL.NS @ 849.32 (size=13)
BUY ITC.NS @ 418.91 (size=18)
SELL TATACONSUM.NS @ 833.09
BUY HEROMOTOCO.NS @ 2872.32 (size=1)
SELL POWERGRID.NS @ 166.05
BUY TATASTEEL.NS @ 110.45 (size=157)
SELL NESTLEIND.NS @ 1096.85
BUY RELIANCE.NS @ 1248.54 (size=13)
BUY SUNPHARMA.NS @ 1042.49 (size=55)
BUY ONGC.NS @ 144.12 (size=282)
SELL NTPC.NS @ 173.27
SELL MARUTI.NS @ 9324.18
BUY TECHM.NS @ 1120.19 (size=83)
BUY INFY.NS @ 1322.57 (size=53)
SELL TITAN.NS @ 2977.72
BUY NTPC.NS @ 177.56 (size=574)
BUY INDUSINDBK.NS @ 1403.96 (size=72)
SELL BHARTIARTL.NS @ 854.82
BUY LT.NS @ 2513.77 (size=17)
BUY WIPRO.NS @ 189.28 (size=233)
SELL BRITANNIA.NS @ 4917.71
SELL JSWSTEEL.NS @ 778.24
BUY TCS.NS @ 3128.88 (size=14)
SELL INFY.NS @ 1237.66
BUY ICICIBANK.NS @ 970.67 (size=99)
SELL ASIANPAINT.NS @ 3320.33
SELL ITC.NS @ 407.63
BUY BPCL.NS @ 163.05 (size=442)
SELL BAJFINANCE.NS @ 735.07
SELL APOLLOHOSP.NS @ 5113.14
SELL TECHM.NS @ 1069.60
SELL BPCL.NS @ 159.71
SELL M&M.NS @ 1425.43
SELL WIPRO.NS @ 187.06
SELL RELIANCE.NS @ 1237.78
SELL BAJAJFINSV.NS @ 1583.08
SELL TCS.NS @ 3116.89
SELL INDUSINDBK.NS @ 1379.29
SELL BAJAJ-AUTO.NS @ 4674.67
SELL HEROMOTOCO.NS @ 2741.05
SELL ICICIBANK.NS @ 941.69
BUY BHARTIARTL.NS @ 873.37 (size=373)
BUY M&M.NS @ 1503.72 (size=152)
BUY ADANIPORTS.NS @ 777.07 (size=206)
SELL M&M.NS @ 1476.93
SELL TATASTEEL.NS @ 113.18
SELL BHARTIARTL.NS @ 867.53
BUY JSWSTEEL.NS @ 822.82 (size=342)
SELL JSWSTEEL.NS @ 791.11
SELL SUNPHARMA.NS @ 1096.37
SELL ONGC.NS @ 149.23
SELL LT.NS @ 2593.63
SELL DRREDDY.NS @ 1141.80
SELL CIPLA.NS @ 1186.56
SELL ADANIPORTS.NS @ 785.00
BUY LT.NS @ 2656.84 (size=136)
BUY TECHM.NS @ 1175.84 (size=256)
BUY ONGC.NS @ 157.85 (size=1339)
BUY SUNPHARMA.NS @ 1114.57 (size=132)
BUY CIPLA.NS @ 1233.01 (size=119)
BUY COALINDIA.NS @ 227.72 (size=259)
BUY TITAN.NS @ 3242.80 (size=12)
SELL CIPLA.NS @ 1205.30
BUY SHREECEM.NS @ 26173.39 (size=2)
BUY UPL.NS @ 624.94 (size=116)
BUY TATASTEEL.NS @ 126.16 (size=575)
BUY HINDALCO.NS @ 490.92 (size=147)
BUY BAJAJ-AUTO.NS @ 4963.35 (size=2)
BUY WIPRO.NS @ 206.28 (size=63)
BUY HCLTECH.NS @ 1193.22 (size=10)
BUY INFY.NS @ 1404.96 (size=9)
BUY POWERGRID.NS @ 180.67 (size=14)
SELL WIPRO.NS @ 195.73
SELL TATASTEEL.NS @ 121.42
SELL SUNPHARMA.NS @ 1096.71
SELL SHREECEM.NS @ 25368.44
SELL UPL.NS @ 598.48
BUY AXISBANK.NS @ 1029.23 (size=68)
SELL HCLTECH.NS @ 1135.87
SELL TITAN.NS @ 3137.51
SELL TECHM.NS @ 1150.35
SELL ONGC.NS @ 159.14
SELL NTPC.NS @ 219.88
SELL BAJAJ-AUTO.NS @ 4758.35
SELL AXISBANK.NS @ 993.93
SELL POWERGRID.NS @ 177.51
BUY BAJFINANCE.NS @ 807.79 (size=388)
SELL BAJFINANCE.NS @ 777.93
BUY BAJAJ-AUTO.NS @ 5303.98 (size=58)
BUY NESTLEIND.NS @ 1172.24 (size=265)
SELL LT.NS @ 2961.24
BUY ONGC.NS @ 166.55 (size=1476)
BUY APOLLOHOSP.NS @ 5263.50 (size=32)
BUY POWERGRID.NS @ 189.75 (size=639)
BUY BPCL.NS @ 169.75 (size=499)
BUY ULTRACEMCO.NS @ 8500.64 (size=6)
BUY HEROMOTOCO.NS @ 3267.16 (size=18)
SELL ULTRACEMCO.NS @ 8452.18
SELL NESTLEIND.NS @ 1179.37
BUY DIVISLAB.NS @ 3724.87 (size=7)
BUY NESTLEIND.NS @ 1183.27 (size=107)
SELL NESTLEIND.NS @ 1175.88
BUY NTPC.NS @ 246.69 (size=515)
BUY EICHERMOT.NS @ 3804.86 (size=33)
BUY NESTLEIND.NS @ 1184.12 (size=107)
BUY HCLTECH.NS @ 1238.15 (size=102)
BUY BHARTIARTL.NS @ 1000.71 (size=126)
BUY TITAN.NS @ 3468.78 (size=36)
BUY TECHM.NS @ 1154.66 (size=110)
BUY LT.NS @ 3257.33 (size=3)
BUY HINDUNILVR.NS @ 2501.37 (size=5)
BUY TATASTEEL.NS @ 125.49 (size=100)
BUY ULTRACEMCO.NS @ 9204.47 (size=1)
BUY AXISBANK.NS @ 1130.61 (size=1)
BUY HCLTECH.NS @ 1216.58 (size=1)
BUY ADANIPORTS.NS @ 1008.69 (size=1)
BUY ASIANPAINT.NS @ 3181.50 (size=1)
BUY TECHM.NS @ 1158.68 (size=1)
SELL HINDUNILVR.NS @ 2420.58
BUY JSWSTEEL.NS @ 830.59 (size=4)
BUY TITAN.NS @ 3611.93 (size=1)
BUY TECHM.NS @ 1158.78 (size=3)
SELL DIVISLAB.NS @ 3631.57
BUY ULTRACEMCO.NS @ 9743.59 (size=1)
BUY SUNPHARMA.NS @ 1188.38 (size=6)
BUY HINDALCO.NS @ 520.63 (size=15)
SELL APOLLOHOSP.NS @ 5394.01
SELL ONGC.NS @ 171.49
BUY TCS.NS @ 3346.75 (size=15)
BUY WIPRO.NS @ 203.17 (size=560)
BUY SBIN.NS @ 625.01 (size=127)
BUY HDFCBANK.NS @ 806.22 (size=98)
BUY ONGC.NS @ 178.51 (size=446)
SELL NESTLEIND.NS @ 1190.49
BUY NESTLEIND.NS @ 1245.37 (size=37)
BUY TATACONSUM.NS @ 962.48 (size=33)
SELL EICHERMOT.NS @ 3819.99
SELL TATASTEEL.NS @ 124.29
BUY BRITANNIA.NS @ 4828.01 (size=6)
BUY SHREECEM.NS @ 27924.03 (size=1)
SELL AXISBANK.NS @ 1093.62
BUY GRASIM.NS @ 2100.64 (size=22)
SELL SHREECEM.NS @ 27800.06
SELL LT.NS @ 3379.76
SELL JSWSTEEL.NS @ 828.91
SELL TCS.NS @ 3438.21
SELL GRASIM.NS @ 2048.64
SELL TECHM.NS @ 1176.65
BUY INDUSINDBK.NS @ 1630.45 (size=46)
SELL HCLTECH.NS @ 1311.14
SELL ULTRACEMCO.NS @ 9894.29
SELL SBIN.NS @ 604.52
SELL HDFCBANK.NS @ 809.58
SELL ASIANPAINT.NS @ 3226.35
SELL WIPRO.NS @ 210.82
SELL BRITANNIA.NS @ 4991.17
SELL HINDALCO.NS @ 568.50
SELL BPCL.NS @ 201.22
SELL NESTLEIND.NS @ 1259.60
BUY HCLTECH.NS @ 1377.76 (size=110)
BUY RELIANCE.NS @ 1349.91 (size=111)
BUY WIPRO.NS @ 217.69 (size=483)
BUY TCS.NS @ 3616.14 (size=29)
BUY BPCL.NS @ 210.86 (size=182)
SELL NTPC.NS @ 292.01
BUY LT.NS @ 3510.36 (size=7)
SELL INDUSINDBK.NS @ 1595.19
SELL POWERGRID.NS @ 214.88
SELL COALINDIA.NS @ 326.52
BUY TECHM.NS @ 1281.58 (size=50)
BUY ULTRACEMCO.NS @ 9970.99 (size=13)
BUY BHARTIARTL.NS @ 1109.49 (size=121)
SELL ULTRACEMCO.NS @ 9711.48
BUY APOLLOHOSP.NS @ 6114.14 (size=8)
BUY POWERGRID.NS @ 226.61 (size=344)
SELL ADANIPORTS.NS @ 1110.41
BUY COALINDIA.NS @ 332.56 (size=234)
BUY NTPC.NS @ 297.15 (size=105)
SELL TATACONSUM.NS @ 1107.01
SELL TITAN.NS @ 3712.39
BUY SHREECEM.NS @ 28262.96 (size=1)
SELL LT.NS @ 3420.71
BUY MARUTI.NS @ 10425.57 (size=3)
SELL SHREECEM.NS @ 26677.96
SELL BHARTIARTL.NS @ 1098.20
BUY BHARTIARTL.NS @ 1118.42 (size=63)
SELL TECHM.NS @ 1246.44
SELL BHARTIARTL.NS @ 1104.81
SELL NTPC.NS @ 301.39
SELL HEROMOTOCO.NS @ 4270.15
SELL TCS.NS @ 3743.27
BUY TCS.NS @ 3832.93 (size=40)
SELL TCS.NS @ 3752.23
SELL COALINDIA.NS @ 388.09
SELL BPCL.NS @ 271.70
SELL ONGC.NS @ 239.41
SELL RELIANCE.NS @ 1444.93
SELL APOLLOHOSP.NS @ 6327.10
SELL BAJAJ-AUTO.NS @ 7651.66
BUY M&M.NS @ 1903.06 (size=152)
BUY DRREDDY.NS @ 1269.24 (size=229)
BUY TCS.NS @ 3840.43 (size=75)
BUY CIPLA.NS @ 1452.39 (size=200)
SELL DRREDDY.NS @ 1223.66
SELL HCLTECH.NS @ 1529.82
BUY NTPC.NS @ 337.33 (size=623)
SELL TCS.NS @ 3826.92
SELL WIPRO.NS @ 240.58
BUY BAJAJ-AUTO.NS @ 8325.42 (size=32)
BUY TATACONSUM.NS @ 1243.69 (size=150)
BUY ICICIBANK.NS @ 1059.48 (size=123)
SELL NTPC.NS @ 307.44
SELL POWERGRID.NS @ 247.34
SELL M&M.NS @ 1825.56
SELL TATACONSUM.NS @ 1162.26
SELL MARUTI.NS @ 11162.75
SELL SUNPHARMA.NS @ 1529.36
SELL BAJAJ-AUTO.NS @ 8078.63
BUY MARUTI.NS @ 11247.53 (size=28)
SELL CIPLA.NS @ 1408.58
BUY ITC.NS @ 383.68 (size=1015)
BUY SUNPHARMA.NS @ 1578.72 (size=246)
BUY BAJAJ-AUTO.NS @ 8863.99 (size=17)
BUY BAJFINANCE.NS @ 716.48 (size=156)
BUY RELIANCE.NS @ 1474.93 (size=76)
BUY ADANIPORTS.NS @ 1391.38 (size=32)
SELL ICICIBANK.NS @ 1063.76
SELL RELIANCE.NS @ 1449.37
BUY EICHERMOT.NS @ 4106.42 (size=25)
BUY DIVISLAB.NS @ 3699.45 (size=19)
BUY NTPC.NS @ 344.86 (size=149)
SELL SUNPHARMA.NS @ 1511.11
SELL ADANIPORTS.NS @ 1303.59
BUY HINDALCO.NS @ 604.77 (size=241)
SELL BAJAJ-AUTO.NS @ 8628.56
SELL BAJFINANCE.NS @ 687.71
SELL ITC.NS @ 374.95
SELL NTPC.NS @ 326.89
BUY SBIN.NS @ 796.63 (size=400)
BUY POWERGRID.NS @ 282.48 (size=1130)
BUY M&M.NS @ 2123.61 (size=150)
SELL MARUTI.NS @ 12242.75
BUY HINDUNILVR.NS @ 2287.12 (size=58)
SELL HINDALCO.NS @ 611.39
SELL DIVISLAB.NS @ 3749.76
BUY SHREECEM.NS @ 25599.99 (size=6)
BUY HINDALCO.NS @ 684.63 (size=166)
BUY NTPC.NS @ 352.39 (size=226)
SELL SHREECEM.NS @ 25198.98
BUY DIVISLAB.NS @ 4210.12 (size=18)
SELL NTPC.NS @ 342.90
SELL POWERGRID.NS @ 287.02
SELL HINDUNILVR.NS @ 2238.72
BUY BHARTIARTL.NS @ 1353.82 (size=147)
BUY HEROMOTOCO.NS @ 4790.66 (size=41)
BUY NTPC.NS @ 373.51 (size=313)
BUY COALINDIA.NS @ 450.47 (size=259)
BUY LT.NS @ 3831.02 (size=30)
SELL EICHERMOT.NS @ 4560.53
SELL NTPC.NS @ 315.78
SELL SBIN.NS @ 759.94
SELL COALINDIA.NS @ 388.53
SELL LT.NS @ 3345.46
BUY HINDUNILVR.NS @ 2399.49 (size=19)
SELL BHARTIARTL.NS @ 1281.78
SELL HINDALCO.NS @ 640.65
BUY BHARTIARTL.NS @ 1325.82 (size=230)
BUY HINDALCO.NS @ 686.25 (size=445)
SELL HINDALCO.NS @ 664.24
BUY TITAN.NS @ 3507.98 (size=59)
SELL BHARTIARTL.NS @ 1362.11
SELL HINDUNILVR.NS @ 2369.48
SELL HEROMOTOCO.NS @ 5101.71
SELL TITAN.NS @ 3351.66
BUY WIPRO.NS @ 239.41 (size=1573)
BUY TECHM.NS @ 1354.49 (size=278)
BUY HDFCBANK.NS @ 872.53 (size=171)
BUY SHREECEM.NS @ 27150.93 (size=5)
BUY HCLTECH.NS @ 1435.55 (size=44)
SELL HDFCBANK.NS @ 813.06
SELL SHREECEM.NS @ 26961.90
SELL M&M.NS @ 2828.62
SELL DIVISLAB.NS @ 4416.86
BUY BRITANNIA.NS @ 5523.62 (size=50)
BUY DIVISLAB.NS @ 4503.68 (size=61)
BUY MARUTI.NS @ 12517.80 (size=8)
BUY INFY.NS @ 1643.83 (size=50)
SELL DIVISLAB.NS @ 4491.16
BUY ONGC.NS @ 290.67 (size=480)
BUY HINDUNILVR.NS @ 2609.36 (size=53)
SELL WIPRO.NS @ 237.07
BUY TATACONSUM.NS @ 1232.34 (size=136)
BUY DRREDDY.NS @ 1364.35 (size=123)
BUY ITC.NS @ 448.74 (size=374)
BUY GRASIM.NS @ 2786.02 (size=5)
SELL GRASIM.NS @ 2756.09
SELL BRITANNIA.NS @ 5583.35
BUY SUNPHARMA.NS @ 1688.36 (size=9)
BUY APOLLOHOSP.NS @ 6672.98 (size=14)
SELL ONGC.NS @ 279.50
SELL MARUTI.NS @ 12070.21
SELL HCLTECH.NS @ 1484.61
SELL INFY.NS @ 1682.39
SELL TECHM.NS @ 1402.80
BUY BRITANNIA.NS @ 5778.77 (size=51)
SELL TATACONSUM.NS @ 1169.63
SELL BRITANNIA.NS @ 5670.34
SELL APOLLOHOSP.NS @ 6466.38
SELL HINDUNILVR.NS @ 2641.97
SELL DRREDDY.NS @ 1351.64
BUY HCLTECH.NS @ 1626.39 (size=285)
BUY TECHM.NS @ 1567.51 (size=207)
BUY BAJAJ-AUTO.NS @ 10540.71 (size=21)
BUY CIPLA.NS @ 1601.44 (size=142)
BUY HINDUNILVR.NS @ 2696.28 (size=34)
BUY BAJAJFINSV.NS @ 1782.18 (size=52)
BUY DRREDDY.NS @ 1397.41 (size=67)
BUY TCS.NS @ 4311.58 (size=21)
BUY BHARTIARTL.NS @ 1575.88 (size=59)
BUY INFY.NS @ 1866.58 (size=50)
SELL DRREDDY.NS @ 1365.77
BUY BAJFINANCE.NS @ 730.87 (size=51)
BUY ASIANPAINT.NS @ 3191.65 (size=8)
BUY TITAN.NS @ 3711.68 (size=5)
SELL ITC.NS @ 457.40
SELL TECHM.NS @ 1521.13
BUY DIVISLAB.NS @ 5401.85 (size=29)
BUY BRITANNIA.NS @ 6030.22 (size=18)
BUY ITC.NS @ 473.63 (size=237)
BUY BHARTIARTL.NS @ 1633.10 (size=68)
BUY INFY.NS @ 1873.06 (size=60)
SELL ITC.NS @ 462.91
BUY HEROMOTOCO.NS @ 5619.14 (size=2)
SELL HCLTECH.NS @ 1669.05
BUY INDUSINDBK.NS @ 1480.20 (size=125)
BUY ICICIBANK.NS @ 1328.20 (size=140)
SELL ASIANPAINT.NS @ 3208.19
BUY TATASTEEL.NS @ 156.87 (size=477)
SELL CIPLA.NS @ 1620.24
SELL INDUSINDBK.NS @ 1439.50
BUY M&M.NS @ 3158.28 (size=57)
BUY AXISBANK.NS @ 1272.06 (size=143)
BUY APOLLOHOSP.NS @ 7204.98 (size=25)
SELL ICICIBANK.NS @ 1263.25
SELL HEROMOTOCO.NS @ 5384.62
SELL BAJAJ-AUTO.NS @ 11514.62
SELL BAJFINANCE.NS @ 738.83
SELL HINDUNILVR.NS @ 2808.23
SELL AXISBANK.NS @ 1174.70
SELL TITAN.NS @ 3663.92
SELL APOLLOHOSP.NS @ 6878.25
SELL BAJAJFINSV.NS @ 1883.63
SELL BHARTIARTL.NS @ 1627.30
SELL BRITANNIA.NS @ 6041.13
SELL DIVISLAB.NS @ 5379.85
BUY BRITANNIA.NS @ 6124.14 (size=71)
SELL BRITANNIA.NS @ 6018.38
BUY DIVISLAB.NS @ 5962.60 (size=51)
SELL TATASTEEL.NS @ 154.71
SELL M&M.NS @ 3043.55
SELL SUNPHARMA.NS @ 1859.99
SELL DIVISLAB.NS @ 5701.64
BUY TECHM.NS @ 1672.12 (size=254)
SELL TECHM.NS @ 1563.42
BUY SHREECEM.NS @ 27224.39 (size=18)
BUY TITAN.NS @ 3430.73 (size=104)
BUY BAJFINANCE.NS @ 707.15 (size=353)
BUY TECHM.NS @ 1739.28 (size=100)
SELL TITAN.NS @ 3346.78
SELL TECHM.NS @ 1705.02
SELL BAJFINANCE.NS @ 680.63
BUY WIPRO.NS @ 286.09 (size=974)
SELL SHREECEM.NS @ 26532.75
SELL WIPRO.NS @ 284.69

Initial Capital: ₹1,000,000.00
Final Portfolio: ₹1,643,792.81
Total Return: +64.38%

================================================================================
📈 COMPREHENSIVE PERFORMANCE ANALYSIS
================================================================================

💰 RETURNS ANALYSIS:
   Total Return: 49.70%
   Average Return: 0.02%
   CAGR: 5.21%
   XIRR: 5.09%
   Annual Returns:
     2015: -18.49%
     2016: 0.52%
     2017: 10.05%
     2018: -3.26%
     2019: -5.69%
     2020: 55.84%
     2021: 34.49%
     2022: -13.22%
     2023: 13.37%
     2024: -3.09%

🎯 RISK ANALYSIS:
   Sharpe Ratio: -0.00 (Higher is better, >1 is good)
   Sharpe Ratio indicates how my returns are with respect to volatility of returns. A higher Sharpe Ratio means better risk-adjusted returns.
   Sortino Ratio: -0.07 (Higher is better, >1 is good)
   Sortino Ratio indicates how my returns are with respect to downside volatility. A higher Sortino Ratio means better risk-adjusted returns.
   Max Drawdown: 26.51% (Usually it should be 15-20% or lower)
   Drawdown Period: 1318 days (Lower is better)

📊 TRADING STATISTICS:
   Total Trades: 1105
   Winning Trades: 425
   Losing Trades: 680
   Win Rate: 38.5%
   Average Win: ₹7115.47
   Average Loss: ₹-3500.41
   Risk/Reward Ratio: 2.03
   Expectancy: 582.62
   Profit Factor: 1.27
