Fetching stock data...

Starting Backtest with 46 stocks
Initial Capital: ₹1,000,000.00

🔄 Running Backtest...
BUY HCLTECH.NS @ 362.92 (size=137)
BUY NTPC.NS @ 82.80 (size=573)
SELL NTPC.NS @ 80.92 (exit: price < SMA)
SELL HCLTECH.NS @ 348.55 (exit: price < SMA)
BUY DIVISLAB.NS @ 835.54 (size=59)
BUY BAJFINANCE.NS @ 41.23 (size=1149)
SELL BAJFINANCE.NS @ 39.93 (exit: price < SMA)
SELL DIVISLAB.NS @ 813.20 (exit: price < SMA)
BUY BHARTIARTL.NS @ 331.93 (size=149)
SELL BHARTIARTL.NS @ 323.52 (exit: price < SMA)
BUY BHARTIARTL.NS @ 331.25 (size=149)
SELL BHARTIARTL.NS @ 324.75 (exit: price < SMA)
BUY RELIANCE.NS @ 189.77 (size=261)
BUY EICHERMOT.NS @ 1604.75 (size=29)
BUY HCLTECH.NS @ 350.74 (size=127)
SELL RELIANCE.NS @ 190.06 (exit: price < SMA)
SELL HCLTECH.NS @ 340.42 (exit: price < SMA)
SELL EICHERMOT.NS @ 1710.43 (exit: profit target)
BUY BAJFINANCE.NS @ 48.60 (size=1022)
BUY M&M.NS @ 565.09 (size=83)
SELL M&M.NS @ 600.01 (exit: profit target)
BUY HINDUNILVR.NS @ 751.92 (size=62)
SELL BAJFINANCE.NS @ 51.68 (exit: profit target)
BUY DRREDDY.NS @ 694.24 (size=68)
SELL DRREDDY.NS @ 731.78 (exit: profit target)
BUY KOTAKBANK.NS @ 138.18 (size=345)
SELL KOTAKBANK.NS @ 137.15 (exit: price < SMA)
BUY LT.NS @ 1004.37 (size=45)
BUY SBIN.NS @ 242.62 (size=187)
SELL SBIN.NS @ 231.38 (exit: price < SMA)
SELL LT.NS @ 994.84 (exit: price < SMA)
SELL HINDUNILVR.NS @ 730.88 (exit: price < SMA)
BUY CIPLA.NS @ 640.42 (size=77)
BUY ADANIPORTS.NS @ 316.99 (size=149)
BUY MARUTI.NS @ 3849.82 (size=12)
BUY TCS.NS @ 1015.25 (size=46)
BUY INFY.NS @ 413.00 (size=114)
SELL CIPLA.NS @ 595.51 (exit: price < SMA)
SELL MARUTI.NS @ 3810.98 (exit: price < SMA)
SELL TCS.NS @ 1010.72 (exit: price < SMA)
BUY MARUTI.NS @ 3841.15 (size=11)
SELL ADANIPORTS.NS @ 337.78 (exit: profit target)
SELL MARUTI.NS @ 3838.14 (exit: price < SMA)
BUY TCS.NS @ 1013.68 (size=42)
SELL TCS.NS @ 1012.18 (exit: price < SMA)
SELL INFY.NS @ 400.41 (exit: price < SMA)
BUY DRREDDY.NS @ 755.71 (size=65)
SELL DRREDDY.NS @ 743.09 (exit: price < SMA)
BUY INFY.NS @ 424.67 (size=117)
BUY TCS.NS @ 1023.09 (size=46)
SELL INFY.NS @ 415.78 (exit: price < SMA)
SELL TCS.NS @ 977.87 (exit: price < SMA)
BUY DRREDDY.NS @ 780.50 (size=63)
BUY APOLLOHOSP.NS @ 1358.00 (size=34)
BUY POWERGRID.NS @ 46.33 (size=968)
SELL DRREDDY.NS @ 769.29 (exit: price < SMA)
SELL APOLLOHOSP.NS @ 1298.45 (exit: price < SMA)
BUY BPCL.NS @ 77.77 (size=607)
SELL POWERGRID.NS @ 45.31 (exit: price < SMA)
BUY ITC.NS @ 150.01 (size=313)
BUY BAJAJ-AUTO.NS @ 1866.99 (size=23)
BUY POWERGRID.NS @ 46.39 (size=917)
BUY NESTLEIND.NS @ 274.83 (size=154)
SELL NESTLEIND.NS @ 271.07 (exit: price < SMA)
BUY SHREECEM.NS @ 11506.42 (size=3)
SELL POWERGRID.NS @ 45.98 (exit: price < SMA)
BUY HDFCBANK.NS @ 244.79 (size=158)
SELL HDFCBANK.NS @ 242.44 (exit: price < SMA)
BUY HINDALCO.NS @ 74.37 (size=522)
SELL SHREECEM.NS @ 10818.24 (exit: price < SMA)
BUY GRASIM.NS @ 527.97 (size=73)
SELL ITC.NS @ 147.83 (exit: price < SMA)
SELL HINDALCO.NS @ 72.63 (exit: price < SMA)
SELL BAJAJ-AUTO.NS @ 1820.90 (exit: price < SMA)
BUY HEROMOTOCO.NS @ 1833.74 (size=24)
BUY DIVISLAB.NS @ 1044.39 (size=40)
SELL HEROMOTOCO.NS @ 1935.06 (exit: profit target)
BUY NTPC.NS @ 74.68 (size=573)
BUY MARUTI.NS @ 4158.84 (size=10)
SELL BPCL.NS @ 82.51 (exit: profit target)
SELL MARUTI.NS @ 4089.54 (exit: price < SMA)
BUY BAJAJFINSV.NS @ 191.33 (size=225)
SELL DIVISLAB.NS @ 1023.35 (exit: price < SMA)
SELL GRASIM.NS @ 527.72 (exit: price < SMA)
SELL BAJAJFINSV.NS @ 188.23 (exit: price < SMA)
SELL NTPC.NS @ 79.30 (exit: profit target)
BUY HINDUNILVR.NS @ 717.16 (size=68)
SELL HINDUNILVR.NS @ 697.76 (exit: price < SMA)
BUY INDUSINDBK.NS @ 885.50 (size=55)
SELL INDUSINDBK.NS @ 867.15 (exit: price < SMA)
BUY RELIANCE.NS @ 217.67 (size=226)
SELL RELIANCE.NS @ 213.26 (exit: price < SMA)
BUY POWERGRID.NS @ 49.18 (size=1000)
SELL POWERGRID.NS @ 48.74 (exit: price < SMA)
BUY ULTRACEMCO.NS @ 2659.61 (size=18)
SELL ULTRACEMCO.NS @ 2853.54 (exit: profit target)
BUY APOLLOHOSP.NS @ 1380.02 (size=35)
SELL APOLLOHOSP.NS @ 1361.96 (exit: price < SMA)
BUY DRREDDY.NS @ 571.86 (size=86)
SELL DRREDDY.NS @ 550.05 (exit: price < SMA)
BUY M&M.NS @ 556.80 (size=88)
BUY COALINDIA.NS @ 135.29 (size=345)
BUY DRREDDY.NS @ 567.61 (size=82)
SELL COALINDIA.NS @ 132.99 (exit: price < SMA)
SELL M&M.NS @ 545.59 (exit: price < SMA)
SELL DRREDDY.NS @ 557.27 (exit: price < SMA)
BUY SBIN.NS @ 166.39 (size=295)
BUY ADANIPORTS.NS @ 215.31 (size=228)
SELL ADANIPORTS.NS @ 206.32 (exit: price < SMA)
BUY INFY.NS @ 447.58 (size=103)
SELL INFY.NS @ 472.77 (exit: profit target)
SELL SBIN.NS @ 175.42 (exit: profit target)
BUY WIPRO.NS @ 95.03 (size=489)
BUY RELIANCE.NS @ 222.83 (size=209)
SELL RELIANCE.NS @ 218.40 (exit: price < SMA)
BUY ITC.NS @ 144.74 (size=306)
SELL WIPRO.NS @ 93.27 (exit: price < SMA)
BUY HEROMOTOCO.NS @ 2107.87 (size=21)
SELL ITC.NS @ 141.67 (exit: price < SMA)
BUY NTPC.NS @ 79.17 (size=589)
SELL HEROMOTOCO.NS @ 2089.08 (exit: price < SMA)
BUY BAJFINANCE.NS @ 71.22 (size=653)
BUY TATACONSUM.NS @ 106.90 (size=435)
SELL TATACONSUM.NS @ 106.10 (exit: price < SMA)
BUY TITAN.NS @ 348.81 (size=126)
SELL NTPC.NS @ 83.56 (exit: profit target)
SELL BAJFINANCE.NS @ 77.31 (exit: profit target)
SELL TITAN.NS @ 343.82 (exit: price < SMA)
BUY DRREDDY.NS @ 574.29 (size=85)
SELL DRREDDY.NS @ 570.05 (exit: price < SMA)
BUY KOTAKBANK.NS @ 146.91 (size=334)
BUY GRASIM.NS @ 623.25 (size=78)
BUY MARUTI.NS @ 3716.07 (size=11)
BUY LT.NS @ 815.77 (size=54)
BUY TCS.NS @ 1028.63 (size=42)
BUY TECHM.NS @ 365.95 (size=120)
SELL TCS.NS @ 997.42 (exit: price < SMA)
SELL TECHM.NS @ 364.22 (exit: price < SMA)
SELL GRASIM.NS @ 649.79 (exit: RSI overbought)
BUY TCS.NS @ 1020.29 (size=41)
SELL LT.NS @ 879.66 (exit: profit target)
SELL TCS.NS @ 999.41 (exit: price < SMA)
SELL MARUTI.NS @ 3990.29 (exit: profit target)
SELL KOTAKBANK.NS @ 155.13 (exit: profit target)
BUY WIPRO.NS @ 94.46 (size=524)
BUY ONGC.NS @ 85.64 (size=549)
BUY HINDUNILVR.NS @ 769.88 (size=58)
SELL WIPRO.NS @ 91.80 (exit: price < SMA)
BUY AXISBANK.NS @ 529.94 (size=84)
BUY DRREDDY.NS @ 624.28 (size=68)
SELL DRREDDY.NS @ 560.44 (exit: price < SMA)
BUY BAJAJ-AUTO.NS @ 2091.60 (size=20)
BUY KOTAKBANK.NS @ 149.20 (size=285)
BUY BHARTIARTL.NS @ 309.07 (size=124)
BUY ICICIBANK.NS @ 216.17 (size=168)
SELL ICICIBANK.NS @ 212.53 (exit: price < SMA)
SELL BHARTIARTL.NS @ 305.44 (exit: price < SMA)
SELL ONGC.NS @ 85.70 (exit: price < SMA)
SELL BAJAJ-AUTO.NS @ 2250.10 (exit: RSI overbought, profit target)
SELL AXISBANK.NS @ 558.70 (exit: profit target)
BUY GRASIM.NS @ 705.82 (size=64)
SELL GRASIM.NS @ 661.53 (exit: price < SMA)
BUY TITAN.NS @ 387.37 (size=111)
BUY SUNPHARMA.NS @ 735.56 (size=58)
SELL TITAN.NS @ 385.24 (exit: price < SMA)
SELL SUNPHARMA.NS @ 720.17 (exit: price < SMA)
BUY NTPC.NS @ 91.88 (size=490)
SELL HINDUNILVR.NS @ 777.92 (exit: price < SMA)
BUY NESTLEIND.NS @ 299.64 (size=150)
BUY INDUSINDBK.NS @ 1101.58 (size=38)
SELL NESTLEIND.NS @ 296.81 (exit: price < SMA)
SELL KOTAKBANK.NS @ 160.44 (exit: profit target)
BUY RELIANCE.NS @ 222.05 (size=203)
SELL INDUSINDBK.NS @ 1165.06 (exit: profit target)
SELL NTPC.NS @ 89.30 (exit: price < SMA)
BUY SHREECEM.NS @ 16266.38 (size=2)
BUY TATASTEEL.NS @ 28.12 (size=1628)
SELL RELIANCE.NS @ 233.37 (exit: profit target)
BUY INDUSINDBK.NS @ 1110.65 (size=41)
BUY POWERGRID.NS @ 63.10 (size=726)
SELL TATASTEEL.NS @ 26.99 (exit: price < SMA)
BUY JSWSTEEL.NS @ 155.75 (size=294)
BUY BAJAJ-AUTO.NS @ 2281.98 (size=18)
SELL SHREECEM.NS @ 16049.52 (exit: price < SMA)
BUY KOTAKBANK.NS @ 156.76 (size=262)
SELL POWERGRID.NS @ 62.98 (exit: price < SMA)
BUY SBIN.NS @ 226.10 (size=180)
BUY HDFCBANK.NS @ 296.10 (size=138)
BUY ADANIPORTS.NS @ 244.38 (size=167)
SELL BAJAJ-AUTO.NS @ 2237.75 (exit: price < SMA)
SELL KOTAKBANK.NS @ 153.62 (exit: price < SMA)
BUY DRREDDY.NS @ 589.63 (size=69)
SELL JSWSTEEL.NS @ 151.49 (exit: price < SMA)
BUY DIVISLAB.NS @ 1210.30 (size=33)
SELL DRREDDY.NS @ 584.37 (exit: price < SMA)
BUY CIPLA.NS @ 545.13 (size=67)
SELL INDUSINDBK.NS @ 1170.71 (exit: profit target)
SELL SBIN.NS @ 237.53 (exit: profit target)
SELL DIVISLAB.NS @ 1186.33 (exit: price < SMA)
SELL HDFCBANK.NS @ 292.68 (exit: price < SMA)
SELL ADANIPORTS.NS @ 238.96 (exit: price < SMA)
BUY ASIANPAINT.NS @ 1088.62 (size=43)
SELL ASIANPAINT.NS @ 1069.15 (exit: price < SMA)
BUY RELIANCE.NS @ 233.19 (size=194)
SELL RELIANCE.NS @ 230.97 (exit: price < SMA)
SELL CIPLA.NS @ 542.87 (exit: price < SMA)
BUY TATASTEEL.NS @ 29.87 (size=1656)
BUY EICHERMOT.NS @ 2238.78 (size=20)
BUY GRASIM.NS @ 707.71 (size=66)
SELL EICHERMOT.NS @ 2360.04 (exit: profit target)
SELL TATASTEEL.NS @ 31.41 (exit: profit target)
SELL GRASIM.NS @ 686.12 (exit: price < SMA)
BUY BAJAJFINSV.NS @ 312.94 (size=158)
SELL BAJAJFINSV.NS @ 306.03 (exit: price < SMA)
BUY BPCL.NS @ 118.87 (size=414)
SELL BPCL.NS @ 115.99 (exit: price < SMA)
BUY BPCL.NS @ 117.83 (size=417)
SELL BPCL.NS @ 115.08 (exit: price < SMA)
BUY POWERGRID.NS @ 65.88 (size=746)
SELL POWERGRID.NS @ 65.15 (exit: price < SMA)
BUY ONGC.NS @ 116.01 (size=423)
SELL ONGC.NS @ 122.64 (exit: profit target)
BUY TCS.NS @ 916.53 (size=50)
BUY HCLTECH.NS @ 315.88 (size=147)
BUY TECHM.NS @ 347.29 (size=134)
SELL TCS.NS @ 903.63 (exit: price < SMA)
BUY INFY.NS @ 380.81 (size=111)
SELL INFY.NS @ 372.94 (exit: price < SMA)
BUY RELIANCE.NS @ 228.16 (size=195)
SELL RELIANCE.NS @ 226.26 (exit: price < SMA)
SELL TECHM.NS @ 346.48 (exit: price < SMA)
BUY LT.NS @ 804.41 (size=58)
SELL HCLTECH.NS @ 332.52 (exit: profit target)
BUY WIPRO.NS @ 80.70 (size=581)
BUY ICICIBANK.NS @ 225.22 (size=208)
SELL WIPRO.NS @ 79.31 (exit: price < SMA)
SELL LT.NS @ 860.23 (exit: profit target)
SELL ICICIBANK.NS @ 243.46 (exit: profit target)
BUY HCLTECH.NS @ 318.06 (size=139)
SELL HCLTECH.NS @ 318.74 (exit: price < SMA)
BUY SHREECEM.NS @ 14714.14 (size=3)
BUY BPCL.NS @ 123.46 (size=383)
SELL BPCL.NS @ 130.71 (exit: profit target)
SELL SHREECEM.NS @ 15619.69 (exit: profit target)
BUY ADANIPORTS.NS @ 282.88 (size=176)
BUY BPCL.NS @ 126.08 (size=375)
SELL BPCL.NS @ 119.52 (exit: price < SMA)
BUY BRITANNIA.NS @ 1362.25 (size=34)
BUY APOLLOHOSP.NS @ 1209.03 (size=39)
SELL BRITANNIA.NS @ 1345.71 (exit: price < SMA)
SELL APOLLOHOSP.NS @ 1188.75 (exit: price < SMA)
BUY NESTLEIND.NS @ 271.64 (size=173)
SELL ADANIPORTS.NS @ 309.95 (exit: profit target)
BUY M&M.NS @ 595.77 (size=79)
SELL M&M.NS @ 584.93 (exit: price < SMA)
BUY TCS.NS @ 977.89 (size=48)
SELL NESTLEIND.NS @ 287.58 (exit: profit target)
BUY BAJAJ-AUTO.NS @ 2225.72 (size=21)
BUY SUNPHARMA.NS @ 632.64 (size=75)
BUY HEROMOTOCO.NS @ 2400.01 (size=19)
SELL BAJAJ-AUTO.NS @ 2205.56 (exit: price < SMA)
SELL TCS.NS @ 967.43 (exit: price < SMA)
SELL HEROMOTOCO.NS @ 2380.40 (exit: price < SMA)
SELL SUNPHARMA.NS @ 612.67 (exit: price < SMA)
BUY ADANIPORTS.NS @ 311.76 (size=159)
BUY WIPRO.NS @ 84.88 (size=557)
SELL WIPRO.NS @ 84.57 (exit: price < SMA)
BUY INDUSINDBK.NS @ 1337.02 (size=35)
SELL ADANIPORTS.NS @ 328.27 (exit: profit target)
BUY TITAN.NS @ 452.00 (size=105)
BUY HEROMOTOCO.NS @ 2443.15 (size=19)
SELL TITAN.NS @ 484.90 (exit: profit target)
SELL HEROMOTOCO.NS @ 2576.72 (exit: profit target)
SELL INDUSINDBK.NS @ 1335.65 (exit: price < SMA)
BUY JSWSTEEL.NS @ 172.76 (size=277)
BUY POWERGRID.NS @ 74.12 (size=644)
BUY UPL.NS @ 482.15 (size=99)
BUY SBIN.NS @ 269.12 (size=159)
BUY SHREECEM.NS @ 17677.60 (size=2)
SELL POWERGRID.NS @ 72.55 (exit: price < SMA)
SELL SHREECEM.NS @ 17274.17 (exit: price < SMA)
BUY BPCL.NS @ 136.46 (size=316)
SELL SBIN.NS @ 258.93 (exit: price < SMA)
BUY ADANIPORTS.NS @ 323.23 (size=133)
SELL JSWSTEEL.NS @ 171.14 (exit: price < SMA)
BUY M&M.NS @ 611.00 (size=70)
BUY ULTRACEMCO.NS @ 4006.27 (size=10)
SELL BPCL.NS @ 143.69 (exit: profit target)
SELL UPL.NS @ 510.27 (exit: profit target)
SELL ULTRACEMCO.NS @ 3998.57 (exit: price < SMA)
SELL ADANIPORTS.NS @ 311.95 (exit: price < SMA)
BUY ADANIPORTS.NS @ 322.61 (size=148)
SELL M&M.NS @ 652.17 (exit: profit target)
BUY ULTRACEMCO.NS @ 4037.84 (size=11)
SELL ADANIPORTS.NS @ 340.60 (exit: profit target)
SELL ULTRACEMCO.NS @ 3967.87 (exit: price < SMA)
BUY BPCL.NS @ 137.49 (size=366)
SELL BPCL.NS @ 135.68 (exit: price < SMA)
BUY INFY.NS @ 375.87 (size=133)
BUY LT.NS @ 1002.43 (size=47)
SELL LT.NS @ 996.72 (exit: price < SMA)
SELL INFY.NS @ 372.56 (exit: price < SMA)
BUY EICHERMOT.NS @ 2602.04 (size=19)
SELL EICHERMOT.NS @ 2566.23 (exit: price < SMA)
BUY BAJFINANCE.NS @ 131.14 (size=382)
BUY HEROMOTOCO.NS @ 2745.42 (size=17)
BUY KOTAKBANK.NS @ 188.56 (size=240)
BUY WIPRO.NS @ 88.73 (size=511)
SELL WIPRO.NS @ 88.41 (exit: price < SMA)
SELL KOTAKBANK.NS @ 188.66 (exit: price < SMA)
SELL BAJFINANCE.NS @ 138.22 (exit: profit target)
BUY KOTAKBANK.NS @ 191.42 (size=251)
SELL HEROMOTOCO.NS @ 2762.92 (exit: price < SMA)
BUY DIVISLAB.NS @ 642.88 (size=74)
BUY HEROMOTOCO.NS @ 2783.22 (size=16)
BUY DRREDDY.NS @ 496.45 (size=87)
SELL HEROMOTOCO.NS @ 2779.09 (exit: price < SMA)
SELL KOTAKBANK.NS @ 201.49 (exit: profit target)
BUY ICICIBANK.NS @ 284.46 (size=153)
SELL DRREDDY.NS @ 467.00 (exit: price < SMA)
BUY NESTLEIND.NS @ 301.94 (size=151)
SELL NESTLEIND.NS @ 300.63 (exit: price < SMA)
SELL ICICIBANK.NS @ 279.13 (exit: price < SMA)
SELL DIVISLAB.NS @ 597.23 (exit: price < SMA)
BUY BAJAJ-AUTO.NS @ 2242.80 (size=22)
BUY ADANIPORTS.NS @ 365.45 (size=130)
SELL BAJAJ-AUTO.NS @ 2236.38 (exit: price < SMA)
BUY MARUTI.NS @ 6856.16 (size=6)
SELL ADANIPORTS.NS @ 358.95 (exit: price < SMA)
BUY NTPC.NS @ 99.91 (size=480)
SELL MARUTI.NS @ 7254.29 (exit: profit target)
BUY BPCL.NS @ 144.02 (size=332)
SELL BPCL.NS @ 142.32 (exit: price < SMA)
BUY HEROMOTOCO.NS @ 2923.80 (size=16)
SELL NTPC.NS @ 99.76 (exit: price < SMA)
BUY HINDALCO.NS @ 219.05 (size=207)
SELL HEROMOTOCO.NS @ 2844.82 (exit: price < SMA)
BUY HDFCBANK.NS @ 419.91 (size=113)
BUY TATASTEEL.NS @ 48.97 (size=976)
SELL HINDALCO.NS @ 217.34 (exit: price < SMA)
BUY HINDUNILVR.NS @ 1065.31 (size=42)
SELL HDFCBANK.NS @ 414.49 (exit: price < SMA)
BUY INDUSINDBK.NS @ 1602.05 (size=28)
BUY HDFCBANK.NS @ 418.88 (size=108)
SELL HINDUNILVR.NS @ 1027.29 (exit: price < SMA)
SELL TATASTEEL.NS @ 52.93 (exit: profit target)
BUY MARUTI.NS @ 7266.22 (size=6)
SELL MARUTI.NS @ 7228.06 (exit: price < SMA)
BUY NESTLEIND.NS @ 323.69 (size=140)
SELL INDUSINDBK.NS @ 1586.94 (exit: price < SMA)
SELL HDFCBANK.NS @ 418.83 (exit: price < SMA)
BUY KOTAKBANK.NS @ 202.72 (size=235)
BUY DRREDDY.NS @ 446.02 (size=101)
SELL KOTAKBANK.NS @ 202.04 (exit: price < SMA)
SELL NESTLEIND.NS @ 340.65 (exit: profit target)
BUY SUNPHARMA.NS @ 488.65 (size=97)
BUY CIPLA.NS @ 573.01 (size=83)
SELL DRREDDY.NS @ 439.60 (exit: price < SMA)
BUY GRASIM.NS @ 1147.31 (size=37)
SELL GRASIM.NS @ 1120.83 (exit: price < SMA)
SELL SUNPHARMA.NS @ 467.40 (exit: price < SMA)
SELL CIPLA.NS @ 559.14 (exit: price < SMA)
BUY GRASIM.NS @ 1135.48 (size=43)
BUY ULTRACEMCO.NS @ 4038.02 (size=11)
SELL GRASIM.NS @ 1117.74 (exit: price < SMA)
BUY ICICIBANK.NS @ 295.41 (size=161)
BUY TCS.NS @ 1080.25 (size=44)
BUY BAJAJ-AUTO.NS @ 2580.24 (size=16)
SELL BAJAJ-AUTO.NS @ 2565.64 (exit: price < SMA)
SELL ULTRACEMCO.NS @ 3965.56 (exit: price < SMA)
SELL TCS.NS @ 1065.71 (exit: price < SMA)
BUY TCS.NS @ 1076.73 (size=43)
SELL TCS.NS @ 1047.80 (exit: price < SMA)
SELL ICICIBANK.NS @ 297.48 (exit: price < SMA)
BUY DRREDDY.NS @ 443.14 (size=112)
SELL DRREDDY.NS @ 468.61 (exit: profit target)
BUY BHARTIARTL.NS @ 443.65 (size=112)
BUY BAJAJFINSV.NS @ 513.88 (size=92)
BUY NESTLEIND.NS @ 350.40 (size=134)
SELL BHARTIARTL.NS @ 438.02 (exit: price < SMA)
SELL BAJAJFINSV.NS @ 504.00 (exit: price < SMA)
SELL NESTLEIND.NS @ 348.46 (exit: price < SMA)
BUY ULTRACEMCO.NS @ 4148.83 (size=11)
BUY ASIANPAINT.NS @ 1096.79 (size=43)
SELL ASIANPAINT.NS @ 1079.11 (exit: price < SMA)
SELL ULTRACEMCO.NS @ 4132.43 (exit: price < SMA)
BUY UPL.NS @ 472.11 (size=105)
BUY WIPRO.NS @ 106.75 (size=464)
BUY HINDALCO.NS @ 245.66 (size=201)
SELL HINDALCO.NS @ 240.54 (exit: price < SMA)
SELL UPL.NS @ 461.73 (exit: price < SMA)
BUY TATASTEEL.NS @ 56.65 (size=785)
SELL WIPRO.NS @ 103.26 (exit: price < SMA)
SELL TATASTEEL.NS @ 53.87 (exit: price < SMA)
BUY M&M.NS @ 698.65 (size=70)
BUY AXISBANK.NS @ 560.66 (size=87)
BUY JSWSTEEL.NS @ 258.50 (size=190)
SELL AXISBANK.NS @ 556.33 (exit: price < SMA)
SELL JSWSTEEL.NS @ 277.67 (exit: profit target)
SELL M&M.NS @ 693.26 (exit: price < SMA)
BUY HCLTECH.NS @ 372.73 (size=131)
SELL HCLTECH.NS @ 369.20 (exit: price < SMA)
BUY COALINDIA.NS @ 146.62 (size=334)
SELL COALINDIA.NS @ 145.24 (exit: price < SMA)
BUY NTPC.NS @ 104.33 (size=470)
BUY UPL.NS @ 448.10 (size=103)
BUY HCLTECH.NS @ 396.29 (size=111)
BUY HEROMOTOCO.NS @ 2792.19 (size=15)
SELL UPL.NS @ 434.62 (exit: price < SMA)
SELL HCLTECH.NS @ 366.66 (exit: price < SMA)
SELL NTPC.NS @ 102.96 (exit: price < SMA)
SELL HEROMOTOCO.NS @ 2757.29 (exit: price < SMA)
BUY ITC.NS @ 193.97 (size=251)
SELL ITC.NS @ 191.00 (exit: price < SMA)
BUY INDUSINDBK.NS @ 1800.26 (size=27)
BUY ASIANPAINT.NS @ 1180.24 (size=39)
SELL INDUSINDBK.NS @ 1897.71 (exit: profit target)
SELL ASIANPAINT.NS @ 1244.67 (exit: profit target)
BUY RELIANCE.NS @ 428.90 (size=108)
BUY INDUSINDBK.NS @ 1851.59 (size=25)
SELL RELIANCE.NS @ 456.11 (exit: profit target)
SELL INDUSINDBK.NS @ 1832.17 (exit: price < SMA)
BUY KOTAKBANK.NS @ 268.21 (size=182)
SELL KOTAKBANK.NS @ 261.22 (exit: price < SMA)
BUY HCLTECH.NS @ 378.14 (size=129)
BUY MARUTI.NS @ 8489.38 (size=5)
BUY BRITANNIA.NS @ 2753.77 (size=16)
SELL MARUTI.NS @ 8492.77 (exit: price < SMA)
BUY CIPLA.NS @ 583.95 (size=72)
SELL HCLTECH.NS @ 397.65 (exit: profit target)
SELL CIPLA.NS @ 614.45 (exit: profit target)
SELL BRITANNIA.NS @ 2944.52 (exit: profit target)
BUY BAJAJFINSV.NS @ 672.67 (size=73)
BUY BAJFINANCE.NS @ 265.76 (size=176)
SELL BAJAJFINSV.NS @ 648.78 (exit: price < SMA)
BUY TITAN.NS @ 860.18 (size=51)
SELL TITAN.NS @ 843.58 (exit: price < SMA)
SELL BAJFINANCE.NS @ 255.18 (exit: price < SMA)
BUY M&M.NS @ 883.60 (size=55)
BUY ITC.NS @ 212.21 (size=231)
BUY ULTRACEMCO.NS @ 4052.75 (size=10)
SELL ULTRACEMCO.NS @ 3969.93 (exit: price < SMA)
BUY UPL.NS @ 413.68 (size=106)
BUY ICICIBANK.NS @ 305.95 (size=144)
BUY AXISBANK.NS @ 595.97 (size=74)
BUY RELIANCE.NS @ 541.40 (size=81)
BUY INFY.NS @ 580.62 (size=76)
SELL M&M.NS @ 839.47 (exit: price < SMA)
SELL ICICIBANK.NS @ 297.89 (exit: price < SMA)
SELL ITC.NS @ 212.75 (exit: price < SMA)
BUY LT.NS @ 1176.94 (size=33)
SELL AXISBANK.NS @ 596.91 (exit: price < SMA)
SELL LT.NS @ 1142.97 (exit: price < SMA)
SELL INFY.NS @ 614.66 (exit: profit target)
SELL UPL.NS @ 399.29 (exit: price < SMA)
SELL RELIANCE.NS @ 535.89 (exit: price < SMA)
BUY TCS.NS @ 1713.26 (size=28)
BUY TECHM.NS @ 557.14 (size=87)
BUY NTPC.NS @ 100.98 (size=434)
SELL TECHM.NS @ 537.83 (exit: price < SMA)
SELL NTPC.NS @ 100.23 (exit: price < SMA)
SELL TCS.NS @ 1695.67 (exit: price < SMA)
BUY DIVISLAB.NS @ 1371.34 (size=35)
BUY ICICIBANK.NS @ 330.74 (size=139)
BUY AXISBANK.NS @ 600.99 (size=76)
BUY DRREDDY.NS @ 494.27 (size=84)
SELL DIVISLAB.NS @ 1456.66 (exit: profit target)
SELL ICICIBANK.NS @ 349.51 (exit: profit target)
SELL AXISBANK.NS @ 638.19 (exit: profit target)
BUY ADANIPORTS.NS @ 346.51 (size=135)
BUY UPL.NS @ 457.08 (size=102)
BUY BHARTIARTL.NS @ 270.24 (size=173)
BUY TITAN.NS @ 868.23 (size=45)
SELL ADANIPORTS.NS @ 368.49 (exit: profit target)
BUY BAJAJ-AUTO.NS @ 2203.60 (size=18)
BUY INDUSINDBK.NS @ 1497.76 (size=25)
SELL BAJAJ-AUTO.NS @ 2176.22 (exit: price < SMA)
SELL DRREDDY.NS @ 488.97 (exit: price < SMA)
SELL BHARTIARTL.NS @ 285.21 (exit: profit target)
SELL TITAN.NS @ 921.84 (exit: profit target)
SELL UPL.NS @ 480.34 (exit: profit target)
SELL INDUSINDBK.NS @ 1455.49 (exit: price < SMA)
BUY HINDUNILVR.NS @ 1582.02 (size=31)
BUY KOTAKBANK.NS @ 242.84 (size=192)
SELL HINDUNILVR.NS @ 1563.23 (exit: price < SMA)
SELL KOTAKBANK.NS @ 257.14 (exit: profit target)
BUY ADANIPORTS.NS @ 365.56 (size=134)
SELL ADANIPORTS.NS @ 358.75 (exit: price < SMA)
BUY BAJAJFINSV.NS @ 621.35 (size=79)
BUY BPCL.NS @ 104.69 (size=447)
SELL BAJAJFINSV.NS @ 607.28 (exit: price < SMA)
SELL BPCL.NS @ 103.34 (exit: price < SMA)
BUY NESTLEIND.NS @ 512.04 (size=95)
SELL NESTLEIND.NS @ 493.86 (exit: price < SMA)
BUY WIPRO.NS @ 125.19 (size=391)
SELL WIPRO.NS @ 118.30 (exit: price < SMA)
BUY HCLTECH.NS @ 401.10 (size=121)
BUY CIPLA.NS @ 501.63 (size=92)
SELL CIPLA.NS @ 498.03 (exit: price < SMA)
SELL HCLTECH.NS @ 432.45 (exit: profit target)
BUY DIVISLAB.NS @ 1576.37 (size=29)
BUY BPCL.NS @ 113.74 (size=410)
SELL BPCL.NS @ 109.92 (exit: price < SMA)
BUY ASIANPAINT.NS @ 1364.22 (size=34)
BUY HDFCBANK.NS @ 525.35 (size=84)
SELL ASIANPAINT.NS @ 1331.17 (exit: price < SMA)
SELL DIVISLAB.NS @ 1662.40 (exit: profit target)
BUY INDUSINDBK.NS @ 1632.34 (size=28)
BUY BPCL.NS @ 112.19 (size=395)
BUY POWERGRID.NS @ 74.25 (size=598)
BUY AXISBANK.NS @ 736.90 (size=60)
SELL INDUSINDBK.NS @ 1543.25 (exit: price < SMA)
SELL BPCL.NS @ 118.95 (exit: profit target)
SELL POWERGRID.NS @ 72.25 (exit: price < SMA)
BUY SUNPHARMA.NS @ 425.14 (size=88)
SELL HDFCBANK.NS @ 553.16 (exit: profit target)
SELL SUNPHARMA.NS @ 420.08 (exit: price < SMA)
BUY APOLLOHOSP.NS @ 1170.38 (size=36)
SELL APOLLOHOSP.NS @ 1166.21 (exit: price < SMA)
BUY ICICIBANK.NS @ 372.91 (size=125)
SELL AXISBANK.NS @ 737.85 (exit: price < SMA)
SELL ICICIBANK.NS @ 368.76 (exit: price < SMA)
BUY BAJFINANCE.NS @ 289.89 (size=168)
BUY TITAN.NS @ 1078.47 (size=45)
BUY HCLTECH.NS @ 433.95 (size=101)
SELL BAJFINANCE.NS @ 281.16 (exit: price < SMA)
BUY BAJAJFINSV.NS @ 734.26 (size=56)
SELL HCLTECH.NS @ 426.44 (exit: price < SMA)
SELL TITAN.NS @ 1135.64 (exit: profit target)
SELL BAJAJFINSV.NS @ 796.79 (exit: RSI overbought, profit target)
BUY CIPLA.NS @ 524.09 (size=93)
BUY BAJAJ-AUTO.NS @ 2445.90 (size=19)
BUY WIPRO.NS @ 129.89 (size=358)
SELL BAJAJ-AUTO.NS @ 2394.74 (exit: price < SMA)
SELL CIPLA.NS @ 520.77 (exit: price < SMA)
SELL WIPRO.NS @ 136.39 (exit: profit target)
BUY HINDUNILVR.NS @ 1588.15 (size=30)
BUY ADANIPORTS.NS @ 390.08 (size=119)
BUY INFY.NS @ 619.93 (size=75)
BUY NTPC.NS @ 104.24 (size=402)
SELL INFY.NS @ 609.28 (exit: price < SMA)
BUY TITAN.NS @ 1248.03 (size=33)
SELL NTPC.NS @ 98.97 (exit: price < SMA)
SELL ADANIPORTS.NS @ 381.73 (exit: price < SMA)
BUY BAJFINANCE.NS @ 333.00 (size=120)
BUY LT.NS @ 1339.07 (size=29)
SELL HINDUNILVR.NS @ 1576.37 (exit: price < SMA)
SELL BAJFINANCE.NS @ 351.52 (exit: profit target)
SELL TITAN.NS @ 1073.10 (exit: price < SMA)
BUY BAJFINANCE.NS @ 334.54 (size=139)
SELL BAJFINANCE.NS @ 330.09 (exit: price < SMA)
SELL LT.NS @ 1317.96 (exit: price < SMA)
BUY NESTLEIND.NS @ 528.26 (size=91)
SELL NESTLEIND.NS @ 517.17 (exit: price < SMA)
BUY SUNPHARMA.NS @ 387.52 (size=125)
SELL SUNPHARMA.NS @ 421.13 (exit: profit target)
BUY ASIANPAINT.NS @ 1457.30 (size=33)
SELL ASIANPAINT.NS @ 1586.26 (exit: profit target)
BUY INFY.NS @ 683.11 (size=67)
SELL INFY.NS @ 648.62 (exit: price < SMA)
BUY ADANIPORTS.NS @ 380.30 (size=128)
BUY ITC.NS @ 180.39 (size=256)
BUY ULTRACEMCO.NS @ 3993.88 (size=11)
BUY BHARTIARTL.NS @ 344.03 (size=127)
SELL ITC.NS @ 190.29 (exit: profit target)
SELL BHARTIARTL.NS @ 361.34 (exit: profit target)
SELL ADANIPORTS.NS @ 370.75 (exit: price < SMA)
BUY NESTLEIND.NS @ 656.70 (size=71)
SELL ULTRACEMCO.NS @ 3991.84 (exit: price < SMA)
BUY GRASIM.NS @ 708.63 (size=65)
SELL GRASIM.NS @ 759.03 (exit: profit target)
BUY HINDUNILVR.NS @ 1859.99 (size=25)
BUY HCLTECH.NS @ 444.93 (size=104)
SELL HINDUNILVR.NS @ 1839.17 (exit: price < SMA)
BUY TECHM.NS @ 591.82 (size=74)
SELL NESTLEIND.NS @ 665.13 (exit: price < SMA)
SELL HCLTECH.NS @ 443.34 (exit: price < SMA)
BUY DRREDDY.NS @ 543.34 (size=86)
SELL TECHM.NS @ 622.03 (exit: profit target)
BUY RELIANCE.NS @ 677.92 (size=68)
SELL RELIANCE.NS @ 677.31 (exit: price < SMA)
BUY BAJAJFINSV.NS @ 911.99 (size=51)
BUY INDUSINDBK.NS @ 1430.84 (size=30)
SELL INDUSINDBK.NS @ 1352.47 (exit: price < SMA)
BUY WIPRO.NS @ 113.96 (size=370)
SELL BAJAJFINSV.NS @ 959.52 (exit: profit target)
SELL DRREDDY.NS @ 584.33 (exit: RSI overbought, profit target)
BUY TCS.NS @ 1868.48 (size=25)
BUY UPL.NS @ 542.47 (size=82)
SELL WIPRO.NS @ 113.43 (exit: price < SMA)
SELL UPL.NS @ 528.62 (exit: price < SMA)
BUY ASIANPAINT.NS @ 1692.15 (size=26)
SELL TCS.NS @ 1844.68 (exit: price < SMA)
BUY BAJAJFINSV.NS @ 941.49 (size=49)
SELL BAJAJFINSV.NS @ 906.07 (exit: price < SMA)
SELL ASIANPAINT.NS @ 1798.71 (exit: profit target)
BUY HEROMOTOCO.NS @ 1917.80 (size=25)
BUY BRITANNIA.NS @ 2819.21 (size=16)
SELL HEROMOTOCO.NS @ 1897.44 (exit: price < SMA)
SELL BRITANNIA.NS @ 2766.55 (exit: price < SMA)
BUY ASIANPAINT.NS @ 1737.23 (size=28)
BUY BAJFINANCE.NS @ 436.46 (size=106)
SELL ASIANPAINT.NS @ 1709.93 (exit: price < SMA)
SELL BAJFINANCE.NS @ 426.18 (exit: price < SMA)
BUY NESTLEIND.NS @ 771.57 (size=63)
SELL NESTLEIND.NS @ 758.96 (exit: price < SMA)
BUY INFY.NS @ 565.53 (size=82)
SELL INFY.NS @ 594.91 (exit: profit target)
BUY UPL.NS @ 344.67 (size=142)
SELL UPL.NS @ 364.15 (exit: profit target)
BUY POWERGRID.NS @ 64.60 (size=761)
SELL POWERGRID.NS @ 68.83 (exit: profit target)
BUY DIVISLAB.NS @ 2265.09 (size=21)
SELL DIVISLAB.NS @ 2250.83 (exit: price < SMA)
BUY ONGC.NS @ 58.72 (size=839)
SELL ONGC.NS @ 57.71 (exit: price < SMA)
BUY SUNPHARMA.NS @ 455.62 (size=107)
SELL SUNPHARMA.NS @ 449.45 (exit: price < SMA)
BUY LT.NS @ 845.85 (size=58)
SELL LT.NS @ 834.64 (exit: price < SMA)
BUY KOTAKBANK.NS @ 263.42 (size=186)
BUY ICICIBANK.NS @ 346.74 (size=141)
BUY SHREECEM.NS @ 21471.36 (size=2)
BUY GRASIM.NS @ 575.68 (size=76)
SELL SHREECEM.NS @ 21302.75 (exit: price < SMA)
SELL KOTAKBANK.NS @ 276.73 (exit: profit target)
SELL ICICIBANK.NS @ 333.63 (exit: price < SMA)
SELL GRASIM.NS @ 611.21 (exit: profit target)
BUY HEROMOTOCO.NS @ 2171.67 (size=22)
BUY BPCL.NS @ 138.18 (size=338)
BUY ITC.NS @ 147.92 (size=300)
SELL BPCL.NS @ 145.18 (exit: profit target)
SELL ITC.NS @ 155.78 (exit: profit target)
SELL HEROMOTOCO.NS @ 2289.44 (exit: profit target)
BUY EICHERMOT.NS @ 1920.55 (size=25)
SELL EICHERMOT.NS @ 2040.73 (exit: profit target)
BUY ITC.NS @ 149.03 (size=333)
BUY COALINDIA.NS @ 80.69 (size=584)
BUY LT.NS @ 879.67 (size=53)
SELL ITC.NS @ 146.61 (exit: price < SMA)
BUY SUNPHARMA.NS @ 490.88 (size=96)
BUY INFY.NS @ 808.78 (size=58)
SELL COALINDIA.NS @ 79.55 (exit: price < SMA)
BUY M&M.NS @ 582.37 (size=72)
SELL LT.NS @ 867.76 (exit: price < SMA)
BUY DRREDDY.NS @ 842.85 (size=50)
SELL SUNPHARMA.NS @ 473.57 (exit: price < SMA)
BUY POWERGRID.NS @ 72.86 (size=587)
SELL POWERGRID.NS @ 71.34 (exit: price < SMA)
SELL INFY.NS @ 852.15 (exit: profit target)
SELL DRREDDY.NS @ 896.94 (exit: profit target)
SELL M&M.NS @ 624.06 (exit: profit target)
BUY ICICIBANK.NS @ 357.42 (size=132)
BUY HINDALCO.NS @ 173.23 (size=274)
SELL ICICIBANK.NS @ 339.19 (exit: price < SMA)
SELL HINDALCO.NS @ 161.31 (exit: price < SMA)
BUY TCS.NS @ 2037.65 (size=24)
BUY DIVISLAB.NS @ 2929.95 (size=16)
SELL TCS.NS @ 2174.07 (exit: profit target)
SELL DIVISLAB.NS @ 3086.56 (exit: profit target)
BUY DRREDDY.NS @ 959.56 (size=51)
BUY TITAN.NS @ 1160.16 (size=40)
SELL TITAN.NS @ 1147.90 (exit: price < SMA)
SELL DRREDDY.NS @ 945.73 (exit: price < SMA)
BUY CIPLA.NS @ 735.11 (size=64)
SELL CIPLA.NS @ 690.90 (exit: price < SMA)
BUY APOLLOHOSP.NS @ 2007.16 (size=23)
SELL APOLLOHOSP.NS @ 2167.02 (exit: profit target)
BUY INFY.NS @ 968.35 (size=51)
SELL INFY.NS @ 1034.55 (exit: profit target)
BUY EICHERMOT.NS @ 2288.59 (size=21)
BUY INDUSINDBK.NS @ 811.87 (size=58)
SELL INDUSINDBK.NS @ 881.59 (exit: profit target)
SELL EICHERMOT.NS @ 2412.96 (exit: profit target)
BUY ITC.NS @ 157.58 (size=317)
BUY KOTAKBANK.NS @ 379.11 (size=125)
SELL KOTAKBANK.NS @ 371.23 (exit: price < SMA)
SELL ITC.NS @ 167.14 (exit: profit target)
BUY TATACONSUM.NS @ 560.58 (size=89)
BUY AXISBANK.NS @ 641.82 (size=74)
BUY ASIANPAINT.NS @ 2485.44 (size=19)
SELL ASIANPAINT.NS @ 2406.28 (exit: price < SMA)
BUY JSWSTEEL.NS @ 362.04 (size=118)
SELL TATACONSUM.NS @ 550.91 (exit: price < SMA)
SELL JSWSTEEL.NS @ 347.27 (exit: price < SMA)
BUY BPCL.NS @ 132.92 (size=357)
SELL AXISBANK.NS @ 706.40 (exit: profit target)
BUY CIPLA.NS @ 776.72 (size=61)
SELL BPCL.NS @ 140.32 (exit: profit target)
BUY TATACONSUM.NS @ 558.13 (size=81)
SELL CIPLA.NS @ 818.00 (exit: profit target)
SELL TATACONSUM.NS @ 587.18 (exit: profit target)
BUY EICHERMOT.NS @ 2686.83 (size=17)
BUY ITC.NS @ 166.83 (size=288)
SELL EICHERMOT.NS @ 2569.89 (exit: price < SMA)
SELL ITC.NS @ 162.76 (exit: price < SMA)
BUY M&M.NS @ 769.30 (size=65)
BUY ICICIBANK.NS @ 578.14 (size=86)
BUY JSWSTEEL.NS @ 374.34 (size=134)
SELL M&M.NS @ 820.48 (exit: profit target)
SELL ICICIBANK.NS @ 611.36 (exit: profit target)
SELL JSWSTEEL.NS @ 405.30 (exit: profit target)
BUY SHREECEM.NS @ 26390.50 (size=1)
BUY RELIANCE.NS @ 944.04 (size=53)
BUY APOLLOHOSP.NS @ 2896.73 (size=17)
SELL SHREECEM.NS @ 27738.11 (exit: profit target)
SELL RELIANCE.NS @ 902.99 (exit: price < SMA)
SELL APOLLOHOSP.NS @ 2773.09 (exit: price < SMA)
BUY ADANIPORTS.NS @ 709.64 (size=71)
BUY INFY.NS @ 1197.90 (size=39)
SELL INFY.NS @ 1174.17 (exit: price < SMA)
BUY BRITANNIA.NS @ 3320.58 (size=14)
SELL BRITANNIA.NS @ 3263.87 (exit: price < SMA)
BUY HINDUNILVR.NS @ 2164.52 (size=22)
BUY TITAN.NS @ 1468.80 (size=32)
SELL TITAN.NS @ 1402.14 (exit: price < SMA)
SELL ADANIPORTS.NS @ 746.24 (exit: profit target)
BUY TATACONSUM.NS @ 620.76 (size=73)
SELL TATACONSUM.NS @ 605.13 (exit: price < SMA)
SELL HINDUNILVR.NS @ 2141.72 (exit: price < SMA)
BUY SUNPHARMA.NS @ 637.47 (size=78)
SELL SUNPHARMA.NS @ 632.99 (exit: price < SMA)
BUY NTPC.NS @ 94.64 (size=530)
BUY POWERGRID.NS @ 101.30 (size=495)
BUY UPL.NS @ 733.55 (size=61)
BUY HEROMOTOCO.NS @ 2465.93 (size=17)
SELL UPL.NS @ 772.74 (exit: profit target)
SELL HEROMOTOCO.NS @ 2447.91 (exit: price < SMA)
BUY RELIANCE.NS @ 957.55 (size=47)
SELL POWERGRID.NS @ 99.11 (exit: price < SMA)
BUY BAJAJ-AUTO.NS @ 3615.18 (size=12)
BUY TCS.NS @ 2834.01 (size=16)
SELL RELIANCE.NS @ 942.42 (exit: price < SMA)
SELL BAJAJ-AUTO.NS @ 3579.22 (exit: price < SMA)
SELL TCS.NS @ 2820.71 (exit: price < SMA)
SELL NTPC.NS @ 99.93 (exit: profit target)
BUY HCLTECH.NS @ 812.96 (size=61)
BUY TATACONSUM.NS @ 730.40 (size=65)
SELL HCLTECH.NS @ 857.83 (exit: profit target)
BUY NTPC.NS @ 98.06 (size=490)
SELL NTPC.NS @ 97.10 (exit: price < SMA)
SELL TATACONSUM.NS @ 781.25 (exit: profit target)
BUY TATASTEEL.NS @ 121.07 (size=417)
BUY HINDALCO.NS @ 392.24 (size=128)
SELL HINDALCO.NS @ 418.53 (exit: profit target)
BUY POWERGRID.NS @ 101.65 (size=473)
SELL TATASTEEL.NS @ 127.64 (exit: profit target)
SELL POWERGRID.NS @ 100.93 (exit: price < SMA)
BUY TATASTEEL.NS @ 121.98 (size=415)
SELL TATASTEEL.NS @ 110.29 (exit: price < SMA)
BUY HINDALCO.NS @ 438.26 (size=115)
SELL HINDALCO.NS @ 469.60 (exit: profit target)
BUY TATACONSUM.NS @ 809.60 (size=62)
BUY APOLLOHOSP.NS @ 4673.58 (size=10)
SELL APOLLOHOSP.NS @ 4356.78 (exit: price < SMA)
BUY AXISBANK.NS @ 778.90 (size=61)
BUY TECHM.NS @ 1202.59 (size=39)
SELL TATACONSUM.NS @ 787.20 (exit: price < SMA)
SELL AXISBANK.NS @ 763.36 (exit: price < SMA)
BUY ASIANPAINT.NS @ 3121.06 (size=13)
BUY CIPLA.NS @ 905.12 (size=50)
SELL CIPLA.NS @ 884.69 (exit: price < SMA)
BUY GRASIM.NS @ 1555.58 (size=29)
BUY TCS.NS @ 3262.88 (size=13)
SELL TECHM.NS @ 1206.77 (exit: price < SMA)
SELL TCS.NS @ 3233.89 (exit: price < SMA)
BUY HCLTECH.NS @ 1046.47 (size=41)
SELL GRASIM.NS @ 1638.69 (exit: profit target)
SELL ASIANPAINT.NS @ 3062.48 (exit: price < SMA)
SELL HCLTECH.NS @ 1007.48 (exit: price < SMA)
BUY HINDALCO.NS @ 457.16 (size=105)
BUY BAJFINANCE.NS @ 734.11 (size=65)
BUY AXISBANK.NS @ 784.23 (size=61)
SELL BAJFINANCE.NS @ 734.31 (exit: price < SMA)
SELL AXISBANK.NS @ 755.20 (exit: price < SMA)
SELL HINDALCO.NS @ 455.55 (exit: price < SMA)
BUY HDFCBANK.NS @ 761.14 (size=65)
BUY RELIANCE.NS @ 1138.42 (size=44)
SELL HDFCBANK.NS @ 747.82 (exit: price < SMA)
SELL RELIANCE.NS @ 1145.67 (exit: price < SMA)
BUY ICICIBANK.NS @ 737.41 (size=67)
SELL ICICIBANK.NS @ 700.55 (exit: price < SMA)
BUY TITAN.NS @ 2344.73 (size=21)
SELL TITAN.NS @ 2338.56 (exit: price < SMA)
BUY ASIANPAINT.NS @ 3240.07 (size=15)
BUY HCLTECH.NS @ 1062.12 (size=44)
BUY TECHM.NS @ 1445.57 (size=31)
SELL HCLTECH.NS @ 1011.87 (exit: price < SMA)
BUY BAJAJFINSV.NS @ 1722.44 (size=26)
SELL BAJAJFINSV.NS @ 1630.25 (exit: price < SMA)
SELL ASIANPAINT.NS @ 3153.83 (exit: price < SMA)
SELL TECHM.NS @ 1387.08 (exit: price < SMA)
BUY LT.NS @ 1847.68 (size=26)
BUY UPL.NS @ 746.24 (size=63)
BUY EICHERMOT.NS @ 2561.19 (size=17)
SELL LT.NS @ 1808.52 (exit: price < SMA)
SELL UPL.NS @ 727.12 (exit: price < SMA)
SELL EICHERMOT.NS @ 2483.87 (exit: price < SMA)
BUY M&M.NS @ 822.97 (size=59)
SELL M&M.NS @ 795.95 (exit: price < SMA)
BUY CIPLA.NS @ 892.82 (size=55)
SELL CIPLA.NS @ 880.48 (exit: price < SMA)
BUY BAJAJ-AUTO.NS @ 3147.44 (size=15)
BUY MARUTI.NS @ 8059.86 (size=5)
SELL BAJAJ-AUTO.NS @ 3051.00 (exit: price < SMA)
SELL MARUTI.NS @ 7537.18 (exit: price < SMA)
BUY TITAN.NS @ 2491.21 (size=19)
BUY HINDALCO.NS @ 553.41 (size=84)
SELL TITAN.NS @ 2426.51 (exit: price < SMA)
BUY TCS.NS @ 3279.77 (size=14)
SELL HINDALCO.NS @ 527.03 (exit: price < SMA)
SELL TCS.NS @ 3253.87 (exit: price < SMA)
BUY BAJFINANCE.NS @ 689.99 (size=70)
BUY BPCL.NS @ 152.99 (size=302)
SELL BAJFINANCE.NS @ 658.75 (exit: price < SMA)
SELL BPCL.NS @ 150.06 (exit: price < SMA)
BUY ULTRACEMCO.NS @ 6482.63 (size=7)
BUY SUNPHARMA.NS @ 866.52 (size=53)
BUY TATACONSUM.NS @ 751.16 (size=58)
SELL ULTRACEMCO.NS @ 6214.20 (exit: price < SMA)
SELL SUNPHARMA.NS @ 844.64 (exit: price < SMA)
SELL TATACONSUM.NS @ 733.64 (exit: price < SMA)
BUY UPL.NS @ 747.30 (size=61)
BUY ASIANPAINT.NS @ 2972.30 (size=15)
SELL ASIANPAINT.NS @ 2940.80 (exit: price < SMA)
SELL UPL.NS @ 735.14 (exit: price < SMA)
BUY BAJAJ-AUTO.NS @ 3365.66 (size=14)
SELL BAJAJ-AUTO.NS @ 3337.25 (exit: price < SMA)
BUY MARUTI.NS @ 7415.59 (size=6)
SELL MARUTI.NS @ 7389.36 (exit: price < SMA)
BUY HDFCBANK.NS @ 648.40 (size=74)
SELL HDFCBANK.NS @ 681.74 (exit: profit target)
BUY BRITANNIA.NS @ 3533.04 (size=13)
BUY TATACONSUM.NS @ 754.30 (size=61)
BUY DIVISLAB.NS @ 3657.15 (size=11)
SELL DIVISLAB.NS @ 3514.30 (exit: price < SMA)
SELL BRITANNIA.NS @ 3505.31 (exit: price < SMA)
BUY SUNPHARMA.NS @ 846.59 (size=54)
BUY TECHM.NS @ 928.01 (size=46)
SELL TATACONSUM.NS @ 817.65 (exit: profit target)
BUY RELIANCE.NS @ 1168.81 (size=35)
SELL SUNPHARMA.NS @ 841.33 (exit: price < SMA)
BUY SHREECEM.NS @ 20788.54 (size=2)
BUY BAJAJ-AUTO.NS @ 3714.12 (size=11)
SELL BAJAJ-AUTO.NS @ 3688.54 (exit: price < SMA)
SELL SHREECEM.NS @ 22851.43 (exit: profit target)
SELL TECHM.NS @ 976.44 (exit: profit target)
BUY M&M.NS @ 1218.35 (size=38)
BUY ASIANPAINT.NS @ 3218.21 (size=14)
BUY TATASTEEL.NS @ 98.05 (size=475)
BUY ULTRACEMCO.NS @ 6373.48 (size=7)
SELL RELIANCE.NS @ 1140.88 (exit: price < SMA)
BUY HINDALCO.NS @ 404.52 (size=115)
SELL ULTRACEMCO.NS @ 6208.62 (exit: price < SMA)
SELL TATASTEEL.NS @ 96.10 (exit: price < SMA)
BUY TATASTEEL.NS @ 96.75 (size=430)
SELL HINDALCO.NS @ 388.68 (exit: price < SMA)
SELL M&M.NS @ 1205.00 (exit: price < SMA)
BUY BAJFINANCE.NS @ 714.86 (size=58)
SELL TATASTEEL.NS @ 92.62 (exit: price < SMA)
SELL ASIANPAINT.NS @ 3458.51 (exit: profit target)
SELL BAJFINANCE.NS @ 699.62 (exit: price < SMA)
BUY ASIANPAINT.NS @ 3278.50 (size=14)
SELL ASIANPAINT.NS @ 3237.48 (exit: price < SMA)
BUY EICHERMOT.NS @ 3344.63 (size=14)
SELL EICHERMOT.NS @ 3291.18 (exit: price < SMA)
BUY INDUSINDBK.NS @ 1134.76 (size=42)
SELL INDUSINDBK.NS @ 1117.45 (exit: price < SMA)
BUY APOLLOHOSP.NS @ 4341.02 (size=11)
SELL APOLLOHOSP.NS @ 4320.71 (exit: price < SMA)
BUY M&M.NS @ 1254.42 (size=38)
SELL M&M.NS @ 1245.69 (exit: price < SMA)
BUY COALINDIA.NS @ 180.26 (size=267)
BUY SUNPHARMA.NS @ 982.12 (size=46)
BUY KOTAKBANK.NS @ 378.24 (size=115)
SELL SUNPHARMA.NS @ 946.47 (exit: price < SMA)
BUY INFY.NS @ 1439.25 (size=30)
SELL KOTAKBANK.NS @ 372.01 (exit: price < SMA)
BUY BHARTIARTL.NS @ 814.03 (size=53)
SELL INFY.NS @ 1412.83 (exit: price < SMA)
BUY ADANIPORTS.NS @ 846.93 (size=51)
SELL COALINDIA.NS @ 179.10 (exit: price < SMA)
SELL ADANIPORTS.NS @ 844.18 (exit: price < SMA)
SELL BHARTIARTL.NS @ 799.11 (exit: price < SMA)
BUY SHREECEM.NS @ 22926.05 (size=2)
BUY BRITANNIA.NS @ 4063.51 (size=11)
BUY JSWSTEEL.NS @ 725.56 (size=59)
BUY HINDUNILVR.NS @ 2445.44 (size=16)
SELL HINDUNILVR.NS @ 2438.58 (exit: price < SMA)
SELL JSWSTEEL.NS @ 717.72 (exit: price < SMA)
SELL SHREECEM.NS @ 23224.50 (exit: price < SMA)
BUY INDUSINDBK.NS @ 1174.48 (size=38)
SELL BRITANNIA.NS @ 4137.37 (exit: price < SMA)
SELL INDUSINDBK.NS @ 1131.05 (exit: price < SMA)
BUY LT.NS @ 2085.42 (size=22)
SELL LT.NS @ 2071.13 (exit: price < SMA)
BUY ITC.NS @ 323.86 (size=148)
BUY ONGC.NS @ 128.39 (size=354)
SELL ONGC.NS @ 135.09 (exit: profit target)
SELL ITC.NS @ 341.50 (exit: profit target)
BUY ULTRACEMCO.NS @ 7316.66 (size=6)
BUY LT.NS @ 2179.31 (size=21)
SELL ULTRACEMCO.NS @ 7704.98 (exit: profit target)
BUY HINDALCO.NS @ 412.71 (size=111)
SELL LT.NS @ 2158.85 (exit: price < SMA)
SELL HINDALCO.NS @ 396.92 (exit: price < SMA)
BUY POWERGRID.NS @ 156.52 (size=308)
BUY DIVISLAB.NS @ 3095.07 (size=15)
BUY JSWSTEEL.NS @ 693.83 (size=62)
BUY GRASIM.NS @ 1669.47 (size=26)
SELL DIVISLAB.NS @ 3323.06 (exit: profit target)
SELL JSWSTEEL.NS @ 685.85 (exit: price < SMA)
BUY JSWSTEEL.NS @ 694.32 (size=63)
SELL JSWSTEEL.NS @ 686.14 (exit: price < SMA)
SELL POWERGRID.NS @ 154.76 (exit: price < SMA)
BUY COALINDIA.NS @ 188.14 (size=232)
BUY POWERGRID.NS @ 156.49 (size=281)
SELL COALINDIA.NS @ 187.61 (exit: price < SMA)
BUY TECHM.NS @ 976.73 (size=45)
SELL TECHM.NS @ 969.21 (exit: price < SMA)
BUY WIPRO.NS @ 181.91 (size=241)
SELL WIPRO.NS @ 178.34 (exit: price < SMA)
BUY TECHM.NS @ 982.11 (size=42)
SELL POWERGRID.NS @ 165.22 (exit: profit target)
BUY ADANIPORTS.NS @ 703.08 (size=62)
SELL GRASIM.NS @ 1687.32 (exit: price < SMA)
SELL ADANIPORTS.NS @ 744.62 (exit: profit target)
SELL TECHM.NS @ 1046.66 (exit: profit target)
BUY ULTRACEMCO.NS @ 7984.00 (size=6)
BUY INFY.NS @ 1237.66 (size=39)
BUY ITC.NS @ 407.63 (size=107)
BUY BPCL.NS @ 159.71 (size=260)
BUY M&M.NS @ 1425.43 (size=29)
BUY BAJFINANCE.NS @ 720.33 (size=57)
BUY AXISBANK.NS @ 958.34 (size=43)
BUY BAJAJFINSV.NS @ 1583.08 (size=21)
SELL AXISBANK.NS @ 948.41 (exit: price < SMA)
SELL BPCL.NS @ 155.43 (exit: price < SMA)
SELL BAJFINANCE.NS @ 712.35 (exit: price < SMA)
SELL BAJAJFINSV.NS @ 1525.29 (exit: price < SMA)
BUY HEROMOTOCO.NS @ 2741.05 (size=12)
BUY SBIN.NS @ 569.33 (size=66)
BUY ICICIBANK.NS @ 941.69 (size=40)
SELL ULTRACEMCO.NS @ 8037.24 (exit: price < SMA)
SELL ITC.NS @ 402.12 (exit: price < SMA)
SELL SBIN.NS @ 552.75 (exit: price < SMA)
SELL M&M.NS @ 1503.72 (exit: profit target)
SELL INFY.NS @ 1318.43 (exit: profit target)
SELL ICICIBANK.NS @ 935.32 (exit: price < SMA)
SELL HEROMOTOCO.NS @ 2680.25 (exit: price < SMA)
BUY WIPRO.NS @ 191.01 (size=254)
BUY ICICIBANK.NS @ 943.29 (size=51)
BUY GRASIM.NS @ 1770.59 (size=27)
BUY SUNPHARMA.NS @ 1084.57 (size=44)
SELL WIPRO.NS @ 203.03 (exit: RSI overbought, profit target)
SELL ICICIBANK.NS @ 942.06 (exit: price < SMA)
BUY AXISBANK.NS @ 963.48 (size=43)
SELL AXISBANK.NS @ 1012.80 (exit: profit target)
SELL GRASIM.NS @ 1911.02 (exit: RSI overbought, profit target)
BUY WIPRO.NS @ 195.73 (size=238)
SELL WIPRO.NS @ 193.68 (exit: price < SMA)
SELL SUNPHARMA.NS @ 1096.71 (exit: price < SMA)
BUY TECHM.NS @ 1150.35 (size=42)
SELL TECHM.NS @ 1137.90 (exit: price < SMA)
BUY AXISBANK.NS @ 993.93 (size=49)
BUY ADANIPORTS.NS @ 812.05 (size=57)
SELL ADANIPORTS.NS @ 807.44 (exit: price < SMA)
BUY TCS.NS @ 3290.74 (size=14)
BUY HCLTECH.NS @ 1119.27 (size=41)
BUY APOLLOHOSP.NS @ 4961.71 (size=9)
SELL TCS.NS @ 3239.37 (exit: price < SMA)
SELL APOLLOHOSP.NS @ 4945.22 (exit: price < SMA)
SELL AXISBANK.NS @ 978.76 (exit: price < SMA)
BUY SHREECEM.NS @ 25443.27 (size=1)
SELL SHREECEM.NS @ 25170.40 (exit: price < SMA)
BUY MARUTI.NS @ 10190.12 (size=4)
SELL HCLTECH.NS @ 1178.22 (exit: profit target)
SELL MARUTI.NS @ 10023.56 (exit: price < SMA)
BUY HEROMOTOCO.NS @ 2794.76 (size=17)
BUY BAJAJFINSV.NS @ 1568.05 (size=29)
SELL HEROMOTOCO.NS @ 3003.49 (exit: profit target)
SELL BAJAJFINSV.NS @ 1652.55 (exit: profit target)
BUY INDUSINDBK.NS @ 1450.00 (size=33)
BUY CIPLA.NS @ 1189.40 (size=41)
BUY HINDUNILVR.NS @ 2420.58 (size=18)
SELL HINDUNILVR.NS @ 2406.55 (exit: price < SMA)
BUY DRREDDY.NS @ 1094.60 (size=40)
SELL CIPLA.NS @ 1176.01 (exit: price < SMA)
SELL INDUSINDBK.NS @ 1534.66 (exit: profit target)
BUY NESTLEIND.NS @ 1190.49 (size=39)
SELL NESTLEIND.NS @ 1256.64 (exit: profit target)
SELL DRREDDY.NS @ 1157.47 (exit: profit target)
BUY EICHERMOT.NS @ 3800.56 (size=13)
BUY JSWSTEEL.NS @ 828.91 (size=56)
BUY ICICIBANK.NS @ 971.23 (size=46)
BUY TCS.NS @ 3414.97 (size=13)
BUY SHREECEM.NS @ 27048.96 (size=1)
BUY KOTAKBANK.NS @ 364.40 (size=110)
BUY GRASIM.NS @ 2040.58 (size=18)
SELL SHREECEM.NS @ 26566.46 (exit: price < SMA)
SELL EICHERMOT.NS @ 3751.79 (exit: price < SMA)
BUY INFY.NS @ 1406.77 (size=27)
BUY HINDUNILVR.NS @ 2445.34 (size=15)
SELL TCS.NS @ 3616.14 (exit: profit target)
SELL INFY.NS @ 1518.38 (exit: profit target)
BUY SBIN.NS @ 603.56 (size=65)
SELL KOTAKBANK.NS @ 355.13 (exit: price < SMA)
BUY AXISBANK.NS @ 1080.54 (size=36)
BUY ASIANPAINT.NS @ 3171.48 (size=12)
BUY TATASTEEL.NS @ 126.11 (size=312)
SELL JSWSTEEL.NS @ 804.17 (exit: price < SMA)
BUY NTPC.NS @ 282.57 (size=126)
BUY POWERGRID.NS @ 214.88 (size=166)
SELL HINDUNILVR.NS @ 2449.18 (exit: price < SMA)
SELL ASIANPAINT.NS @ 3094.74 (exit: price < SMA)
BUY INDUSINDBK.NS @ 1543.96 (size=23)
SELL INDUSINDBK.NS @ 1425.87 (exit: price < SMA)
SELL SBIN.NS @ 583.41 (exit: price < SMA)
SELL TATASTEEL.NS @ 124.62 (exit: price < SMA)
BUY ULTRACEMCO.NS @ 9711.48 (size=3)
SELL POWERGRID.NS @ 226.61 (exit: profit target)
SELL AXISBANK.NS @ 1057.43 (exit: price < SMA)
BUY HINDALCO.NS @ 557.84 (size=68)
SELL NTPC.NS @ 297.15 (exit: profit target)
BUY ITC.NS @ 401.76 (size=99)
SELL ITC.NS @ 396.61 (exit: price < SMA)
BUY LT.NS @ 3420.71 (size=12)
SELL GRASIM.NS @ 2158.82 (exit: profit target)
BUY TITAN.NS @ 3674.43 (size=11)
SELL LT.NS @ 3340.34 (exit: price < SMA)
SELL TITAN.NS @ 3604.77 (exit: price < SMA)
BUY BRITANNIA.NS @ 4948.15 (size=8)
SELL ICICIBANK.NS @ 973.35 (exit: price < SMA)
SELL BRITANNIA.NS @ 4750.65 (exit: price < SMA)
SELL HINDALCO.NS @ 593.52 (exit: profit target)
SELL ULTRACEMCO.NS @ 9732.62 (exit: price < SMA)
BUY HEROMOTOCO.NS @ 4206.33 (size=11)
BUY BAJAJ-AUTO.NS @ 7651.66 (size=6)
SELL BAJAJ-AUTO.NS @ 8079.65 (exit: profit target)
BUY POWERGRID.NS @ 247.34 (size=190)
BUY ADANIPORTS.NS @ 1256.32 (size=35)
BUY TATASTEEL.NS @ 136.45 (size=328)
BUY RELIANCE.NS @ 1420.96 (size=31)
BUY BPCL.NS @ 261.51 (size=145)
BUY SBIN.NS @ 705.66 (size=54)
BUY ONGC.NS @ 233.10 (size=163)
SELL RELIANCE.NS @ 1407.81 (exit: price < SMA)
SELL TATASTEEL.NS @ 143.40 (exit: profit target)
SELL BPCL.NS @ 248.69 (exit: price < SMA)
SELL POWERGRID.NS @ 242.38 (exit: price < SMA)
SELL ADANIPORTS.NS @ 1229.91 (exit: price < SMA)
BUY COALINDIA.NS @ 377.58 (size=114)
SELL HEROMOTOCO.NS @ 4418.89 (exit: profit target)
SELL ONGC.NS @ 245.49 (exit: profit target)
SELL SBIN.NS @ 743.41 (exit: profit target)
BUY NESTLEIND.NS @ 1251.32 (size=36)
SELL NESTLEIND.NS @ 1223.94 (exit: price < SMA)
SELL COALINDIA.NS @ 401.23 (exit: profit target)
BUY GRASIM.NS @ 2209.49 (size=22)
BUY BAJAJ-AUTO.NS @ 8517.65 (size=5)
BUY NTPC.NS @ 326.89 (size=138)
SELL GRASIM.NS @ 2352.52 (exit: profit target)
SELL NTPC.NS @ 346.05 (exit: profit target)
BUY LT.NS @ 3538.42 (size=13)
BUY BAJFINANCE.NS @ 685.46 (size=66)
SELL LT.NS @ 3440.42 (exit: price < SMA)
SELL BAJAJ-AUTO.NS @ 8395.17 (exit: price < SMA)
SELL BAJFINANCE.NS @ 672.40 (exit: price < SMA)
BUY ITC.NS @ 380.55 (size=131)
BUY MARUTI.NS @ 12248.14 (size=3)
BUY TATASTEEL.NS @ 157.24 (size=289)
SELL ITC.NS @ 379.43 (exit: price < SMA)
BUY NTPC.NS @ 342.24 (size=133)
SELL MARUTI.NS @ 12151.76 (exit: price < SMA)
BUY HINDUNILVR.NS @ 2238.72 (size=20)
BUY JSWSTEEL.NS @ 871.36 (size=52)
SELL NTPC.NS @ 373.51 (exit: profit target)
SELL TATASTEEL.NS @ 166.92 (exit: profit target)
BUY POWERGRID.NS @ 276.96 (size=164)
BUY HDFCBANK.NS @ 731.68 (size=62)
SELL HINDUNILVR.NS @ 2399.49 (exit: profit target)
BUY AXISBANK.NS @ 1129.41 (size=40)
SELL JSWSTEEL.NS @ 833.06 (exit: price < SMA)
BUY BHARTIARTL.NS @ 1281.78 (size=35)
BUY HINDALCO.NS @ 640.65 (size=70)
BUY SBIN.NS @ 774.20 (size=50)
BUY ADANIPORTS.NS @ 1342.28 (size=28)
BUY ICICIBANK.NS @ 1090.77 (size=35)
SELL HINDALCO.NS @ 686.25 (exit: profit target)
SELL HDFCBANK.NS @ 769.45 (exit: profit target)
SELL BHARTIARTL.NS @ 1351.70 (exit: profit target)
SELL SBIN.NS @ 813.61 (exit: profit target)
SELL POWERGRID.NS @ 295.54 (exit: profit target)
SELL AXISBANK.NS @ 1198.05 (exit: profit target)
SELL ICICIBANK.NS @ 1089.49 (exit: price < SMA)
SELL ADANIPORTS.NS @ 1423.77 (exit: profit target)
BUY RELIANCE.NS @ 1443.52 (size=35)
SELL RELIANCE.NS @ 1430.88 (exit: price < SMA)
BUY BAJAJ-AUTO.NS @ 9184.67 (size=5)
BUY EICHERMOT.NS @ 4602.47 (size=11)
BUY ITC.NS @ 388.02 (size=131)
SELL EICHERMOT.NS @ 4562.58 (exit: price < SMA)
SELL ITC.NS @ 387.38 (exit: price < SMA)
BUY M&M.NS @ 2710.23 (size=17)
BUY KOTAKBANK.NS @ 351.11 (size=131)
BUY WIPRO.NS @ 237.07 (size=194)
BUY RELIANCE.NS @ 1489.65 (size=31)
SELL RELIANCE.NS @ 1476.97 (exit: price < SMA)
SELL BAJAJ-AUTO.NS @ 9031.31 (exit: price < SMA)
SELL KOTAKBANK.NS @ 348.84 (exit: price < SMA)
BUY NESTLEIND.NS @ 1250.58 (size=33)
SELL NESTLEIND.NS @ 1220.68 (exit: price < SMA)
SELL M&M.NS @ 2864.78 (exit: profit target)
BUY BAJAJFINSV.NS @ 1585.68 (size=29)
BUY SHREECEM.NS @ 27059.48 (size=1)
BUY ADANIPORTS.NS @ 1486.62 (size=30)
SELL SHREECEM.NS @ 26659.02 (exit: price < SMA)
SELL WIPRO.NS @ 227.32 (exit: price < SMA)
SELL BAJAJFINSV.NS @ 1566.94 (exit: price < SMA)
BUY BHARTIARTL.NS @ 1423.65 (size=33)
BUY BRITANNIA.NS @ 5572.72 (size=8)
SELL ADANIPORTS.NS @ 1454.87 (exit: price < SMA)
SELL BHARTIARTL.NS @ 1501.00 (exit: profit target)
SELL BRITANNIA.NS @ 5862.62 (exit: profit target)
BUY TECHM.NS @ 1521.13 (size=31)
BUY UPL.NS @ 581.78 (size=83)
BUY CIPLA.NS @ 1604.66 (size=28)
SELL TECHM.NS @ 1519.20 (exit: price < SMA)
BUY HEROMOTOCO.NS @ 5384.62 (size=8)
SELL UPL.NS @ 615.57 (exit: profit target)
BUY HDFCBANK.NS @ 829.78 (size=55)
BUY APOLLOHOSP.NS @ 6878.25 (size=6)
SELL HDFCBANK.NS @ 817.77 (exit: price < SMA)
SELL APOLLOHOSP.NS @ 6746.43 (exit: price < SMA)
SELL HEROMOTOCO.NS @ 5204.06 (exit: price < SMA)
SELL CIPLA.NS @ 1578.88 (exit: price < SMA)
BUY WIPRO.NS @ 249.79 (size=202)
SELL WIPRO.NS @ 263.50 (exit: profit target)
BUY DIVISLAB.NS @ 5932.64 (size=8)
SELL DIVISLAB.NS @ 5850.06 (exit: price < SMA)
BUY ICICIBANK.NS @ 1278.53 (size=39)
BUY SHREECEM.NS @ 25621.41 (size=1)
BUY INFY.NS @ 1851.21 (size=26)
SELL SHREECEM.NS @ 25525.89 (exit: price < SMA)
SELL ICICIBANK.NS @ 1271.84 (exit: price < SMA)

Initial Capital: ₹1,000,000.00
Final Portfolio: ₹1,014,093.24
Total Return: +1.41%

================================================================================
📈 COMPREHENSIVE PERFORMANCE ANALYSIS
================================================================================

💰 RETURNS ANALYSIS:
   Total Return: 1.40%
   Average Return: 0.00%
   CAGR: 0.14%
   XIRR: 0.14%
   Annual Returns:
     2015: -1.28%
     2016: -0.53%
     2017: 1.09%
     2018: -0.79%
     2019: -0.20%
     2020: 1.83%
     2021: -0.23%
     2022: -3.86%
     2023: 3.13%
     2024: 2.44%

🎯 RISK ANALYSIS:
   Sharpe Ratio: -3.59 (Higher is better, >1 is good)
   Sharpe Ratio indicates how my returns are with respect to volatility of returns. A higher Sharpe Ratio means better risk-adjusted returns.
   Sortino Ratio: -4.52 (Higher is better, >1 is good)
   Sortino Ratio indicates how my returns are with respect to downside volatility. A higher Sortino Ratio means better risk-adjusted returns.
   Max Drawdown: 5.60% (Usually it should be 15-20% or lower)
   Drawdown Period: 894 days (Lower is better)

📊 TRADING STATISTICS:
   Total Trades: 573
   Winning Trades: 194
   Losing Trades: 376
   Win Rate: 33.9%
   Average Win: ₹2227.67
   Average Loss: ₹-1109.30
   Risk/Reward Ratio: 2.01
   Expectancy: 20.49
   Profit Factor: 1.04
