Fetching stock data...

Starting Backtest with 46 stocks
Initial Capital: ₹1,000,000.00

🔄 Running Backtest...
BUY BPCL.NS @ 63.86 (size=4697)
SELL BPCL.NS @ 63.12
BUY M&M.NS @ 565.09 (size=529)
BUY COALINDIA.NS @ 178.05 (size=1169)
SELL COALINDIA.NS @ 175.66
BUY BAJAJFINSV.NS @ 187.02 (size=1106)
SELL M&M.NS @ 567.53
SELL BAJAJFINSV.NS @ 170.63
BUY MARUTI.NS @ 3841.15 (size=76)
SELL MARUTI.NS @ 3838.14
BUY APOLLOHOSP.NS @ 1358.00 (size=215)
BUY DRREDDY.NS @ 785.57 (size=260)
SELL DRREDDY.NS @ 769.29
SELL APOLLOHOSP.NS @ 1298.45
BUY HDFCBANK.NS @ 244.79 (size=1167)
SELL HDFCBANK.NS @ 242.44
BUY BAJAJFINSV.NS @ 191.33 (size=1488)
SELL BAJAJFINSV.NS @ 188.23
BUY TITAN.NS @ 349.98 (size=571)
SELL TITAN.NS @ 341.71
BUY RELIANCE.NS @ 222.84 (size=1269)
SELL RELIANCE.NS @ 218.40
BUY HEROMOTOCO.NS @ 2107.87 (size=133)
SELL HEROMOTOCO.NS @ 2089.08
BUY TITAN.NS @ 348.81 (size=797)
SELL TITAN.NS @ 343.82
BUY TECHM.NS @ 365.95 (size=756)
SELL TECHM.NS @ 364.22
BUY SUNPHARMA.NS @ 719.16 (size=386)
SELL SUNPHARMA.NS @ 720.17
BUY POWERGRID.NS @ 63.10 (size=4407)
BUY JSWSTEEL.NS @ 155.75 (size=1785)
BUY KOTAKBANK.NS @ 158.30 (size=699)
SELL POWERGRID.NS @ 62.98
BUY SBIN.NS @ 226.10 (size=713)
SELL KOTAKBANK.NS @ 153.62
SELL JSWSTEEL.NS @ 151.49
BUY EICHERMOT.NS @ 2238.78 (size=100)
BUY GRASIM.NS @ 707.71 (size=319)
SELL SBIN.NS @ 229.57
SELL GRASIM.NS @ 686.12
SELL EICHERMOT.NS @ 2230.37
BUY POWERGRID.NS @ 65.88 (size=4119)
SELL POWERGRID.NS @ 65.15
BUY ONGC.NS @ 116.01 (size=2328)
SELL ONGC.NS @ 118.38
BUY BPCL.NS @ 122.49 (size=2215)
SELL BPCL.NS @ 119.52
BUY BRITANNIA.NS @ 1362.25 (size=197)
SELL BRITANNIA.NS @ 1345.71
BUY NESTLEIND.NS @ 271.64 (size=984)
BUY TCS.NS @ 977.89 (size=190)
BUY BAJAJ-AUTO.NS @ 2225.72 (size=58)
SELL BAJAJ-AUTO.NS @ 2205.56
SELL TCS.NS @ 967.43
SELL NESTLEIND.NS @ 280.85
BUY ADANIPORTS.NS @ 303.91 (size=883)
BUY SHREECEM.NS @ 17677.60 (size=10)
SELL ADANIPORTS.NS @ 315.62
SELL SHREECEM.NS @ 17274.17
BUY ULTRACEMCO.NS @ 4006.27 (size=67)
SELL ULTRACEMCO.NS @ 3998.57
BUY EICHERMOT.NS @ 2602.04 (size=103)
SELL EICHERMOT.NS @ 2566.23
BUY INDUSINDBK.NS @ 1414.98 (size=190)
BUY HEROMOTOCO.NS @ 2745.42 (size=68)
SELL HEROMOTOCO.NS @ 2762.92
BUY HEROMOTOCO.NS @ 2783.22 (size=67)
BUY DIVISLAB.NS @ 616.99 (size=214)
SELL HEROMOTOCO.NS @ 2779.09
SELL DIVISLAB.NS @ 597.23
BUY HINDUNILVR.NS @ 1052.58 (size=176)
SELL HINDUNILVR.NS @ 1027.29
SELL INDUSINDBK.NS @ 1586.94
BUY NESTLEIND.NS @ 320.49 (size=858)
BUY ULTRACEMCO.NS @ 4038.02 (size=47)
BUY LT.NS @ 1074.98 (size=125)
BUY ICICIBANK.NS @ 295.41 (size=321)
BUY TCS.NS @ 1080.25 (size=87)
SELL ULTRACEMCO.NS @ 3965.56
SELL TCS.NS @ 1065.71
SELL LT.NS @ 1055.06
SELL ICICIBANK.NS @ 297.48
SELL NESTLEIND.NS @ 348.46
BUY COALINDIA.NS @ 146.62 (size=1914)
SELL COALINDIA.NS @ 145.24
BUY NTPC.NS @ 104.12 (size=2677)
SELL NTPC.NS @ 102.96
BUY MARUTI.NS @ 8489.38 (size=32)
SELL MARUTI.NS @ 8492.77
BUY BAJAJFINSV.NS @ 672.67 (size=411)
SELL BAJAJFINSV.NS @ 648.78
BUY ITC.NS @ 212.21 (size=1287)
BUY ICICIBANK.NS @ 305.95 (size=624)
BUY AXISBANK.NS @ 595.97 (size=320)
BUY RELIANCE.NS @ 541.40 (size=352)
SELL ICICIBANK.NS @ 297.89
SELL ITC.NS @ 212.75
SELL AXISBANK.NS @ 596.91
SELL RELIANCE.NS @ 535.89
BUY DIVISLAB.NS @ 1371.34 (size=196)
SELL DIVISLAB.NS @ 1378.77
BUY TITAN.NS @ 868.23 (size=310)
BUY BAJAJ-AUTO.NS @ 2203.60 (size=85)
SELL BAJAJ-AUTO.NS @ 2176.22
BUY HCLTECH.NS @ 401.10 (size=468)
BUY BPCL.NS @ 110.95 (size=1183)
SELL BPCL.NS @ 109.92
BUY INDUSINDBK.NS @ 1632.34 (size=79)
BUY NTPC.NS @ 101.49 (size=899)
BUY POWERGRID.NS @ 74.25 (size=1229)
SELL INDUSINDBK.NS @ 1543.25
SELL POWERGRID.NS @ 72.25
SELL TITAN.NS @ 1057.38
SELL NTPC.NS @ 97.52
BUY BAJFINANCE.NS @ 285.16 (size=791)
SELL BAJFINANCE.NS @ 281.16
SELL HCLTECH.NS @ 426.44
BUY WIPRO.NS @ 129.89 (size=2196)
SELL WIPRO.NS @ 131.73
BUY ADANIPORTS.NS @ 382.22 (size=747)
SELL ADANIPORTS.NS @ 370.75
BUY M&M.NS @ 550.95 (size=362)
BUY NESTLEIND.NS @ 656.70 (size=339)
SELL M&M.NS @ 532.57
BUY HCLTECH.NS @ 444.93 (size=480)
SELL NESTLEIND.NS @ 665.13
SELL HCLTECH.NS @ 443.34
BUY RELIANCE.NS @ 677.92 (size=414)
SELL RELIANCE.NS @ 677.31
BUY BAJAJFINSV.NS @ 911.99 (size=307)
SELL BAJAJFINSV.NS @ 906.07
BUY ASIANPAINT.NS @ 1737.23 (size=159)
BUY TITAN.NS @ 1253.50 (size=154)
SELL ASIANPAINT.NS @ 1709.93
SELL TITAN.NS @ 1180.48
BUY CIPLA.NS @ 549.31 (size=498)
BUY HCLTECH.NS @ 453.17 (size=422)
BUY SUNPHARMA.NS @ 457.32 (size=293)
SELL SUNPHARMA.NS @ 447.81
BUY ITC.NS @ 147.92 (size=900)
SELL ITC.NS @ 146.61
SELL CIPLA.NS @ 729.62
SELL HCLTECH.NS @ 663.61
BUY EICHERMOT.NS @ 2288.59 (size=142)
BUY KOTAKBANK.NS @ 374.85 (size=608)
SELL KOTAKBANK.NS @ 371.23
BUY BAJFINANCE.NS @ 485.78 (size=467)
BUY TATACONSUM.NS @ 560.58 (size=405)
SELL BAJFINANCE.NS @ 480.84
SELL TATACONSUM.NS @ 550.91
BUY TECHM.NS @ 836.91 (size=188)
SELL TECHM.NS @ 790.45
SELL EICHERMOT.NS @ 2569.89
BUY M&M.NS @ 769.30 (size=431)
BUY RELIANCE.NS @ 944.04 (size=244)
SELL M&M.NS @ 774.07
SELL RELIANCE.NS @ 902.99
BUY CIPLA.NS @ 851.76 (size=385)
BUY BAJAJ-AUTO.NS @ 3644.05 (size=62)
BUY TCS.NS @ 2834.01 (size=57)
SELL BAJAJ-AUTO.NS @ 3579.22
SELL TCS.NS @ 2820.71
SELL CIPLA.NS @ 914.94
BUY ASIANPAINT.NS @ 2911.70 (size=114)
SELL ASIANPAINT.NS @ 2874.57
BUY TATACONSUM.NS @ 809.60 (size=410)
BUY TECHM.NS @ 1202.59 (size=193)
SELL TATACONSUM.NS @ 787.20
SELL TECHM.NS @ 1206.77
BUY HCLTECH.NS @ 1047.14 (size=314)
SELL HCLTECH.NS @ 1007.48
BUY ASIANPAINT.NS @ 3159.17 (size=103)
SELL ASIANPAINT.NS @ 3153.83
BUY BRITANNIA.NS @ 3533.04 (size=92)
BUY HEROMOTOCO.NS @ 2449.26 (size=92)
BUY TATACONSUM.NS @ 754.30 (size=211)
SELL BRITANNIA.NS @ 3505.31
BUY APOLLOHOSP.NS @ 4170.32 (size=26)
BUY SUNPHARMA.NS @ 846.59 (size=208)
SELL SUNPHARMA.NS @ 841.33
SELL HEROMOTOCO.NS @ 2462.37
SELL TATACONSUM.NS @ 775.52
SELL APOLLOHOSP.NS @ 4202.21
BUY COALINDIA.NS @ 180.26 (size=1806)
BUY KOTAKBANK.NS @ 378.24 (size=602)
SELL KOTAKBANK.NS @ 372.01
SELL COALINDIA.NS @ 179.10
BUY BRITANNIA.NS @ 4063.51 (size=79)
SELL BRITANNIA.NS @ 4137.37
BUY NTPC.NS @ 160.45 (size=2020)
SELL NTPC.NS @ 156.40
BUY ULTRACEMCO.NS @ 7316.66 (size=43)
BUY GRASIM.NS @ 1672.82 (size=135)
BUY POWERGRID.NS @ 155.33 (size=1022)
SELL POWERGRID.NS @ 154.76
BUY WIPRO.NS @ 185.42 (size=856)
SELL WIPRO.NS @ 178.34
SELL GRASIM.NS @ 1687.32
SELL ULTRACEMCO.NS @ 8037.24
BUY WIPRO.NS @ 191.01 (size=1724)
SELL WIPRO.NS @ 193.68
BUY HEROMOTOCO.NS @ 2794.76 (size=118)
BUY ICICIBANK.NS @ 971.23 (size=237)
BUY SHREECEM.NS @ 27048.96 (size=5)
SELL SHREECEM.NS @ 26566.46
BUY KOTAKBANK.NS @ 363.34 (size=333)
BUY HINDUNILVR.NS @ 2445.34 (size=50)
SELL KOTAKBANK.NS @ 355.13
SELL HINDUNILVR.NS @ 2449.18
SELL ICICIBANK.NS @ 973.35
BUY RELIANCE.NS @ 1420.96 (size=161)
BUY SBIN.NS @ 705.66 (size=227)
BUY POWERGRID.NS @ 248.88 (size=645)
SELL RELIANCE.NS @ 1407.81
SELL POWERGRID.NS @ 242.38
SELL HEROMOTOCO.NS @ 4267.77
SELL SBIN.NS @ 718.10
BUY BAJAJFINSV.NS @ 1585.68 (size=239)
SELL BAJAJFINSV.NS @ 1566.94
BUY HEROMOTOCO.NS @ 5337.82 (size=70)
SELL HEROMOTOCO.NS @ 5204.06
BUY SHREECEM.NS @ 25621.41 (size=14)
SELL SHREECEM.NS @ 25525.89

Initial Capital: ₹1,000,000.00
Final Portfolio: ₹1,254,343.39
Total Return: +25.43%

================================================================================
📈 COMPREHENSIVE PERFORMANCE ANALYSIS
================================================================================

💰 RETURNS ANALYSIS:
   Total Return: 22.66%
   Average Return: 0.01%
   CAGR: 2.34%
   XIRR: 2.29%
   Annual Returns:
     2015: -5.73%
     2016: -4.73%
     2017: 4.45%
     2018: -3.09%
     2019: 2.80%
     2020: 18.22%
     2021: -1.73%
     2022: -0.91%
     2023: 12.97%
     2024: 3.20%

🎯 RISK ANALYSIS:
   Sharpe Ratio: -0.55 (Higher is better, >1 is good)
   Sharpe Ratio indicates how my returns are with respect to volatility of returns. A higher Sharpe Ratio means better risk-adjusted returns.
   Sortino Ratio: -0.80 (Higher is better, >1 is good)
   Sortino Ratio indicates how my returns are with respect to downside volatility. A higher Sortino Ratio means better risk-adjusted returns.
   Max Drawdown: 13.86% (Usually it should be 15-20% or lower)
   Drawdown Period: 1229 days (Lower is better)

📊 TRADING STATISTICS:
   Total Trades: 112
   Winning Trades: 32
   Losing Trades: 79
   Win Rate: 28.6%
   Average Win: ₹19733.97
   Average Loss: ₹-4765.81
   Risk/Reward Ratio: 4.14
   Expectancy: 2234.13
   Profit Factor: 1.68
