Fetching stock data...

Starting Backtest with 46 stocks
Initial Capital: ₹1,000,000.00

🔄 Running Backtest...
BUY BAJAJ-AUTO.NS @ 1930.69 (size=51)
BUY DRREDDY.NS @ 783.26 (size=127)
BUY ASIANPAINT.NS @ 789.49 (size=126)
BUY APOLLOHOSP.NS @ 1358.00 (size=73)
SELL ASIANPAINT.NS @ 751.88
BUY BPCL.NS @ 80.91 (size=864)
BUY HDFCBANK.NS @ 255.39 (size=273)
BUY BAJAJFINSV.NS @ 197.51 (size=354)
BUY ITC.NS @ 159.58 (size=438)
SELL DRREDDY.NS @ 769.29
SELL APOLLOHOSP.NS @ 1298.45
BUY BAJFINANCE.NS @ 49.97 (size=1223)
BUY DRREDDY.NS @ 789.43 (size=77)
BUY GRASIM.NS @ 535.10 (size=114)
BUY DIVISLAB.NS @ 1036.99 (size=58)
BUY KOTAKBANK.NS @ 136.64 (size=267)
BUY SHREECEM.NS @ 11506.42 (size=2)
SELL DRREDDY.NS @ 678.96
SELL HDFCBANK.NS @ 242.44
SELL KOTAKBANK.NS @ 128.53
SELL SHREECEM.NS @ 10818.24
BUY M&M.NS @ 571.25 (size=80)
SELL ITC.NS @ 147.83
SELL BAJAJ-AUTO.NS @ 1820.90
BUY ITC.NS @ 157.81 (size=375)
BUY HEROMOTOCO.NS @ 1852.96 (size=31)
BUY BAJAJ-AUTO.NS @ 1936.14 (size=24)
BUY MARUTI.NS @ 4236.35 (size=10)
BUY RELIANCE.NS @ 214.22 (size=180)
BUY TITAN.NS @ 373.53 (size=103)
BUY ASIANPAINT.NS @ 773.06 (size=39)
BUY JSWSTEEL.NS @ 84.75 (size=328)
SELL ITC.NS @ 150.59
SELL BPCL.NS @ 78.05
SELL BAJAJ-AUTO.NS @ 1833.72
SELL MARUTI.NS @ 4089.54
SELL BAJAJFINSV.NS @ 186.49
SELL RELIANCE.NS @ 198.46
SELL HEROMOTOCO.NS @ 1821.97
BUY BAJAJFINSV.NS @ 191.33 (size=323)
SELL DIVISLAB.NS @ 1023.35
SELL M&M.NS @ 576.04
SELL GRASIM.NS @ 527.72
SELL TITAN.NS @ 338.92
BUY APOLLOHOSP.NS @ 1334.00 (size=46)
BUY KOTAKBANK.NS @ 136.43 (size=509)
BUY HINDUNILVR.NS @ 730.38 (size=95)
SELL BAJAJFINSV.NS @ 188.23
BUY TITAN.NS @ 349.98 (size=198)
SELL TITAN.NS @ 341.71
BUY TATACONSUM.NS @ 127.21 (size=482)
BUY NTPC.NS @ 77.51 (size=713)
BUY INDUSINDBK.NS @ 884.22 (size=62)
BUY BAJAJ-AUTO.NS @ 1895.31 (size=29)
BUY GRASIM.NS @ 542.33 (size=101)
BUY DIVISLAB.NS @ 1061.97 (size=52)
BUY POWERGRID.NS @ 49.30 (size=561)
BUY BAJAJFINSV.NS @ 192.65 (size=129)
BUY HDFCBANK.NS @ 247.65 (size=90)
SELL HDFCBANK.NS @ 246.97
BUY HDFCBANK.NS @ 248.78 (size=89)
BUY INFY.NS @ 421.89 (size=53)
BUY HEROMOTOCO.NS @ 1927.66 (size=11)
SELL HDFCBANK.NS @ 246.10
BUY RELIANCE.NS @ 215.67 (size=73)
SELL GRASIM.NS @ 532.95
SELL INFY.NS @ 411.78
BUY TATASTEEL.NS @ 20.17 (size=1189)
SELL HEROMOTOCO.NS @ 1872.38
BUY BPCL.NS @ 80.70 (size=293)
SELL BAJAJFINSV.NS @ 192.91
SELL DIVISLAB.NS @ 1051.89
SELL INDUSINDBK.NS @ 875.19
SELL BPCL.NS @ 78.22
SELL BAJAJ-AUTO.NS @ 1856.70
SELL HINDUNILVR.NS @ 697.76
BUY BAJAJFINSV.NS @ 199.06 (size=245)
SELL BAJAJFINSV.NS @ 193.39
SELL APOLLOHOSP.NS @ 1314.39
SELL TATACONSUM.NS @ 121.31
SELL KOTAKBANK.NS @ 135.93
SELL TATASTEEL.NS @ 17.56
BUY INFY.NS @ 432.43 (size=140)
BUY BPCL.NS @ 82.50 (size=768)
SELL NTPC.NS @ 76.79
SELL BPCL.NS @ 79.32
SELL BAJFINANCE.NS @ 53.27
SELL ASIANPAINT.NS @ 783.94
SELL POWERGRID.NS @ 47.61
SELL RELIANCE.NS @ 213.26
BUY NTPC.NS @ 82.30 (size=1003)
BUY POWERGRID.NS @ 50.81 (size=1624)
BUY SUNPHARMA.NS @ 802.08 (size=82)
BUY APOLLOHOSP.NS @ 1422.71 (size=46)
SELL NTPC.NS @ 76.48
SELL JSWSTEEL.NS @ 90.10
BUY BAJFINANCE.NS @ 61.75 (size=1022)
BUY EICHERMOT.NS @ 1679.60 (size=33)
BUY TITAN.NS @ 356.08 (size=143)
SELL POWERGRID.NS @ 48.60
SELL INFY.NS @ 411.68
BUY POWERGRID.NS @ 49.18 (size=1217)
SELL APOLLOHOSP.NS @ 1356.70
SELL TITAN.NS @ 334.12
BUY HEROMOTOCO.NS @ 1873.03 (size=34)
BUY HINDUNILVR.NS @ 732.98 (size=79)
SELL POWERGRID.NS @ 48.74
SELL BAJFINANCE.NS @ 57.06
BUY JSWSTEEL.NS @ 100.94 (size=523)
SELL HEROMOTOCO.NS @ 1828.41
BUY M&M.NS @ 578.87 (size=113)
SELL HINDUNILVR.NS @ 701.08
BUY HEROMOTOCO.NS @ 1908.44 (size=34)
SELL M&M.NS @ 547.40
BUY ULTRACEMCO.NS @ 2853.54 (size=20)
BUY APOLLOHOSP.NS @ 1446.71 (size=40)
BUY SHREECEM.NS @ 10741.29 (size=4)
BUY TATASTEEL.NS @ 21.11 (size=2494)
SELL APOLLOHOSP.NS @ 1361.96
BUY HINDUNILVR.NS @ 714.26 (size=67)
BUY INFY.NS @ 436.05 (size=100)
BUY INDUSINDBK.NS @ 862.94 (size=45)
BUY BPCL.NS @ 77.96 (size=504)
SELL SUNPHARMA.NS @ 760.09
BUY BAJFINANCE.NS @ 64.59 (size=584)
BUY GRASIM.NS @ 544.17 (size=69)
BUY HINDALCO.NS @ 85.67 (size=352)
BUY TCS.NS @ 978.29 (size=27)
BUY UPL.NS @ 285.25 (size=85)
BUY POWERGRID.NS @ 49.45 (size=446)
BUY HDFCBANK.NS @ 246.25 (size=89)
BUY KOTAKBANK.NS @ 135.25 (size=163)
BUY WIPRO.NS @ 95.95 (size=229)
BUY RELIANCE.NS @ 229.03 (size=96)
BUY ITC.NS @ 147.14 (size=149)
SELL POWERGRID.NS @ 49.17
BUY POWERGRID.NS @ 49.84 (size=221)
BUY NTPC.NS @ 76.02 (size=131)
BUY BAJAJ-AUTO.NS @ 2026.46 (size=4)
BUY M&M.NS @ 608.25 (size=14)
BUY BHARTIARTL.NS @ 299.85 (size=29)
BUY TITAN.NS @ 350.07 (size=18)
BUY BAJAJFINSV.NS @ 187.45 (size=30)
BUY NESTLEIND.NS @ 263.06 (size=19)
BUY DIVISLAB.NS @ 1019.65 (size=5)
BUY AXISBANK.NS @ 468.58 (size=8)
SELL RELIANCE.NS @ 218.40
SELL WIPRO.NS @ 93.27
SELL HINDUNILVR.NS @ 723.92
BUY ASIANPAINT.NS @ 803.95 (size=10)
SELL ITC.NS @ 141.67
SELL ASIANPAINT.NS @ 799.38
BUY ASIANPAINT.NS @ 819.67 (size=18)
SELL EICHERMOT.NS @ 1770.22
SELL HINDALCO.NS @ 83.61
SELL HEROMOTOCO.NS @ 2089.08
SELL BHARTIARTL.NS @ 294.35
SELL TATASTEEL.NS @ 23.73
SELL ULTRACEMCO.NS @ 3008.08
BUY ITC.NS @ 148.08 (size=204)
SELL BAJAJ-AUTO.NS @ 1900.36
SELL INFY.NS @ 453.42
SELL BPCL.NS @ 80.76
SELL BAJAJFINSV.NS @ 175.55
SELL TCS.NS @ 976.04
BUY TECHM.NS @ 381.43 (size=135)
BUY BAJAJ-AUTO.NS @ 1965.77 (size=23)
BUY LT.NS @ 840.60 (size=55)
BUY ULTRACEMCO.NS @ 3084.53 (size=15)
BUY HEROMOTOCO.NS @ 2149.86 (size=21)
BUY BPCL.NS @ 91.22 (size=308)
BUY HINDALCO.NS @ 96.60 (size=261)
BUY APOLLOHOSP.NS @ 1357.10 (size=18)
BUY TCS.NS @ 1016.27 (size=19)
BUY INFY.NS @ 476.57 (size=42)
BUY COALINDIA.NS @ 142.42 (size=114)
SELL ULTRACEMCO.NS @ 3061.11
SELL TITAN.NS @ 343.82
BUY SBIN.NS @ 192.17 (size=103)
BUY ULTRACEMCO.NS @ 3200.95 (size=6)
SELL INFY.NS @ 457.73
BUY TATACONSUM.NS @ 114.64 (size=156)
SELL APOLLOHOSP.NS @ 1279.16
BUY BAJAJFINSV.NS @ 186.67 (size=98)
SELL UPL.NS @ 338.72
SELL TCS.NS @ 997.42
SELL TECHM.NS @ 364.22
BUY HINDUNILVR.NS @ 772.81 (size=33)
BUY EICHERMOT.NS @ 1791.62 (size=14)
BUY TITAN.NS @ 393.07 (size=66)
BUY ONGC.NS @ 88.15 (size=210)
BUY ICICIBANK.NS @ 226.74 (size=73)
BUY TATASTEEL.NS @ 26.31 (size=568)
BUY WIPRO.NS @ 94.46 (size=142)
BUY RELIANCE.NS @ 220.49 (size=54)
BUY BHARTIARTL.NS @ 309.59 (size=39)
SELL WIPRO.NS @ 91.80
BUY DRREDDY.NS @ 654.88 (size=16)
BUY MARUTI.NS @ 4082.42 (size=2)
BUY UPL.NS @ 370.88 (size=24)
SELL DRREDDY.NS @ 560.44
BUY BRITANNIA.NS @ 1251.63 (size=7)
BUY TCS.NS @ 1049.44 (size=8)
SELL LT.NS @ 851.75
SELL ICICIBANK.NS @ 212.53
SELL BHARTIARTL.NS @ 305.44
SELL ONGC.NS @ 85.70
BUY HCLTECH.NS @ 315.67 (size=47)
BUY ADANIPORTS.NS @ 228.16 (size=66)
BUY ONGC.NS @ 89.72 (size=169)
BUY APOLLOHOSP.NS @ 1360.30 (size=11)
SELL GRASIM.NS @ 661.53
BUY SUNPHARMA.NS @ 742.63 (size=14)
SELL TITAN.NS @ 385.24
SELL SUNPHARMA.NS @ 720.17
SELL TCS.NS @ 1021.17
SELL M&M.NS @ 650.75
BUY CIPLA.NS @ 527.19 (size=34)
SELL HINDUNILVR.NS @ 777.92
SELL APOLLOHOSP.NS @ 1311.46
SELL HCLTECH.NS @ 290.66
SELL NESTLEIND.NS @ 296.81
BUY HINDUNILVR.NS @ 788.72 (size=29)
BUY ICICIBANK.NS @ 236.27 (size=89)
SELL NTPC.NS @ 89.30
SELL BPCL.NS @ 103.55
SELL TATACONSUM.NS @ 123.00
SELL HINDUNILVR.NS @ 789.92
SELL ITC.NS @ 173.88
SELL HINDALCO.NS @ 133.01
SELL COALINDIA.NS @ 150.30
BUY TITAN.NS @ 401.10 (size=86)
SELL TITAN.NS @ 393.22
BUY TATACONSUM.NS @ 127.14 (size=284)
SELL TATASTEEL.NS @ 26.99
BUY ITC.NS @ 179.46 (size=201)
SELL SHREECEM.NS @ 16049.52
BUY HINDALCO.NS @ 146.00 (size=252)
SELL AXISBANK.NS @ 549.05
SELL ITC.NS @ 174.71
SELL POWERGRID.NS @ 62.98
SELL BAJAJ-AUTO.NS @ 2237.75
SELL BAJFINANCE.NS @ 100.75
SELL KOTAKBANK.NS @ 153.62
SELL TATACONSUM.NS @ 124.55
SELL ICICIBANK.NS @ 216.91
BUY DRREDDY.NS @ 589.63 (size=65)
SELL JSWSTEEL.NS @ 151.49
BUY HCLTECH.NS @ 304.50 (size=126)
SELL DRREDDY.NS @ 584.37
BUY TATACONSUM.NS @ 139.37 (size=441)
BUY GRASIM.NS @ 739.90 (size=74)
SELL DIVISLAB.NS @ 1186.33
BUY TATASTEEL.NS @ 30.57 (size=1650)
SELL HDFCBANK.NS @ 292.68
SELL ADANIPORTS.NS @ 238.96
BUY SHREECEM.NS @ 16818.22 (size=2)
SELL BRITANNIA.NS @ 1462.85
BUY JSWSTEEL.NS @ 159.97 (size=283)
SELL JSWSTEEL.NS @ 157.28
SELL HINDALCO.NS @ 142.27
SELL HEROMOTOCO.NS @ 2493.82
BUY ADANIPORTS.NS @ 271.46 (size=206)
BUY ICICIBANK.NS @ 240.51 (size=232)
BUY NESTLEIND.NS @ 303.70 (size=184)
SELL ASIANPAINT.NS @ 1069.15
SELL SHREECEM.NS @ 16204.63
BUY DRREDDY.NS @ 609.73 (size=67)
SELL RELIANCE.NS @ 230.97
SELL HCLTECH.NS @ 304.42
SELL CIPLA.NS @ 542.87
SELL INDUSINDBK.NS @ 1119.57
BUY BAJFINANCE.NS @ 107.32 (size=439)
SELL TATACONSUM.NS @ 125.23
SELL BAJFINANCE.NS @ 104.19
BUY INDUSINDBK.NS @ 1153.00 (size=50)
BUY NTPC.NS @ 91.43 (size=568)
SELL SBIN.NS @ 229.57
SELL ULTRACEMCO.NS @ 3749.96
SELL GRASIM.NS @ 686.12
SELL NTPC.NS @ 89.41
SELL UPL.NS @ 407.77
BUY HINDALCO.NS @ 153.74 (size=366)
SELL DRREDDY.NS @ 579.16
SELL EICHERMOT.NS @ 2230.37
SELL NESTLEIND.NS @ 286.62
SELL BAJAJFINSV.NS @ 306.03
BUY NTPC.NS @ 90.03 (size=800)
SELL INDUSINDBK.NS @ 1138.71
BUY KOTAKBANK.NS @ 163.46 (size=440)
SELL MARUTI.NS @ 4958.15
BUY DRREDDY.NS @ 617.30 (size=116)
BUY SBIN.NS @ 257.23 (size=221)
BUY POWERGRID.NS @ 67.55 (size=844)
BUY COALINDIA.NS @ 154.40 (size=369)
SELL NTPC.NS @ 88.62
BUY BPCL.NS @ 118.87 (size=337)
SELL COALINDIA.NS @ 150.16
SELL ADANIPORTS.NS @ 253.76
SELL KOTAKBANK.NS @ 156.99
SELL TATASTEEL.NS @ 29.56
SELL ICICIBANK.NS @ 230.64
BUY NTPC.NS @ 92.92 (size=767)
SELL BPCL.NS @ 115.99
SELL SBIN.NS @ 235.33
SELL DRREDDY.NS @ 589.44
BUY TATASTEEL.NS @ 32.44 (size=2470)
BUY RELIANCE.NS @ 232.16 (size=310)
BUY HCLTECH.NS @ 322.77 (size=201)
BUY TECHM.NS @ 352.99 (size=183)
SELL TATASTEEL.NS @ 30.35
SELL POWERGRID.NS @ 65.15
SELL HINDALCO.NS @ 152.28
SELL HCLTECH.NS @ 307.87
BUY CIPLA.NS @ 547.24 (size=128)
SELL ONGC.NS @ 114.44
SELL CIPLA.NS @ 521.54
BUY ONGC.NS @ 116.01 (size=674)
BUY HCLTECH.NS @ 317.80 (size=246)
BUY BPCL.NS @ 119.04 (size=525)
BUY INDUSINDBK.NS @ 1070.67 (size=52)
BUY ADANIPORTS.NS @ 273.60 (size=205)
BUY POWERGRID.NS @ 68.03 (size=662)
BUY HDFCBANK.NS @ 286.01 (size=157)
BUY COALINDIA.NS @ 146.83 (size=306)
BUY UPL.NS @ 407.68 (size=110)
BUY TATASTEEL.NS @ 33.71 (size=1336)
BUY JSWSTEEL.NS @ 168.88 (size=266)
BUY LT.NS @ 836.62 (size=21)
BUY MARUTI.NS @ 5239.99 (size=3)
BUY HINDALCO.NS @ 162.67 (size=99)
BUY HINDUNILVR.NS @ 750.18 (size=17)
BUY BRITANNIA.NS @ 1359.96 (size=9)
SELL RELIANCE.NS @ 226.26
BUY BAJAJFINSV.NS @ 314.26 (size=55)
SELL TECHM.NS @ 346.48
BUY CIPLA.NS @ 541.09 (size=40)
BUY ULTRACEMCO.NS @ 3519.68 (size=5)
BUY GRASIM.NS @ 668.16 (size=29)
BUY BAJAJ-AUTO.NS @ 2240.31 (size=7)
BUY BAJFINANCE.NS @ 97.13 (size=166)
BUY KOTAKBANK.NS @ 158.11 (size=102)
BUY ICICIBANK.NS @ 225.22 (size=71)
BUY ITC.NS @ 183.01 (size=88)
BUY HEROMOTOCO.NS @ 2378.08 (size=6)
BUY EICHERMOT.NS @ 2188.70 (size=3)
BUY BHARTIARTL.NS @ 296.24 (size=20)
BUY SHREECEM.NS @ 14867.16 (size=1)
SELL HCLTECH.NS @ 314.62
BUY SBIN.NS @ 247.54 (size=47)
BUY HCLTECH.NS @ 318.06 (size=36)
SELL CIPLA.NS @ 537.71
BUY TATACONSUM.NS @ 125.14 (size=92)
BUY TITAN.NS @ 376.67 (size=30)
BUY CIPLA.NS @ 571.30 (size=16)
SELL ONGC.NS @ 118.38
SELL HCLTECH.NS @ 318.74
BUY TECHM.NS @ 369.58 (size=47)
SELL CIPLA.NS @ 541.37
SELL HEROMOTOCO.NS @ 2268.53
BUY TCS.NS @ 993.26 (size=18)
BUY AXISBANK.NS @ 517.38 (size=31)
BUY RELIANCE.NS @ 264.59 (size=61)
BUY APOLLOHOSP.NS @ 1286.43 (size=12)
SELL NTPC.NS @ 98.19
BUY HCLTECH.NS @ 329.35 (size=34)
SELL POWERGRID.NS @ 69.43
BUY M&M.NS @ 620.78 (size=36)
SELL BPCL.NS @ 119.52
SELL UPL.NS @ 420.72
SELL EICHERMOT.NS @ 2152.04
SELL BRITANNIA.NS @ 1345.71
SELL JSWSTEEL.NS @ 163.78
SELL APOLLOHOSP.NS @ 1188.75
SELL ICICIBANK.NS @ 234.41
SELL TECHM.NS @ 351.77
SELL COALINDIA.NS @ 145.29
BUY ICICIBANK.NS @ 248.88 (size=169)
BUY ASIANPAINT.NS @ 995.52 (size=42)
BUY HEROMOTOCO.NS @ 2458.63 (size=17)
BUY WIPRO.NS @ 84.66 (size=402)
BUY INFY.NS @ 405.98 (size=75)
BUY CIPLA.NS @ 561.34 (size=54)
SELL ICICIBANK.NS @ 238.31
BUY UPL.NS @ 443.17 (size=64)
SELL AXISBANK.NS @ 480.94
BUY BRITANNIA.NS @ 1449.17 (size=19)
SELL M&M.NS @ 584.93
SELL BHARTIARTL.NS @ 289.85
SELL BAJAJ-AUTO.NS @ 2207.88
BUY BAJAJ-AUTO.NS @ 2225.72 (size=12)
SELL MARUTI.NS @ 5464.91
SELL UPL.NS @ 438.26
BUY EICHERMOT.NS @ 2335.35 (size=12)
BUY NESTLEIND.NS @ 288.91 (size=99)
SELL BAJAJ-AUTO.NS @ 2205.56
BUY MARUTI.NS @ 5831.05 (size=4)
SELL TCS.NS @ 967.43
SELL HEROMOTOCO.NS @ 2380.40
BUY NTPC.NS @ 99.82 (size=310)
BUY BPCL.NS @ 129.45 (size=239)
BUY JSWSTEEL.NS @ 180.39 (size=171)
SELL INFY.NS @ 383.05
SELL CIPLA.NS @ 554.48
SELL HCLTECH.NS @ 325.52
SELL TATASTEEL.NS @ 35.90
SELL NTPC.NS @ 97.68
SELL HINDALCO.NS @ 173.06
SELL NESTLEIND.NS @ 280.85
BUY UPL.NS @ 463.85 (size=88)
SELL JSWSTEEL.NS @ 169.06
BUY POWERGRID.NS @ 76.08 (size=521)
BUY NTPC.NS @ 99.20 (size=359)
SELL WIPRO.NS @ 84.05
BUY AXISBANK.NS @ 508.62 (size=69)
BUY M&M.NS @ 622.63 (size=51)
BUY NESTLEIND.NS @ 298.21 (size=96)
BUY HEROMOTOCO.NS @ 2456.88 (size=11)
SELL NTPC.NS @ 96.17
SELL AXISBANK.NS @ 493.30
BUY ICICIBANK.NS @ 258.02 (size=116)
BUY AXISBANK.NS @ 511.03 (size=58)
SELL AXISBANK.NS @ 496.90
BUY APOLLOHOSP.NS @ 1227.50 (size=19)
SELL ITC.NS @ 188.15
BUY BHARTIARTL.NS @ 319.46 (size=82)
BUY BAJAJ-AUTO.NS @ 2357.29 (size=10)
BUY HCLTECH.NS @ 331.99 (size=64)
BUY JSWSTEEL.NS @ 186.57 (size=102)
SELL INDUSINDBK.NS @ 1335.65
SELL TATACONSUM.NS @ 134.09
BUY WIPRO.NS @ 89.90 (size=192)
BUY TATASTEEL.NS @ 36.57 (size=472)
BUY TCS.NS @ 1021.80 (size=16)
SELL RELIANCE.NS @ 290.85
SELL BAJAJFINSV.NS @ 415.39
BUY ITC.NS @ 197.28 (size=112)
SELL TITAN.NS @ 455.87
SELL M&M.NS @ 601.22
SELL POWERGRID.NS @ 72.55
SELL ADANIPORTS.NS @ 315.62
SELL BAJAJ-AUTO.NS @ 2220.89
SELL SHREECEM.NS @ 17274.17
SELL BAJFINANCE.NS @ 119.85
SELL GRASIM.NS @ 804.19
SELL SBIN.NS @ 258.93
BUY ADANIPORTS.NS @ 323.23 (size=139)
SELL ASIANPAINT.NS @ 1013.92
SELL JSWSTEEL.NS @ 171.14
BUY INDUSINDBK.NS @ 1387.87 (size=34)
BUY M&M.NS @ 611.00 (size=78)
SELL APOLLOHOSP.NS @ 1169.11
SELL BRITANNIA.NS @ 1502.62
SELL ULTRACEMCO.NS @ 3998.57
BUY JSWSTEEL.NS @ 179.49 (size=226)
SELL ADANIPORTS.NS @ 311.95
BUY HINDALCO.NS @ 191.85 (size=238)
BUY ADANIPORTS.NS @ 322.61 (size=127)
SELL JSWSTEEL.NS @ 171.95
BUY TITAN.NS @ 533.95 (size=69)
SELL BPCL.NS @ 135.68
BUY JSWSTEEL.NS @ 179.67 (size=207)
BUY POWERGRID.NS @ 75.74 (size=485)
BUY TATACONSUM.NS @ 142.23 (size=258)
SELL WIPRO.NS @ 87.64
BUY BAJFINANCE.NS @ 136.51 (size=227)
BUY RELIANCE.NS @ 303.26 (size=102)
SELL LT.NS @ 996.72
SELL TCS.NS @ 977.61
SELL POWERGRID.NS @ 74.10
SELL EICHERMOT.NS @ 2566.23
BUY SBIN.NS @ 271.74 (size=129)
BUY GRASIM.NS @ 859.47 (size=40)
SELL HINDALCO.NS @ 180.94
SELL SBIN.NS @ 266.62
SELL TATACONSUM.NS @ 137.41
SELL HCLTECH.NS @ 330.61
SELL M&M.NS @ 624.14
BUY APOLLOHOSP.NS @ 1240.50 (size=37)
BUY BRITANNIA.NS @ 1623.24 (size=25)
SELL KOTAKBANK.NS @ 188.66
SELL APOLLOHOSP.NS @ 1221.15
BUY TATACONSUM.NS @ 145.62 (size=303)
BUY WIPRO.NS @ 90.07 (size=441)
BUY INFY.NS @ 386.47 (size=102)
BUY HINDALCO.NS @ 189.49 (size=209)
BUY BAJAJFINSV.NS @ 434.96 (size=64)
BUY AXISBANK.NS @ 509.14 (size=54)
BUY KOTAKBANK.NS @ 194.42 (size=114)
SELL WIPRO.NS @ 88.92
BUY WIPRO.NS @ 91.32 (size=263)
BUY ULTRACEMCO.NS @ 4178.60 (size=5)
SELL ITC.NS @ 199.22
BUY M&M.NS @ 642.34 (size=33)
BUY ASIANPAINT.NS @ 1081.19 (size=20)
BUY BAJAJ-AUTO.NS @ 2260.77 (size=7)
SELL ULTRACEMCO.NS @ 3996.10
SELL HEROMOTOCO.NS @ 2762.92
BUY HCLTECH.NS @ 352.19 (size=59)
BUY HEROMOTOCO.NS @ 2783.22 (size=7)
SELL ASIANPAINT.NS @ 1060.75
BUY NTPC.NS @ 98.13 (size=194)
BUY SBIN.NS @ 275.29 (size=69)
BUY POWERGRID.NS @ 78.04 (size=244)
BUY LT.NS @ 1035.99 (size=18)
BUY EICHERMOT.NS @ 2712.48 (size=7)
BUY TCS.NS @ 1013.87 (size=18)
BUY CIPLA.NS @ 536.36 (size=35)
BUY APOLLOHOSP.NS @ 1258.88 (size=15)
SELL HEROMOTOCO.NS @ 2779.09
SELL APOLLOHOSP.NS @ 1221.25
SELL NESTLEIND.NS @ 299.99
BUY HEROMOTOCO.NS @ 2853.42 (size=3)
BUY BPCL.NS @ 141.08 (size=69)
SELL AXISBANK.NS @ 503.27
SELL INFY.NS @ 381.91
SELL LT.NS @ 1011.32
SELL UPL.NS @ 509.90
SELL ICICIBANK.NS @ 279.13
SELL TATACONSUM.NS @ 146.04
SELL CIPLA.NS @ 517.03
SELL SBIN.NS @ 258.50
SELL BAJAJ-AUTO.NS @ 2236.38
SELL M&M.NS @ 626.38
BUY TATACONSUM.NS @ 153.71 (size=203)
SELL HCLTECH.NS @ 339.21
BUY CIPLA.NS @ 537.64 (size=62)
BUY INFY.NS @ 404.49 (size=79)
SELL INFY.NS @ 365.82
SELL ADANIPORTS.NS @ 358.95
SELL KOTAKBANK.NS @ 192.90
SELL POWERGRID.NS @ 77.56
BUY NESTLEIND.NS @ 312.02 (size=123)
BUY ASIANPAINT.NS @ 1093.07 (size=33)
SELL BHARTIARTL.NS @ 349.27
SELL TCS.NS @ 1002.23
SELL CIPLA.NS @ 526.56
BUY SHREECEM.NS @ 18162.19 (size=2)
BUY LT.NS @ 1080.43 (size=34)
BUY DIVISLAB.NS @ 752.41 (size=44)
BUY ADANIPORTS.NS @ 384.88 (size=78)
SELL WIPRO.NS @ 97.00
BUY BAJAJ-AUTO.NS @ 2426.80 (size=12)
BUY KOTAKBANK.NS @ 199.96 (size=149)
BUY AXISBANK.NS @ 513.37 (size=58)
BUY TCS.NS @ 1023.82 (size=29)
BUY HCLTECH.NS @ 349.84 (size=85)
SELL BPCL.NS @ 142.32
SELL HEROMOTOCO.NS @ 2893.52
SELL HCLTECH.NS @ 343.23
BUY CIPLA.NS @ 558.25 (size=30)
BUY HEROMOTOCO.NS @ 2923.80 (size=5)
SELL NTPC.NS @ 99.76
SELL SHREECEM.NS @ 17177.94
SELL AXISBANK.NS @ 502.57
BUY HCLTECH.NS @ 348.81 (size=47)
SELL HEROMOTOCO.NS @ 2844.82
SELL ADANIPORTS.NS @ 371.08
SELL BAJAJFINSV.NS @ 509.31
SELL JSWSTEEL.NS @ 216.20
SELL HCLTECH.NS @ 344.71
SELL HINDALCO.NS @ 217.34
SELL KOTAKBANK.NS @ 197.77
SELL LT.NS @ 1031.68
SELL ASIANPAINT.NS @ 1098.16
SELL EICHERMOT.NS @ 2883.06
SELL TCS.NS @ 1010.99
SELL GRASIM.NS @ 1074.86
SELL TITAN.NS @ 575.80
SELL HDFCBANK.NS @ 414.49
SELL RELIANCE.NS @ 353.01
BUY HDFCBANK.NS @ 418.88 (size=178)
BUY KOTAKBANK.NS @ 200.00 (size=374)
BUY AXISBANK.NS @ 509.04 (size=147)
BUY HINDALCO.NS @ 226.21 (size=331)
BUY TECHM.NS @ 343.93 (size=217)
SELL HINDUNILVR.NS @ 1027.29
SELL AXISBANK.NS @ 503.22
BUY NTPC.NS @ 102.82 (size=452)
BUY COALINDIA.NS @ 136.30 (size=307)
BUY TCS.NS @ 1041.04 (size=36)
BUY RELIANCE.NS @ 387.31 (size=87)
BUY BHARTIARTL.NS @ 389.48 (size=87)
SELL MARUTI.NS @ 7228.06
BUY WIPRO.NS @ 100.87 (size=268)
BUY SHREECEM.NS @ 18654.95 (size=1)
SELL BAJFINANCE.NS @ 178.60
BUY ULTRACEMCO.NS @ 4057.22 (size=6)
SELL INDUSINDBK.NS @ 1586.94
BUY ASIANPAINT.NS @ 1143.91 (size=23)
BUY SBIN.NS @ 299.79 (size=99)
SELL HDFCBANK.NS @ 418.83
SELL KOTAKBANK.NS @ 201.06
BUY HCLTECH.NS @ 357.73 (size=83)
BUY BPCL.NS @ 154.46 (size=251)
BUY POWERGRID.NS @ 77.59 (size=499)
BUY M&M.NS @ 637.95 (size=60)
BUY KOTAKBANK.NS @ 202.72 (size=191)
BUY ONGC.NS @ 109.13 (size=355)
BUY MARUTI.NS @ 7491.77 (size=5)
BUY LT.NS @ 1085.45 (size=35)
BUY HINDUNILVR.NS @ 1114.62 (size=34)
SELL HCLTECH.NS @ 342.74
BUY ADANIPORTS.NS @ 412.52 (size=26)
BUY ICICIBANK.NS @ 289.27 (size=37)
BUY UPL.NS @ 506.15 (size=17)
SELL ASIANPAINT.NS @ 1106.16
SELL UPL.NS @ 490.74
BUY JSWSTEEL.NS @ 235.91 (size=43)
BUY GRASIM.NS @ 1166.76 (size=8)
BUY TITAN.NS @ 617.60 (size=16)
SELL POWERGRID.NS @ 76.98
SELL KOTAKBANK.NS @ 202.04
SELL SHREECEM.NS @ 17921.44
SELL BPCL.NS @ 144.14
SELL TATASTEEL.NS @ 52.47
SELL COALINDIA.NS @ 134.16
SELL JSWSTEEL.NS @ 233.17
SELL GRASIM.NS @ 1120.83
SELL HINDALCO.NS @ 238.92
SELL ADANIPORTS.NS @ 379.24
BUY INFY.NS @ 397.10 (size=94)
SELL CIPLA.NS @ 559.14
SELL ULTRACEMCO.NS @ 4017.04
BUY ULTRACEMCO.NS @ 4038.02 (size=9)
SELL WIPRO.NS @ 100.16
BUY WIPRO.NS @ 102.20 (size=372)
SELL WIPRO.NS @ 99.89
BUY BAJAJFINSV.NS @ 519.63 (size=65)
BUY AXISBANK.NS @ 532.51 (size=64)
SELL BAJAJFINSV.NS @ 508.14
SELL TECHM.NS @ 357.89
SELL BAJAJ-AUTO.NS @ 2565.64
SELL ULTRACEMCO.NS @ 3965.56
SELL NTPC.NS @ 106.43
SELL ONGC.NS @ 109.97
BUY TECHM.NS @ 376.36 (size=152)
BUY HDFCBANK.NS @ 429.40 (size=120)
SELL TCS.NS @ 1065.71
SELL HDFCBANK.NS @ 424.62
BUY ONGC.NS @ 115.00 (size=483)
SELL LT.NS @ 1055.06
BUY HCLTECH.NS @ 349.00 (size=153)
BUY INDUSINDBK.NS @ 1598.52 (size=30)
BUY HDFCBANK.NS @ 437.11 (size=110)
BUY BPCL.NS @ 151.56 (size=255)
SELL BRITANNIA.NS @ 2079.09
SELL HCLTECH.NS @ 343.70
BUY TATASTEEL.NS @ 53.80 (size=842)
SELL INDUSINDBK.NS @ 1578.64
BUY LT.NS @ 1116.76 (size=36)
SELL RELIANCE.NS @ 403.28
BUY HEROMOTOCO.NS @ 2855.93 (size=14)
BUY SUNPHARMA.NS @ 533.76 (size=76)
SELL SBIN.NS @ 284.57
BUY SHREECEM.NS @ 17423.10 (size=2)
BUY WIPRO.NS @ 105.40 (size=349)
BUY JSWSTEEL.NS @ 247.64 (size=148)
BUY HINDALCO.NS @ 261.12 (size=141)
SELL BPCL.NS @ 146.44
SELL SHREECEM.NS @ 17377.36
SELL ICICIBANK.NS @ 297.48
BUY ASIANPAINT.NS @ 1111.18 (size=30)
BUY GRASIM.NS @ 1154.49 (size=29)
BUY BAJAJFINSV.NS @ 520.34 (size=51)
BUY COALINDIA.NS @ 149.77 (size=161)
SELL BHARTIARTL.NS @ 438.02
BUY TCS.NS @ 1149.73 (size=22)
BUY INDUSINDBK.NS @ 1620.68 (size=14)
BUY HCLTECH.NS @ 362.46 (size=63)
BUY SHREECEM.NS @ 18291.58 (size=1)
SELL BAJAJFINSV.NS @ 504.00
BUY KOTAKBANK.NS @ 206.59 (size=93)
BUY ICICIBANK.NS @ 316.31 (size=60)
BUY ULTRACEMCO.NS @ 4361.25 (size=4)
SELL HEROMOTOCO.NS @ 2723.00
SELL INDUSINDBK.NS @ 1579.84
BUY ADANIPORTS.NS @ 413.81 (size=42)
BUY INDUSINDBK.NS @ 1601.43 (size=11)
SELL NESTLEIND.NS @ 348.46
SELL HINDALCO.NS @ 240.87
BUY UPL.NS @ 499.52 (size=47)
BUY DRREDDY.NS @ 472.99 (size=50)
BUY RELIANCE.NS @ 429.14 (size=55)
BUY HINDALCO.NS @ 251.35 (size=66)
BUY CIPLA.NS @ 586.96 (size=28)
BUY SBIN.NS @ 304.40 (size=44)
BUY BAJAJ-AUTO.NS @ 2680.22 (size=5)
SELL ASIANPAINT.NS @ 1079.11
SELL ULTRACEMCO.NS @ 4132.43
SELL SBIN.NS @ 288.95
SELL SHREECEM.NS @ 17296.39
SELL DRREDDY.NS @ 446.57
SELL GRASIM.NS @ 1106.05
SELL HINDALCO.NS @ 240.54
SELL CIPLA.NS @ 571.50
SELL TATACONSUM.NS @ 272.08
SELL UPL.NS @ 461.73
SELL DIVISLAB.NS @ 982.67
SELL WIPRO.NS @ 103.26
SELL SUNPHARMA.NS @ 513.38
SELL TITAN.NS @ 807.92
SELL BAJAJ-AUTO.NS @ 2599.81
SELL MARUTI.NS @ 8348.43
SELL TATASTEEL.NS @ 53.87
SELL RELIANCE.NS @ 399.48
SELL ADANIPORTS.NS @ 389.74
SELL ONGC.NS @ 118.03
SELL HINDUNILVR.NS @ 1167.37
SELL INDUSINDBK.NS @ 1583.94
SELL HDFCBANK.NS @ 436.96
SELL AXISBANK.NS @ 556.33
SELL M&M.NS @ 693.26
BUY SUNPHARMA.NS @ 545.66 (size=148)
SELL ICICIBANK.NS @ 306.36
SELL LT.NS @ 1149.32
SELL HCLTECH.NS @ 362.11
SELL SUNPHARMA.NS @ 519.96
BUY APOLLOHOSP.NS @ 1156.95 (size=68)
BUY RELIANCE.NS @ 421.65 (size=202)
SELL RELIANCE.NS @ 408.20
SELL APOLLOHOSP.NS @ 1139.10
SELL JSWSTEEL.NS @ 264.25
SELL COALINDIA.NS @ 145.24
SELL TCS.NS @ 1185.38
BUY BRITANNIA.NS @ 2153.74 (size=47)
BUY INDUSINDBK.NS @ 1643.94 (size=55)
SELL KOTAKBANK.NS @ 211.05
BUY NESTLEIND.NS @ 346.62 (size=264)
BUY HCLTECH.NS @ 383.26 (size=239)
SELL HCLTECH.NS @ 366.98
BUY TITAN.NS @ 862.89 (size=86)
BUY NTPC.NS @ 103.91 (size=651)
BUY BAJAJFINSV.NS @ 510.92 (size=132)
BUY BAJFINANCE.NS @ 172.62 (size=314)
BUY DIVISLAB.NS @ 1028.29 (size=52)
SELL INFY.NS @ 454.72
BUY M&M.NS @ 695.17 (size=68)
SELL TECHM.NS @ 458.85
BUY HEROMOTOCO.NS @ 2794.52 (size=15)
BUY EICHERMOT.NS @ 2869.77 (size=15)
BUY JSWSTEEL.NS @ 284.98 (size=160)
BUY TCS.NS @ 1289.04 (size=28)
BUY HCLTECH.NS @ 400.08 (size=92)
BUY TECHM.NS @ 508.23 (size=58)
BUY POWERGRID.NS @ 75.94 (size=352)
BUY TATACONSUM.NS @ 263.00 (size=101)
BUY ITC.NS @ 192.78 (size=111)
BUY HINDALCO.NS @ 230.34 (size=93)
BUY HDFCBANK.NS @ 456.35 (size=37)
BUY INFY.NS @ 477.18 (size=32)
BUY RELIANCE.NS @ 428.50 (size=32)
BUY KOTAKBANK.NS @ 235.91 (size=52)
BUY LT.NS @ 1195.19 (size=10)
BUY HINDUNILVR.NS @ 1313.49 (size=9)
BUY ASIANPAINT.NS @ 1083.47 (size=11)
BUY ADANIPORTS.NS @ 384.25 (size=19)
SELL HINDALCO.NS @ 216.34
SELL HCLTECH.NS @ 366.66
BUY SUNPHARMA.NS @ 496.43 (size=17)
SELL SUNPHARMA.NS @ 479.71
BUY ICICIBANK.NS @ 297.09 (size=41)
SELL NTPC.NS @ 102.96
BUY ONGC.NS @ 119.18 (size=92)
SELL BAJAJFINSV.NS @ 522.00
SELL HEROMOTOCO.NS @ 2757.29
SELL TATACONSUM.NS @ 239.55
SELL TITAN.NS @ 894.44
BUY BAJAJFINSV.NS @ 555.02 (size=68)
SELL LT.NS @ 1167.11
SELL ICICIBANK.NS @ 274.81
SELL RELIANCE.NS @ 412.51
SELL ADANIPORTS.NS @ 366.35
SELL EICHERMOT.NS @ 2752.66
SELL JSWSTEEL.NS @ 282.28
SELL DIVISLAB.NS @ 1060.39
SELL ONGC.NS @ 111.04
BUY HINDALCO.NS @ 232.90 (size=229)
BUY COALINDIA.NS @ 147.31 (size=326)
BUY LT.NS @ 1215.77 (size=35)
BUY AXISBANK.NS @ 542.96 (size=79)
BUY EICHERMOT.NS @ 2878.71 (size=15)
BUY JSWSTEEL.NS @ 302.96 (size=143)
SELL EICHERMOT.NS @ 2793.42
SELL POWERGRID.NS @ 74.75
SELL LT.NS @ 1183.26
SELL ITC.NS @ 191.00
BUY SUNPHARMA.NS @ 489.25 (size=80)
BUY DRREDDY.NS @ 427.47 (size=82)
SELL COALINDIA.NS @ 145.59
SELL AXISBANK.NS @ 525.90
BUY RELIANCE.NS @ 448.00 (size=70)
SELL HINDALCO.NS @ 225.21
BUY CIPLA.NS @ 576.82 (size=55)
BUY HEROMOTOCO.NS @ 2785.87 (size=14)
SELL HEROMOTOCO.NS @ 2770.17
SELL JSWSTEEL.NS @ 294.70
SELL RELIANCE.NS @ 420.20
SELL TECHM.NS @ 502.71
BUY TATACONSUM.NS @ 265.51 (size=186)
BUY MARUTI.NS @ 8562.19 (size=5)
BUY RELIANCE.NS @ 428.90 (size=94)
BUY BAJAJ-AUTO.NS @ 2472.18 (size=14)
BUY HCLTECH.NS @ 388.84 (size=84)
SELL INDUSINDBK.NS @ 1832.17
SELL TATACONSUM.NS @ 244.62
SELL DRREDDY.NS @ 400.17
SELL BAJAJ-AUTO.NS @ 2324.43
BUY ITC.NS @ 202.89 (size=249)
BUY SHREECEM.NS @ 17267.92 (size=2)
SELL KOTAKBANK.NS @ 261.22
BUY ULTRACEMCO.NS @ 4002.15 (size=11)
BUY ADANIPORTS.NS @ 380.72 (size=102)
BUY INDUSINDBK.NS @ 1883.16 (size=18)
BUY SBIN.NS @ 265.47 (size=132)
BUY AXISBANK.NS @ 538.73 (size=65)
BUY ICICIBANK.NS @ 295.22 (size=83)
BUY DIVISLAB.NS @ 1093.48 (size=22)
BUY TITAN.NS @ 897.58 (size=22)
SELL ADANIPORTS.NS @ 357.26
BUY COALINDIA.NS @ 143.68 (size=124)
SELL MARUTI.NS @ 8492.77
SELL SUNPHARMA.NS @ 513.10
SELL HDFCBANK.NS @ 491.14
BUY TECHM.NS @ 510.78 (size=55)
BUY SUNPHARMA.NS @ 557.37 (size=48)
BUY APOLLOHOSP.NS @ 1103.31 (size=24)
BUY WIPRO.NS @ 99.20 (size=219)
SELL INDUSINDBK.NS @ 1880.14
BUY LT.NS @ 1214.81 (size=16)
BUY DRREDDY.NS @ 470.81 (size=41)
BUY JSWSTEEL.NS @ 327.23 (size=58)
BUY POWERGRID.NS @ 73.31 (size=234)
BUY NTPC.NS @ 102.84 (size=150)
BUY HINDALCO.NS @ 226.73 (size=68)
SELL TITAN.NS @ 857.69
BUY UPL.NS @ 444.43 (size=32)
SELL ASIANPAINT.NS @ 1292.76
SELL HINDUNILVR.NS @ 1507.86
BUY EICHERMOT.NS @ 2712.43 (size=5)
BUY TITAN.NS @ 891.28 (size=16)
SELL BAJAJFINSV.NS @ 648.78
SELL BRITANNIA.NS @ 2817.57
SELL NESTLEIND.NS @ 470.80
SELL TITAN.NS @ 843.58
BUY BAJAJ-AUTO.NS @ 2393.15 (size=18)
SELL SBIN.NS @ 262.84
SELL SHREECEM.NS @ 16781.95
SELL BAJFINANCE.NS @ 255.18
SELL ULTRACEMCO.NS @ 3973.90
SELL COALINDIA.NS @ 143.45
SELL BAJAJ-AUTO.NS @ 2270.56
BUY ONGC.NS @ 112.93 (size=575)
SELL EICHERMOT.NS @ 2623.63
BUY TATASTEEL.NS @ 51.12 (size=1143)
SELL APOLLOHOSP.NS @ 1023.12
SELL M&M.NS @ 839.47
SELL ICICIBANK.NS @ 297.89
SELL ITC.NS @ 212.75
SELL AXISBANK.NS @ 596.91
SELL LT.NS @ 1142.97
SELL UPL.NS @ 399.29
SELL TATASTEEL.NS @ 47.40
SELL RELIANCE.NS @ 535.89
SELL DRREDDY.NS @ 453.39
SELL SUNPHARMA.NS @ 556.50
SELL CIPLA.NS @ 605.02
SELL POWERGRID.NS @ 70.42
SELL ONGC.NS @ 93.82
SELL HINDALCO.NS @ 212.23
SELL TECHM.NS @ 537.83
SELL NTPC.NS @ 100.23
SELL DIVISLAB.NS @ 1189.08
SELL TCS.NS @ 1695.67
SELL INFY.NS @ 576.63
SELL JSWSTEEL.NS @ 333.60
SELL HCLTECH.NS @ 401.35
SELL WIPRO.NS @ 106.12
BUY WIPRO.NS @ 109.37 (size=1138)
BUY ICICIBANK.NS @ 337.11 (size=332)
BUY DIVISLAB.NS @ 1372.10 (size=81)
BUY DRREDDY.NS @ 485.88 (size=184)
BUY APOLLOHOSP.NS @ 1117.96 (size=80)
BUY UPL.NS @ 432.38 (size=166)
SELL DRREDDY.NS @ 470.43
BUY SBIN.NS @ 272.16 (size=269)
BUY AXISBANK.NS @ 621.03 (size=117)
BUY TITAN.NS @ 873.70 (size=67)
BUY HINDUNILVR.NS @ 1531.10 (size=34)
BUY TATASTEEL.NS @ 48.17 (size=1095)
SELL TATASTEEL.NS @ 46.95
BUY NESTLEIND.NS @ 468.83 (size=101)
SELL WIPRO.NS @ 110.31
BUY DRREDDY.NS @ 497.22 (size=110)
BUY ASIANPAINT.NS @ 1274.19 (size=39)
BUY HDFCBANK.NS @ 500.39 (size=89)
BUY BAJFINANCE.NS @ 244.54 (size=182)
BUY KOTAKBANK.NS @ 241.45 (size=185)
BUY ULTRACEMCO.NS @ 3899.21 (size=11)
BUY BAJAJFINSV.NS @ 597.56 (size=45)
BUY BRITANNIA.NS @ 2815.55 (size=9)
BUY WIPRO.NS @ 115.00 (size=189)
BUY TECHM.NS @ 562.56 (size=34)
SELL BAJAJFINSV.NS @ 564.98
SELL TECHM.NS @ 538.99
SELL SBIN.NS @ 253.01
SELL AXISBANK.NS @ 587.12
SELL ULTRACEMCO.NS @ 3653.63
BUY SBIN.NS @ 259.51 (size=152)
BUY AXISBANK.NS @ 600.99 (size=65)
BUY POWERGRID.NS @ 73.83 (size=427)
BUY SHREECEM.NS @ 17006.78 (size=1)
BUY BAJAJFINSV.NS @ 638.54 (size=44)
BUY ULTRACEMCO.NS @ 3951.60 (size=7)
BUY LT.NS @ 1303.53 (size=16)
SELL WIPRO.NS @ 110.59
SELL DIVISLAB.NS @ 1378.77
SELL AXISBANK.NS @ 604.67
SELL LT.NS @ 1243.34
SELL DRREDDY.NS @ 488.97
BUY AXISBANK.NS @ 666.49 (size=65)
SELL ULTRACEMCO.NS @ 3693.00
BUY INFY.NS @ 562.64 (size=77)
BUY DIVISLAB.NS @ 1448.60 (size=25)
SELL SHREECEM.NS @ 15468.37
BUY ITC.NS @ 210.89 (size=160)
SELL KOTAKBANK.NS @ 239.42
BUY WIPRO.NS @ 115.55 (size=277)
BUY ADANIPORTS.NS @ 378.56 (size=87)
SELL HINDUNILVR.NS @ 1563.23
BUY RELIANCE.NS @ 526.66 (size=66)
BUY KOTAKBANK.NS @ 252.33 (size=125)
SELL SBIN.NS @ 267.82
SELL POWERGRID.NS @ 71.33
SELL ITC.NS @ 198.00
SELL UPL.NS @ 464.35
SELL DIVISLAB.NS @ 1422.69
SELL HDFCBANK.NS @ 492.16
SELL ADANIPORTS.NS @ 358.75
SELL ICICIBANK.NS @ 344.64
SELL BAJFINANCE.NS @ 239.85
SELL BAJAJFINSV.NS @ 603.20
BUY BAJAJFINSV.NS @ 621.35 (size=122)
BUY DRREDDY.NS @ 509.57 (size=149)
BUY BAJFINANCE.NS @ 253.22 (size=239)
SELL KOTAKBANK.NS @ 243.29
BUY HCLTECH.NS @ 405.91 (size=149)
SELL BAJAJFINSV.NS @ 607.28
BUY UPL.NS @ 484.54 (size=121)
BUY DIVISLAB.NS @ 1533.40 (size=34)
BUY TECHM.NS @ 627.96 (size=76)
BUY BAJAJ-AUTO.NS @ 2335.89 (size=18)
SELL BRITANNIA.NS @ 2762.47
SELL APOLLOHOSP.NS @ 1232.39
SELL DRREDDY.NS @ 499.81
SELL NESTLEIND.NS @ 493.86
SELL BAJFINANCE.NS @ 249.86
SELL ASIANPAINT.NS @ 1303.04
BUY SHREECEM.NS @ 16157.12 (size=4)
BUY BAJAJFINSV.NS @ 643.25 (size=116)
BUY TCS.NS @ 1698.80 (size=44)
BUY ULTRACEMCO.NS @ 3762.51 (size=14)
BUY ICICIBANK.NS @ 358.87 (size=134)
BUY ONGC.NS @ 100.58 (size=432)
BUY LT.NS @ 1215.12 (size=35)
BUY NTPC.NS @ 96.85 (size=360)
SELL WIPRO.NS @ 118.30
SELL INFY.NS @ 596.07
BUY BPCL.NS @ 121.21 (size=324)
BUY HDFCBANK.NS @ 509.77 (size=69)
BUY BHARTIARTL.NS @ 308.78 (size=114)
BUY SBIN.NS @ 275.34 (size=102)
BUY BAJFINANCE.NS @ 279.10 (size=101)
BUY ASIANPAINT.NS @ 1352.61 (size=20)
SELL TECHM.NS @ 596.54
BUY INDUSINDBK.NS @ 1733.21 (size=14)
SELL TCS.NS @ 1639.80
BUY ADANIPORTS.NS @ 365.90 (size=80)
BUY TCS.NS @ 1678.63 (size=15)
SELL BPCL.NS @ 109.92
BUY TATASTEEL.NS @ 44.90 (size=530)
BUY WIPRO.NS @ 129.00 (size=193)
BUY DRREDDY.NS @ 528.41 (size=47)
SELL ASIANPAINT.NS @ 1331.17
SELL TCS.NS @ 1678.63
BUY ITC.NS @ 218.31 (size=103)
BUY COALINDIA.NS @ 137.72 (size=166)
BUY TCS.NS @ 1760.96 (size=13)
BUY TECHM.NS @ 619.45 (size=29)
BUY POWERGRID.NS @ 74.25 (size=222)
SELL TATASTEEL.NS @ 41.77
BUY GRASIM.NS @ 884.43 (size=18)
BUY TATASTEEL.NS @ 44.59 (size=347)
SELL INDUSINDBK.NS @ 1543.25
SELL POWERGRID.NS @ 72.25
BUY KOTAKBANK.NS @ 276.01 (size=50)
BUY APOLLOHOSP.NS @ 1170.38 (size=13)
SELL TITAN.NS @ 1057.38
SELL APOLLOHOSP.NS @ 1166.21
SELL AXISBANK.NS @ 737.85
SELL SBIN.NS @ 275.20
SELL ICICIBANK.NS @ 368.76
SELL TATASTEEL.NS @ 42.74
SELL RELIANCE.NS @ 577.84
SELL DIVISLAB.NS @ 1589.66
SELL TECHM.NS @ 620.96
SELL NTPC.NS @ 97.52
SELL ADANIPORTS.NS @ 349.20
BUY TITAN.NS @ 1078.47 (size=44)
SELL LT.NS @ 1183.90
SELL GRASIM.NS @ 801.37
SELL ITC.NS @ 206.57
SELL BAJAJ-AUTO.NS @ 2404.32
SELL BAJFINANCE.NS @ 281.16
SELL HCLTECH.NS @ 426.44
SELL COALINDIA.NS @ 129.51
BUY BAJFINANCE.NS @ 303.42 (size=241)
BUY BAJAJ-AUTO.NS @ 2488.51 (size=26)
BUY TATACONSUM.NS @ 222.42 (size=296)
SELL DRREDDY.NS @ 524.58
BUY SBIN.NS @ 318.06 (size=173)
BUY LT.NS @ 1304.12 (size=42)
BUY ADANIPORTS.NS @ 371.94 (size=118)
SELL TCS.NS @ 1734.67
BUY BPCL.NS @ 120.36 (size=349)
BUY ICICIBANK.NS @ 396.40 (size=106)
BUY AXISBANK.NS @ 772.21 (size=54)
BUY GRASIM.NS @ 847.85 (size=49)
BUY COALINDIA.NS @ 138.11 (size=181)
BUY HINDUNILVR.NS @ 1585.90 (size=15)
BUY NESTLEIND.NS @ 508.05 (size=49)
SELL BAJAJ-AUTO.NS @ 2394.74
BUY NTPC.NS @ 103.17 (size=232)
BUY TCS.NS @ 1830.33 (size=11)
BUY APOLLOHOSP.NS @ 1213.73 (size=17)
BUY POWERGRID.NS @ 75.76 (size=230)
SELL POWERGRID.NS @ 74.32
SELL ONGC.NS @ 109.61
BUY HCLTECH.NS @ 443.26 (size=50)
SELL NTPC.NS @ 101.37
BUY POWERGRID.NS @ 75.43 (size=264)
SELL HCLTECH.NS @ 434.90
SELL ULTRACEMCO.NS @ 4310.28
SELL UPL.NS @ 594.90
SELL AXISBANK.NS @ 766.54
SELL WIPRO.NS @ 131.73
BUY INFY.NS @ 636.61 (size=66)
BUY NTPC.NS @ 105.73 (size=359)
BUY AXISBANK.NS @ 796.13 (size=42)
BUY ULTRACEMCO.NS @ 4449.45 (size=7)
SELL BPCL.NS @ 117.81
SELL COALINDIA.NS @ 137.31
SELL ULTRACEMCO.NS @ 4379.31
BUY UPL.NS @ 655.76 (size=57)
SELL TCS.NS @ 1817.05
SELL INFY.NS @ 609.28
SELL NTPC.NS @ 98.97
SELL ADANIPORTS.NS @ 381.73
SELL HINDUNILVR.NS @ 1576.37
SELL BAJAJFINSV.NS @ 756.93
SELL GRASIM.NS @ 849.76
SELL HDFCBANK.NS @ 562.12
SELL KOTAKBANK.NS @ 291.20
SELL UPL.NS @ 601.02
SELL TITAN.NS @ 1073.10
SELL AXISBANK.NS @ 766.05
SELL BAJFINANCE.NS @ 330.09
SELL LT.NS @ 1317.96
BUY INFY.NS @ 661.35 (size=140)
BUY KOTAKBANK.NS @ 305.64 (size=274)
SELL BHARTIARTL.NS @ 330.99
SELL ICICIBANK.NS @ 403.93
BUY DIVISLAB.NS @ 1564.32 (size=50)
SELL SHREECEM.NS @ 20388.47
SELL KOTAKBANK.NS @ 289.65
SELL NESTLEIND.NS @ 517.17
SELL SBIN.NS @ 315.75
BUY KOTAKBANK.NS @ 297.56 (size=317)
BUY ASIANPAINT.NS @ 1356.87 (size=69)
SELL TATACONSUM.NS @ 238.68
SELL DIVISLAB.NS @ 1528.30
SELL KOTAKBANK.NS @ 295.77
BUY DRREDDY.NS @ 511.07 (size=205)
SELL DRREDDY.NS @ 492.98
BUY DIVISLAB.NS @ 1580.08 (size=59)
BUY TATACONSUM.NS @ 253.68 (size=376)
SELL APOLLOHOSP.NS @ 1283.68
SELL DIVISLAB.NS @ 1523.25
SELL POWERGRID.NS @ 77.97
BUY NESTLEIND.NS @ 541.55 (size=182)
BUY BHARTIARTL.NS @ 352.21 (size=281)
BUY HCLTECH.NS @ 434.62 (size=182)
BUY APOLLOHOSP.NS @ 1440.84 (size=49)
SELL TATACONSUM.NS @ 247.08
BUY HINDUNILVR.NS @ 1682.94 (size=38)
BUY POWERGRID.NS @ 81.02 (size=829)
SELL BHARTIARTL.NS @ 332.95
BUY TATACONSUM.NS @ 267.48 (size=260)
SELL POWERGRID.NS @ 78.65
BUY SUNPHARMA.NS @ 421.13 (size=149)
BUY BPCL.NS @ 114.22 (size=552)
BUY BAJAJ-AUTO.NS @ 2376.25 (size=23)
SELL TATACONSUM.NS @ 250.95
BUY DRREDDY.NS @ 526.02 (size=110)
BUY TITAN.NS @ 1126.62 (size=46)
SELL SUNPHARMA.NS @ 389.71
SELL HCLTECH.NS @ 420.70
BUY HDFCBANK.NS @ 568.12 (size=106)
BUY BAJFINANCE.NS @ 361.82 (size=166)
BUY BAJAJFINSV.NS @ 767.21 (size=78)
BUY HINDALCO.NS @ 194.09 (size=311)
BUY HEROMOTOCO.NS @ 2276.97 (size=26)
BUY ADANIPORTS.NS @ 394.56 (size=75)
BUY KOTAKBANK.NS @ 326.75 (size=90)
BUY MARUTI.NS @ 6552.22 (size=4)
BUY LT.NS @ 1391.11 (size=21)
BUY ICICIBANK.NS @ 431.66 (size=68)
BUY BRITANNIA.NS @ 2728.13 (size=10)
SELL INFY.NS @ 648.62
BUY DIVISLAB.NS @ 1551.83 (size=19)
BUY RELIANCE.NS @ 572.03 (size=32)
SELL APOLLOHOSP.NS @ 1377.73
BUY BHARTIARTL.NS @ 350.87 (size=67)
SELL BHARTIARTL.NS @ 329.70
SELL HINDALCO.NS @ 175.32
SELL DRREDDY.NS @ 504.09
BUY BHARTIARTL.NS @ 360.62 (size=95)
SELL HEROMOTOCO.NS @ 2069.35
BUY EICHERMOT.NS @ 1938.39 (size=18)
BUY ULTRACEMCO.NS @ 4121.52 (size=7)
BUY DRREDDY.NS @ 544.34 (size=55)
BUY HCLTECH.NS @ 438.98 (size=68)
BUY HEROMOTOCO.NS @ 2144.23 (size=11)
BUY TATACONSUM.NS @ 278.65 (size=77)
BUY SBIN.NS @ 288.26 (size=67)
BUY SUNPHARMA.NS @ 405.23 (size=47)
BUY TECHM.NS @ 584.35 (size=33)
BUY HINDALCO.NS @ 190.06 (size=71)
SELL HEROMOTOCO.NS @ 2102.48
BUY UPL.NS @ 568.72 (size=25)
SELL TITAN.NS @ 1134.03
SELL UPL.NS @ 542.47
SELL ADANIPORTS.NS @ 370.75
SELL LT.NS @ 1267.79
SELL ULTRACEMCO.NS @ 3991.84
SELL SUNPHARMA.NS @ 385.22
SELL DIVISLAB.NS @ 1610.37
SELL HINDALCO.NS @ 180.99
SELL DRREDDY.NS @ 525.87
BUY DIVISLAB.NS @ 1682.78 (size=20)
BUY AXISBANK.NS @ 744.69 (size=45)
SELL ASIANPAINT.NS @ 1637.08
BUY SHREECEM.NS @ 19788.93 (size=2)
BUY SUNPHARMA.NS @ 420.75 (size=98)
SELL KOTAKBANK.NS @ 312.51
SELL BRITANNIA.NS @ 2700.43
BUY JSWSTEEL.NS @ 243.68 (size=159)
BUY HINDALCO.NS @ 191.31 (size=203)
SELL HINDUNILVR.NS @ 1839.17
SELL BAJFINANCE.NS @ 386.08
BUY GRASIM.NS @ 779.40 (size=48)
SELL BPCL.NS @ 158.56
SELL MARUTI.NS @ 6721.54
SELL NESTLEIND.NS @ 665.13
BUY KOTAKBANK.NS @ 333.47 (size=192)
BUY DRREDDY.NS @ 556.68 (size=115)
SELL HDFCBANK.NS @ 588.65
SELL HCLTECH.NS @ 443.34
SELL AXISBANK.NS @ 712.72
BUY AXISBANK.NS @ 748.87 (size=85)
BUY TATASTEEL.NS @ 36.87 (size=1561)
BUY HDFCBANK.NS @ 612.04 (size=84)
BUY TCS.NS @ 1866.24 (size=27)
SELL GRASIM.NS @ 728.18
BUY ASIANPAINT.NS @ 1714.83 (size=26)
BUY NESTLEIND.NS @ 694.28 (size=58)
SELL SUNPHARMA.NS @ 394.71
SELL BAJAJ-AUTO.NS @ 2665.52
SELL RELIANCE.NS @ 677.31
SELL EICHERMOT.NS @ 2043.29
BUY APOLLOHOSP.NS @ 1470.29 (size=33)
SELL ASIANPAINT.NS @ 1665.66
BUY SUNPHARMA.NS @ 415.70 (size=114)
SELL SBIN.NS @ 294.35
SELL HDFCBANK.NS @ 587.70
SELL AXISBANK.NS @ 720.24
SELL NESTLEIND.NS @ 673.65
BUY ULTRACEMCO.NS @ 4189.08 (size=15)
BUY INFY.NS @ 664.69 (size=87)
BUY INDUSINDBK.NS @ 1430.84 (size=36)
SELL INDUSINDBK.NS @ 1352.47
BUY HINDUNILVR.NS @ 1851.77 (size=28)
BUY BRITANNIA.NS @ 2814.43 (size=18)
BUY NESTLEIND.NS @ 717.49 (size=72)
BUY HDFCBANK.NS @ 605.32 (size=60)
BUY RELIANCE.NS @ 707.27 (size=51)
BUY HCLTECH.NS @ 480.89 (size=75)
BUY POWERGRID.NS @ 80.27 (size=315)
SELL HDFCBANK.NS @ 594.31
SELL KOTAKBANK.NS @ 322.23
SELL RELIANCE.NS @ 685.50
BUY ASIANPAINT.NS @ 1722.11 (size=20)
SELL HINDALCO.NS @ 196.97
SELL ICICIBANK.NS @ 505.69
BUY GRASIM.NS @ 781.00 (size=51)
BUY ICICIBANK.NS @ 519.62 (size=69)
SELL JSWSTEEL.NS @ 246.17
SELL POWERGRID.NS @ 74.70
SELL ICICIBANK.NS @ 510.87
SELL TATASTEEL.NS @ 37.45
BUY BAJFINANCE.NS @ 431.88 (size=111)
SELL TCS.NS @ 1844.68
SELL SUNPHARMA.NS @ 406.07
BUY BAJAJ-AUTO.NS @ 2748.79 (size=19)
SELL BAJAJFINSV.NS @ 906.07
BUY TITAN.NS @ 1163.75 (size=45)
SELL BAJAJ-AUTO.NS @ 2646.94
BUY BAJAJFINSV.NS @ 950.82 (size=51)
BUY BPCL.NS @ 158.74 (size=311)
SELL GRASIM.NS @ 731.42
BUY JSWSTEEL.NS @ 270.47 (size=178)
SELL BPCL.NS @ 152.23
SELL BRITANNIA.NS @ 2766.55
SELL BAJAJFINSV.NS @ 944.04
SELL JSWSTEEL.NS @ 242.56
SELL ULTRACEMCO.NS @ 4213.38
SELL HCLTECH.NS @ 469.32
SELL SHREECEM.NS @ 22211.25
SELL TATACONSUM.NS @ 330.61
SELL DRREDDY.NS @ 563.67
SELL ASIANPAINT.NS @ 1709.93
SELL INFY.NS @ 628.73
SELL TECHM.NS @ 588.62
SELL BAJFINANCE.NS @ 426.18
BUY ASIANPAINT.NS @ 1789.85 (size=56)
SELL BHARTIARTL.NS @ 474.37
SELL TITAN.NS @ 1180.48
SELL APOLLOHOSP.NS @ 1605.60
SELL HINDUNILVR.NS @ 1857.83
SELL NESTLEIND.NS @ 727.33
SELL DIVISLAB.NS @ 1855.54
SELL ASIANPAINT.NS @ 1716.56
BUY HINDUNILVR.NS @ 2209.29 (size=58)
BUY DRREDDY.NS @ 690.02 (size=187)
BUY CIPLA.NS @ 474.13 (size=273)
BUY SUNPHARMA.NS @ 427.98 (size=212)
BUY DIVISLAB.NS @ 2241.66 (size=40)
BUY ASIANPAINT.NS @ 1731.17 (size=41)
BUY RELIANCE.NS @ 610.01 (size=118)
BUY BRITANNIA.NS @ 2633.21 (size=22)
BUY TATACONSUM.NS @ 333.66 (size=156)
SELL HINDUNILVR.NS @ 1983.48
SELL ASIANPAINT.NS @ 1601.12
BUY BHARTIARTL.NS @ 509.02 (size=114)
BUY NESTLEIND.NS @ 815.94 (size=72)
SELL NESTLEIND.NS @ 758.96
BUY SHREECEM.NS @ 20248.22 (size=2)
BUY HEROMOTOCO.NS @ 1879.61 (size=28)
BUY M&M.NS @ 482.99 (size=101)
SELL DIVISLAB.NS @ 2250.83
BUY ADANIPORTS.NS @ 338.68 (size=157)
BUY TCS.NS @ 1782.33 (size=29)
BUY BAJAJ-AUTO.NS @ 2497.30 (size=17)
BUY ASIANPAINT.NS @ 1668.39 (size=23)
BUY POWERGRID.NS @ 72.94 (size=475)
BUY HINDUNILVR.NS @ 1977.13 (size=17)
BUY HCLTECH.NS @ 453.17 (size=61)
BUY INFY.NS @ 651.66 (size=42)
SELL SUNPHARMA.NS @ 445.40
SELL DRREDDY.NS @ 753.23
BUY SUNPHARMA.NS @ 465.13 (size=98)
BUY WIPRO.NS @ 104.90 (size=395)
SELL POWERGRID.NS @ 66.43
SELL ADANIPORTS.NS @ 311.02
SELL BHARTIARTL.NS @ 538.75
BUY DRREDDY.NS @ 804.73 (size=63)
BUY NESTLEIND.NS @ 820.55 (size=62)
BUY BPCL.NS @ 150.10 (size=275)
BUY HDFCBANK.NS @ 536.60 (size=69)
SELL SUNPHARMA.NS @ 449.45
BUY POWERGRID.NS @ 73.06 (size=518)
BUY EICHERMOT.NS @ 1990.94 (size=17)
SELL SHREECEM.NS @ 20900.18
BUY SUNPHARMA.NS @ 457.32 (size=67)
BUY APOLLOHOSP.NS @ 1490.10 (size=20)
SELL SUNPHARMA.NS @ 447.81
BUY TECHM.NS @ 536.98 (size=53)
BUY ULTRACEMCO.NS @ 4011.97 (size=7)
BUY TATASTEEL.NS @ 31.36 (size=837)
SELL NESTLEIND.NS @ 778.44
BUY SUNPHARMA.NS @ 480.25 (size=59)
BUY DIVISLAB.NS @ 2485.57 (size=11)
SELL HDFCBANK.NS @ 489.12
BUY MARUTI.NS @ 6199.24 (size=4)
BUY HINDALCO.NS @ 168.75 (size=155)
BUY UPL.NS @ 451.01 (size=46)
BUY JSWSTEEL.NS @ 240.20 (size=79)
BUY ITC.NS @ 155.78 (size=121)
BUY ADANIPORTS.NS @ 331.21 (size=45)
SELL HINDUNILVR.NS @ 1986.27
BUY GRASIM.NS @ 644.09 (size=26)
BUY NTPC.NS @ 81.73 (size=188)
BUY BAJFINANCE.NS @ 356.85 (size=38)
BUY KOTAKBANK.NS @ 292.20 (size=42)
SELL BPCL.NS @ 137.92
SELL BAJAJ-AUTO.NS @ 2594.59
SELL ULTRACEMCO.NS @ 3798.40
SELL ITC.NS @ 146.61
BUY TITAN.NS @ 1167.15 (size=20)
SELL BRITANNIA.NS @ 3420.34
SELL KOTAKBANK.NS @ 269.02
SELL SUNPHARMA.NS @ 473.57
SELL NTPC.NS @ 73.08
BUY BPCL.NS @ 145.53 (size=236)
BUY BRITANNIA.NS @ 3481.62 (size=8)
SELL POWERGRID.NS @ 71.34
SELL BRITANNIA.NS @ 3432.94
SELL BPCL.NS @ 140.16
BUY BRITANNIA.NS @ 3548.31 (size=10)
SELL HINDALCO.NS @ 169.71
SELL BAJFINANCE.NS @ 326.21
SELL MARUTI.NS @ 6351.52
SELL EICHERMOT.NS @ 2004.95
SELL TATASTEEL.NS @ 32.15
SELL BRITANNIA.NS @ 3349.69
SELL ADANIPORTS.NS @ 322.57
SELL M&M.NS @ 584.42
SELL TATACONSUM.NS @ 474.82
SELL JSWSTEEL.NS @ 244.75
SELL TITAN.NS @ 1079.36
BUY ADANIPORTS.NS @ 352.27 (size=195)
BUY EICHERMOT.NS @ 2095.19 (size=32)
BUY BAJAJ-AUTO.NS @ 2691.13 (size=20)
BUY ULTRACEMCO.NS @ 4099.54 (size=13)
BUY TITAN.NS @ 1234.79 (size=44)
BUY HDFCBANK.NS @ 564.42 (size=69)
SELL UPL.NS @ 472.41
SELL DIVISLAB.NS @ 3036.65
SELL ADANIPORTS.NS @ 332.76
BUY JSWSTEEL.NS @ 294.45 (size=160)
SELL RELIANCE.NS @ 986.58
SELL BAJAJ-AUTO.NS @ 2605.95
BUY ICICIBANK.NS @ 403.41 (size=134)
BUY HINDUNILVR.NS @ 1985.54 (size=27)
BUY TATASTEEL.NS @ 34.78 (size=1398)
BUY BAJAJ-AUTO.NS @ 2628.86 (size=16)
SELL EICHERMOT.NS @ 2058.82
SELL CIPLA.NS @ 729.62
BUY ADANIPORTS.NS @ 353.68 (size=187)
BUY MARUTI.NS @ 6808.02 (size=9)
SELL BAJAJ-AUTO.NS @ 2531.75
BUY KOTAKBANK.NS @ 282.20 (size=189)
BUY NESTLEIND.NS @ 762.56 (size=69)
SELL HEROMOTOCO.NS @ 2391.74
BUY SHREECEM.NS @ 21293.64 (size=2)
BUY LT.NS @ 914.12 (size=58)
SELL ADANIPORTS.NS @ 332.66
BUY AXISBANK.NS @ 491.80 (size=89)
BUY ADANIPORTS.NS @ 349.31 (size=130)
SELL HINDUNILVR.NS @ 1904.78
SELL TITAN.NS @ 1147.90
SELL MARUTI.NS @ 6582.89
BUY INDUSINDBK.NS @ 654.80 (size=87)
BUY SBIN.NS @ 201.75 (size=254)
SELL DRREDDY.NS @ 945.73
BUY CIPLA.NS @ 735.11 (size=62)
BUY DIVISLAB.NS @ 3321.16 (size=13)
BUY BAJFINANCE.NS @ 412.25 (size=104)
BUY BAJAJFINSV.NS @ 667.26 (size=64)
SELL CIPLA.NS @ 690.90
BUY M&M.NS @ 604.07 (size=64)
BUY EICHERMOT.NS @ 2218.28 (size=17)
BUY ITC.NS @ 142.16 (size=274)
BUY HINDALCO.NS @ 196.92 (size=198)
BUY BPCL.NS @ 133.48 (size=176)
SELL HCLTECH.NS @ 663.61
BUY POWERGRID.NS @ 78.96 (size=319)
BUY TITAN.NS @ 1272.66 (size=19)
BUY MARUTI.NS @ 6860.88 (size=2)
BUY BAJAJ-AUTO.NS @ 2668.26 (size=7)
BUY ONGC.NS @ 58.14 (size=324)
BUY NTPC.NS @ 76.56 (size=197)
BUY TATACONSUM.NS @ 517.58 (size=29)
BUY HINDUNILVR.NS @ 1966.30 (size=7)
BUY HEROMOTOCO.NS @ 2565.80 (size=5)
BUY SUNPHARMA.NS @ 508.90 (size=18)
BUY UPL.NS @ 452.13 (size=18)
BUY DRREDDY.NS @ 974.70 (size=8)
SELL UPL.NS @ 416.51
BUY BRITANNIA.NS @ 3451.63 (size=1)
BUY COALINDIA.NS @ 88.19 (size=82)
BUY CIPLA.NS @ 760.25 (size=8)
BUY HCLTECH.NS @ 725.21 (size=8)
SELL BPCL.NS @ 124.24
SELL HEROMOTOCO.NS @ 2471.09
SELL BRITANNIA.NS @ 3292.92
BUY BHARTIARTL.NS @ 503.95 (size=18)
BUY BPCL.NS @ 135.34 (size=60)
BUY UPL.NS @ 478.44 (size=17)
BUY HEROMOTOCO.NS @ 2608.92 (size=3)
SELL KOTAKBANK.NS @ 371.23
SELL SHREECEM.NS @ 23363.35
SELL BAJFINANCE.NS @ 462.34
SELL BAJAJFINSV.NS @ 833.58
SELL NESTLEIND.NS @ 833.45
SELL DIVISLAB.NS @ 3458.47
BUY BAJFINANCE.NS @ 485.78 (size=78)
BUY BAJAJFINSV.NS @ 890.41 (size=42)
SELL NTPC.NS @ 77.69
SELL DRREDDY.NS @ 979.17
SELL COALINDIA.NS @ 84.97
SELL HINDALCO.NS @ 230.84
SELL INDUSINDBK.NS @ 820.03
SELL BPCL.NS @ 130.99
SELL POWERGRID.NS @ 81.19
SELL BAJFINANCE.NS @ 480.84
SELL ASIANPAINT.NS @ 2406.28
SELL HDFCBANK.NS @ 667.57
SELL ONGC.NS @ 64.55
SELL TATACONSUM.NS @ 550.91
SELL TATASTEEL.NS @ 53.89
SELL TITAN.NS @ 1418.64
SELL MARUTI.NS @ 7273.10
SELL HINDUNILVR.NS @ 2115.46
SELL SUNPHARMA.NS @ 532.49
SELL BAJAJFINSV.NS @ 870.32
SELL JSWSTEEL.NS @ 347.27
SELL ITC.NS @ 155.94
BUY SUNPHARMA.NS @ 553.11 (size=144)
BUY BAJAJFINSV.NS @ 970.00 (size=88)
SELL TECHM.NS @ 790.45
BUY INDUSINDBK.NS @ 942.19 (size=85)
BUY HDFCBANK.NS @ 739.06 (size=109)
BUY SHREECEM.NS @ 25896.57 (size=3)
BUY POWERGRID.NS @ 88.15 (size=646)
BUY ITC.NS @ 176.42 (size=290)
BUY HINDALCO.NS @ 269.21 (size=171)
BUY BPCL.NS @ 141.83 (size=292)
BUY TATASTEEL.NS @ 59.42 (size=628)
BUY TATACONSUM.NS @ 587.18 (size=57)
BUY TITAN.NS @ 1501.35 (size=22)
SELL TITAN.NS @ 1471.32
BUY ONGC.NS @ 74.66 (size=403)
SELL EICHERMOT.NS @ 2569.89
SELL HCLTECH.NS @ 771.08
BUY NTPC.NS @ 86.18 (size=372)
BUY COALINDIA.NS @ 89.27 (size=359)
SELL TCS.NS @ 2687.65
BUY TECHM.NS @ 848.24 (size=37)
SELL CIPLA.NS @ 777.64
SELL COALINDIA.NS @ 86.91
SELL ITC.NS @ 162.76
SELL INFY.NS @ 1113.78
SELL TECHM.NS @ 797.97
BUY COALINDIA.NS @ 92.11 (size=504)
SELL WIPRO.NS @ 189.54
BUY JSWSTEEL.NS @ 374.34 (size=111)
SELL BHARTIARTL.NS @ 533.69
SELL SUNPHARMA.NS @ 565.94
SELL HEROMOTOCO.NS @ 2714.89
BUY INFY.NS @ 1171.13 (size=46)
SELL BAJAJ-AUTO.NS @ 3321.93
BUY KOTAKBANK.NS @ 394.14 (size=131)
SELL HDFCBANK.NS @ 716.14
BUY TITAN.NS @ 1477.96 (size=31)
SELL KOTAKBANK.NS @ 372.12
SELL TATACONSUM.NS @ 580.45
SELL LT.NS @ 1364.25
SELL BAJAJFINSV.NS @ 950.37
SELL ICICIBANK.NS @ 570.16
SELL TITAN.NS @ 1450.00
SELL COALINDIA.NS @ 89.93
BUY HINDUNILVR.NS @ 2126.17 (size=40)
BUY RELIANCE.NS @ 944.04 (size=92)
BUY ITC.NS @ 175.26 (size=495)
BUY TECHM.NS @ 830.49 (size=104)
SELL INDUSINDBK.NS @ 934.95
SELL AXISBANK.NS @ 713.22
SELL SBIN.NS @ 332.04
SELL M&M.NS @ 774.07
SELL ONGC.NS @ 74.66
SELL HINDUNILVR.NS @ 2057.20
SELL RELIANCE.NS @ 902.99
SELL ITC.NS @ 166.34
SELL APOLLOHOSP.NS @ 2773.09
SELL TECHM.NS @ 813.07
BUY TATACONSUM.NS @ 605.03 (size=209)
BUY TITAN.NS @ 1528.43 (size=83)
BUY BRITANNIA.NS @ 3415.26 (size=29)
BUY HCLTECH.NS @ 844.90 (size=120)
SELL POWERGRID.NS @ 90.95
BUY ASIANPAINT.NS @ 2499.75 (size=32)
BUY NESTLEIND.NS @ 823.01 (size=96)
BUY TECHM.NS @ 863.69 (size=82)
SELL NTPC.NS @ 85.68
BUY DRREDDY.NS @ 922.60 (size=69)
BUY SUNPHARMA.NS @ 606.06 (size=106)
BUY CIPLA.NS @ 850.55 (size=75)
BUY DIVISLAB.NS @ 3639.92 (size=17)
SELL BPCL.NS @ 143.73
BUY WIPRO.NS @ 198.96 (size=231)
BUY TCS.NS @ 2829.70 (size=16)
SELL ULTRACEMCO.NS @ 6333.91
SELL GRASIM.NS @ 1286.64
BUY APOLLOHOSP.NS @ 3116.65 (size=11)
SELL UPL.NS @ 562.13
BUY BAJAJFINSV.NS @ 979.74 (size=46)
SELL HCLTECH.NS @ 785.88
SELL TECHM.NS @ 825.41
SELL NESTLEIND.NS @ 793.73
SELL TITAN.NS @ 1458.17
SELL SHREECEM.NS @ 27536.38
SELL TCS.NS @ 2733.49
SELL INFY.NS @ 1174.17
BUY BAJAJ-AUTO.NS @ 3401.51 (size=28)
SELL BRITANNIA.NS @ 3263.87
BUY HINDUNILVR.NS @ 2164.52 (size=44)
BUY ONGC.NS @ 81.32 (size=1056)
BUY UPL.NS @ 608.63 (size=141)
SELL TATACONSUM.NS @ 605.13
BUY COALINDIA.NS @ 97.02 (size=836)
BUY NTPC.NS @ 93.93 (size=778)
BUY POWERGRID.NS @ 98.24 (size=668)
SELL HINDUNILVR.NS @ 2141.72
SELL ADANIPORTS.NS @ 712.07
BUY SBIN.NS @ 353.49 (size=220)
BUY TITAN.NS @ 1507.90 (size=46)
BUY INDUSINDBK.NS @ 981.16 (size=64)
BUY LT.NS @ 1369.56 (size=41)
BUY GRASIM.NS @ 1368.91 (size=37)
BUY BPCL.NS @ 166.47 (size=274)
BUY M&M.NS @ 790.48 (size=57)
BUY AXISBANK.NS @ 747.23 (size=61)
BUY EICHERMOT.NS @ 2482.70 (size=18)
BUY ULTRACEMCO.NS @ 6492.99 (size=7)
BUY NESTLEIND.NS @ 843.50 (size=54)
BUY TCS.NS @ 2809.14 (size=16)
BUY ITC.NS @ 165.99 (size=275)
BUY INFY.NS @ 1234.43 (size=37)
BUY TECHM.NS @ 855.96 (size=53)
BUY RELIANCE.NS @ 949.85 (size=1)
SELL ITC.NS @ 164.30
BUY ADANIPORTS.NS @ 801.13 (size=5)
BUY SHREECEM.NS @ 28564.60 (size=1)
SELL SHREECEM.NS @ 27831.33
BUY BAJFINANCE.NS @ 596.20 (size=6)
SELL ADANIPORTS.NS @ 745.95
BUY TATACONSUM.NS @ 712.02 (size=5)
BUY HINDUNILVR.NS @ 2230.34 (size=1)
SELL SUNPHARMA.NS @ 632.99
SELL HINDALCO.NS @ 356.35
SELL M&M.NS @ 745.60
SELL JSWSTEEL.NS @ 634.80
BUY MARUTI.NS @ 6963.43 (size=3)
SELL APOLLOHOSP.NS @ 3161.91
BUY APOLLOHOSP.NS @ 3394.61 (size=8)
SELL COALINDIA.NS @ 95.34
BUY HDFCBANK.NS @ 707.15 (size=48)
BUY BRITANNIA.NS @ 3386.21 (size=10)
SELL POWERGRID.NS @ 99.11
SELL BPCL.NS @ 163.57
SELL BRITANNIA.NS @ 3313.89
SELL ONGC.NS @ 85.67
SELL WIPRO.NS @ 242.89
SELL RELIANCE.NS @ 942.42
SELL BAJAJ-AUTO.NS @ 3579.22
SELL TCS.NS @ 2820.71
BUY ICICIBANK.NS @ 643.13 (size=110)
BUY SUNPHARMA.NS @ 650.08 (size=109)
BUY WIPRO.NS @ 259.48 (size=220)
BUY HCLTECH.NS @ 864.99 (size=59)
SELL EICHERMOT.NS @ 2495.29
BUY ITC.NS @ 168.16 (size=275)
SELL HDFCBANK.NS @ 699.66
SELL MARUTI.NS @ 6867.73
SELL INDUSINDBK.NS @ 947.89
BUY SHREECEM.NS @ 27513.46 (size=1)
SELL SUNPHARMA.NS @ 643.85
SELL HINDUNILVR.NS @ 2202.78
BUY BHARTIARTL.NS @ 524.48 (size=118)
SELL CIPLA.NS @ 914.94
BUY JSWSTEEL.NS @ 673.46 (size=93)
SELL SHREECEM.NS @ 27358.58
SELL AXISBANK.NS @ 728.66
SELL DRREDDY.NS @ 943.01
BUY SUNPHARMA.NS @ 655.12 (size=86)
BUY HINDALCO.NS @ 402.77 (size=140)
SELL UPL.NS @ 777.04
SELL ASIANPAINT.NS @ 2845.76
SELL ITC.NS @ 165.77
BUY SHREECEM.NS @ 28761.70 (size=2)
BUY ASIANPAINT.NS @ 2911.70 (size=26)
SELL NTPC.NS @ 97.10
SELL ASIANPAINT.NS @ 2874.57
BUY ITC.NS @ 174.10 (size=403)
SELL GRASIM.NS @ 1468.71
SELL SBIN.NS @ 397.13
SELL SHREECEM.NS @ 26624.66
BUY POWERGRID.NS @ 102.23 (size=957)
BUY TCS.NS @ 3066.17 (size=28)
BUY M&M.NS @ 771.11 (size=103)
BUY RELIANCE.NS @ 988.97 (size=80)
BUY HDFCBANK.NS @ 719.64 (size=88)
BUY HINDUNILVR.NS @ 2426.24 (size=23)
BUY ASIANPAINT.NS @ 2994.38 (size=19)
BUY BRITANNIA.NS @ 3668.87 (size=15)
SELL JSWSTEEL.NS @ 654.39
SELL POWERGRID.NS @ 101.82
SELL M&M.NS @ 738.89
SELL ITC.NS @ 166.86
BUY ADANIPORTS.NS @ 705.47 (size=100)
BUY AXISBANK.NS @ 780.79 (size=81)
BUY BPCL.NS @ 167.82 (size=341)
BUY POWERGRID.NS @ 101.65 (size=564)
BUY SHREECEM.NS @ 29771.99 (size=1)
BUY ONGC.NS @ 90.10 (size=475)
BUY EICHERMOT.NS @ 2688.64 (size=15)
SELL POWERGRID.NS @ 100.93
BUY ITC.NS @ 171.27 (size=234)
BUY GRASIM.NS @ 1540.63 (size=23)
BUY CIPLA.NS @ 919.41 (size=35)
BUY COALINDIA.NS @ 104.54 (size=281)
BUY INDUSINDBK.NS @ 1005.98 (size=26)
BUY NTPC.NS @ 106.41 (size=223)
BUY SBIN.NS @ 431.81 (size=49)
BUY KOTAKBANK.NS @ 400.12 (size=48)
SELL TATASTEEL.NS @ 110.29
SELL ULTRACEMCO.NS @ 7354.04
BUY BAJAJ-AUTO.NS @ 3540.54 (size=8)
BUY M&M.NS @ 782.74 (size=37)
BUY MARUTI.NS @ 7140.99 (size=4)
SELL DIVISLAB.NS @ 4804.37
BUY POWERGRID.NS @ 108.52 (size=267)
SELL APOLLOHOSP.NS @ 4356.78
SELL TATACONSUM.NS @ 787.20
SELL ICICIBANK.NS @ 679.84
SELL AXISBANK.NS @ 763.36
SELL INFY.NS @ 1490.63
BUY DRREDDY.NS @ 981.82 (size=49)
SELL BAJAJ-AUTO.NS @ 3410.85
SELL SHREECEM.NS @ 27598.72
SELL NESTLEIND.NS @ 910.54
SELL CIPLA.NS @ 884.69
SELL BRITANNIA.NS @ 3616.75
SELL TECHM.NS @ 1206.77
BUY BAJAJ-AUTO.NS @ 3599.67 (size=19)
SELL TCS.NS @ 3233.89
SELL HINDUNILVR.NS @ 2454.17
BUY INFY.NS @ 1526.71 (size=46)
BUY AXISBANK.NS @ 809.92 (size=86)
BUY JSWSTEEL.NS @ 684.22 (size=102)
SELL DRREDDY.NS @ 934.92
SELL ASIANPAINT.NS @ 3062.48
SELL EICHERMOT.NS @ 2593.76
BUY TECHM.NS @ 1326.48 (size=42)
SELL JSWSTEEL.NS @ 654.92
SELL HCLTECH.NS @ 1007.48
SELL BAJAJ-AUTO.NS @ 3405.15
BUY ICICIBANK.NS @ 816.47 (size=94)
SELL INFY.NS @ 1519.41
SELL BPCL.NS @ 172.62
SELL ADANIPORTS.NS @ 672.63
SELL BAJFINANCE.NS @ 734.31
SELL WIPRO.NS @ 303.45
SELL AXISBANK.NS @ 755.20
SELL ITC.NS @ 182.07
SELL HINDALCO.NS @ 455.55
SELL HDFCBANK.NS @ 752.86
SELL SUNPHARMA.NS @ 758.67
BUY SUNPHARMA.NS @ 778.14 (size=171)
SELL RELIANCE.NS @ 1130.07
SELL SUNPHARMA.NS @ 751.95
BUY DIVISLAB.NS @ 5006.58 (size=24)
SELL INDUSINDBK.NS @ 1029.81
BUY ULTRACEMCO.NS @ 8031.17 (size=16)
SELL DIVISLAB.NS @ 4769.45
SELL POWERGRID.NS @ 108.78
SELL COALINDIA.NS @ 112.72
BUY UPL.NS @ 741.24 (size=177)
BUY APOLLOHOSP.NS @ 4511.05 (size=27)
SELL NTPC.NS @ 115.06
BUY ITC.NS @ 193.72 (size=592)
BUY POWERGRID.NS @ 114.56 (size=901)
SELL KOTAKBANK.NS @ 389.66
SELL UPL.NS @ 688.58
SELL BAJAJFINSV.NS @ 1703.96
SELL ITC.NS @ 186.76
BUY INFY.NS @ 1559.23 (size=80)
SELL ULTRACEMCO.NS @ 7408.60
SELL INFY.NS @ 1522.51
SELL SBIN.NS @ 438.15
SELL M&M.NS @ 823.64
SELL MARUTI.NS @ 6916.30
SELL LT.NS @ 1706.46
SELL ICICIBANK.NS @ 700.55
SELL GRASIM.NS @ 1651.44
SELL TITAN.NS @ 2262.61
SELL ONGC.NS @ 111.08
BUY CIPLA.NS @ 934.62 (size=184)
SELL CIPLA.NS @ 892.24
SELL BHARTIARTL.NS @ 681.81
BUY ADANIPORTS.NS @ 750.44 (size=247)
SELL ADANIPORTS.NS @ 707.67
BUY TCS.NS @ 3179.33 (size=52)
BUY INFY.NS @ 1634.59 (size=101)
SELL APOLLOHOSP.NS @ 4727.80
BUY WIPRO.NS @ 307.64 (size=532)
BUY HCLTECH.NS @ 1016.77 (size=144)
BUY SUNPHARMA.NS @ 800.47 (size=165)
BUY DRREDDY.NS @ 954.95 (size=124)
BUY HINDALCO.NS @ 462.11 (size=232)
BUY TITAN.NS @ 2489.73 (size=43)
BUY EICHERMOT.NS @ 2608.25 (size=32)
BUY BAJFINANCE.NS @ 752.62 (size=103)
BUY ICICIBANK.NS @ 764.42 (size=101)
BUY ULTRACEMCO.NS @ 7489.02 (size=10)
BUY JSWSTEEL.NS @ 663.86 (size=116)
BUY UPL.NS @ 752.25 (size=62)
BUY BRITANNIA.NS @ 3460.89 (size=13)
SELL ULTRACEMCO.NS @ 7292.49
BUY ONGC.NS @ 121.06 (size=373)
BUY GRASIM.NS @ 1756.53 (size=25)
BUY MARUTI.NS @ 7837.54 (size=4)
SELL DRREDDY.NS @ 914.91
BUY ADANIPORTS.NS @ 747.90 (size=59)
SELL JSWSTEEL.NS @ 617.21
BUY HDFCBANK.NS @ 740.40 (size=63)
BUY M&M.NS @ 849.50 (size=55)
BUY BHARTIARTL.NS @ 713.67 (size=66)
BUY COALINDIA.NS @ 118.06 (size=281)
SELL WIPRO.NS @ 300.15
BUY TATASTEEL.NS @ 107.48 (size=309)
BUY JSWSTEEL.NS @ 657.50 (size=50)
BUY LT.NS @ 1962.31 (size=20)
BUY ASIANPAINT.NS @ 3240.07 (size=12)
BUY RELIANCE.NS @ 1155.28 (size=34)
BUY ULTRACEMCO.NS @ 7694.88 (size=3)
BUY NTPC.NS @ 115.49 (size=218)
SELL BRITANNIA.NS @ 3367.24
SELL ULTRACEMCO.NS @ 7268.88
SELL HCLTECH.NS @ 1011.87
SELL BHARTIARTL.NS @ 687.77
SELL HDFCBANK.NS @ 717.74
SELL ADANIPORTS.NS @ 721.41
BUY BAJAJFINSV.NS @ 1722.44 (size=28)
SELL BAJAJFINSV.NS @ 1630.25
SELL ASIANPAINT.NS @ 3153.83
SELL INFY.NS @ 1603.03
SELL TECHM.NS @ 1387.08
SELL M&M.NS @ 824.56
SELL BAJFINANCE.NS @ 680.11
SELL TATASTEEL.NS @ 96.75
SELL JSWSTEEL.NS @ 594.36
SELL RELIANCE.NS @ 1081.97
SELL GRASIM.NS @ 1652.03
SELL TITAN.NS @ 2371.92
BUY AXISBANK.NS @ 749.07 (size=157)
BUY BHARTIARTL.NS @ 695.73 (size=169)
BUY HEROMOTOCO.NS @ 2371.97 (size=49)
BUY SBIN.NS @ 492.58 (size=168)
SELL TCS.NS @ 3242.59
BUY KOTAKBANK.NS @ 378.27 (size=241)
SELL KOTAKBANK.NS @ 370.09
BUY ITC.NS @ 187.77 (size=486)
SELL LT.NS @ 1808.52
SELL UPL.NS @ 727.12
SELL EICHERMOT.NS @ 2483.87
SELL POWERGRID.NS @ 123.25
SELL ICICIBANK.NS @ 731.10
SELL BHARTIARTL.NS @ 674.09
SELL SBIN.NS @ 464.13
SELL ITC.NS @ 177.95
BUY TITAN.NS @ 2463.37 (size=58)
SELL NTPC.NS @ 109.69
SELL COALINDIA.NS @ 110.80
SELL AXISBANK.NS @ 727.26
SELL SUNPHARMA.NS @ 787.02
SELL TITAN.NS @ 2375.43
SELL HEROMOTOCO.NS @ 2170.25
BUY COALINDIA.NS @ 125.24 (size=1485)
BUY TITAN.NS @ 2513.56 (size=74)
SELL MARUTI.NS @ 7537.18
BUY TATASTEEL.NS @ 113.48 (size=1309)
SELL TITAN.NS @ 2409.38
BUY ITC.NS @ 186.32 (size=827)
BUY POWERGRID.NS @ 133.27 (size=1042)
BUY CIPLA.NS @ 939.02 (size=147)
BUY SUNPHARMA.NS @ 867.58 (size=127)
BUY HCLTECH.NS @ 1023.49 (size=97)
SELL ONGC.NS @ 127.56
SELL HCLTECH.NS @ 1001.36
BUY ONGC.NS @ 132.66 (size=788)
BUY JSWSTEEL.NS @ 654.87 (size=159)
BUY HCLTECH.NS @ 1018.42 (size=102)
BUY INFY.NS @ 1664.89 (size=62)
BUY TITAN.NS @ 2667.99 (size=39)
SELL HCLTECH.NS @ 993.88
BUY BAJAJ-AUTO.NS @ 3336.39 (size=18)
BUY ADANIPORTS.NS @ 744.82 (size=75)
BUY BHARTIARTL.NS @ 737.86 (size=76)
BUY NTPC.NS @ 119.30 (size=377)
SELL ONGC.NS @ 126.19
BUY TECHM.NS @ 1302.43 (size=34)
BUY AXISBANK.NS @ 757.99 (size=60)
BUY HDFCBANK.NS @ 788.04 (size=52)
SELL TECHM.NS @ 1270.27
SELL TITAN.NS @ 2426.51
BUY GRASIM.NS @ 1730.73 (size=29)
SELL INFY.NS @ 1585.84
BUY TCS.NS @ 3279.77 (size=17)
SELL HINDALCO.NS @ 527.03
SELL HDFCBANK.NS @ 696.79
BUY UPL.NS @ 786.75 (size=79)
SELL TCS.NS @ 3253.87
BUY ICICIBANK.NS @ 743.33 (size=87)
BUY RELIANCE.NS @ 1201.60 (size=54)
BUY BPCL.NS @ 164.58 (size=317)
BUY EICHERMOT.NS @ 2543.68 (size=20)
BUY MARUTI.NS @ 7624.27 (size=5)
SELL CIPLA.NS @ 936.55
SELL TATASTEEL.NS @ 107.41
BUY M&M.NS @ 907.00 (size=72)
BUY ASIANPAINT.NS @ 3127.68 (size=19)
SELL BPCL.NS @ 150.06
SELL MARUTI.NS @ 7444.19
SELL AXISBANK.NS @ 725.57
BUY INDUSINDBK.NS @ 988.03 (size=67)
SELL BAJAJ-AUTO.NS @ 3163.73
SELL ICICIBANK.NS @ 702.54
SELL EICHERMOT.NS @ 2382.23
SELL GRASIM.NS @ 1585.14
SELL INDUSINDBK.NS @ 909.13
SELL BHARTIARTL.NS @ 702.67
SELL SUNPHARMA.NS @ 844.64
SELL ASIANPAINT.NS @ 2904.79
SELL JSWSTEEL.NS @ 659.94
SELL COALINDIA.NS @ 135.21
SELL RELIANCE.NS @ 1145.86
SELL ADANIPORTS.NS @ 751.81
SELL UPL.NS @ 735.14
SELL NTPC.NS @ 127.11
BUY EICHERMOT.NS @ 2596.64 (size=61)
SELL POWERGRID.NS @ 140.96
BUY KOTAKBANK.NS @ 380.11 (size=420)
BUY NTPC.NS @ 137.55 (size=1045)
BUY BAJAJ-AUTO.NS @ 3495.94 (size=41)
BUY COALINDIA.NS @ 142.49 (size=1009)
BUY MARUTI.NS @ 7683.93 (size=18)
BUY ICICIBANK.NS @ 730.28 (size=196)
BUY RELIANCE.NS @ 1197.89 (size=120)
BUY CIPLA.NS @ 961.69 (size=149)
BUY HEROMOTOCO.NS @ 2417.31 (size=59)
SELL CIPLA.NS @ 952.58
SELL BAJAJ-AUTO.NS @ 3337.25
BUY BAJAJ-AUTO.NS @ 3453.33 (size=16)
SELL ICICIBANK.NS @ 707.63
SELL KOTAKBANK.NS @ 357.05
SELL NTPC.NS @ 131.29
SELL BAJAJ-AUTO.NS @ 3330.96
SELL RELIANCE.NS @ 1195.82
SELL COALINDIA.NS @ 132.88
SELL ITC.NS @ 221.19
SELL EICHERMOT.NS @ 2498.88
SELL HEROMOTOCO.NS @ 2150.21
SELL MARUTI.NS @ 7389.36
BUY EICHERMOT.NS @ 2592.90 (size=71)
BUY MARUTI.NS @ 7977.78 (size=21)
BUY HEROMOTOCO.NS @ 2330.34 (size=71)
BUY BAJAJ-AUTO.NS @ 3493.32 (size=38)
BUY ITC.NS @ 232.05 (size=520)
BUY BRITANNIA.NS @ 3544.87 (size=30)
BUY HINDUNILVR.NS @ 2348.95 (size=41)
BUY DRREDDY.NS @ 882.36 (size=100)
BUY SUNPHARMA.NS @ 846.32 (size=93)
BUY TATACONSUM.NS @ 770.98 (size=92)
BUY SBIN.NS @ 481.02 (size=133)
BUY INDUSINDBK.NS @ 920.10 (size=63)
BUY ICICIBANK.NS @ 776.89 (size=67)
SELL DRREDDY.NS @ 825.71
BUY ASIANPAINT.NS @ 3010.88 (size=15)
BUY NESTLEIND.NS @ 889.34 (size=52)
BUY LT.NS @ 1746.30 (size=26)
BUY BAJFINANCE.NS @ 696.85 (size=59)
BUY COALINDIA.NS @ 156.04 (size=239)
BUY CIPLA.NS @ 946.63 (size=39)
BUY ADANIPORTS.NS @ 788.66 (size=37)
BUY UPL.NS @ 747.32 (size=39)
BUY NTPC.NS @ 140.68 (size=170)
BUY ULTRACEMCO.NS @ 6662.38 (size=3)
BUY TITAN.NS @ 2409.78 (size=8)
BUY BHARTIARTL.NS @ 702.16 (size=25)
BUY APOLLOHOSP.NS @ 4461.57 (size=3)
BUY GRASIM.NS @ 1595.39 (size=9)
BUY BAJAJFINSV.NS @ 1681.26 (size=7)
BUY KOTAKBANK.NS @ 379.73 (size=31)
SELL BRITANNIA.NS @ 3505.31
BUY RELIANCE.NS @ 1185.82 (size=17)
BUY HDFCBANK.NS @ 708.35 (size=27)
SELL SUNPHARMA.NS @ 841.33
BUY POWERGRID.NS @ 141.58 (size=177)
BUY JSWSTEEL.NS @ 672.00 (size=37)
SELL BAJAJ-AUTO.NS @ 3688.54
BUY SHREECEM.NS @ 24110.67 (size=1)
BUY AXISBANK.NS @ 777.69 (size=43)
SELL NESTLEIND.NS @ 911.38
SELL HINDUNILVR.NS @ 2417.58
BUY TATASTEEL.NS @ 101.25 (size=325)
SELL HEROMOTOCO.NS @ 2462.37
SELL TATACONSUM.NS @ 775.52
SELL UPL.NS @ 685.04
SELL RELIANCE.NS @ 1140.88
SELL ULTRACEMCO.NS @ 6208.62
BUY SUNPHARMA.NS @ 873.61 (size=78)
SELL POWERGRID.NS @ 139.49
BUY HINDUNILVR.NS @ 2531.67 (size=25)
SELL TATASTEEL.NS @ 96.10
BUY BRITANNIA.NS @ 3665.10 (size=17)
SELL HDFCBANK.NS @ 695.84
SELL SHREECEM.NS @ 20899.98
SELL KOTAKBANK.NS @ 371.40
SELL NTPC.NS @ 142.53
SELL COALINDIA.NS @ 161.38
SELL M&M.NS @ 1205.00
SELL MARUTI.NS @ 8577.84
SELL LT.NS @ 1799.56
SELL AXISBANK.NS @ 740.64
SELL JSWSTEEL.NS @ 636.72
SELL ICICIBANK.NS @ 831.95
SELL APOLLOHOSP.NS @ 4202.21
SELL SBIN.NS @ 496.39
SELL ADANIPORTS.NS @ 814.11
SELL BAJFINANCE.NS @ 699.62
BUY DRREDDY.NS @ 854.86 (size=142)
SELL ASIANPAINT.NS @ 3237.48
SELL GRASIM.NS @ 1609.00
SELL HINDUNILVR.NS @ 2457.63
BUY COALINDIA.NS @ 168.83 (size=748)
BUY AXISBANK.NS @ 783.47 (size=161)
SELL EICHERMOT.NS @ 3291.18
SELL BRITANNIA.NS @ 3571.17
BUY NTPC.NS @ 150.03 (size=870)
BUY NESTLEIND.NS @ 948.41 (size=123)
BUY GRASIM.NS @ 1656.10 (size=70)
SELL INDUSINDBK.NS @ 1117.45
BUY KOTAKBANK.NS @ 379.36 (size=248)
SELL BAJAJFINSV.NS @ 1681.68
BUY ICICIBANK.NS @ 885.23 (size=106)
SELL GRASIM.NS @ 1648.92
BUY SBIN.NS @ 547.17 (size=174)
SELL KOTAKBANK.NS @ 368.19
BUY KOTAKBANK.NS @ 375.69 (size=252)
BUY MARUTI.NS @ 9216.31 (size=10)
BUY RELIANCE.NS @ 1153.18 (size=82)
BUY APOLLOHOSP.NS @ 4523.15 (size=20)
BUY M&M.NS @ 1314.35 (size=43)
BUY LT.NS @ 1966.40 (size=29)
BUY HDFCBANK.NS @ 728.13 (size=63)
BUY EICHERMOT.NS @ 3601.37 (size=11)
BUY BAJAJ-AUTO.NS @ 3542.20 (size=10)
BUY SHREECEM.NS @ 22490.88 (size=1)
BUY BAJAJFINSV.NS @ 1797.74 (size=17)
BUY ULTRACEMCO.NS @ 6778.27 (size=4)
BUY JSWSTEEL.NS @ 691.51 (size=45)
SELL APOLLOHOSP.NS @ 4320.71
BUY BRITANNIA.NS @ 3965.22 (size=7)
BUY ADANIPORTS.NS @ 876.81 (size=32)
BUY UPL.NS @ 736.36 (size=34)
SELL BAJAJFINSV.NS @ 1697.56
SELL TITAN.NS @ 2616.01
BUY HEROMOTOCO.NS @ 2393.71 (size=10)
SELL EICHERMOT.NS @ 3399.00
BUY TATASTEEL.NS @ 99.77 (size=259)
BUY INFY.NS @ 1439.98 (size=17)
BUY APOLLOHOSP.NS @ 4378.95 (size=5)
SELL HEROMOTOCO.NS @ 2354.88
SELL M&M.NS @ 1245.69
BUY GRASIM.NS @ 1719.18 (size=14)
BUY HINDALCO.NS @ 446.74 (size=55)
BUY HEROMOTOCO.NS @ 2409.82 (size=10)
SELL GRASIM.NS @ 1681.96
SELL NTPC.NS @ 149.04
SELL BAJAJ-AUTO.NS @ 3410.26
SELL MARUTI.NS @ 8590.56
SELL CIPLA.NS @ 1072.88
SELL APOLLOHOSP.NS @ 4356.91
SELL ITC.NS @ 286.10
BUY TATACONSUM.NS @ 773.13 (size=92)
BUY APOLLOHOSP.NS @ 4768.82 (size=14)
BUY INDUSINDBK.NS @ 1161.33 (size=49)
BUY BPCL.NS @ 143.49 (size=360)
BUY HINDUNILVR.NS @ 2493.24 (size=18)
SELL INDUSINDBK.NS @ 1142.44
BUY POWERGRID.NS @ 145.35 (size=288)
BUY TCS.NS @ 3049.11 (size=13)
BUY HCLTECH.NS @ 990.31 (size=42)
BUY GRASIM.NS @ 1730.24 (size=24)
BUY ONGC.NS @ 117.28 (size=264)
SELL DRREDDY.NS @ 857.50
BUY ASIANPAINT.NS @ 3129.68 (size=12)
SELL SUNPHARMA.NS @ 946.47
BUY INDUSINDBK.NS @ 1176.39 (size=37)
SELL HCLTECH.NS @ 907.87
SELL KOTAKBANK.NS @ 372.01
SELL ASIANPAINT.NS @ 3051.55
SELL ICICIBANK.NS @ 886.84
SELL NESTLEIND.NS @ 954.00
SELL INFY.NS @ 1412.83
SELL POWERGRID.NS @ 138.35
SELL COALINDIA.NS @ 179.10
SELL TCS.NS @ 2913.73
SELL ADANIPORTS.NS @ 844.18
SELL GRASIM.NS @ 1703.84
SELL BHARTIARTL.NS @ 799.11
SELL UPL.NS @ 710.31
SELL INDUSINDBK.NS @ 1122.93
SELL SBIN.NS @ 542.87
SELL TATACONSUM.NS @ 759.72
SELL TATASTEEL.NS @ 94.85
SELL RELIANCE.NS @ 1142.25
SELL HINDALCO.NS @ 421.24
SELL HEROMOTOCO.NS @ 2326.95
BUY TATASTEEL.NS @ 103.11 (size=1445)
BUY HINDALCO.NS @ 461.89 (size=322)
SELL HINDUNILVR.NS @ 2445.35
BUY SBIN.NS @ 578.62 (size=213)
SELL APOLLOHOSP.NS @ 4481.01
BUY INDUSINDBK.NS @ 1196.54 (size=98)
SELL LT.NS @ 2012.52
SELL INDUSINDBK.NS @ 1156.24
SELL SBIN.NS @ 568.08
SELL HDFCBANK.NS @ 767.17
SELL JSWSTEEL.NS @ 717.72
BUY M&M.NS @ 1277.07 (size=112)
SELL SHREECEM.NS @ 23224.50
SELL ULTRACEMCO.NS @ 6805.07
BUY LT.NS @ 2099.22 (size=63)
BUY ULTRACEMCO.NS @ 7034.24 (size=19)
BUY HCLTECH.NS @ 952.31 (size=112)
BUY HINDUNILVR.NS @ 2524.80 (size=38)
BUY INDUSINDBK.NS @ 1174.48 (size=74)
BUY HDFCBANK.NS @ 799.20 (size=97)
SELL HINDUNILVR.NS @ 2412.36
SELL BRITANNIA.NS @ 4137.37
BUY SUNPHARMA.NS @ 994.28 (size=78)
BUY HEROMOTOCO.NS @ 2423.67 (size=32)
SELL ULTRACEMCO.NS @ 6735.69
SELL AXISBANK.NS @ 907.80
SELL INDUSINDBK.NS @ 1131.05
BUY MARUTI.NS @ 8528.47 (size=11)
SELL BPCL.NS @ 141.73
SELL HDFCBANK.NS @ 777.47
BUY BAJAJ-AUTO.NS @ 3695.44 (size=25)
BUY ITC.NS @ 293.57 (size=317)
SELL HEROMOTOCO.NS @ 2414.58
SELL LT.NS @ 2053.68
BUY BPCL.NS @ 144.55 (size=746)
SELL ONGC.NS @ 121.34
BUY UPL.NS @ 737.43 (size=146)
BUY HEROMOTOCO.NS @ 2438.50 (size=44)
SELL BPCL.NS @ 140.95
BUY LT.NS @ 2085.42 (size=37)
SELL UPL.NS @ 722.77
BUY BRITANNIA.NS @ 4187.18 (size=18)
SELL SUNPHARMA.NS @ 979.37
SELL HEROMOTOCO.NS @ 2406.73
SELL HINDALCO.NS @ 456.40
BUY DRREDDY.NS @ 870.45 (size=134)
SELL TATASTEEL.NS @ 103.38
BUY SHREECEM.NS @ 23895.27 (size=5)
SELL LT.NS @ 2071.13
SELL SHREECEM.NS @ 22869.92
BUY EICHERMOT.NS @ 3197.65 (size=39)
BUY ONGC.NS @ 130.55 (size=880)
BUY APOLLOHOSP.NS @ 4598.57 (size=24)
BUY TECHM.NS @ 1030.48 (size=111)
BUY SHREECEM.NS @ 25437.14 (size=3)
BUY LT.NS @ 2163.95 (size=37)
BUY ULTRACEMCO.NS @ 7176.33 (size=11)
BUY NTPC.NS @ 159.76 (size=360)
SELL M&M.NS @ 1247.69
SELL LT.NS @ 2074.24
SELL EICHERMOT.NS @ 3095.72
BUY POWERGRID.NS @ 145.60 (size=587)
SELL BAJAJ-AUTO.NS @ 3416.74
SELL BRITANNIA.NS @ 4203.75
SELL HCLTECH.NS @ 966.41
SELL DRREDDY.NS @ 846.21
SELL APOLLOHOSP.NS @ 4365.28
BUY COALINDIA.NS @ 182.02 (size=689)
SELL MARUTI.NS @ 8299.97
BUY BAJAJ-AUTO.NS @ 3587.63 (size=34)
SELL ULTRACEMCO.NS @ 6957.78
SELL BAJAJ-AUTO.NS @ 3501.36
BUY BPCL.NS @ 147.77 (size=876)
BUY ULTRACEMCO.NS @ 7122.59 (size=16)
BUY BAJAJ-AUTO.NS @ 3666.29 (size=28)
BUY TITAN.NS @ 2490.26 (size=42)
SELL COALINDIA.NS @ 174.75
SELL ONGC.NS @ 126.54
SELL TECHM.NS @ 975.82
BUY ICICIBANK.NS @ 856.06 (size=138)
BUY NESTLEIND.NS @ 952.39 (size=124)
BUY GRASIM.NS @ 1605.32 (size=73)
SELL BPCL.NS @ 138.95
BUY ONGC.NS @ 132.09 (size=627)
BUY KOTAKBANK.NS @ 368.17 (size=235)
BUY JSWSTEEL.NS @ 703.19 (size=123)
BUY DRREDDY.NS @ 956.85 (size=72)
BUY SUNPHARMA.NS @ 988.48 (size=70)
BUY AXISBANK.NS @ 862.07 (size=64)
SELL NTPC.NS @ 156.40
BUY LT.NS @ 2151.95 (size=23)
SELL SHREECEM.NS @ 24949.53
SELL SUNPHARMA.NS @ 951.97
BUY SBIN.NS @ 531.33 (size=121)
BUY BHARTIARTL.NS @ 758.46 (size=85)
BUY BRITANNIA.NS @ 4436.90 (size=11)
BUY APOLLOHOSP.NS @ 4476.40 (size=11)
BUY MARUTI.NS @ 8521.44 (size=4)
BUY TATASTEEL.NS @ 102.32 (size=407)
BUY HDFCBANK.NS @ 831.36 (size=41)
BUY COALINDIA.NS @ 193.94 (size=176)
SELL HDFCBANK.NS @ 782.21
BUY BAJFINANCE.NS @ 655.62 (size=46)
BUY INDUSINDBK.NS @ 1147.09 (size=24)
SELL DRREDDY.NS @ 888.44
BUY ASIANPAINT.NS @ 3045.54 (size=8)
SELL LT.NS @ 2158.85
BUY EICHERMOT.NS @ 3502.05 (size=8)
BUY HEROMOTOCO.NS @ 2437.50 (size=12)
SELL TATASTEEL.NS @ 98.33
SELL JSWSTEEL.NS @ 684.96
BUY HCLTECH.NS @ 974.40 (size=28)
BUY BPCL.NS @ 154.38 (size=245)
BUY WIPRO.NS @ 185.98 (size=203)
BUY DIVISLAB.NS @ 3323.06 (size=11)
BUY M&M.NS @ 1249.30 (size=21)
SELL ONGC.NS @ 136.68
BUY SHREECEM.NS @ 25268.80 (size=1)
BUY TECHM.NS @ 1001.44 (size=32)
BUY TATACONSUM.NS @ 787.35 (size=34)
BUY HINDUNILVR.NS @ 2524.80 (size=10)
BUY TCS.NS @ 3025.25 (size=8)
SELL POWERGRID.NS @ 154.76
SELL COALINDIA.NS @ 187.61
SELL SHREECEM.NS @ 24565.13
BUY SHREECEM.NS @ 25528.88 (size=1)
BUY TATASTEEL.NS @ 103.43 (size=304)
BUY NTPC.NS @ 167.88 (size=169)
SELL KOTAKBANK.NS @ 376.14
BUY JSWSTEEL.NS @ 737.88 (size=38)
SELL TCS.NS @ 2951.50
SELL TECHM.NS @ 969.21
BUY DRREDDY.NS @ 941.65 (size=39)
SELL WIPRO.NS @ 178.34
BUY BAJAJFINSV.NS @ 1506.12 (size=22)
BUY RELIANCE.NS @ 1176.57 (size=28)
BUY TECHM.NS @ 982.11 (size=33)
BUY LT.NS @ 2300.03 (size=11)
SELL ICICIBANK.NS @ 900.85
BUY POWERGRID.NS @ 171.50 (size=214)
SELL SBIN.NS @ 542.77
BUY SUNPHARMA.NS @ 962.81 (size=34)
SELL BPCL.NS @ 151.43
SELL GRASIM.NS @ 1687.32
SELL SHREECEM.NS @ 23458.71
BUY HDFCBANK.NS @ 815.76 (size=67)
BUY ADANIPORTS.NS @ 744.62 (size=73)
BUY GRASIM.NS @ 1713.87 (size=31)
BUY BPCL.NS @ 158.04 (size=243)
BUY SBIN.NS @ 568.12 (size=60)
SELL EICHERMOT.NS @ 3285.19
SELL ADANIPORTS.NS @ 707.41
SELL HCLTECH.NS @ 1019.70
BUY COALINDIA.NS @ 191.13 (size=219)
SELL HDFCBANK.NS @ 794.73
BUY ONGC.NS @ 144.12 (size=261)
SELL POWERGRID.NS @ 161.47
SELL COALINDIA.NS @ 187.78
BUY TCS.NS @ 3095.05 (size=12)
BUY HINDALCO.NS @ 426.78 (size=92)
BUY WIPRO.NS @ 189.44 (size=206)
BUY INFY.NS @ 1325.36 (size=29)
BUY HDFCBANK.NS @ 816.42 (size=38)
BUY ICICIBANK.NS @ 951.88 (size=32)
BUY KOTAKBANK.NS @ 390.18 (size=64)
SELL HINDUNILVR.NS @ 2484.78
SELL KOTAKBANK.NS @ 373.95
BUY ADANIPORTS.NS @ 740.83 (size=37)
BUY CIPLA.NS @ 1048.32 (size=26)
SELL BRITANNIA.NS @ 4748.55
SELL NESTLEIND.NS @ 1084.46
SELL TECHM.NS @ 1029.09
SELL AXISBANK.NS @ 948.41
BUY POWERGRID.NS @ 167.25 (size=299)
BUY COALINDIA.NS @ 196.31 (size=255)
SELL APOLLOHOSP.NS @ 4990.81
SELL BPCL.NS @ 155.43
SELL HDFCBANK.NS @ 798.41
SELL BAJFINANCE.NS @ 712.35
SELL BAJAJFINSV.NS @ 1525.29
BUY NESTLEIND.NS @ 1111.52 (size=40)
SELL COALINDIA.NS @ 187.90
SELL TATACONSUM.NS @ 823.58
SELL ULTRACEMCO.NS @ 8037.24
SELL NESTLEIND.NS @ 1091.77
SELL ITC.NS @ 402.12
SELL TITAN.NS @ 2883.96
SELL SBIN.NS @ 552.75
SELL MARUTI.NS @ 9281.33
SELL BAJAJ-AUTO.NS @ 4517.95
SELL POWERGRID.NS @ 163.54
BUY COALINDIA.NS @ 191.74 (size=672)
SELL ASIANPAINT.NS @ 3252.56
BUY HCLTECH.NS @ 1071.44 (size=110)
SELL BHARTIARTL.NS @ 845.14
BUY TITAN.NS @ 3052.55 (size=37)
SELL ICICIBANK.NS @ 935.32
SELL JSWSTEEL.NS @ 778.88
SELL HEROMOTOCO.NS @ 2680.25
SELL GRASIM.NS @ 1757.83
SELL RELIANCE.NS @ 1225.11
SELL HCLTECH.NS @ 1048.57
SELL DIVISLAB.NS @ 3594.72
SELL INDUSINDBK.NS @ 1363.02
BUY MARUTI.NS @ 9804.08 (size=13)
BUY ICICIBANK.NS @ 943.29 (size=144)
BUY AXISBANK.NS @ 971.92 (size=140)
BUY ULTRACEMCO.NS @ 8196.58 (size=16)
SELL TCS.NS @ 3118.20
BUY HCLTECH.NS @ 1072.08 (size=127)
BUY SHREECEM.NS @ 25407.89 (size=3)
BUY GRASIM.NS @ 1820.12 (size=42)
BUY TECHM.NS @ 1175.84 (size=65)
BUY INDUSINDBK.NS @ 1393.18 (size=38)
BUY TATACONSUM.NS @ 866.46 (size=61)
SELL ICICIBANK.NS @ 942.06
BUY POWERGRID.NS @ 172.73 (size=327)
BUY TCS.NS @ 3326.27 (size=16)
BUY DIVISLAB.NS @ 3747.63 (size=15)
SELL M&M.NS @ 1513.62
BUY HDFCBANK.NS @ 808.75 (size=53)
BUY BAJAJ-AUTO.NS @ 4963.35 (size=8)
BUY M&M.NS @ 1576.79 (size=27)
BUY EICHERMOT.NS @ 3346.25 (size=12)
BUY NESTLEIND.NS @ 1098.89 (size=39)
BUY JSWSTEEL.NS @ 804.37 (size=53)
BUY BHARTIARTL.NS @ 923.24 (size=46)
BUY APOLLOHOSP.NS @ 5059.03 (size=8)
BUY HEROMOTOCO.NS @ 2806.43 (size=15)
SELL HDFCBANK.NS @ 792.84
SELL JSWSTEEL.NS @ 778.54
SELL APOLLOHOSP.NS @ 4974.08
SELL HEROMOTOCO.NS @ 2747.92
SELL DRREDDY.NS @ 1090.00
SELL ULTRACEMCO.NS @ 8087.87
SELL CIPLA.NS @ 1163.50
BUY BAJFINANCE.NS @ 773.31 (size=54)
SELL WIPRO.NS @ 193.68
BUY BAJAJFINSV.NS @ 1575.64 (size=26)
SELL SUNPHARMA.NS @ 1096.71
SELL INDUSINDBK.NS @ 1397.49
SELL DIVISLAB.NS @ 3626.13
SELL M&M.NS @ 1514.06
SELL EICHERMOT.NS @ 3272.24
SELL TECHM.NS @ 1137.90
SELL ADANIPORTS.NS @ 782.87
BUY ADANIPORTS.NS @ 812.05 (size=86)
SELL ADANIPORTS.NS @ 807.44
BUY HEROMOTOCO.NS @ 2839.40 (size=22)
BUY APOLLOHOSP.NS @ 4961.71 (size=12)
BUY INDUSINDBK.NS @ 1447.63 (size=40)
SELL INFY.NS @ 1330.19
SELL INDUSINDBK.NS @ 1404.75
SELL TCS.NS @ 3239.37
SELL APOLLOHOSP.NS @ 4945.22
BUY INDUSINDBK.NS @ 1434.43 (size=50)
BUY ULTRACEMCO.NS @ 8414.99 (size=8)
SELL AXISBANK.NS @ 978.76
SELL TATASTEEL.NS @ 117.92
BUY M&M.NS @ 1541.39 (size=49)
SELL HINDALCO.NS @ 450.79
SELL NTPC.NS @ 216.98
SELL INDUSINDBK.NS @ 1397.19
SELL ULTRACEMCO.NS @ 8155.98
SELL GRASIM.NS @ 1856.10
SELL SHREECEM.NS @ 25170.40
SELL M&M.NS @ 1483.24
SELL BAJFINANCE.NS @ 733.94
SELL ONGC.NS @ 155.95
SELL LT.NS @ 2815.99
SELL TITAN.NS @ 3081.41
SELL MARUTI.NS @ 10023.56
SELL BAJAJFINSV.NS @ 1534.43
BUY ONGC.NS @ 166.55 (size=914)
BUY BPCL.NS @ 163.60 (size=837)
BUY TITAN.NS @ 3263.22 (size=37)
BUY APOLLOHOSP.NS @ 5263.50 (size=23)
BUY SHREECEM.NS @ 26087.78 (size=3)
BUY NTPC.NS @ 231.96 (size=393)
BUY EICHERMOT.NS @ 3559.30 (size=25)
BUY INDUSINDBK.NS @ 1477.55 (size=49)
BUY GRASIM.NS @ 1921.85 (size=38)
BUY HINDALCO.NS @ 498.86 (size=146)
BUY BAJAJFINSV.NS @ 1618.84 (size=31)
SELL SHREECEM.NS @ 25687.09
BUY ULTRACEMCO.NS @ 8500.64 (size=6)
BUY TCS.NS @ 3267.31 (size=16)
SELL TCS.NS @ 3219.68
BUY DIVISLAB.NS @ 3724.87 (size=11)
BUY ADANIPORTS.NS @ 830.08 (size=53)
BUY WIPRO.NS @ 190.00 (size=211)
BUY SHREECEM.NS @ 26467.09 (size=1)
BUY M&M.NS @ 1622.74 (size=22)
BUY MARUTI.NS @ 10396.91 (size=3)
BUY LT.NS @ 3056.44 (size=11)
BUY HINDUNILVR.NS @ 2446.83 (size=14)
BUY AXISBANK.NS @ 1072.51 (size=33)
BUY DRREDDY.NS @ 1143.56 (size=31)
BUY BRITANNIA.NS @ 4728.33 (size=7)
BUY JSWSTEEL.NS @ 792.74 (size=45)
BUY TCS.NS @ 3248.08 (size=11)
BUY RELIANCE.NS @ 1179.99 (size=30)
BUY SUNPHARMA.NS @ 1196.04 (size=30)
BUY INFY.NS @ 1370.00 (size=26)
BUY CIPLA.NS @ 1189.40 (size=30)
BUY TECHM.NS @ 1154.66 (size=31)
BUY ITC.NS @ 396.61 (size=6)
BUY HDFCBANK.NS @ 783.27 (size=2)
BUY KOTAKBANK.NS @ 362.89 (size=5)
BUY ICICIBANK.NS @ 975.21 (size=2)
BUY TATASTEEL.NS @ 125.49 (size=17)
BUY SBIN.NS @ 586.44 (size=2)
BUY ASIANPAINT.NS @ 3181.50 (size=1)
BUY TECHM.NS @ 1158.68 (size=1)
SELL HINDUNILVR.NS @ 2406.55
SELL DRREDDY.NS @ 1081.40
SELL MARUTI.NS @ 10132.00
BUY DRREDDY.NS @ 1094.60 (size=6)
BUY SUNPHARMA.NS @ 1188.38 (size=6)
BUY INFY.NS @ 1364.21 (size=6)
BUY BAJFINANCE.NS @ 762.00 (size=11)
SELL SHREECEM.NS @ 26745.75
BUY SHREECEM.NS @ 27048.96 (size=1)
SELL SHREECEM.NS @ 26566.46
SELL EICHERMOT.NS @ 3751.79
BUY CIPLA.NS @ 1304.09 (size=5)
BUY RELIANCE.NS @ 1349.91 (size=14)
SELL BAJAJFINSV.NS @ 1650.05
SELL M&M.NS @ 1595.75
SELL HDFCBANK.NS @ 748.28
SELL BAJFINANCE.NS @ 727.72
SELL KOTAKBANK.NS @ 355.13
BUY HINDUNILVR.NS @ 2463.50 (size=10)
SELL DRREDDY.NS @ 1116.26
SELL JSWSTEEL.NS @ 804.17
SELL DIVISLAB.NS @ 3689.25
SELL HINDUNILVR.NS @ 2449.18
SELL ASIANPAINT.NS @ 3094.74
SELL NESTLEIND.NS @ 1222.42
SELL INDUSINDBK.NS @ 1425.87
SELL SBIN.NS @ 583.41
SELL TATASTEEL.NS @ 124.62
SELL HINDALCO.NS @ 534.40
SELL AXISBANK.NS @ 1057.43
BUY DRREDDY.NS @ 1166.08 (size=47)
BUY HINDALCO.NS @ 557.84 (size=99)
BUY TATASTEEL.NS @ 128.12 (size=374)
SELL ITC.NS @ 396.61
BUY SHREECEM.NS @ 28262.96 (size=1)
SELL LT.NS @ 3340.34
SELL TITAN.NS @ 3604.77
SELL SHREECEM.NS @ 26677.96
SELL BRITANNIA.NS @ 4878.78
SELL GRASIM.NS @ 2050.63
BUY SBIN.NS @ 651.04 (size=109)
BUY BRITANNIA.NS @ 4948.15 (size=14)
BUY GRASIM.NS @ 2095.79 (size=34)
SELL ICICIBANK.NS @ 973.35
SELL BRITANNIA.NS @ 4750.65
SELL GRASIM.NS @ 2042.00
BUY GRASIM.NS @ 2152.37 (size=29)
SELL ULTRACEMCO.NS @ 9732.62
SELL GRASIM.NS @ 2048.80
SELL HINDALCO.NS @ 503.50
BUY M&M.NS @ 1738.26 (size=42)
BUY GRASIM.NS @ 2175.94 (size=30)
BUY EICHERMOT.NS @ 3858.07 (size=15)
SELL TECHM.NS @ 1227.77
SELL EICHERMOT.NS @ 3772.49
BUY MARUTI.NS @ 11062.99 (size=5)
BUY ICICIBANK.NS @ 1035.23 (size=58)
BUY NESTLEIND.NS @ 1272.02 (size=47)
SELL APOLLOHOSP.NS @ 6067.80
BUY LT.NS @ 3571.85 (size=15)
BUY TITAN.NS @ 3742.36 (size=15)
SELL NESTLEIND.NS @ 1243.83
SELL INFY.NS @ 1512.50
BUY AXISBANK.NS @ 1123.17 (size=46)
BUY JSWSTEEL.NS @ 821.34 (size=57)
BUY NESTLEIND.NS @ 1279.52 (size=33)
SELL JSWSTEEL.NS @ 809.26
SELL NTPC.NS @ 307.44
SELL ADANIPORTS.NS @ 1198.55
SELL COALINDIA.NS @ 366.68
SELL AXISBANK.NS @ 1078.65
SELL TITAN.NS @ 3603.03
BUY ADANIPORTS.NS @ 1256.32 (size=76)
SELL RELIANCE.NS @ 1407.81
SELL BPCL.NS @ 248.69
SELL POWERGRID.NS @ 242.38
SELL ADANIPORTS.NS @ 1229.91
SELL TATACONSUM.NS @ 1130.03
SELL WIPRO.NS @ 231.94
SELL NESTLEIND.NS @ 1222.96
SELL TCS.NS @ 3729.95
SELL HCLTECH.NS @ 1488.00
SELL DRREDDY.NS @ 1205.83
BUY RELIANCE.NS @ 1444.33 (size=118)
BUY BAJAJFINSV.NS @ 1642.01 (size=94)
BUY EICHERMOT.NS @ 3924.37 (size=39)
BUY NESTLEIND.NS @ 1284.84 (size=120)
BUY TITAN.NS @ 3778.03 (size=40)
BUY JSWSTEEL.NS @ 862.85 (size=107)
BUY ADANIPORTS.NS @ 1391.38 (size=60)
SELL HEROMOTOCO.NS @ 4267.77
BUY NTPC.NS @ 338.09 (size=250)
BUY INDUSINDBK.NS @ 1527.49 (size=55)
BUY DIVISLAB.NS @ 3694.60 (size=22)
SELL NESTLEIND.NS @ 1223.94
BUY HINDALCO.NS @ 595.25 (size=124)
SELL CIPLA.NS @ 1396.07
SELL ONGC.NS @ 239.36
BUY AXISBANK.NS @ 1071.71 (size=63)
SELL SUNPHARMA.NS @ 1511.11
SELL TITAN.NS @ 3596.67
BUY ONGC.NS @ 252.11 (size=389)
SELL AXISBANK.NS @ 1056.23
SELL INDUSINDBK.NS @ 1474.58
SELL SBIN.NS @ 718.10
BUY POWERGRID.NS @ 262.13 (size=394)
SELL ADANIPORTS.NS @ 1283.77
SELL BAJAJFINSV.NS @ 1592.12
SELL ICICIBANK.NS @ 1038.43
SELL RELIANCE.NS @ 1453.57
SELL LT.NS @ 3458.65
BUY ADANIPORTS.NS @ 1309.09 (size=115)
BUY SBIN.NS @ 783.56 (size=174)
BUY AXISBANK.NS @ 1125.17 (size=121)
BUY ICICIBANK.NS @ 1141.44 (size=95)
BUY ULTRACEMCO.NS @ 9850.62 (size=9)
BUY BPCL.NS @ 283.01 (size=315)
BUY COALINDIA.NS @ 399.08 (size=223)
BUY DRREDDY.NS @ 1242.22 (size=71)
BUY ITC.NS @ 392.99 (size=227)
SELL ADANIPORTS.NS @ 1278.22
SELL BPCL.NS @ 269.47
SELL BAJAJ-AUTO.NS @ 8395.17
BUY BRITANNIA.NS @ 5041.31 (size=13)
SELL ULTRACEMCO.NS @ 9564.69
SELL DRREDDY.NS @ 1196.55
BUY HEROMOTOCO.NS @ 4317.46 (size=19)
SELL COALINDIA.NS @ 389.93
SELL ONGC.NS @ 238.96
SELL JSWSTEEL.NS @ 825.84
BUY BPCL.NS @ 275.87 (size=408)
BUY SHREECEM.NS @ 25803.49 (size=3)
BUY COALINDIA.NS @ 411.34 (size=226)
BUY ONGC.NS @ 250.13 (size=335)
BUY TECHM.NS @ 1236.94 (size=67)
BUY JSWSTEEL.NS @ 897.98 (size=74)
BUY CIPLA.NS @ 1454.30 (size=41)
BUY ADANIPORTS.NS @ 1430.23 (size=38)
BUY BAJAJ-AUTO.NS @ 8671.42 (size=6)
SELL SHREECEM.NS @ 25110.09
SELL ONGC.NS @ 244.90
SELL ICICIBANK.NS @ 1084.23
SELL ITC.NS @ 379.43
SELL TECHM.NS @ 1173.48
BUY HDFCBANK.NS @ 755.56 (size=114)
SELL MARUTI.NS @ 12151.76
BUY LT.NS @ 3607.04 (size=24)
BUY ICICIBANK.NS @ 1102.97 (size=78)
BUY ULTRACEMCO.NS @ 9794.96 (size=8)
SELL GRASIM.NS @ 2299.02
BUY RELIANCE.NS @ 1499.23 (size=43)
SELL NTPC.NS @ 315.78
SELL BPCL.NS @ 258.73
SELL SBIN.NS @ 759.94
SELL ADANIPORTS.NS @ 1237.59
SELL COALINDIA.NS @ 388.53
SELL LT.NS @ 3345.46
BUY HINDUNILVR.NS @ 2399.49 (size=24)
SELL ICICIBANK.NS @ 1054.17
SELL TATASTEEL.NS @ 152.26
SELL JSWSTEEL.NS @ 833.06
SELL RELIANCE.NS @ 1387.01
BUY SBIN.NS @ 774.20 (size=172)
BUY ADANIPORTS.NS @ 1342.28 (size=99)
BUY ICICIBANK.NS @ 1090.77 (size=122)
BUY ITC.NS @ 396.95 (size=234)
BUY TECHM.NS @ 1245.92 (size=74)
BUY BAJFINANCE.NS @ 711.16 (size=104)
BUY INFY.NS @ 1472.75 (size=50)
SELL ICICIBANK.NS @ 1089.49
BUY GRASIM.NS @ 2452.82 (size=29)
BUY TITAN.NS @ 3507.98 (size=20)
BUY WIPRO.NS @ 230.53 (size=254)
BUY INDUSINDBK.NS @ 1511.42 (size=34)
BUY UPL.NS @ 551.29 (size=95)
BUY ICICIBANK.NS @ 1125.99 (size=46)
SELL ITC.NS @ 386.24
SELL TITAN.NS @ 3414.47
BUY KOTAKBANK.NS @ 354.33 (size=149)
BUY JSWSTEEL.NS @ 927.12 (size=57)
BUY RELIANCE.NS @ 1443.52 (size=36)
BUY HCLTECH.NS @ 1365.30 (size=38)
SELL RELIANCE.NS @ 1430.88
BUY NTPC.NS @ 359.54 (size=104)
BUY DRREDDY.NS @ 1232.02 (size=30)
BUY TCS.NS @ 3716.30 (size=10)
BUY RELIANCE.NS @ 1519.30 (size=24)
SELL EICHERMOT.NS @ 4562.58
SELL INDUSINDBK.NS @ 1429.45
BUY SHREECEM.NS @ 27150.93 (size=1)
BUY TATACONSUM.NS @ 1137.92 (size=39)
BUY ONGC.NS @ 259.63 (size=146)
BUY ITC.NS @ 412.63 (size=82)
BUY COALINDIA.NS @ 439.65 (size=69)
BUY ASIANPAINT.NS @ 2984.64 (size=10)
BUY BPCL.NS @ 281.78 (size=87)
BUY BAJAJFINSV.NS @ 1650.45 (size=13)
BUY APOLLOHOSP.NS @ 6484.73 (size=3)
SELL NTPC.NS @ 347.62
SELL BPCL.NS @ 270.95
SELL BAJFINANCE.NS @ 688.98
SELL JSWSTEEL.NS @ 887.06
SELL HINDALCO.NS @ 654.42
BUY NTPC.NS @ 364.59 (size=121)
SELL UPL.NS @ 534.57
BUY EICHERMOT.NS @ 4803.36 (size=9)
SELL RELIANCE.NS @ 1476.97
SELL BAJAJ-AUTO.NS @ 9031.31
SELL KOTAKBANK.NS @ 348.84
SELL BAJAJFINSV.NS @ 1578.48
BUY NESTLEIND.NS @ 1250.58 (size=35)
BUY SUNPHARMA.NS @ 1594.11 (size=27)
SELL HEROMOTOCO.NS @ 5069.66
BUY BPCL.NS @ 290.88 (size=197)
BUY LT.NS @ 3585.71 (size=16)
SELL AXISBANK.NS @ 1174.90
SELL NESTLEIND.NS @ 1220.68
BUY BAJAJFINSV.NS @ 1641.85 (size=39)
BUY MARUTI.NS @ 13092.35 (size=4)
SELL M&M.NS @ 2727.74
SELL EICHERMOT.NS @ 4615.06
SELL SBIN.NS @ 795.67
SELL HDFCBANK.NS @ 797.10
SELL SHREECEM.NS @ 26659.02
SELL MARUTI.NS @ 12070.21
SELL LT.NS @ 3495.40
SELL WIPRO.NS @ 227.32
SELL BAJAJFINSV.NS @ 1566.94
SELL ICICIBANK.NS @ 1153.69
SELL GRASIM.NS @ 2535.43
SELL POWERGRID.NS @ 312.10
SELL ADANIPORTS.NS @ 1454.87
SELL ULTRACEMCO.NS @ 10933.30
BUY BAJAJ-AUTO.NS @ 9669.15 (size=16)
BUY UPL.NS @ 573.90 (size=286)
BUY HINDALCO.NS @ 706.67 (size=187)
BUY LT.NS @ 3668.49 (size=32)
BUY BAJAJFINSV.NS @ 1718.16 (size=69)
BUY WIPRO.NS @ 250.57 (size=380)
BUY BAJFINANCE.NS @ 702.02 (size=122)
BUY RELIANCE.NS @ 1514.87 (size=56)
BUY M&M.NS @ 2783.04 (size=24)
BUY ICICIBANK.NS @ 1219.79 (size=56)
SELL RELIANCE.NS @ 1503.62
BUY TITAN.NS @ 3554.45 (size=19)
BUY HEROMOTOCO.NS @ 5142.37 (size=13)
SELL M&M.NS @ 2754.87
SELL COALINDIA.NS @ 447.25
SELL WIPRO.NS @ 243.33
BUY JSWSTEEL.NS @ 930.54 (size=60)
SELL HINDALCO.NS @ 661.95
SELL ONGC.NS @ 282.71
SELL LT.NS @ 3590.66
SELL DRREDDY.NS @ 1330.71
SELL TATACONSUM.NS @ 1165.21
SELL NTPC.NS @ 374.58
BUY TATACONSUM.NS @ 1183.28 (size=84)
BUY NESTLEIND.NS @ 1247.67 (size=75)
SELL NESTLEIND.NS @ 1243.42
BUY KOTAKBANK.NS @ 365.07 (size=257)
BUY ULTRACEMCO.NS @ 11636.49 (size=8)
BUY WIPRO.NS @ 258.07 (size=291)
SELL TCS.NS @ 4115.03
BUY NTPC.NS @ 407.34 (size=176)
SELL BPCL.NS @ 298.63
BUY NESTLEIND.NS @ 1296.24 (size=55)
BUY INDUSINDBK.NS @ 1480.20 (size=42)
BUY POWERGRID.NS @ 321.63 (size=197)
BUY M&M.NS @ 2927.33 (size=21)
BUY MARUTI.NS @ 12479.43 (size=5)
BUY LT.NS @ 3758.84 (size=16)
BUY AXISBANK.NS @ 1243.94 (size=50)
BUY EICHERMOT.NS @ 4899.62 (size=12)
BUY HINDALCO.NS @ 689.34 (size=91)
SELL TATACONSUM.NS @ 1180.85
BUY TATASTEEL.NS @ 161.84 (size=147)
BUY BPCL.NS @ 338.07 (size=63)
BUY RELIANCE.NS @ 1520.10 (size=14)
BUY GRASIM.NS @ 2773.06 (size=7)
SELL RELIANCE.NS @ 1470.70
SELL TECHM.NS @ 1519.20
SELL INDUSINDBK.NS @ 1409.70
BUY TECHM.NS @ 1565.63 (size=18)
BUY HDFCBANK.NS @ 829.78 (size=38)
SELL LT.NS @ 3465.33
SELL AXISBANK.NS @ 1174.70
SELL ASIANPAINT.NS @ 3110.32
SELL EICHERMOT.NS @ 4721.28
SELL BPCL.NS @ 313.17
SELL POWERGRID.NS @ 319.74
SELL HDFCBANK.NS @ 817.77
SELL KOTAKBANK.NS @ 361.38
SELL ULTRACEMCO.NS @ 11378.13
SELL ITC.NS @ 459.08
SELL APOLLOHOSP.NS @ 6746.43
SELL HEROMOTOCO.NS @ 5204.06
SELL UPL.NS @ 575.04
SELL TITAN.NS @ 3578.48
SELL HINDUNILVR.NS @ 2735.88
SELL NESTLEIND.NS @ 1238.08
SELL ICICIBANK.NS @ 1213.64
SELL CIPLA.NS @ 1578.88
SELL BAJFINANCE.NS @ 697.39
SELL MARUTI.NS @ 12313.48
SELL BAJAJ-AUTO.NS @ 9869.32
SELL TATASTEEL.NS @ 148.93
SELL BRITANNIA.NS @ 5811.05
SELL INFY.NS @ 1805.02
SELL BAJAJFINSV.NS @ 1757.54
SELL M&M.NS @ 2864.19
SELL JSWSTEEL.NS @ 961.06
SELL GRASIM.NS @ 2645.73
SELL NTPC.NS @ 392.31
SELL SUNPHARMA.NS @ 1810.57
SELL HINDALCO.NS @ 685.67
BUY ICICIBANK.NS @ 1282.95 (size=182)
BUY SBIN.NS @ 816.31 (size=257)
SELL BHARTIARTL.NS @ 1623.53
SELL HCLTECH.NS @ 1689.12
SELL TECHM.NS @ 1563.42
BUY HDFCBANK.NS @ 867.20 (size=237)
BUY JSWSTEEL.NS @ 987.14 (size=187)
BUY APOLLOHOSP.NS @ 7395.07 (size=25)
SELL ICICIBANK.NS @ 1249.21
SELL JSWSTEEL.NS @ 954.68
SELL HDFCBANK.NS @ 829.46
SELL APOLLOHOSP.NS @ 6831.34
SELL SBIN.NS @ 787.19
BUY HDFCBANK.NS @ 859.51 (size=262)
BUY POWERGRID.NS @ 328.07 (size=679)
BUY M&M.NS @ 3021.33 (size=73)
BUY LT.NS @ 3718.32 (size=59)
BUY ICICIBANK.NS @ 1290.99 (size=172)
BUY TCS.NS @ 4095.59 (size=54)
BUY HCLTECH.NS @ 1809.30 (size=123)
BUY INFY.NS @ 1835.38 (size=121)
BUY TECHM.NS @ 1683.88 (size=132)
SELL M&M.NS @ 2875.60
SELL INFY.NS @ 1803.28
BUY SHREECEM.NS @ 25905.64 (size=3)
BUY ULTRACEMCO.NS @ 11575.18 (size=6)
SELL POWERGRID.NS @ 311.12
BUY INFY.NS @ 1879.24 (size=50)
BUY BAJFINANCE.NS @ 707.15 (size=119)
BUY BHARTIARTL.NS @ 1667.81 (size=45)
SELL DIVISLAB.NS @ 5850.06
SELL BHARTIARTL.NS @ 1601.91
BUY DRREDDY.NS @ 1317.25 (size=67)
SELL BAJFINANCE.NS @ 680.63
SELL LT.NS @ 3596.31
SELL TCS.NS @ 3958.16
SELL TECHM.NS @ 1638.64
SELL ULTRACEMCO.NS @ 11217.25
BUY SUNPHARMA.NS @ 1854.42 (size=82)
BUY TECHM.NS @ 1691.90 (size=90)
SELL HDFCBANK.NS @ 874.60
SELL SHREECEM.NS @ 25525.89
SELL ICICIBANK.NS @ 1271.84
SELL TECHM.NS @ 1658.22

Initial Capital: ₹1,000,000.00
Final Portfolio: ₹2,608,899.09
Total Return: +160.89%

================================================================================
📈 COMPREHENSIVE PERFORMANCE ANALYSIS
================================================================================

💰 RETURNS ANALYSIS:
   Total Return: 95.89%
   Average Return: 0.04%
   CAGR: 10.30%
   XIRR: 10.06%
   Annual Returns:
     2015: -3.51%
     2016: 3.23%
     2017: 18.31%
     2018: 6.78%
     2019: 5.93%
     2020: 36.87%
     2021: 19.60%
     2022: -5.87%
     2023: 19.91%
     2024: 5.93%

🎯 RISK ANALYSIS:
   Sharpe Ratio: 0.47 (Higher is better, >1 is good)
   Sharpe Ratio indicates how my returns are with respect to volatility of returns. A higher Sharpe Ratio means better risk-adjusted returns.
   Sortino Ratio: 0.46 (Higher is better, >1 is good)
   Sortino Ratio indicates how my returns are with respect to downside volatility. A higher Sortino Ratio means better risk-adjusted returns.
   Max Drawdown: 16.63% (Usually it should be 15-20% or lower)
   Drawdown Period: 526 days (Lower is better)

📊 TRADING STATISTICS:
   Total Trades: 1347
   Winning Trades: 501
   Losing Trades: 837
   Win Rate: 37.2%
   Average Win: ₹6787.07
   Average Loss: ₹-2147.61
   Risk/Reward Ratio: 3.16
   Expectancy: 1175.54
   Profit Factor: 1.89
