Fetching stock data...

Starting Backtest with 46 stocks
Initial Capital: ₹1,000,000.00

🔄 Running Backtest...
BUY BPCL.NS @ 64.55 (size=4647)
BUY HCLTECH.NS @ 330.49 (size=907)
BUY TATACONSUM.NS @ 144.01 (size=831)
BUY UPL.NS @ 235.77 (size=508)
BUY BAJAJFINSV.NS @ 150.04 (size=798)
BUY ONGC.NS @ 139.16 (size=82)
SELL TATACONSUM.NS @ 136.22
SELL ONGC.NS @ 130.25
BUY BRITANNIA.NS @ 854.70 (size=52)
SELL BAJAJFINSV.NS @ 142.72
SELL UPL.NS @ 246.22
BUY NTPC.NS @ 86.18 (size=1203)
BUY INDUSINDBK.NS @ 889.40 (size=81)
BUY LT.NS @ 1042.02 (size=69)
BUY HINDUNILVR.NS @ 781.10 (size=93)
BUY AXISBANK.NS @ 626.84 (size=115)
BUY ULTRACEMCO.NS @ 3224.92 (size=22)
BUY GRASIM.NS @ 577.09 (size=125)
BUY TATACONSUM.NS @ 143.96 (size=51)
BUY DIVISLAB.NS @ 811.78 (size=9)
BUY KOTAKBANK.NS @ 140.02 (size=21)
BUY SUNPHARMA.NS @ 921.53 (size=3)
BUY APOLLOHOSP.NS @ 1363.55 (size=2)
BUY BAJAJFINSV.NS @ 152.01 (size=3)
SELL BAJAJFINSV.NS @ 144.85
BUY BHARTIARTL.NS @ 330.70 (size=1)
SELL INDUSINDBK.NS @ 824.14
SELL BPCL.NS @ 63.05
SELL KOTAKBANK.NS @ 133.16
SELL TATACONSUM.NS @ 136.31
SELL LT.NS @ 955.13
SELL HCLTECH.NS @ 372.79
SELL NTPC.NS @ 85.78
SELL HINDUNILVR.NS @ 769.79
SELL BRITANNIA.NS @ 926.79
SELL APOLLOHOSP.NS @ 1305.18
SELL SUNPHARMA.NS @ 926.02
BUY BPCL.NS @ 69.89 (size=4327)
SELL DIVISLAB.NS @ 817.48
BUY SUNPHARMA.NS @ 990.08 (size=215)
BUY UPL.NS @ 283.34 (size=524)
BUY DIVISLAB.NS @ 886.07 (size=167)
BUY COALINDIA.NS @ 161.11 (size=366)
BUY EICHERMOT.NS @ 1531.81 (size=38)
BUY BAJFINANCE.NS @ 43.45 (size=539)
BUY KOTAKBANK.NS @ 142.04 (size=165)
BUY TATACONSUM.NS @ 141.90 (size=65)
BUY RELIANCE.NS @ 193.52 (size=48)
BUY BRITANNIA.NS @ 1003.58 (size=3)
BUY TITAN.NS @ 396.20 (size=9)
SELL EICHERMOT.NS @ 1471.36
BUY ONGC.NS @ 125.31 (size=150)
SELL UPL.NS @ 256.79
SELL SUNPHARMA.NS @ 950.33
SELL TITAN.NS @ 377.29
SELL BRITANNIA.NS @ 942.67
SELL DIVISLAB.NS @ 835.54
SELL KOTAKBANK.NS @ 134.33
SELL TATACONSUM.NS @ 132.21
SELL BHARTIARTL.NS @ 338.13
SELL ONGC.NS @ 119.44
SELL BAJFINANCE.NS @ 41.23
BUY TATASTEEL.NS @ 26.40 (size=6587)
SELL BPCL.NS @ 67.28
SELL COALINDIA.NS @ 157.74
BUY MARUTI.NS @ 3469.36 (size=62)
SELL RELIANCE.NS @ 185.14
BUY ADANIPORTS.NS @ 327.88 (size=519)
BUY ONGC.NS @ 130.86 (size=907)
SELL MARUTI.NS @ 3298.69
SELL ONGC.NS @ 120.67
BUY EICHERMOT.NS @ 1563.95 (size=113)
SELL TATASTEEL.NS @ 25.26
BUY SHREECEM.NS @ 10849.52 (size=16)
BUY ULTRACEMCO.NS @ 2843.65 (size=42)
BUY BAJAJ-AUTO.NS @ 1731.09 (size=49)
BUY BRITANNIA.NS @ 1055.99 (size=57)
BUY BPCL.NS @ 70.49 (size=603)
SELL ADANIPORTS.NS @ 315.47
SELL SHREECEM.NS @ 10442.85
BUY COALINDIA.NS @ 165.64 (size=780)
BUY BHARTIARTL.NS @ 361.30 (size=358)
BUY MARUTI.NS @ 3524.04 (size=14)
BUY LT.NS @ 962.69 (size=54)
SELL ULTRACEMCO.NS @ 2709.38
SELL BAJAJ-AUTO.NS @ 1669.15
SELL EICHERMOT.NS @ 1604.75
SELL MARUTI.NS @ 3351.10
BUY BAJFINANCE.NS @ 45.00 (size=3307)
SELL BPCL.NS @ 70.73
BUY RELIANCE.NS @ 201.78 (size=579)
BUY M&M.NS @ 590.41 (size=138)
BUY APOLLOHOSP.NS @ 1248.58 (size=45)
BUY HDFCBANK.NS @ 243.01 (size=165)
BUY BAJAJ-AUTO.NS @ 1884.60 (size=21)
SELL BHARTIARTL.NS @ 354.81
BUY DRREDDY.NS @ 662.08 (size=81)
BUY ULTRACEMCO.NS @ 2864.75 (size=18)
BUY AXISBANK.NS @ 565.32 (size=39)
BUY BPCL.NS @ 80.24 (size=198)
BUY ADANIPORTS.NS @ 315.52 (size=35)
BUY ASIANPAINT.NS @ 758.22 (size=14)
SELL M&M.NS @ 578.48
SELL BPCL.NS @ 74.71
SELL BAJFINANCE.NS @ 48.60
BUY MARUTI.NS @ 3768.45 (size=21)
BUY DIVISLAB.NS @ 904.27 (size=63)
BUY GRASIM.NS @ 545.51 (size=73)
BUY BHARTIARTL.NS @ 377.98 (size=74)
BUY INFY.NS @ 420.79 (size=67)
SELL BAJAJ-AUTO.NS @ 1910.27
SELL LT.NS @ 1033.53
BUY WIPRO.NS @ 99.26 (size=115)
SELL AXISBANK.NS @ 566.41
SELL ADANIPORTS.NS @ 297.42
SELL COALINDIA.NS @ 179.43
SELL ULTRACEMCO.NS @ 2999.35
SELL RELIANCE.NS @ 217.84
SELL BHARTIARTL.NS @ 354.81
SELL DIVISLAB.NS @ 872.86
SELL WIPRO.NS @ 93.80
SELL DRREDDY.NS @ 701.11
SELL APOLLOHOSP.NS @ 1280.65
BUY BAJAJFINSV.NS @ 180.48 (size=1132)
BUY NESTLEIND.NS @ 278.35 (size=512)
BUY CIPLA.NS @ 664.08 (size=214)
BUY DRREDDY.NS @ 762.26 (size=75)
BUY HCLTECH.NS @ 371.47 (size=154)
BUY ITC.NS @ 146.13 (size=392)
BUY SBIN.NS @ 253.67 (size=25)
SELL HDFCBANK.NS @ 251.82
SELL HCLTECH.NS @ 349.37
BUY ADANIPORTS.NS @ 321.30 (size=103)
BUY TATACONSUM.NS @ 128.60 (size=180)
BUY APOLLOHOSP.NS @ 1382.39 (size=16)
BUY DIVISLAB.NS @ 954.00 (size=10)
SELL SBIN.NS @ 242.62
SELL TATACONSUM.NS @ 123.18
SELL NESTLEIND.NS @ 274.09
BUY TCS.NS @ 1051.89 (size=14)
SELL GRASIM.NS @ 529.86
SELL ITC.NS @ 141.98
SELL APOLLOHOSP.NS @ 1316.56
BUY JSWSTEEL.NS @ 86.82 (size=1013)
SELL CIPLA.NS @ 640.42
SELL BAJAJFINSV.NS @ 187.47
BUY SUNPHARMA.NS @ 849.60 (size=120)
SELL BRITANNIA.NS @ 1397.56
SELL ADANIPORTS.NS @ 316.99
SELL MARUTI.NS @ 3849.82
SELL DRREDDY.NS @ 756.12
SELL ASIANPAINT.NS @ 770.09
SELL JSWSTEEL.NS @ 77.84
SELL TCS.NS @ 1015.25
SELL INFY.NS @ 413.00
SELL SUNPHARMA.NS @ 810.40
SELL DIVISLAB.NS @ 1006.72
BUY SHREECEM.NS @ 11537.93 (size=24)
BUY WIPRO.NS @ 100.41 (size=1984)
SELL SHREECEM.NS @ 10682.20
BUY INFY.NS @ 431.34 (size=324)
BUY M&M.NS @ 570.47 (size=307)
BUY APOLLOHOSP.NS @ 1391.23 (size=126)
BUY NESTLEIND.NS @ 279.95 (size=251)
BUY SHREECEM.NS @ 12065.39 (size=4)
BUY BRITANNIA.NS @ 1403.80 (size=35)
BUY TCS.NS @ 1067.62 (size=46)
BUY TITAN.NS @ 335.03 (size=15)
BUY ONGC.NS @ 98.80 (size=36)
SELL WIPRO.NS @ 98.40
SELL INFY.NS @ 424.67
BUY HINDALCO.NS @ 83.19 (size=30)
SELL NESTLEIND.NS @ 270.47
SELL SHREECEM.NS @ 11377.31
SELL TCS.NS @ 977.87
BUY NESTLEIND.NS @ 288.19 (size=516)
BUY RELIANCE.NS @ 208.77 (size=497)
SELL APOLLOHOSP.NS @ 1376.93
SELL M&M.NS @ 570.91
BUY BAJFINANCE.NS @ 51.41 (size=2430)
BUY TATACONSUM.NS @ 124.71 (size=1001)
SELL NESTLEIND.NS @ 278.24
SELL ONGC.NS @ 95.02
BUY BAJAJFINSV.NS @ 197.51 (size=732)
SELL BRITANNIA.NS @ 1390.94
SELL TITAN.NS @ 327.24
BUY KOTAKBANK.NS @ 133.42 (size=886)
SELL TATACONSUM.NS @ 119.38
SELL HINDALCO.NS @ 75.96
BUY NTPC.NS @ 77.42 (size=1541)
BUY DIVISLAB.NS @ 1100.36 (size=108)
SELL KOTAKBANK.NS @ 129.28
SELL RELIANCE.NS @ 199.95
SELL NTPC.NS @ 74.62
SELL BAJFINANCE.NS @ 50.63
SELL BAJAJFINSV.NS @ 192.30
BUY M&M.NS @ 600.39 (size=374)
BUY BAJFINANCE.NS @ 53.73 (size=2933)
BUY RELIANCE.NS @ 214.22 (size=735)
BUY TITAN.NS @ 373.53 (size=421)
SELL DIVISLAB.NS @ 1044.39
BUY HEROMOTOCO.NS @ 1923.79 (size=81)
BUY JSWSTEEL.NS @ 84.75 (size=33)
BUY TATASTEEL.NS @ 17.93 (size=112)
SELL HEROMOTOCO.NS @ 1873.06
SELL RELIANCE.NS @ 206.29
SELL TITAN.NS @ 351.66
SELL M&M.NS @ 598.96
SELL TATASTEEL.NS @ 16.68
SELL BAJFINANCE.NS @ 52.64
BUY HINDUNILVR.NS @ 730.38 (size=343)
BUY BAJFINANCE.NS @ 55.53 (size=3151)
BUY KOTAKBANK.NS @ 139.73 (size=1252)
BUY TATACONSUM.NS @ 127.21 (size=1375)
BUY TATASTEEL.NS @ 18.91 (size=9254)
BUY NTPC.NS @ 77.51 (size=227)
BUY APOLLOHOSP.NS @ 1396.54 (size=12)
BUY POWERGRID.NS @ 49.30 (size=148)
BUY EICHERMOT.NS @ 1610.23 (size=3)
SELL HINDUNILVR.NS @ 721.33
BUY ASIANPAINT.NS @ 830.36 (size=4)
BUY BPCL.NS @ 80.70 (size=953)
SELL NTPC.NS @ 78.65
SELL BPCL.NS @ 78.22
SELL KOTAKBANK.NS @ 137.44
SELL TATACONSUM.NS @ 125.29
SELL ASIANPAINT.NS @ 804.27
SELL JSWSTEEL.NS @ 92.17
SELL APOLLOHOSP.NS @ 1348.97
BUY BAJAJFINSV.NS @ 199.06 (size=964)
BUY RELIANCE.NS @ 227.86 (size=592)
SELL BAJAJFINSV.NS @ 193.94
BUY INFY.NS @ 432.43 (size=218)
BUY BPCL.NS @ 82.50 (size=1475)
SELL POWERGRID.NS @ 49.18
SELL BAJFINANCE.NS @ 57.84
SELL EICHERMOT.NS @ 1505.48
SELL BPCL.NS @ 79.32
SELL RELIANCE.NS @ 220.34
BUY JSWSTEEL.NS @ 99.43 (size=2187)
BUY SUNPHARMA.NS @ 766.43 (size=198)
BUY TITAN.NS @ 349.64 (size=303)
SELL JSWSTEEL.NS @ 90.10
BUY BAJFINANCE.NS @ 64.84 (size=2040)
BUY EICHERMOT.NS @ 1679.60 (size=78)
SELL INFY.NS @ 422.75
SELL BAJFINANCE.NS @ 58.04
SELL SUNPHARMA.NS @ 760.60
SELL TITAN.NS @ 334.12
BUY HEROMOTOCO.NS @ 1936.31 (size=99)
BUY HINDUNILVR.NS @ 732.98 (size=183)
SELL HEROMOTOCO.NS @ 1828.41
BUY M&M.NS @ 578.87 (size=256)
SELL HINDUNILVR.NS @ 701.08
SELL M&M.NS @ 547.40
BUY ULTRACEMCO.NS @ 2853.54 (size=50)
BUY HINDALCO.NS @ 70.33 (size=2031)
BUY APOLLOHOSP.NS @ 1446.71 (size=98)
BUY HEROMOTOCO.NS @ 2008.22 (size=71)
BUY SHREECEM.NS @ 10741.29 (size=1)
BUY LT.NS @ 688.32 (size=19)
BUY TATASTEEL.NS @ 21.11 (size=622)
SELL APOLLOHOSP.NS @ 1380.02
BUY UPL.NS @ 268.75 (size=158)
SELL EICHERMOT.NS @ 1732.83
BUY BPCL.NS @ 77.96 (size=906)
BUY WIPRO.NS @ 93.74 (size=528)
BUY INDUSINDBK.NS @ 915.00 (size=37)
BUY JSWSTEEL.NS @ 115.24 (size=300)
BUY BAJAJFINSV.NS @ 174.00 (size=81)
SELL LT.NS @ 681.51
BUY NTPC.NS @ 76.02 (size=180)
SELL WIPRO.NS @ 93.45
BUY BAJFINANCE.NS @ 71.20 (size=342)
BUY BAJAJ-AUTO.NS @ 2026.46 (size=8)
BUY M&M.NS @ 608.25 (size=28)
BUY WIPRO.NS @ 100.09 (size=70)
BUY TITAN.NS @ 350.07 (size=20)
SELL WIPRO.NS @ 95.03
BUY ICICIBANK.NS @ 214.82 (size=12)
BUY DIVISLAB.NS @ 1019.65 (size=2)
SELL BAJFINANCE.NS @ 66.53
SELL HEROMOTOCO.NS @ 2149.57
BUY AXISBANK.NS @ 468.58 (size=118)
BUY ONGC.NS @ 86.90 (size=457)
SELL ULTRACEMCO.NS @ 3063.55
BUY BHARTIARTL.NS @ 318.46 (size=124)
SELL ICICIBANK.NS @ 201.16
SELL SHREECEM.NS @ 12072.10
SELL BAJAJ-AUTO.NS @ 1932.57
SELL ONGC.NS @ 82.53
SELL TATASTEEL.NS @ 24.18
SELL JSWSTEEL.NS @ 118.69
SELL HINDALCO.NS @ 85.53
SELL BPCL.NS @ 84.62
SELL DIVISLAB.NS @ 955.30
BUY ASIANPAINT.NS @ 835.85 (size=206)
BUY LT.NS @ 752.73 (size=161)
BUY GRASIM.NS @ 621.44 (size=137)
SELL BHARTIARTL.NS @ 306.38
SELL M&M.NS @ 599.25
SELL BAJAJFINSV.NS @ 186.01
SELL TITAN.NS @ 352.87
SELL NTPC.NS @ 80.96
BUY NESTLEIND.NS @ 277.06 (size=299)
SELL LT.NS @ 721.96
SELL UPL.NS @ 338.99
BUY POWERGRID.NS @ 52.67 (size=2157)
BUY ITC.NS @ 155.48 (size=730)
SELL INDUSINDBK.NS @ 986.92
BUY TECHM.NS @ 381.43 (size=147)
BUY HDFCBANK.NS @ 272.02 (size=144)
BUY LT.NS @ 840.60 (size=46)
BUY BPCL.NS @ 91.22 (size=174)
BUY SBIN.NS @ 179.48 (size=61)
BUY COALINDIA.NS @ 135.57 (size=81)
BUY HINDALCO.NS @ 96.60 (size=114)
BUY APOLLOHOSP.NS @ 1357.10 (size=8)
BUY DIVISLAB.NS @ 1037.50 (size=10)
BUY BAJAJ-AUTO.NS @ 2054.59 (size=1)
BUY JSWSTEEL.NS @ 124.75 (size=9)
BUY M&M.NS @ 629.02 (size=1)
SELL HDFCBANK.NS @ 266.54
BUY TATACONSUM.NS @ 114.64 (size=100)
SELL ASIANPAINT.NS @ 909.51
SELL GRASIM.NS @ 622.49
BUY BAJAJFINSV.NS @ 193.94 (size=462)
SELL AXISBANK.NS @ 509.81
SELL TECHM.NS @ 386.12
SELL ITC.NS @ 163.00
BUY SHREECEM.NS @ 13878.71 (size=9)
SELL LT.NS @ 815.77
SELL JSWSTEEL.NS @ 124.21
SELL COALINDIA.NS @ 142.77
SELL NESTLEIND.NS @ 285.66
BUY GRASIM.NS @ 636.60 (size=170)
BUY ITC.NS @ 169.34 (size=622)
BUY NTPC.NS @ 90.32 (size=814)
BUY BAJFINANCE.NS @ 77.62 (size=947)
BUY HINDUNILVR.NS @ 772.81 (size=95)
BUY EICHERMOT.NS @ 1791.62 (size=41)
BUY TITAN.NS @ 393.07 (size=187)
BUY ONGC.NS @ 88.15 (size=83)
BUY ADANIPORTS.NS @ 204.18 (size=25)
SELL BAJAJ-AUTO.NS @ 2049.73
BUY ASIANPAINT.NS @ 936.80 (size=4)
BUY ICICIBANK.NS @ 226.74 (size=13)
BUY TATASTEEL.NS @ 26.31 (size=81)
BUY NESTLEIND.NS @ 291.57 (size=7)
BUY DIVISLAB.NS @ 1089.60 (size=1)
BUY JSWSTEEL.NS @ 147.67 (size=3)
SELL ONGC.NS @ 85.64
SELL TATACONSUM.NS @ 116.25
SELL HINDUNILVR.NS @ 769.88
BUY COALINDIA.NS @ 154.47 (size=181)
BUY TATACONSUM.NS @ 122.96 (size=160)
BUY UPL.NS @ 370.88 (size=53)
SELL ITC.NS @ 170.54
BUY MARUTI.NS @ 4349.20 (size=9)
BUY EICHERMOT.NS @ 1966.61 (size=20)
BUY TCS.NS @ 1049.44 (size=37)
BUY TITAN.NS @ 412.76 (size=96)
SELL ICICIBANK.NS @ 216.17
BUY HCLTECH.NS @ 298.21 (size=14)
SELL COALINDIA.NS @ 149.70
BUY ITC.NS @ 179.77 (size=22)
SELL SBIN.NS @ 207.26
SELL M&M.NS @ 665.78
SELL NESTLEIND.NS @ 300.23
SELL BPCL.NS @ 104.17
SELL DIVISLAB.NS @ 1075.44
BUY HEROMOTOCO.NS @ 2499.50 (size=8)
BUY M&M.NS @ 689.41 (size=22)
BUY BRITANNIA.NS @ 1386.62 (size=11)
SELL ITC.NS @ 172.29
SELL NTPC.NS @ 91.25
SELL M&M.NS @ 667.00
SELL GRASIM.NS @ 705.82
BUY SBIN.NS @ 222.48 (size=314)
BUY AXISBANK.NS @ 582.09 (size=120)
BUY APOLLOHOSP.NS @ 1373.25 (size=50)
BUY CIPLA.NS @ 519.00 (size=13)
BUY DIVISLAB.NS @ 1179.32 (size=5)
BUY COALINDIA.NS @ 161.17 (size=20)
SELL TCS.NS @ 1051.57
BUY NTPC.NS @ 96.39 (size=144)
SELL ASIANPAINT.NS @ 1026.38
BUY ULTRACEMCO.NS @ 3729.02 (size=3)
SELL HCLTECH.NS @ 300.96
SELL APOLLOHOSP.NS @ 1332.61
SELL NTPC.NS @ 91.88
SELL BAJFINANCE.NS @ 97.54
SELL MARUTI.NS @ 4413.39
SELL BAJAJFINSV.NS @ 267.21
SELL COALINDIA.NS @ 153.52
SELL TATASTEEL.NS @ 28.00
SELL HEROMOTOCO.NS @ 2398.36
BUY HDFCBANK.NS @ 294.05 (size=398)
BUY MARUTI.NS @ 4626.90 (size=25)
BUY RELIANCE.NS @ 233.67 (size=501)
BUY KOTAKBANK.NS @ 160.44 (size=75)
BUY BAJAJFINSV.NS @ 295.59 (size=40)
BUY ITC.NS @ 179.26 (size=67)
SELL ADANIPORTS.NS @ 246.19
SELL UPL.NS @ 382.06
SELL RELIANCE.NS @ 222.05
BUY INDUSINDBK.NS @ 1165.06 (size=36)
BUY ICICIBANK.NS @ 236.27 (size=180)
BUY ONGC.NS @ 97.27 (size=176)
BUY UPL.NS @ 402.59 (size=42)
BUY BAJAJ-AUTO.NS @ 2428.24 (size=2)
BUY BAJFINANCE.NS @ 112.96 (size=60)
BUY HINDUNILVR.NS @ 818.39 (size=8)
BUY TATASTEEL.NS @ 30.31 (size=224)
SELL TATACONSUM.NS @ 127.00
SELL HINDALCO.NS @ 146.24
SELL SBIN.NS @ 231.13
SELL POWERGRID.NS @ 64.61
SELL SHREECEM.NS @ 16266.38
SELL HINDUNILVR.NS @ 789.92
SELL AXISBANK.NS @ 583.18
SELL ULTRACEMCO.NS @ 3721.13
SELL JSWSTEEL.NS @ 157.51
SELL ITC.NS @ 173.88
SELL DIVISLAB.NS @ 1218.66
SELL INDUSINDBK.NS @ 1121.57
SELL BAJAJ-AUTO.NS @ 2304.85
SELL EICHERMOT.NS @ 2091.52
SELL BAJFINANCE.NS @ 104.52
SELL BRITANNIA.NS @ 1500.75
SELL KOTAKBANK.NS @ 157.63
BUY EICHERMOT.NS @ 2255.44 (size=83)
SELL ICICIBANK.NS @ 227.48
SELL ONGC.NS @ 98.31
BUY TATACONSUM.NS @ 131.41 (size=1088)
SELL HDFCBANK.NS @ 296.10
SELL TATACONSUM.NS @ 124.55
SELL UPL.NS @ 396.16
SELL BAJAJFINSV.NS @ 305.78
SELL CIPLA.NS @ 545.13
BUY ONGC.NS @ 108.63 (size=1757)
BUY TATACONSUM.NS @ 139.37 (size=957)
BUY GRASIM.NS @ 739.90 (size=126)
BUY TATASTEEL.NS @ 30.57 (size=2129)
SELL EICHERMOT.NS @ 2297.26
SELL GRASIM.NS @ 711.56
SELL MARUTI.NS @ 5152.74
BUY UPL.NS @ 432.69 (size=300)
BUY ADANIPORTS.NS @ 271.46 (size=477)
SELL TATACONSUM.NS @ 132.19
BUY DRREDDY.NS @ 609.73 (size=148)
SELL TATASTEEL.NS @ 29.98
BUY COALINDIA.NS @ 152.94 (size=773)
BUY NTPC.NS @ 91.43 (size=909)
SELL ONGC.NS @ 110.10
SELL UPL.NS @ 414.35
BUY HINDALCO.NS @ 153.74 (size=1000)
SELL COALINDIA.NS @ 146.39
SELL DRREDDY.NS @ 579.16
BUY ITC.NS @ 176.81 (size=947)
BUY TECHM.NS @ 328.88 (size=509)
SELL ADANIPORTS.NS @ 268.75
BUY SBIN.NS @ 257.23 (size=412)
BUY POWERGRID.NS @ 67.55 (size=1571)
BUY COALINDIA.NS @ 154.40 (size=687)
BUY TATASTEEL.NS @ 32.86 (size=3229)
SELL NTPC.NS @ 88.62
SELL ITC.NS @ 167.47
SELL TECHM.NS @ 317.46
SELL COALINDIA.NS @ 145.34
BUY NTPC.NS @ 92.92 (size=1747)
SELL SBIN.NS @ 235.33
SELL HINDALCO.NS @ 148.60
BUY BHARTIARTL.NS @ 278.19 (size=675)
SELL POWERGRID.NS @ 66.06
BUY ONGC.NS @ 117.93 (size=1116)
BUY RELIANCE.NS @ 232.16 (size=530)
SELL NTPC.NS @ 93.59
BUY HCLTECH.NS @ 322.77 (size=267)
SELL BHARTIARTL.NS @ 265.90
SELL ONGC.NS @ 118.01
SELL HCLTECH.NS @ 307.87
BUY WIPRO.NS @ 80.47 (size=2831)
BUY BPCL.NS @ 119.04 (size=1337)
BUY TITAN.NS @ 336.86 (size=472)
BUY HCLTECH.NS @ 332.39 (size=190)
BUY INDUSINDBK.NS @ 1070.67 (size=41)
BUY LT.NS @ 803.69 (size=55)
SELL HCLTECH.NS @ 315.88
BUY ADANIPORTS.NS @ 279.69 (size=127)
BUY HDFCBANK.NS @ 286.01 (size=86)
BUY COALINDIA.NS @ 146.83 (size=169)
BUY ICICIBANK.NS @ 229.34 (size=108)
BUY TATASTEEL.NS @ 33.71 (size=737)
BUY JSWSTEEL.NS @ 168.88 (size=147)
BUY NTPC.NS @ 101.48 (size=24)
BUY POWERGRID.NS @ 70.97 (size=35)
BUY AXISBANK.NS @ 465.67 (size=2)
BUY UPL.NS @ 428.09 (size=1)
SELL RELIANCE.NS @ 228.16
BUY HINDUNILVR.NS @ 750.18 (size=49)
BUY BRITANNIA.NS @ 1359.96 (size=27)
SELL COALINDIA.NS @ 140.73
SELL AXISBANK.NS @ 443.96
SELL LT.NS @ 804.41
SELL ICICIBANK.NS @ 223.14
BUY ULTRACEMCO.NS @ 3519.68 (size=12)
BUY GRASIM.NS @ 668.16 (size=63)
BUY BAJAJ-AUTO.NS @ 2240.31 (size=7)
BUY BAJFINANCE.NS @ 97.13 (size=179)
BUY KOTAKBANK.NS @ 158.11 (size=110)
SELL WIPRO.NS @ 80.70
BUY ITC.NS @ 183.01 (size=95)
BUY HINDALCO.NS @ 180.14 (size=96)
BUY HEROMOTOCO.NS @ 2378.08 (size=7)
BUY EICHERMOT.NS @ 2188.70 (size=25)
BUY BAJAJFINSV.NS @ 319.31 (size=119)
BUY BHARTIARTL.NS @ 296.24 (size=129)
SELL TITAN.NS @ 350.31
BUY SBIN.NS @ 247.54 (size=261)
BUY M&M.NS @ 599.45 (size=108)
BUY MARUTI.NS @ 5681.01 (size=11)
BUY LT.NS @ 860.23 (size=75)
BUY ICICIBANK.NS @ 243.46 (size=266)
BUY TATACONSUM.NS @ 125.14 (size=57)
SELL HINDUNILVR.NS @ 733.14
BUY TITAN.NS @ 376.67 (size=19)
BUY CIPLA.NS @ 571.30 (size=23)
BUY SUNPHARMA.NS @ 621.14 (size=15)
SELL POWERGRID.NS @ 71.65
SELL NTPC.NS @ 100.43
SELL HINDALCO.NS @ 173.48
SELL UPL.NS @ 442.86
BUY TCS.NS @ 966.10 (size=13)
SELL CIPLA.NS @ 545.04
BUY TECHM.NS @ 369.58 (size=36)
SELL BPCL.NS @ 126.64
SELL BAJAJ-AUTO.NS @ 2184.06
SELL MARUTI.NS @ 5460.96
SELL HEROMOTOCO.NS @ 2316.20
SELL ADANIPORTS.NS @ 285.45
SELL SUNPHARMA.NS @ 573.20
SELL ITC.NS @ 183.81
BUY TATASTEEL.NS @ 36.63 (size=2905)
BUY AXISBANK.NS @ 517.38 (size=143)
BUY ASIANPAINT.NS @ 948.04 (size=78)
BUY RELIANCE.NS @ 264.59 (size=280)
BUY APOLLOHOSP.NS @ 1286.43 (size=57)
SELL SBIN.NS @ 247.31
BUY APOLLOHOSP.NS @ 1283.91 (size=5)
SELL TATACONSUM.NS @ 126.28
SELL EICHERMOT.NS @ 2268.36
SELL BHARTIARTL.NS @ 304.85
SELL INDUSINDBK.NS @ 1246.39
SELL BRITANNIA.NS @ 1420.60
SELL GRASIM.NS @ 725.97
SELL ULTRACEMCO.NS @ 3591.15
BUY BAJAJ-AUTO.NS @ 2226.47 (size=49)
SELL BAJFINANCE.NS @ 101.88
BUY ULTRACEMCO.NS @ 3674.60 (size=29)
BUY HINDALCO.NS @ 187.50 (size=266)
SELL APOLLOHOSP.NS @ 1209.03
SELL M&M.NS @ 599.98
SELL TATASTEEL.NS @ 35.53
SELL TECHM.NS @ 363.67
BUY MARUTI.NS @ 5637.99 (size=16)
BUY LT.NS @ 899.39 (size=101)
BUY HINDUNILVR.NS @ 792.51 (size=114)
BUY SBIN.NS @ 253.62 (size=38)
BUY HEROMOTOCO.NS @ 2490.60 (size=3)
BUY ADANIPORTS.NS @ 309.95 (size=14)
BUY HCLTECH.NS @ 338.30 (size=9)
BUY ITC.NS @ 193.87 (size=16)
BUY TATACONSUM.NS @ 133.14 (size=10)
SELL AXISBANK.NS @ 495.27
SELL TCS.NS @ 999.16
SELL SBIN.NS @ 244.61
SELL MARUTI.NS @ 5521.59
SELL TITAN.NS @ 431.29
BUY WIPRO.NS @ 87.26 (size=661)
SELL BAJAJ-AUTO.NS @ 2235.08
SELL ASIANPAINT.NS @ 969.04
SELL RELIANCE.NS @ 274.15
SELL HCLTECH.NS @ 332.99
SELL HINDALCO.NS @ 178.20
BUY SBIN.NS @ 263.77 (size=509)
BUY SHREECEM.NS @ 16274.88 (size=8)
SELL HEROMOTOCO.NS @ 2400.01
BUY NESTLEIND.NS @ 293.90 (size=192)
BUY RELIANCE.NS @ 301.22 (size=132)
BUY MARUTI.NS @ 5831.05 (size=4)
BUY TITAN.NS @ 475.80 (size=58)
SELL ITC.NS @ 188.94
BUY BPCL.NS @ 129.45 (size=102)
SELL WIPRO.NS @ 86.30
SELL ADANIPORTS.NS @ 311.76
BUY EICHERMOT.NS @ 2462.71 (size=10)
SELL MARUTI.NS @ 5587.93
SELL NESTLEIND.NS @ 286.47
SELL TATACONSUM.NS @ 135.87
SELL HINDUNILVR.NS @ 792.77
SELL ULTRACEMCO.NS @ 3849.82
BUY UPL.NS @ 463.85 (size=225)
SELL SBIN.NS @ 259.75
BUY POWERGRID.NS @ 76.08 (size=959)
BUY ULTRACEMCO.NS @ 3986.20 (size=22)
BUY BAJFINANCE.NS @ 130.34 (size=491)
BUY M&M.NS @ 622.63 (size=71)
BUY ASIANPAINT.NS @ 1026.42 (size=43)
BUY BRITANNIA.NS @ 1563.12 (size=28)
BUY ITC.NS @ 200.52 (size=223)
BUY APOLLOHOSP.NS @ 1208.06 (size=4)
BUY HEROMOTOCO.NS @ 2456.88 (size=2)
BUY MARUTI.NS @ 5998.80 (size=1)
SELL TITAN.NS @ 455.00
BUY TATACONSUM.NS @ 143.37 (size=57)
SELL EICHERMOT.NS @ 2403.83
SELL RELIANCE.NS @ 300.32
BUY SBIN.NS @ 273.47 (size=91)
BUY ICICIBANK.NS @ 258.02 (size=96)
SELL BAJAJFINSV.NS @ 441.14
SELL BPCL.NS @ 137.17
SELL LT.NS @ 986.85
BUY EICHERMOT.NS @ 2509.03 (size=10)
BUY HINDUNILVR.NS @ 864.15 (size=60)
BUY BHARTIARTL.NS @ 319.46 (size=163)
BUY BAJAJ-AUTO.NS @ 2357.29 (size=9)
BUY TITAN.NS @ 484.90 (size=43)
SELL POWERGRID.NS @ 74.30
SELL TATACONSUM.NS @ 138.78
SELL SHREECEM.NS @ 18264.74
BUY TATASTEEL.NS @ 37.14 (size=876)
BUY JSWSTEEL.NS @ 186.57 (size=174)
SELL TITAN.NS @ 466.13
BUY WIPRO.NS @ 89.90 (size=695)
SELL BRITANNIA.NS @ 1564.03
SELL JSWSTEEL.NS @ 172.76
BUY TCS.NS @ 1021.80 (size=61)
SELL APOLLOHOSP.NS @ 1209.03
SELL M&M.NS @ 613.72
SELL BAJFINANCE.NS @ 125.23
SELL UPL.NS @ 482.15
SELL ASIANPAINT.NS @ 1043.61
SELL SBIN.NS @ 269.12
SELL BAJAJ-AUTO.NS @ 2291.02
SELL EICHERMOT.NS @ 2534.23
SELL ULTRACEMCO.NS @ 4109.45
BUY ITC.NS @ 209.28 (size=604)
BUY INFY.NS @ 383.73 (size=357)
BUY LT.NS @ 1031.87 (size=92)
BUY M&M.NS @ 652.17 (size=103)
SELL BHARTIARTL.NS @ 314.45
BUY TITAN.NS @ 533.95 (size=116)
BUY HCLTECH.NS @ 349.99 (size=125)
SELL TCS.NS @ 1015.92
SELL INFY.NS @ 378.98
SELL LT.NS @ 1002.43
SELL WIPRO.NS @ 90.06
SELL ICICIBANK.NS @ 272.79
SELL HCLTECH.NS @ 333.35
SELL ITC.NS @ 209.94
BUY RELIANCE.NS @ 303.26 (size=640)
SELL M&M.NS @ 638.96
BUY SBIN.NS @ 271.74 (size=572)
BUY GRASIM.NS @ 859.47 (size=181)
SELL HEROMOTOCO.NS @ 2776.87
SELL MARUTI.NS @ 6637.12
SELL SBIN.NS @ 258.04
SELL KOTAKBANK.NS @ 193.81
SELL TITAN.NS @ 490.85
SELL HINDUNILVR.NS @ 952.20
BUY JSWSTEEL.NS @ 187.44 (size=710)
SELL HDFCBANK.NS @ 385.45
BUY ITC.NS @ 226.60 (size=486)
BUY NESTLEIND.NS @ 306.43 (size=276)
BUY DIVISLAB.NS @ 635.50 (size=93)
BUY INDUSINDBK.NS @ 1481.97 (size=27)
BUY TATACONSUM.NS @ 156.46 (size=259)
BUY INFY.NS @ 386.47 (size=104)
BUY HINDUNILVR.NS @ 990.31 (size=4)
BUY BAJFINANCE.NS @ 144.72 (size=19)
BUY BAJAJFINSV.NS @ 434.96 (size=6)
BUY ADANIPORTS.NS @ 362.82 (size=3)
SELL ITC.NS @ 199.22
BUY CIPLA.NS @ 526.05 (size=1)
BUY DRREDDY.NS @ 525.56 (size=57)
BUY BRITANNIA.NS @ 1674.33 (size=17)
BUY AXISBANK.NS @ 537.09 (size=23)
BUY COALINDIA.NS @ 129.23 (size=68)
BUY WIPRO.NS @ 97.89 (size=90)
BUY HDFCBANK.NS @ 404.83 (size=8)
SELL DIVISLAB.NS @ 642.88
BUY UPL.NS @ 542.65 (size=37)
SELL NESTLEIND.NS @ 305.21
BUY ICICIBANK.NS @ 298.10 (size=132)
SELL DRREDDY.NS @ 496.45
SELL COALINDIA.NS @ 123.91
SELL ICICIBANK.NS @ 284.46
SELL AXISBANK.NS @ 512.32
BUY SBIN.NS @ 288.35 (size=184)
BUY POWERGRID.NS @ 80.44 (size=660)
BUY ONGC.NS @ 103.74 (size=512)
BUY M&M.NS @ 664.11 (size=7)
SELL TATACONSUM.NS @ 154.62
BUY MARUTI.NS @ 7222.72 (size=1)
BUY EICHERMOT.NS @ 2946.43 (size=1)
BUY TECHM.NS @ 304.58 (size=16)
BUY NTPC.NS @ 101.95 (size=109)
BUY TITAN.NS @ 542.55 (size=14)
SELL CIPLA.NS @ 525.47
BUY BPCL.NS @ 149.12 (size=38)
SELL INFY.NS @ 389.79
BUY HEROMOTOCO.NS @ 2968.94 (size=1)
BUY BAJAJ-AUTO.NS @ 2335.36 (size=6)
SELL UPL.NS @ 530.07
BUY HINDALCO.NS @ 221.83 (size=68)
SELL BAJAJ-AUTO.NS @ 2270.83
SELL M&M.NS @ 646.94
SELL SBIN.NS @ 273.77
SELL POWERGRID.NS @ 78.31
SELL ADANIPORTS.NS @ 368.21
SELL BAJFINANCE.NS @ 159.30
SELL ONGC.NS @ 100.25
SELL MARUTI.NS @ 6967.73
SELL RELIANCE.NS @ 349.93
SELL GRASIM.NS @ 1013.48
SELL HDFCBANK.NS @ 408.09
SELL HINDUNILVR.NS @ 1008.82
SELL EICHERMOT.NS @ 2770.85
SELL HINDALCO.NS @ 208.71
SELL BPCL.NS @ 137.73
BUY TATACONSUM.NS @ 167.33 (size=1155)
BUY INFY.NS @ 404.49 (size=335)
SELL INDUSINDBK.NS @ 1545.14
SELL WIPRO.NS @ 98.59
SELL INFY.NS @ 365.82
SELL NTPC.NS @ 99.49
BUY NESTLEIND.NS @ 316.17 (size=475)
SELL TITAN.NS @ 583.77
BUY HINDUNILVR.NS @ 1067.41 (size=100)
BUY WIPRO.NS @ 102.35 (size=1053)
BUY ASIANPAINT.NS @ 1093.07 (size=98)
BUY MARUTI.NS @ 7254.29 (size=1)
SELL TECHM.NS @ 314.91
BUY RELIANCE.NS @ 360.59 (size=29)
BUY TITAN.NS @ 621.10 (size=17)
BUY BAJFINANCE.NS @ 191.20 (size=22)
BUY EICHERMOT.NS @ 3073.36 (size=1)
BUY HDFCBANK.NS @ 417.09 (size=4)
BUY INDUSINDBK.NS @ 1707.37 (size=1)
BUY LT.NS @ 1080.43 (size=1)
SELL HEROMOTOCO.NS @ 2959.90
BUY DIVISLAB.NS @ 752.41 (size=2)
BUY ADANIPORTS.NS @ 384.88 (size=2)
SELL WIPRO.NS @ 97.00
BUY AXISBANK.NS @ 516.95 (size=2)
BUY SUNPHARMA.NS @ 482.68 (size=2)
BUY ONGC.NS @ 102.12 (size=306)
BUY HCLTECH.NS @ 349.84 (size=89)
BUY BAJAJ-AUTO.NS @ 2516.47 (size=4)
SELL BAJAJFINSV.NS @ 546.75
BUY DRREDDY.NS @ 471.10 (size=20)
SELL EICHERMOT.NS @ 2976.31
SELL JSWSTEEL.NS @ 232.31
BUY TCS.NS @ 1031.52 (size=9)
SELL TITAN.NS @ 601.37
BUY CIPLA.NS @ 558.25 (size=17)
SELL BAJFINANCE.NS @ 181.46
SELL TATACONSUM.NS @ 188.30
SELL AXISBANK.NS @ 502.57
SELL ASIANPAINT.NS @ 1134.88
SELL TATASTEEL.NS @ 50.06
SELL BRITANNIA.NS @ 1889.21
SELL RELIANCE.NS @ 361.07
SELL INDUSINDBK.NS @ 1622.01
SELL HDFCBANK.NS @ 419.91
SELL ADANIPORTS.NS @ 371.08
SELL LT.NS @ 1033.73
SELL NESTLEIND.NS @ 320.56
SELL MARUTI.NS @ 7326.35
SELL HINDUNILVR.NS @ 1065.31
SELL TCS.NS @ 1010.99
SELL SUNPHARMA.NS @ 458.18
BUY NTPC.NS @ 105.80 (size=2503)
BUY COALINDIA.NS @ 136.30 (size=1943)
SELL DIVISLAB.NS @ 812.54
BUY BRITANNIA.NS @ 2010.49 (size=53)
BUY TCS.NS @ 1041.04 (size=102)
BUY SUNPHARMA.NS @ 499.72 (size=213)
BUY HINDALCO.NS @ 250.88 (size=425)
SELL DRREDDY.NS @ 446.07
BUY TATASTEEL.NS @ 54.41 (size=196)
BUY BHARTIARTL.NS @ 370.23 (size=28)
BUY HINDALCO.NS @ 257.47 (size=27)
BUY RELIANCE.NS @ 403.96 (size=12)
BUY ULTRACEMCO.NS @ 4057.22 (size=1)
BUY ASIANPAINT.NS @ 1143.91 (size=1)
BUY SBIN.NS @ 299.79 (size=6)
BUY LT.NS @ 1068.32 (size=1)
SELL SUNPHARMA.NS @ 484.62
BUY BPCL.NS @ 154.46 (size=207)
BUY MARUTI.NS @ 7491.77 (size=4)
BUY WIPRO.NS @ 103.45 (size=310)
BUY ICICIBANK.NS @ 287.44 (size=111)
SELL HCLTECH.NS @ 342.74
BUY ADANIPORTS.NS @ 412.52 (size=31)
BUY TATACONSUM.NS @ 206.42 (size=62)
BUY ICICIBANK.NS @ 289.27 (size=44)
BUY DRREDDY.NS @ 461.99 (size=2)
BUY TECHM.NS @ 367.47 (size=3)
BUY GRASIM.NS @ 1166.76 (size=1)
SELL DRREDDY.NS @ 446.02
BUY DIVISLAB.NS @ 873.24 (size=1)
BUY SUNPHARMA.NS @ 521.86 (size=1)
SELL TECHM.NS @ 354.15
SELL COALINDIA.NS @ 141.15
SELL ASIANPAINT.NS @ 1099.18
BUY TITAN.NS @ 641.42 (size=1)
SELL BAJAJ-AUTO.NS @ 2574.58
SELL TATASTEEL.NS @ 54.10
BUY NESTLEIND.NS @ 340.65 (size=243)
SELL NTPC.NS @ 107.21
SELL RELIANCE.NS @ 400.52
SELL SUNPHARMA.NS @ 488.65
SELL HINDALCO.NS @ 253.20
SELL CIPLA.NS @ 573.01
SELL BPCL.NS @ 147.45
BUY HINDUNILVR.NS @ 1136.80 (size=132)
SELL ADANIPORTS.NS @ 394.66
BUY M&M.NS @ 655.72 (size=175)
SELL BHARTIARTL.NS @ 427.88
SELL ONGC.NS @ 113.81
SELL GRASIM.NS @ 1147.31
SELL WIPRO.NS @ 101.46
SELL ULTRACEMCO.NS @ 4155.30
BUY INFY.NS @ 397.10 (size=274)
SELL LT.NS @ 1084.69
BUY APOLLOHOSP.NS @ 1080.48 (size=70)
SELL NESTLEIND.NS @ 336.52
SELL HINDUNILVR.NS @ 1110.07
SELL TCS.NS @ 1100.26
SELL ICICIBANK.NS @ 300.84
SELL SBIN.NS @ 295.59
SELL INFY.NS @ 385.21
SELL M&M.NS @ 650.98
SELL BRITANNIA.NS @ 2107.29
SELL TITAN.NS @ 770.58
SELL DIVISLAB.NS @ 967.78
BUY NESTLEIND.NS @ 355.30 (size=734)
BUY BHARTIARTL.NS @ 451.21 (size=578)
BUY DIVISLAB.NS @ 1005.32 (size=102)
BUY M&M.NS @ 689.27 (size=105)
BUY BPCL.NS @ 151.56 (size=334)
BUY ONGC.NS @ 117.56 (size=301)
BUY LT.NS @ 1116.76 (size=22)
BUY HINDALCO.NS @ 249.79 (size=99)
BUY HEROMOTOCO.NS @ 2855.93 (size=8)
BUY INFY.NS @ 417.57 (size=7)
SELL NESTLEIND.NS @ 348.66
BUY SUNPHARMA.NS @ 533.76 (size=4)
BUY UPL.NS @ 468.64 (size=168)
BUY WIPRO.NS @ 105.40 (size=747)
BUY TATASTEEL.NS @ 56.36 (size=1398)
BUY AXISBANK.NS @ 560.91 (size=14)
SELL BPCL.NS @ 146.44
SELL BHARTIARTL.NS @ 443.82
SELL APOLLOHOSP.NS @ 1147.49
BUY COALINDIA.NS @ 136.84 (size=889)
SELL MARUTI.NS @ 8715.82
SELL INFY.NS @ 407.95
BUY TITAN.NS @ 868.10 (size=140)
BUY ASIANPAINT.NS @ 1111.18 (size=53)
BUY JSWSTEEL.NS @ 260.24 (size=230)
BUY GRASIM.NS @ 1154.49 (size=51)
BUY ITC.NS @ 189.42 (size=33)
BUY TCS.NS @ 1149.73 (size=3)
SELL DIVISLAB.NS @ 1020.40
BUY HCLTECH.NS @ 362.46 (size=96)
BUY INFY.NS @ 432.22 (size=80)
BUY TECHM.NS @ 417.53 (size=83)
SELL HEROMOTOCO.NS @ 2780.67
SELL AXISBANK.NS @ 552.11
BUY HDFCBANK.NS @ 442.78 (size=28)
BUY KOTAKBANK.NS @ 206.59 (size=60)
BUY ICICIBANK.NS @ 316.31 (size=39)
BUY ULTRACEMCO.NS @ 4361.25 (size=2)
SELL HINDALCO.NS @ 253.01
SELL M&M.NS @ 693.91
BUY ULTRACEMCO.NS @ 4385.32 (size=2)
SELL ITC.NS @ 183.23
BUY AXISBANK.NS @ 582.04 (size=51)
SELL ONGC.NS @ 121.38
SELL TATACONSUM.NS @ 285.94
BUY ITC.NS @ 191.42 (size=108)
SELL ULTRACEMCO.NS @ 4148.83
SELL SUNPHARMA.NS @ 529.87
SELL TATASTEEL.NS @ 57.58
BUY RELIANCE.NS @ 429.14 (size=79)
BUY ONGC.NS @ 129.66 (size=368)
SELL WIPRO.NS @ 107.88
SELL ASIANPAINT.NS @ 1096.79
BUY CIPLA.NS @ 586.96 (size=81)
BUY SBIN.NS @ 304.40 (size=199)
BUY DRREDDY.NS @ 484.90 (size=125)
SELL GRASIM.NS @ 1141.04
SELL TITAN.NS @ 862.26
SELL UPL.NS @ 472.11
BUY MARUTI.NS @ 8942.81 (size=11)
SELL DRREDDY.NS @ 446.57
SELL CIPLA.NS @ 571.50
BUY INDUSINDBK.NS @ 1711.37 (size=60)
SELL SBIN.NS @ 282.40
BUY BAJAJ-AUTO.NS @ 2737.49 (size=37)
BUY M&M.NS @ 742.28 (size=138)
SELL ONGC.NS @ 121.88
SELL MARUTI.NS @ 8730.30
SELL RELIANCE.NS @ 416.93
BUY APOLLOHOSP.NS @ 1188.50 (size=86)
SELL BAJAJ-AUTO.NS @ 2599.81
SELL COALINDIA.NS @ 143.02
SELL ICICIBANK.NS @ 321.88
SELL AXISBANK.NS @ 561.85
SELL APOLLOHOSP.NS @ 1128.42
SELL INDUSINDBK.NS @ 1632.79
SELL HDFCBANK.NS @ 446.54
SELL M&M.NS @ 706.74
SELL LT.NS @ 1209.78
SELL KOTAKBANK.NS @ 205.68
SELL JSWSTEEL.NS @ 258.50
SELL HCLTECH.NS @ 377.81
SELL INFY.NS @ 445.06
SELL TCS.NS @ 1213.41
SELL ITC.NS @ 189.98
SELL TECHM.NS @ 442.24
BUY DIVISLAB.NS @ 1025.36 (size=279)
SELL DIVISLAB.NS @ 981.07
BUY TITAN.NS @ 912.96 (size=308)
BUY BAJFINANCE.NS @ 172.62 (size=1138)
BUY NESTLEIND.NS @ 365.42 (size=538)
BUY INDUSINDBK.NS @ 1712.61 (size=45)
BUY EICHERMOT.NS @ 2869.77 (size=19)
BUY TCS.NS @ 1289.04 (size=29)
BUY HCLTECH.NS @ 400.08 (size=96)
BUY TECHM.NS @ 508.23 (size=30)
BUY POWERGRID.NS @ 75.94 (size=148)
BUY ITC.NS @ 192.78 (size=40)
BUY JSWSTEEL.NS @ 294.70 (size=18)
BUY HINDALCO.NS @ 251.16 (size=22)
SELL INDUSINDBK.NS @ 1727.96
BUY INFY.NS @ 477.18 (size=53)
BUY RELIANCE.NS @ 428.50 (size=42)
BUY BHARTIARTL.NS @ 363.08 (size=34)
BUY M&M.NS @ 797.49 (size=11)
SELL BAJFINANCE.NS @ 184.28
BUY ADANIPORTS.NS @ 384.25 (size=181)
BUY KOTAKBANK.NS @ 250.06 (size=195)
BUY ASIANPAINT.NS @ 1145.91 (size=42)
SELL EICHERMOT.NS @ 2854.54
SELL HCLTECH.NS @ 396.29
SELL HINDALCO.NS @ 216.34
BUY SUNPHARMA.NS @ 496.43 (size=98)
SELL TITAN.NS @ 932.70
SELL TECHM.NS @ 494.16
SELL SUNPHARMA.NS @ 475.78
BUY ICICIBANK.NS @ 297.09 (size=468)
BUY ONGC.NS @ 119.18 (size=821)
SELL NESTLEIND.NS @ 404.56
BUY NESTLEIND.NS @ 428.95 (size=315)
SELL BHARTIARTL.NS @ 334.32
BUY HDFCBANK.NS @ 475.46 (size=206)
BUY TATASTEEL.NS @ 50.29 (size=1955)
BUY HINDUNILVR.NS @ 1386.47 (size=28)
BUY BRITANNIA.NS @ 2451.90 (size=16)
SELL RELIANCE.NS @ 422.36
SELL ADANIPORTS.NS @ 379.91
SELL M&M.NS @ 788.98
BUY BAJFINANCE.NS @ 201.26 (size=106)
BUY BAJAJFINSV.NS @ 555.02 (size=38)
SELL ITC.NS @ 195.30
SELL ICICIBANK.NS @ 274.81
SELL TATASTEEL.NS @ 47.51
SELL JSWSTEEL.NS @ 291.59
SELL INFY.NS @ 473.88
BUY SBIN.NS @ 242.86 (size=452)
SELL HDFCBANK.NS @ 459.05
SELL ONGC.NS @ 111.04
BUY TECHM.NS @ 538.36 (size=246)
SELL POWERGRID.NS @ 76.70
BUY COALINDIA.NS @ 150.80 (size=636)
BUY M&M.NS @ 834.47 (size=115)
BUY INDUSINDBK.NS @ 1863.88 (size=20)
BUY HDFCBANK.NS @ 502.36 (size=75)
SELL TCS.NS @ 1434.60
SELL INDUSINDBK.NS @ 1813.13
SELL ASIANPAINT.NS @ 1204.18
SELL NESTLEIND.NS @ 431.46
BUY SUNPHARMA.NS @ 489.25 (size=194)
BUY DRREDDY.NS @ 394.68 (size=168)
BUY TCS.NS @ 1510.50 (size=30)
BUY CIPLA.NS @ 549.00 (size=84)
SELL COALINDIA.NS @ 147.75
SELL HDFCBANK.NS @ 476.57
BUY HCLTECH.NS @ 376.43 (size=125)
BUY INFY.NS @ 527.38 (size=89)
BUY APOLLOHOSP.NS @ 1026.99 (size=28)
SELL M&M.NS @ 828.39
SELL KOTAKBANK.NS @ 259.29
SELL BAJAJFINSV.NS @ 589.30
SELL TECHM.NS @ 526.55
SELL HCLTECH.NS @ 361.61
SELL SBIN.NS @ 247.89
BUY BAJAJFINSV.NS @ 615.54 (size=256)
BUY NESTLEIND.NS @ 456.29 (size=242)
SELL BAJAJFINSV.NS @ 595.47
BUY HDFCBANK.NS @ 500.34 (size=245)
SELL NESTLEIND.NS @ 442.17
BUY TATACONSUM.NS @ 265.51 (size=447)
BUY BAJAJ-AUTO.NS @ 2389.46 (size=34)
BUY MARUTI.NS @ 8562.19 (size=9)
BUY ASIANPAINT.NS @ 1244.67 (size=28)
SELL TATACONSUM.NS @ 251.62
SELL DRREDDY.NS @ 429.89
SELL SUNPHARMA.NS @ 516.90
SELL APOLLOHOSP.NS @ 991.68
BUY WIPRO.NS @ 92.90 (size=1282)
BUY HCLTECH.NS @ 388.84 (size=306)
BUY RELIANCE.NS @ 481.30 (size=98)
BUY NESTLEIND.NS @ 475.62 (size=69)
SELL HINDUNILVR.NS @ 1458.74
SELL CIPLA.NS @ 575.41
SELL BAJAJ-AUTO.NS @ 2324.43
BUY BAJAJFINSV.NS @ 664.31 (size=75)
BUY ITC.NS @ 202.89 (size=290)
BUY ADANIPORTS.NS @ 374.85 (size=109)
BUY SHREECEM.NS @ 17267.92 (size=2)
BUY ULTRACEMCO.NS @ 4002.15 (size=10)
SELL HCLTECH.NS @ 382.79
BUY SBIN.NS @ 265.47 (size=156)
SELL WIPRO.NS @ 93.18
SELL MARUTI.NS @ 8645.39
SELL TCS.NS @ 1612.82
BUY ICICIBANK.NS @ 295.22 (size=348)
BUY AXISBANK.NS @ 566.58 (size=181)
SELL BRITANNIA.NS @ 2811.97
SELL NESTLEIND.NS @ 458.00
BUY BHARTIARTL.NS @ 331.43 (size=310)
BUY DIVISLAB.NS @ 1093.48 (size=94)
BUY BRITANNIA.NS @ 2905.57 (size=1)
BUY TECHM.NS @ 526.88 (size=4)
SELL HDFCBANK.NS @ 506.88
BUY NESTLEIND.NS @ 490.33 (size=2)
BUY SUNPHARMA.NS @ 537.55 (size=70)
SELL BRITANNIA.NS @ 2839.18
SELL ASIANPAINT.NS @ 1316.26
SELL ADANIPORTS.NS @ 357.26
SELL DIVISLAB.NS @ 1054.10
SELL TECHM.NS @ 500.14
BUY M&M.NS @ 886.22 (size=90)
BUY EICHERMOT.NS @ 2722.93 (size=29)
SELL SUNPHARMA.NS @ 513.10
BUY APOLLOHOSP.NS @ 1042.25 (size=41)
BUY SUNPHARMA.NS @ 557.37 (size=55)
SELL SHREECEM.NS @ 16539.28
SELL BHARTIARTL.NS @ 322.54
BUY DIVISLAB.NS @ 1178.66 (size=26)
BUY WIPRO.NS @ 99.20 (size=521)
BUY TECHM.NS @ 549.06 (size=94)
BUY LT.NS @ 1214.81 (size=17)
BUY DRREDDY.NS @ 470.81 (size=43)
BUY ONGC.NS @ 110.63 (size=75)
BUY JSWSTEEL.NS @ 327.23 (size=25)
SELL INFY.NS @ 567.33
BUY POWERGRID.NS @ 73.31 (size=252)
BUY GRASIM.NS @ 1025.42 (size=18)
BUY NTPC.NS @ 102.84 (size=72)
SELL BAJAJFINSV.NS @ 694.96
BUY HINDALCO.NS @ 226.73 (size=32)
BUY UPL.NS @ 422.50 (size=44)
SELL EICHERMOT.NS @ 2591.89
BUY BAJAJ-AUTO.NS @ 2269.01 (size=15)
SELL M&M.NS @ 887.95
SELL BAJFINANCE.NS @ 265.76
SELL RELIANCE.NS @ 546.58
SELL SBIN.NS @ 273.49
SELL ICICIBANK.NS @ 316.95
SELL ULTRACEMCO.NS @ 4064.40
SELL NESTLEIND.NS @ 491.43
SELL GRASIM.NS @ 978.49
SELL ITC.NS @ 221.06
BUY INFY.NS @ 606.84 (size=121)
SELL APOLLOHOSP.NS @ 1090.14
SELL ONGC.NS @ 108.83
SELL POWERGRID.NS @ 70.27
SELL SUNPHARMA.NS @ 583.86
SELL DIVISLAB.NS @ 1185.84
SELL AXISBANK.NS @ 632.02
BUY DIVISLAB.NS @ 1300.21 (size=160)
SELL LT.NS @ 1193.11
SELL UPL.NS @ 430.14
SELL INFY.NS @ 580.62
SELL TECHM.NS @ 571.23
SELL NTPC.NS @ 104.07
SELL BAJAJ-AUTO.NS @ 2258.69
SELL WIPRO.NS @ 109.61
SELL DRREDDY.NS @ 485.60
SELL JSWSTEEL.NS @ 369.20
SELL HINDALCO.NS @ 219.00
SELL DIVISLAB.NS @ 1248.96
BUY HINDALCO.NS @ 241.98 (size=1223)
SELL HINDALCO.NS @ 212.23
BUY ICICIBANK.NS @ 337.11 (size=847)
BUY DIVISLAB.NS @ 1372.10 (size=208)
BUY NESTLEIND.NS @ 460.00 (size=248)
BUY LT.NS @ 1192.08 (size=66)
BUY UPL.NS @ 432.38 (size=184)
BUY SBIN.NS @ 272.16 (size=117)
BUY AXISBANK.NS @ 621.03 (size=51)
BUY TITAN.NS @ 873.70 (size=14)
BUY BPCL.NS @ 95.75 (size=94)
BUY HINDUNILVR.NS @ 1531.10 (size=5)
BUY APOLLOHOSP.NS @ 1236.56 (size=3)
BUY BHARTIARTL.NS @ 292.05 (size=10)
BUY DRREDDY.NS @ 497.22 (size=4)
SELL ICICIBANK.NS @ 339.67
BUY HEROMOTOCO.NS @ 2370.50 (size=37)
SELL SBIN.NS @ 262.56
SELL DIVISLAB.NS @ 1410.16
BUY HDFCBANK.NS @ 500.39 (size=319)
BUY BAJFINANCE.NS @ 244.54 (size=652)
BUY KOTAKBANK.NS @ 241.45 (size=661)
BUY BAJAJ-AUTO.NS @ 2247.56 (size=6)
BUY BRITANNIA.NS @ 2815.55 (size=5)
SELL BHARTIARTL.NS @ 275.16
SELL UPL.NS @ 455.18
SELL LT.NS @ 1253.22
SELL AXISBANK.NS @ 611.63
SELL NESTLEIND.NS @ 467.32
SELL TITAN.NS @ 884.44
SELL APOLLOHOSP.NS @ 1164.84
SELL BAJFINANCE.NS @ 233.71
SELL BRITANNIA.NS @ 2647.58
SELL DRREDDY.NS @ 494.27
BUY TITAN.NS @ 921.94 (size=169)
BUY POWERGRID.NS @ 72.40 (size=1510)
BUY SHREECEM.NS @ 17006.78 (size=4)
BUY BAJFINANCE.NS @ 253.36 (size=301)
BUY BAJAJFINSV.NS @ 638.54 (size=119)
BUY ASIANPAINT.NS @ 1322.11 (size=57)
BUY ASIANPAINT.NS @ 1346.23 (size=8)
SELL HINDUNILVR.NS @ 1609.64
SELL TITAN.NS @ 878.88
SELL HDFCBANK.NS @ 488.55
SELL BAJAJ-AUTO.NS @ 2230.33
SELL HEROMOTOCO.NS @ 2411.19
SELL KOTAKBANK.NS @ 245.89
SELL SHREECEM.NS @ 16269.24
SELL BPCL.NS @ 106.66
SELL BAJFINANCE.NS @ 247.52
BUY AXISBANK.NS @ 666.49 (size=339)
SELL POWERGRID.NS @ 73.08
BUY UPL.NS @ 486.78 (size=325)
BUY ITC.NS @ 210.89 (size=750)
SELL BAJAJFINSV.NS @ 634.89
BUY INFY.NS @ 584.11 (size=164)
BUY APOLLOHOSP.NS @ 1295.83 (size=74)
BUY WIPRO.NS @ 118.84 (size=515)
BUY RELIANCE.NS @ 526.66 (size=116)
BUY KOTAKBANK.NS @ 252.33 (size=97)
SELL UPL.NS @ 473.98
SELL ITC.NS @ 198.00
SELL ASIANPAINT.NS @ 1295.58
SELL APOLLOHOSP.NS @ 1266.15
SELL KOTAKBANK.NS @ 243.29
BUY HCLTECH.NS @ 405.91 (size=343)
BUY DRREDDY.NS @ 519.96 (size=201)
BUY TITAN.NS @ 968.22 (size=75)
BUY DIVISLAB.NS @ 1533.40 (size=33)
BUY UPL.NS @ 500.32 (size=70)
BUY CIPLA.NS @ 506.98 (size=70)
BUY TECHM.NS @ 627.96 (size=56)
BUY BAJAJ-AUTO.NS @ 2335.89 (size=1)
SELL DRREDDY.NS @ 499.81
SELL RELIANCE.NS @ 544.38
SELL INFY.NS @ 619.25
SELL AXISBANK.NS @ 682.90
SELL WIPRO.NS @ 125.13
SELL DIVISLAB.NS @ 1486.81
BUY NTPC.NS @ 89.31 (size=2081)
BUY JSWSTEEL.NS @ 265.44 (size=700)
BUY SHREECEM.NS @ 16157.12 (size=4)
BUY BAJAJFINSV.NS @ 643.25 (size=120)
BUY ULTRACEMCO.NS @ 3665.23 (size=21)
SELL TITAN.NS @ 992.34
BUY ONGC.NS @ 98.33 (size=341)
SELL HCLTECH.NS @ 420.87
BUY ICICIBANK.NS @ 358.87 (size=185)
BUY SUNPHARMA.NS @ 427.84 (size=155)
BUY LT.NS @ 1215.12 (size=22)
SELL CIPLA.NS @ 513.05
SELL TECHM.NS @ 625.56
BUY BPCL.NS @ 121.21 (size=331)
BUY TATACONSUM.NS @ 191.33 (size=209)
BUY EICHERMOT.NS @ 2157.15 (size=18)
BUY BHARTIARTL.NS @ 292.98 (size=137)
BUY INDUSINDBK.NS @ 1507.27 (size=2)
BUY HDFCBANK.NS @ 509.77 (size=8)
BUY BHARTIARTL.NS @ 308.78 (size=13)
BUY TITAN.NS @ 1060.89 (size=4)
BUY SBIN.NS @ 275.34 (size=3)
BUY TITAN.NS @ 1071.44 (size=1)
SELL EICHERMOT.NS @ 2003.67
SELL JSWSTEEL.NS @ 260.37
SELL TATACONSUM.NS @ 184.96
SELL ULTRACEMCO.NS @ 3745.05
BUY ASIANPAINT.NS @ 1402.18 (size=72)
SELL BHARTIARTL.NS @ 283.06
SELL BAJAJ-AUTO.NS @ 2413.81
BUY AXISBANK.NS @ 776.49 (size=92)
BUY HCLTECH.NS @ 432.45 (size=166)
BUY TATASTEEL.NS @ 43.76 (size=674)
BUY HINDALCO.NS @ 205.88 (size=143)
SELL BPCL.NS @ 119.16
BUY TATACONSUM.NS @ 200.22 (size=58)
SELL SUNPHARMA.NS @ 429.19
SELL LT.NS @ 1229.77
SELL ICICIBANK.NS @ 375.08
BUY ULTRACEMCO.NS @ 4054.00 (size=17)
SELL ASIANPAINT.NS @ 1364.22
SELL TITAN.NS @ 1072.71
SELL HDFCBANK.NS @ 525.35
BUY WIPRO.NS @ 129.00 (size=604)
SELL UPL.NS @ 573.20
SELL AXISBANK.NS @ 748.24
SELL INDUSINDBK.NS @ 1668.42
BUY ITC.NS @ 218.31 (size=404)
BUY COALINDIA.NS @ 137.72 (size=455)
BUY TCS.NS @ 1760.96 (size=35)
BUY ICICIBANK.NS @ 392.69 (size=63)
SELL NTPC.NS @ 103.36
SELL SBIN.NS @ 286.78
SELL HINDALCO.NS @ 197.59
SELL TATASTEEL.NS @ 42.80
BUY UPL.NS @ 599.64 (size=165)
SELL ICICIBANK.NS @ 381.49
BUY DRREDDY.NS @ 558.96 (size=177)
BUY GRASIM.NS @ 884.43 (size=112)
SELL TATACONSUM.NS @ 197.66
BUY JSWSTEEL.NS @ 284.39 (size=60)
BUY KOTAKBANK.NS @ 279.95 (size=55)
SELL JSWSTEEL.NS @ 265.72
SELL GRASIM.NS @ 834.27
SELL BAJAJFINSV.NS @ 732.28
SELL ITC.NS @ 214.67
SELL COALINDIA.NS @ 133.48
SELL SHREECEM.NS @ 18810.12
SELL TCS.NS @ 1779.71
SELL HCLTECH.NS @ 433.95
SELL ONGC.NS @ 109.24
SELL WIPRO.NS @ 132.71
SELL DRREDDY.NS @ 535.62
SELL ULTRACEMCO.NS @ 4197.24
BUY BAJFINANCE.NS @ 322.06 (size=810)
BUY TATACONSUM.NS @ 222.42 (size=1174)
BUY BAJAJFINSV.NS @ 796.79 (size=327)
BUY SBIN.NS @ 318.06 (size=68)
BUY SHREECEM.NS @ 19810.40 (size=1)
BUY LT.NS @ 1304.12 (size=16)
BUY ADANIPORTS.NS @ 391.09 (size=8)
BUY HEROMOTOCO.NS @ 2154.58 (size=1)
BUY ICICIBANK.NS @ 416.57 (size=3)
BUY NESTLEIND.NS @ 508.05 (size=2)
BUY APOLLOHOSP.NS @ 1213.73 (size=1)
BUY ASIANPAINT.NS @ 1377.82 (size=1)
BUY COALINDIA.NS @ 148.27 (size=1)
SELL SHREECEM.NS @ 20004.95
SELL KOTAKBANK.NS @ 295.31
SELL UPL.NS @ 629.14
SELL HEROMOTOCO.NS @ 2124.42
SELL SBIN.NS @ 317.23
SELL BAJFINANCE.NS @ 338.19
SELL LT.NS @ 1346.62
SELL BAJAJFINSV.NS @ 809.59
SELL ICICIBANK.NS @ 399.63
SELL ASIANPAINT.NS @ 1310.07
BUY POWERGRID.NS @ 77.64 (size=2810)
SELL ADANIPORTS.NS @ 391.23
SELL COALINDIA.NS @ 140.06
BUY NTPC.NS @ 105.73 (size=1451)
SELL APOLLOHOSP.NS @ 1298.04
BUY HDFCBANK.NS @ 581.76 (size=184)
SELL NTPC.NS @ 104.24
SELL POWERGRID.NS @ 78.00
SELL HDFCBANK.NS @ 569.31
SELL NESTLEIND.NS @ 534.66
SELL TATACONSUM.NS @ 240.35
BUY SUNPHARMA.NS @ 392.91 (size=771)
BUY INFY.NS @ 661.35 (size=458)
BUY KOTAKBANK.NS @ 305.64 (size=399)
SELL KOTAKBANK.NS @ 289.65
BUY ASIANPAINT.NS @ 1356.87 (size=88)
BUY POWERGRID.NS @ 82.62 (size=1020)
SELL SUNPHARMA.NS @ 381.20
BUY TATACONSUM.NS @ 253.68 (size=579)
SELL POWERGRID.NS @ 77.97
BUY NESTLEIND.NS @ 541.55 (size=234)
BUY BHARTIARTL.NS @ 352.21 (size=360)
SELL INFY.NS @ 657.19
BUY HINDUNILVR.NS @ 1597.68 (size=88)
BUY HCLTECH.NS @ 435.40 (size=228)
BUY APOLLOHOSP.NS @ 1440.84 (size=48)
BUY MARUTI.NS @ 5880.74 (size=8)
SELL TATACONSUM.NS @ 247.08
SELL BHARTIARTL.NS @ 332.95
BUY TATACONSUM.NS @ 267.48 (size=424)
BUY SUNPHARMA.NS @ 406.40 (size=195)
SELL ASIANPAINT.NS @ 1496.79
BUY BPCL.NS @ 116.57 (size=817)
SELL TATACONSUM.NS @ 255.01
SELL MARUTI.NS @ 5538.59
SELL HINDUNILVR.NS @ 1644.87
BUY BAJAJ-AUTO.NS @ 2376.25 (size=65)
BUY TECHM.NS @ 570.71 (size=273)
SELL HCLTECH.NS @ 434.67
BUY MARUTI.NS @ 6266.73 (size=14)
SELL SUNPHARMA.NS @ 394.76
SELL APOLLOHOSP.NS @ 1434.98
BUY TITAN.NS @ 1126.62 (size=98)
SELL BAJAJ-AUTO.NS @ 2320.85
SELL MARUTI.NS @ 5823.23
BUY HDFCBANK.NS @ 568.12 (size=259)
BUY BAJAJ-AUTO.NS @ 2451.49 (size=60)
BUY M&M.NS @ 540.41 (size=272)
BUY BAJFINANCE.NS @ 361.82 (size=407)
BUY KOTAKBANK.NS @ 306.49 (size=480)
BUY LT.NS @ 1284.63 (size=114)
BUY HINDUNILVR.NS @ 1770.73 (size=83)
BUY BAJAJFINSV.NS @ 767.21 (size=192)
BUY ASIANPAINT.NS @ 1586.26 (size=92)
BUY EICHERMOT.NS @ 1689.45 (size=87)
BUY BRITANNIA.NS @ 2561.38 (size=57)
BUY JSWSTEEL.NS @ 223.03 (size=660)
BUY HEROMOTOCO.NS @ 2276.97 (size=64)
BUY INDUSINDBK.NS @ 1459.71 (size=8)
BUY SBIN.NS @ 289.50 (size=40)
BUY ADANIPORTS.NS @ 394.56 (size=29)
BUY BAJFINANCE.NS @ 393.25 (size=29)
BUY KOTAKBANK.NS @ 326.75 (size=35)
BUY MARUTI.NS @ 6552.22 (size=1)
BUY LT.NS @ 1391.11 (size=8)
BUY HINDUNILVR.NS @ 1833.66 (size=6)
BUY BAJAJFINSV.NS @ 827.45 (size=14)
BUY ICICIBANK.NS @ 431.66 (size=27)
BUY AXISBANK.NS @ 722.48 (size=16)
BUY ASIANPAINT.NS @ 1711.33 (size=6)
BUY EICHERMOT.NS @ 1819.91 (size=6)
BUY BRITANNIA.NS @ 2728.13 (size=4)
SELL TECHM.NS @ 539.91
SELL SBIN.NS @ 258.59
SELL M&M.NS @ 507.92
BUY BAJAJFINSV.NS @ 844.09 (size=107)
BUY ICICIBANK.NS @ 437.12 (size=206)
BUY DIVISLAB.NS @ 1612.83 (size=56)
SELL INDUSINDBK.NS @ 1336.10
BUY BHARTIARTL.NS @ 350.87 (size=26)
SELL DIVISLAB.NS @ 1562.28
SELL BHARTIARTL.NS @ 329.70
SELL BAJAJ-AUTO.NS @ 2396.50
SELL ICICIBANK.NS @ 400.32
BUY BHARTIARTL.NS @ 360.62 (size=294)
SELL BAJAJFINSV.NS @ 801.33
BUY EICHERMOT.NS @ 1938.39 (size=51)
SELL ADANIPORTS.NS @ 380.30
BUY BAJAJ-AUTO.NS @ 2646.82 (size=26)
SELL BHARTIARTL.NS @ 344.46
BUY HCLTECH.NS @ 448.56 (size=185)
BUY M&M.NS @ 581.16 (size=99)
BUY TATASTEEL.NS @ 32.74 (size=1771)
BUY JSWSTEEL.NS @ 219.42 (size=264)
BUY TATACONSUM.NS @ 278.65 (size=20)
BUY NTPC.NS @ 95.39 (size=41)
BUY SBIN.NS @ 288.26 (size=13)
BUY SUNPHARMA.NS @ 405.23 (size=9)
BUY TECHM.NS @ 601.31 (size=1)
BUY BAJAJFINSV.NS @ 868.22 (size=1)
BUY HINDALCO.NS @ 190.06 (size=1)
SELL M&M.NS @ 551.10
SELL TITAN.NS @ 1259.29
SELL NTPC.NS @ 93.17
SELL BPCL.NS @ 164.56
BUY INDUSINDBK.NS @ 1374.00 (size=66)
SELL NESTLEIND.NS @ 673.59
SELL TATACONSUM.NS @ 276.50
SELL SUNPHARMA.NS @ 385.22
SELL HINDALCO.NS @ 180.99
SELL EICHERMOT.NS @ 2017.11
BUY BHARTIARTL.NS @ 375.72 (size=305)
SELL BAJAJ-AUTO.NS @ 2642.01
BUY RELIANCE.NS @ 675.39 (size=194)
SELL HCLTECH.NS @ 455.61
BUY BPCL.NS @ 174.63 (size=665)
BUY SUNPHARMA.NS @ 420.75 (size=276)
SELL BPCL.NS @ 164.85
SELL TATASTEEL.NS @ 32.31
BUY EICHERMOT.NS @ 2152.30 (size=44)
SELL TECHM.NS @ 596.37
BUY SHREECEM.NS @ 20520.32 (size=3)
BUY TATACONSUM.NS @ 304.39 (size=162)
SELL BAJAJFINSV.NS @ 892.32
SELL EICHERMOT.NS @ 2053.91
SELL HDFCBANK.NS @ 594.54
SELL SUNPHARMA.NS @ 405.42
SELL JSWSTEEL.NS @ 235.53
SELL INDUSINDBK.NS @ 1415.58
SELL SBIN.NS @ 295.27
SELL SHREECEM.NS @ 19803.32
BUY KOTAKBANK.NS @ 333.47 (size=480)
SELL BHARTIARTL.NS @ 408.94
BUY HINDALCO.NS @ 199.95 (size=794)
BUY TCS.NS @ 1863.83 (size=79)
SELL RELIANCE.NS @ 699.08
BUY HDFCBANK.NS @ 612.04 (size=236)
SELL TATACONSUM.NS @ 298.33
BUY TECHM.NS @ 622.03 (size=232)
BUY ASIANPAINT.NS @ 1714.83 (size=41)
BUY WIPRO.NS @ 115.59 (size=437)
BUY NESTLEIND.NS @ 694.28 (size=72)
BUY TITAN.NS @ 1186.02 (size=17)
BUY CIPLA.NS @ 456.31 (size=31)
BUY NTPC.NS @ 92.78 (size=109)
BUY COALINDIA.NS @ 116.43 (size=87)
SELL KOTAKBANK.NS @ 335.47
SELL TECHM.NS @ 602.78
SELL TITAN.NS @ 1132.70
BUY SHREECEM.NS @ 20707.88 (size=4)
BUY APOLLOHOSP.NS @ 1470.29 (size=68)
SELL HDFCBANK.NS @ 600.70
SELL ASIANPAINT.NS @ 1665.66
BUY SUNPHARMA.NS @ 415.70 (size=109)
SELL NESTLEIND.NS @ 673.65
SELL HINDALCO.NS @ 200.96
SELL CIPLA.NS @ 444.91
SELL COALINDIA.NS @ 110.29
BUY ULTRACEMCO.NS @ 4189.08 (size=38)
BUY TATACONSUM.NS @ 326.02 (size=356)
SELL TCS.NS @ 1885.70
BUY INFY.NS @ 664.69 (size=122)
SELL WIPRO.NS @ 113.96
BUY HINDUNILVR.NS @ 1851.77 (size=62)
BUY BRITANNIA.NS @ 2814.43 (size=41)
BUY NESTLEIND.NS @ 717.49 (size=162)
BUY DRREDDY.NS @ 584.33 (size=20)
BUY BHARTIARTL.NS @ 478.01 (size=25)
SELL NTPC.NS @ 92.16
BUY POWERGRID.NS @ 80.27 (size=63)
BUY GRASIM.NS @ 765.55 (size=8)
BUY LT.NS @ 1237.03 (size=3)
SELL POWERGRID.NS @ 75.70
BUY DIVISLAB.NS @ 1874.43 (size=2)
BUY BAJFINANCE.NS @ 431.88 (size=9)
BUY BAJAJFINSV.NS @ 986.65 (size=4)
BUY TECHM.NS @ 635.87 (size=6)
SELL SUNPHARMA.NS @ 413.37
SELL SHREECEM.NS @ 22438.80
SELL BAJAJFINSV.NS @ 941.49
SELL ULTRACEMCO.NS @ 4283.31
BUY BAJAJ-AUTO.NS @ 2748.79 (size=32)
SELL LT.NS @ 1171.00
BUY TITAN.NS @ 1251.44 (size=50)
BUY BPCL.NS @ 160.87 (size=274)
BUY SHREECEM.NS @ 24278.76 (size=1)
SELL INFY.NS @ 662.80
SELL BAJAJ-AUTO.NS @ 2597.15
SELL BRITANNIA.NS @ 2819.21
SELL GRASIM.NS @ 731.42
SELL BPCL.NS @ 150.39
SELL TATACONSUM.NS @ 363.94
SELL SHREECEM.NS @ 23190.13
SELL DRREDDY.NS @ 611.66
SELL TITAN.NS @ 1236.04
SELL NESTLEIND.NS @ 758.85
SELL TECHM.NS @ 641.64
SELL BHARTIARTL.NS @ 508.21
SELL BAJFINANCE.NS @ 436.46
SELL HINDUNILVR.NS @ 1965.18
SELL APOLLOHOSP.NS @ 1702.13
SELL DIVISLAB.NS @ 2084.80
BUY HINDUNILVR.NS @ 2209.29 (size=138)
BUY DRREDDY.NS @ 690.02 (size=442)
BUY CIPLA.NS @ 474.13 (size=644)
BUY SUNPHARMA.NS @ 411.27 (size=76)
BUY DIVISLAB.NS @ 2241.66 (size=9)
BUY RELIANCE.NS @ 610.01 (size=25)
SELL HINDUNILVR.NS @ 2063.09
BUY BRITANNIA.NS @ 2896.45 (size=33)
BUY UPL.NS @ 394.43 (size=172)
BUY HINDALCO.NS @ 125.01 (size=544)
BUY HEROMOTOCO.NS @ 1772.14 (size=38)
SELL DIVISLAB.NS @ 2215.81
SELL SUNPHARMA.NS @ 427.93
BUY M&M.NS @ 380.59 (size=70)
SELL DRREDDY.NS @ 739.02
SELL BRITANNIA.NS @ 2633.43
SELL CIPLA.NS @ 564.48
BUY BAJAJ-AUTO.NS @ 2298.88 (size=110)
BUY ADANIPORTS.NS @ 300.29 (size=577)
BUY SHREECEM.NS @ 19362.51 (size=8)
SELL BAJAJ-AUTO.NS @ 2166.48
SELL SHREECEM.NS @ 17784.61
SELL HINDALCO.NS @ 110.75
SELL UPL.NS @ 318.94
SELL RELIANCE.NS @ 636.25
BUY BHARTIARTL.NS @ 572.40 (size=367)
SELL HEROMOTOCO.NS @ 1655.10
BUY SHREECEM.NS @ 20248.22 (size=9)
BUY ULTRACEMCO.NS @ 3672.15 (size=50)
BUY WIPRO.NS @ 92.76 (size=825)
BUY GRASIM.NS @ 547.10 (size=139)
BUY HINDALCO.NS @ 127.99 (size=598)
BUY LT.NS @ 835.65 (size=8)
BUY EICHERMOT.NS @ 1547.99 (size=4)
BUY BRITANNIA.NS @ 3001.89 (size=2)
BUY HEROMOTOCO.NS @ 1879.61 (size=3)
BUY ONGC.NS @ 59.87 (size=27)
BUY MARUTI.NS @ 5329.66 (size=1)
SELL BHARTIARTL.NS @ 528.24
BUY COALINDIA.NS @ 89.22 (size=671)
BUY TATASTEEL.NS @ 26.45 (size=2266)
BUY TITAN.NS @ 940.59 (size=63)
BUY DIVISLAB.NS @ 2405.74 (size=24)
BUY KOTAKBANK.NS @ 267.46 (size=22)
BUY BAJFINANCE.NS @ 236.26 (size=17)
BUY BAJAJFINSV.NS @ 527.42 (size=7)
BUY BPCL.NS @ 120.83 (size=15)
BUY SUNPHARMA.NS @ 466.03 (size=3)
BUY TECHM.NS @ 466.55 (size=3)
BUY SBIN.NS @ 173.29 (size=2)
BUY INDUSINDBK.NS @ 505.21 (size=1)
SELL ULTRACEMCO.NS @ 3593.49
SELL COALINDIA.NS @ 80.87
SELL KOTAKBANK.NS @ 248.74
SELL LT.NS @ 826.01
SELL TECHM.NS @ 427.44
SELL ONGC.NS @ 60.16
BUY RELIANCE.NS @ 794.53 (size=92)
BUY ASIANPAINT.NS @ 1668.39 (size=30)
BUY HINDUNILVR.NS @ 1977.13 (size=18)
SELL HINDALCO.NS @ 140.76
SELL ADANIPORTS.NS @ 333.15
BUY TCS.NS @ 1847.06 (size=27)
SELL SUNPHARMA.NS @ 452.00
BUY INFY.NS @ 651.66 (size=78)
SELL TITAN.NS @ 947.75
SELL SBIN.NS @ 165.40
SELL TATASTEEL.NS @ 26.92
SELL INDUSINDBK.NS @ 458.52
SELL BPCL.NS @ 126.49
BUY HEROMOTOCO.NS @ 2184.94 (size=53)
BUY ADANIPORTS.NS @ 349.85 (size=231)
SELL ADANIPORTS.NS @ 335.82
BUY INDUSINDBK.NS @ 533.65 (size=149)
BUY TATACONSUM.NS @ 415.99 (size=192)
SELL GRASIM.NS @ 587.51
BUY TATASTEEL.NS @ 28.91 (size=1950)
BUY HINDALCO.NS @ 158.23 (size=356)
SELL SHREECEM.NS @ 21843.31
BUY TECHM.NS @ 480.94 (size=170)
BUY BHARTIARTL.NS @ 563.37 (size=102)
SELL INDUSINDBK.NS @ 486.28
SELL ASIANPAINT.NS @ 1596.20
SELL EICHERMOT.NS @ 1769.76
BUY HCLTECH.NS @ 495.71 (size=81)
SELL BHARTIARTL.NS @ 538.75
BUY DRREDDY.NS @ 804.73 (size=103)
BUY NESTLEIND.NS @ 820.55 (size=101)
BUY CIPLA.NS @ 649.68 (size=127)
BUY BPCL.NS @ 150.10 (size=57)
BUY JSWSTEEL.NS @ 195.71 (size=44)
SELL TATACONSUM.NS @ 391.55
BUY AXISBANK.NS @ 476.96 (size=7)
BUY TITAN.NS @ 1037.51 (size=3)
SELL HINDUNILVR.NS @ 2011.89
BUY EICHERMOT.NS @ 1990.94 (size=12)
SELL TCS.NS @ 1896.94
BUY DIVISLAB.NS @ 2325.62 (size=10)
SELL BAJAJFINSV.NS @ 625.62
SELL HINDALCO.NS @ 149.98
SELL BAJFINANCE.NS @ 310.63
SELL AXISBANK.NS @ 429.76
BUY ASIANPAINT.NS @ 1699.40 (size=31)
BUY ULTRACEMCO.NS @ 4011.97 (size=10)
BUY TCS.NS @ 2017.99 (size=20)
BUY APOLLOHOSP.NS @ 1575.99 (size=25)
SELL NESTLEIND.NS @ 778.44
BUY SUNPHARMA.NS @ 480.25 (size=58)
SELL HEROMOTOCO.NS @ 2231.63
SELL BPCL.NS @ 139.95
BUY UPL.NS @ 448.99 (size=122)
SELL ASIANPAINT.NS @ 1639.52
SELL BRITANNIA.NS @ 3411.03
BUY TATACONSUM.NS @ 432.68 (size=134)
BUY MARUTI.NS @ 6199.24 (size=6)
BUY HINDALCO.NS @ 168.75 (size=238)
BUY ASIANPAINT.NS @ 1726.26 (size=9)
BUY LT.NS @ 893.73 (size=13)
BUY ITC.NS @ 155.78 (size=55)
BUY SBIN.NS @ 187.59 (size=32)
BUY ADANIPORTS.NS @ 331.21 (size=18)
SELL EICHERMOT.NS @ 1920.55
SELL TCS.NS @ 1958.93
SELL ITC.NS @ 150.68
BUY NTPC.NS @ 77.04 (size=308)
SELL SBIN.NS @ 178.18
BUY BAJAJ-AUTO.NS @ 2724.53 (size=8)
BUY COALINDIA.NS @ 81.68 (size=291)
SELL RELIANCE.NS @ 948.28
BUY HEROMOTOCO.NS @ 2415.88 (size=9)
BUY GRASIM.NS @ 644.09 (size=37)
SELL M&M.NS @ 583.89
BUY ONGC.NS @ 59.11 (size=286)
SELL WIPRO.NS @ 126.38
BUY POWERGRID.NS @ 76.90 (size=728)
SELL INFY.NS @ 826.37
SELL APOLLOHOSP.NS @ 1653.15
SELL DRREDDY.NS @ 866.83
BUY SBIN.NS @ 191.88 (size=509)
SELL BAJAJ-AUTO.NS @ 2631.66
BUY BAJFINANCE.NS @ 356.85 (size=273)
SELL HCLTECH.NS @ 567.07
SELL SUNPHARMA.NS @ 495.46
BUY INDUSINDBK.NS @ 548.18 (size=123)
BUY BAJAJFINSV.NS @ 654.97 (size=103)
SELL ULTRACEMCO.NS @ 3937.83
BUY KOTAKBANK.NS @ 292.20 (size=132)
BUY ICICIBANK.NS @ 396.26 (size=98)
BUY AXISBANK.NS @ 507.08 (size=76)
BUY SUNPHARMA.NS @ 524.38 (size=74)
SELL CIPLA.NS @ 721.05
SELL POWERGRID.NS @ 72.78
SELL LT.NS @ 879.67
SELL BAJAJFINSV.NS @ 617.65
SELL TATASTEEL.NS @ 35.55
SELL HINDALCO.NS @ 177.87
SELL TITAN.NS @ 1083.65
SELL COALINDIA.NS @ 80.15
SELL ONGC.NS @ 57.10
BUY TCS.NS @ 2009.03 (size=57)
BUY TITAN.NS @ 1167.15 (size=99)
SELL NTPC.NS @ 76.56
SELL ICICIBANK.NS @ 360.33
SELL AXISBANK.NS @ 453.31
SELL HEROMOTOCO.NS @ 2405.98
SELL ADANIPORTS.NS @ 341.74
SELL BAJFINANCE.NS @ 343.35
SELL KOTAKBANK.NS @ 272.61
SELL UPL.NS @ 469.70
SELL SBIN.NS @ 188.28
SELL TATACONSUM.NS @ 517.92
SELL DIVISLAB.NS @ 3019.34
BUY RELIANCE.NS @ 980.02 (size=202)
BUY BPCL.NS @ 145.53 (size=952)
BUY WIPRO.NS @ 135.19 (size=717)
BUY HCLTECH.NS @ 644.31 (size=105)
BUY INFY.NS @ 852.15 (size=79)
SELL MARUTI.NS @ 6759.67
BUY DRREDDY.NS @ 896.94 (size=44)
BUY APOLLOHOSP.NS @ 1754.16 (size=15)
SELL BPCL.NS @ 139.36
BUY M&M.NS @ 624.06 (size=31)
BUY CIPLA.NS @ 776.58 (size=25)
BUY DIVISLAB.NS @ 3244.19 (size=6)
SELL INDUSINDBK.NS @ 541.37
SELL M&M.NS @ 593.82
SELL ASIANPAINT.NS @ 1885.19
SELL JSWSTEEL.NS @ 256.82
SELL TITAN.NS @ 1102.75
SELL DIVISLAB.NS @ 3064.15
SELL TCS.NS @ 2037.65
SELL RELIANCE.NS @ 989.02
SELL GRASIM.NS @ 660.17
SELL CIPLA.NS @ 706.46
SELL TECHM.NS @ 607.52
BUY HEROMOTOCO.NS @ 2620.35 (size=96)
BUY TECHM.NS @ 664.61 (size=266)
BUY TCS.NS @ 2364.01 (size=52)
BUY BAJAJ-AUTO.NS @ 2691.13 (size=32)
BUY ULTRACEMCO.NS @ 4099.54 (size=21)
BUY TITAN.NS @ 1234.79 (size=70)
BUY HDFCBANK.NS @ 564.42 (size=16)
BUY ICICIBANK.NS @ 388.33 (size=16)
SELL DRREDDY.NS @ 979.96
SELL TECHM.NS @ 656.45
BUY JSWSTEEL.NS @ 294.45 (size=237)
SELL HCLTECH.NS @ 670.41
SELL BAJAJ-AUTO.NS @ 2605.95
BUY TATASTEEL.NS @ 34.78 (size=2734)
SELL HEROMOTOCO.NS @ 2623.16
SELL APOLLOHOSP.NS @ 2074.57
BUY POWERGRID.NS @ 71.57 (size=2115)
SELL WIPRO.NS @ 156.62
SELL TITAN.NS @ 1196.88
BUY NTPC.NS @ 72.31 (size=2276)
BUY SHREECEM.NS @ 21293.64 (size=7)
BUY KOTAKBANK.NS @ 316.21 (size=520)
BUY LT.NS @ 914.12 (size=180)
BUY ASIANPAINT.NS @ 2100.46 (size=78)
BUY NESTLEIND.NS @ 808.08 (size=203)
SELL TCS.NS @ 2307.71
SELL ICICIBANK.NS @ 383.05
SELL TCS.NS @ 2300.74
SELL INFY.NS @ 947.71
SELL HDFCBANK.NS @ 562.24
BUY ASIANPAINT.NS @ 2130.14 (size=38)
BUY NESTLEIND.NS @ 811.28 (size=74)
BUY ICICIBANK.NS @ 429.29 (size=97)
BUY INDUSINDBK.NS @ 654.80 (size=45)
BUY SBIN.NS @ 201.75 (size=102)
BUY BAJAJFINSV.NS @ 627.23 (size=23)
BUY DIVISLAB.NS @ 3321.16 (size=3)
BUY HDFCBANK.NS @ 660.02 (size=10)
BUY BAJFINANCE.NS @ 412.25 (size=17)
BUY LT.NS @ 980.92 (size=7)
BUY ITC.NS @ 136.83 (size=51)
BUY M&M.NS @ 604.07 (size=1)
BUY AXISBANK.NS @ 606.12 (size=1)
BUY EICHERMOT.NS @ 2218.28 (size=1)
BUY ITC.NS @ 142.16 (size=6)
BUY HINDALCO.NS @ 196.92 (size=4)
BUY GRASIM.NS @ 803.19 (size=1)
BUY ITC.NS @ 144.24 (size=3)
BUY HINDALCO.NS @ 201.31 (size=2)
SELL NTPC.NS @ 71.38
SELL ASIANPAINT.NS @ 2069.12
BUY TITAN.NS @ 1344.24 (size=53)
BUY ONGC.NS @ 55.05 (size=923)
BUY ADANIPORTS.NS @ 387.27 (size=91)
BUY BAJAJ-AUTO.NS @ 2775.21 (size=8)
BUY TATACONSUM.NS @ 517.58 (size=48)
BUY BRITANNIA.NS @ 3357.67 (size=7)
BUY SUNPHARMA.NS @ 508.90 (size=6)
SELL HDFCBANK.NS @ 652.23
BUY MARUTI.NS @ 7417.45 (size=1)
BUY ASIANPAINT.NS @ 2308.12 (size=1)
SELL KOTAKBANK.NS @ 362.60
BUY UPL.NS @ 452.13 (size=3)
BUY HINDUNILVR.NS @ 2074.77 (size=1)
BUY DRREDDY.NS @ 974.70 (size=1)
SELL SHREECEM.NS @ 23276.35
SELL UPL.NS @ 413.23
SELL AXISBANK.NS @ 610.70
BUY COALINDIA.NS @ 91.44 (size=1163)
SELL M&M.NS @ 678.96
BUY CIPLA.NS @ 760.25 (size=139)
BUY TCS.NS @ 2510.26 (size=17)
SELL INDUSINDBK.NS @ 813.80
SELL SBIN.NS @ 235.02
SELL POWERGRID.NS @ 79.19
SELL BAJAJ-AUTO.NS @ 2831.79
SELL COALINDIA.NS @ 84.81
SELL MARUTI.NS @ 7069.53
SELL BAJAJFINSV.NS @ 882.69
SELL ICICIBANK.NS @ 478.27
SELL TATASTEEL.NS @ 51.30
SELL BRITANNIA.NS @ 3344.84
SELL JSWSTEEL.NS @ 334.63
SELL GRASIM.NS @ 852.15
SELL ITC.NS @ 155.71
SELL HINDALCO.NS @ 224.19
SELL DIVISLAB.NS @ 3525.26
SELL ONGC.NS @ 65.34
BUY WIPRO.NS @ 177.71 (size=1312)
BUY JSWSTEEL.NS @ 365.96 (size=495)
BUY TECHM.NS @ 825.29 (size=153)
BUY EICHERMOT.NS @ 2531.95 (size=35)
BUY TATASTEEL.NS @ 59.66 (size=1488)
BUY AXISBANK.NS @ 661.69 (size=54)
BUY APOLLOHOSP.NS @ 2477.06 (size=14)
BUY POWERGRID.NS @ 83.73 (size=177)
SELL BAJFINANCE.NS @ 492.75
SELL HINDUNILVR.NS @ 2178.41
SELL NESTLEIND.NS @ 856.93
BUY BHARTIARTL.NS @ 523.08 (size=24)
BUY HINDALCO.NS @ 263.37 (size=48)
BUY MARUTI.NS @ 7681.78 (size=3)
BUY UPL.NS @ 478.44 (size=52)
BUY HCLTECH.NS @ 859.11 (size=12)
BUY INFY.NS @ 1211.50 (size=8)
BUY HEROMOTOCO.NS @ 2639.13 (size=3)
BUY COALINDIA.NS @ 93.55 (size=22)
SELL TITAN.NS @ 1503.71
BUY BPCL.NS @ 139.31 (size=182)
BUY SBIN.NS @ 283.09 (size=89)
BUY M&M.NS @ 790.24 (size=32)
SELL ASIANPAINT.NS @ 2587.90
SELL DRREDDY.NS @ 1010.30
SELL CIPLA.NS @ 793.39
SELL TATACONSUM.NS @ 562.55
SELL JSWSTEEL.NS @ 362.65
BUY ITC.NS @ 168.59 (size=217)
SELL SUNPHARMA.NS @ 548.63
SELL HINDALCO.NS @ 234.66
SELL TECHM.NS @ 833.05
SELL POWERGRID.NS @ 83.31
SELL COALINDIA.NS @ 87.61
SELL TATASTEEL.NS @ 57.39
SELL BPCL.NS @ 133.95
SELL SBIN.NS @ 261.77
BUY BAJAJ-AUTO.NS @ 3576.19 (size=45)
SELL AXISBANK.NS @ 641.82
SELL ITC.NS @ 161.65
SELL ULTRACEMCO.NS @ 5223.39
SELL HCLTECH.NS @ 774.60
SELL M&M.NS @ 734.53
SELL MARUTI.NS @ 7543.77
SELL INFY.NS @ 1145.30
SELL ADANIPORTS.NS @ 503.90
SELL LT.NS @ 1266.55
SELL WIPRO.NS @ 193.05
SELL EICHERMOT.NS @ 2616.42
SELL TCS.NS @ 2735.12
SELL BHARTIARTL.NS @ 531.10
BUY LT.NS @ 1374.88 (size=245)
BUY BAJAJFINSV.NS @ 970.00 (size=348)
BUY ICICIBANK.NS @ 583.99 (size=578)
BUY AXISBANK.NS @ 706.40 (size=478)
BUY ULTRACEMCO.NS @ 5588.99 (size=60)
BUY SBIN.NS @ 307.36 (size=95)
BUY HDFCBANK.NS @ 739.06 (size=39)
BUY SHREECEM.NS @ 25896.57 (size=1)
BUY ULTRACEMCO.NS @ 5958.14 (size=4)
BUY INDUSINDBK.NS @ 1012.59 (size=4)
BUY M&M.NS @ 826.64 (size=3)
BUY ITC.NS @ 176.42 (size=16)
SELL UPL.NS @ 509.65
BUY HINDALCO.NS @ 269.21 (size=34)
BUY ADANIPORTS.NS @ 598.54 (size=10)
SELL ITC.NS @ 166.83
BUY POWERGRID.NS @ 96.28 (size=57)
BUY NTPC.NS @ 86.18 (size=45)
BUY BPCL.NS @ 151.99 (size=25)
SELL BAJAJ-AUTO.NS @ 3598.88
BUY ONGC.NS @ 81.02 (size=47)
BUY TECHM.NS @ 848.24 (size=4)
SELL M&M.NS @ 798.59
SELL LT.NS @ 1378.05
SELL ICICIBANK.NS @ 589.84
SELL TECHM.NS @ 797.97
SELL HDFCBANK.NS @ 724.19
BUY COALINDIA.NS @ 99.57 (size=2639)
BUY UPL.NS @ 563.32 (size=466)
SELL POWERGRID.NS @ 91.48
SELL SHREECEM.NS @ 25964.32
SELL BAJAJFINSV.NS @ 962.69
SELL HEROMOTOCO.NS @ 2714.89
BUY JSWSTEEL.NS @ 405.30 (size=542)
SELL SBIN.NS @ 365.07
BUY ULTRACEMCO.NS @ 6592.53 (size=23)
SELL INDUSINDBK.NS @ 1004.24
SELL JSWSTEEL.NS @ 384.71
SELL APOLLOHOSP.NS @ 2842.34
BUY GRASIM.NS @ 1327.10 (size=149)
SELL NTPC.NS @ 88.81
SELL BPCL.NS @ 151.94
SELL ADANIPORTS.NS @ 668.10
SELL COALINDIA.NS @ 92.27
SELL ONGC.NS @ 80.04
SELL HINDALCO.NS @ 315.00
BUY ITC.NS @ 171.10 (size=1288)
BUY POWERGRID.NS @ 100.08 (size=1537)
BUY HINDUNILVR.NS @ 2126.17 (size=72)
BUY BRITANNIA.NS @ 3289.79 (size=18)
SELL POWERGRID.NS @ 95.22
SELL UPL.NS @ 565.84
SELL BRITANNIA.NS @ 3178.52
SELL ITC.NS @ 165.79
BUY SHREECEM.NS @ 28504.50 (size=8)
BUY JSWSTEEL.NS @ 442.50 (size=562)
BUY TITAN.NS @ 1528.43 (size=162)
BUY TATASTEEL.NS @ 74.30 (size=423)
BUY BRITANNIA.NS @ 3415.26 (size=6)
BUY HCLTECH.NS @ 844.90 (size=26)
BUY ADANIPORTS.NS @ 811.08 (size=11)
BUY TATACONSUM.NS @ 648.95 (size=14)
BUY ASIANPAINT.NS @ 2499.75 (size=3)
BUY NESTLEIND.NS @ 823.01 (size=1)
BUY HINDALCO.NS @ 352.44 (size=3)
BUY DRREDDY.NS @ 922.60 (size=1)
BUY SUNPHARMA.NS @ 606.06 (size=1)
BUY CIPLA.NS @ 850.55 (size=1)
SELL ULTRACEMCO.NS @ 6333.57
SELL GRASIM.NS @ 1337.05
SELL HINDALCO.NS @ 324.46
SELL ADANIPORTS.NS @ 709.64
SELL HCLTECH.NS @ 803.95
SELL NESTLEIND.NS @ 797.76
BUY WIPRO.NS @ 216.75 (size=519)
SELL TITAN.NS @ 1495.44
SELL SHREECEM.NS @ 28726.16
BUY APOLLOHOSP.NS @ 3227.45 (size=47)
SELL HINDUNILVR.NS @ 2160.52
SELL ASIANPAINT.NS @ 2403.70
SELL BRITANNIA.NS @ 3320.58
BUY BAJAJ-AUTO.NS @ 3401.51 (size=67)
BUY BAJAJFINSV.NS @ 1046.58 (size=219)
BUY BAJFINANCE.NS @ 537.28 (size=169)
BUY DIVISLAB.NS @ 3940.63 (size=16)
SELL TATACONSUM.NS @ 620.76
SELL CIPLA.NS @ 846.12
BUY ONGC.NS @ 81.32 (size=598)
BUY HINDALCO.NS @ 372.47 (size=90)
BUY COALINDIA.NS @ 97.02 (size=244)
BUY UPL.NS @ 640.84 (size=36)
BUY NTPC.NS @ 93.93 (size=103)
SELL APOLLOHOSP.NS @ 3155.49
BUY LT.NS @ 1343.23 (size=38)
BUY ASIANPAINT.NS @ 2655.67 (size=19)
BUY SBIN.NS @ 353.49 (size=58)
BUY ITC.NS @ 167.13 (size=122)
SELL JSWSTEEL.NS @ 657.43
BUY INDUSINDBK.NS @ 981.16 (size=122)
SELL TATASTEEL.NS @ 94.01
SELL HINDALCO.NS @ 367.69
SELL ONGC.NS @ 81.86
BUY AXISBANK.NS @ 747.23 (size=141)
BUY TCS.NS @ 2809.14 (size=37)
BUY INFY.NS @ 1234.43 (size=85)
BUY TECHM.NS @ 855.96 (size=123)
BUY HEROMOTOCO.NS @ 2518.93 (size=42)
SELL NTPC.NS @ 90.81
SELL DRREDDY.NS @ 1006.76
BUY RELIANCE.NS @ 949.85 (size=27)
SELL SUNPHARMA.NS @ 637.47
BUY ADANIPORTS.NS @ 787.74 (size=27)
BUY ONGC.NS @ 89.66 (size=167)
SELL ITC.NS @ 164.34
BUY TITAN.NS @ 1665.30 (size=9)
BUY APOLLOHOSP.NS @ 3381.44 (size=4)
BUY NTPC.NS @ 96.85 (size=80)
BUY TECHM.NS @ 887.82 (size=8)
BUY POWERGRID.NS @ 105.26 (size=32)
SELL BAJAJ-AUTO.NS @ 3648.77
BUY DRREDDY.NS @ 1056.85 (size=2)
SELL ADANIPORTS.NS @ 745.95
SELL AXISBANK.NS @ 733.19
BUY HINDUNILVR.NS @ 2230.34 (size=50)
BUY NESTLEIND.NS @ 853.89 (size=131)
SELL INDUSINDBK.NS @ 950.30
SELL SBIN.NS @ 391.35
SELL LT.NS @ 1411.60
SELL DRREDDY.NS @ 1024.58
SELL APOLLOHOSP.NS @ 3198.78
SELL NTPC.NS @ 94.64
SELL POWERGRID.NS @ 101.30
SELL COALINDIA.NS @ 96.59
SELL ONGC.NS @ 88.01
SELL UPL.NS @ 767.56
SELL DIVISLAB.NS @ 4071.54
SELL WIPRO.NS @ 250.45
SELL NESTLEIND.NS @ 828.76
BUY MARUTI.NS @ 7123.78 (size=31)
SELL RELIANCE.NS @ 979.87
BUY APOLLOHOSP.NS @ 3394.61 (size=48)
BUY CIPLA.NS @ 943.55 (size=121)
SELL BAJFINANCE.NS @ 584.52
SELL BAJAJFINSV.NS @ 1178.99
BUY HDFCBANK.NS @ 729.96 (size=257)
SELL ASIANPAINT.NS @ 2888.13
SELL TCS.NS @ 2881.84
SELL TECHM.NS @ 880.93
SELL TITAN.NS @ 1700.80
SELL CIPLA.NS @ 929.68
SELL HINDUNILVR.NS @ 2267.07
BUY BAJAJFINSV.NS @ 1282.90 (size=198)
SELL HDFCBANK.NS @ 707.27
BUY ULTRACEMCO.NS @ 6902.13 (size=25)
BUY GRASIM.NS @ 1492.02 (size=119)
BUY ICICIBANK.NS @ 643.13 (size=198)
BUY AXISBANK.NS @ 767.55 (size=166)
SELL MARUTI.NS @ 7022.23
BUY LT.NS @ 1465.83 (size=34)
BUY WIPRO.NS @ 266.04 (size=381)
BUY HCLTECH.NS @ 864.99 (size=117)
BUY TECHM.NS @ 933.73 (size=108)
BUY ITC.NS @ 168.16 (size=60)
SELL INFY.NS @ 1384.07
SELL AXISBANK.NS @ 752.06
SELL ICICIBANK.NS @ 620.84
BUY ASIANPAINT.NS @ 3038.72 (size=26)
SELL HCLTECH.NS @ 812.96
BUY NESTLEIND.NS @ 855.29 (size=142)
BUY BHARTIARTL.NS @ 524.48 (size=232)
BUY ICICIBANK.NS @ 654.45 (size=74)
SELL GRASIM.NS @ 1475.07
BUY HINDALCO.NS @ 402.77 (size=84)
SELL ASIANPAINT.NS @ 2889.67
BUY SBIN.NS @ 411.19 (size=241)
BUY TATASTEEL.NS @ 128.38 (size=773)
BUY JSWSTEEL.NS @ 715.38 (size=138)
SELL NESTLEIND.NS @ 841.41
BUY HCLTECH.NS @ 857.83 (size=12)
SELL ITC.NS @ 165.77
BUY SUNPHARMA.NS @ 736.65 (size=13)
BUY SHREECEM.NS @ 28761.70 (size=1)
BUY TITAN.NS @ 1748.60 (size=24)
BUY ITC.NS @ 174.10 (size=126)
SELL SBIN.NS @ 397.13
SELL SHREECEM.NS @ 26624.66
SELL LT.NS @ 1524.41
SELL ULTRACEMCO.NS @ 7307.75
SELL JSWSTEEL.NS @ 690.29
SELL ITC.NS @ 168.76
BUY POWERGRID.NS @ 108.40 (size=1454)
BUY TATACONSUM.NS @ 781.25 (size=142)
BUY LT.NS @ 1601.14 (size=69)
BUY TCS.NS @ 3066.17 (size=36)
BUY M&M.NS @ 771.11 (size=14)
BUY RELIANCE.NS @ 988.97 (size=11)
BUY INFY.NS @ 1549.75 (size=3)
BUY BAJFINANCE.NS @ 642.07 (size=5)
SELL ICICIBANK.NS @ 667.66
SELL HINDALCO.NS @ 414.89
SELL LT.NS @ 1529.35
BUY HINDUNILVR.NS @ 2426.24 (size=11)
BUY ASIANPAINT.NS @ 2994.38 (size=9)
SELL TATASTEEL.NS @ 121.07
BUY BRITANNIA.NS @ 3668.87 (size=7)
BUY NESTLEIND.NS @ 930.22 (size=29)
SELL POWERGRID.NS @ 101.82
SELL M&M.NS @ 738.89
SELL SUNPHARMA.NS @ 724.65
SELL BHARTIARTL.NS @ 563.04
SELL TITAN.NS @ 1791.84
BUY AXISBANK.NS @ 780.79 (size=202)
BUY DIVISLAB.NS @ 4971.61 (size=31)
BUY ADANIPORTS.NS @ 731.48 (size=87)
BUY ICICIBANK.NS @ 697.49 (size=92)
BUY BHARTIARTL.NS @ 637.06 (size=101)
BUY HINDALCO.NS @ 455.07 (size=141)
SELL INFY.NS @ 1492.90
BUY ONGC.NS @ 90.10 (size=84)
BUY GRASIM.NS @ 1495.98 (size=3)
SELL APOLLOHOSP.NS @ 4661.48
BUY COALINDIA.NS @ 104.54 (size=681)
BUY INDUSINDBK.NS @ 1005.98 (size=49)
BUY NTPC.NS @ 106.41 (size=328)
BUY SBIN.NS @ 431.81 (size=56)
BUY ITC.NS @ 186.64 (size=130)
BUY HEROMOTOCO.NS @ 2489.93 (size=9)
BUY BAJAJ-AUTO.NS @ 3458.03 (size=1)
BUY KOTAKBANK.NS @ 400.12 (size=7)
SELL HINDUNILVR.NS @ 2521.51
SELL TATACONSUM.NS @ 829.19
SELL ICICIBANK.NS @ 688.71
SELL TECHM.NS @ 1233.57
SELL BAJAJ-AUTO.NS @ 3373.53
SELL ADANIPORTS.NS @ 728.54
SELL NESTLEIND.NS @ 947.04
BUY TECHM.NS @ 1304.50 (size=80)
BUY LT.NS @ 1698.35 (size=59)
SELL BRITANNIA.NS @ 3806.74
BUY HDFCBANK.NS @ 761.76 (size=102)
SELL DIVISLAB.NS @ 4975.80
BUY BAJAJ-AUTO.NS @ 3540.54 (size=28)
BUY M&M.NS @ 782.74 (size=129)
BUY MARUTI.NS @ 7140.99 (size=14)
SELL WIPRO.NS @ 302.07
BUY POWERGRID.NS @ 108.52 (size=413)
SELL BAJFINANCE.NS @ 740.11
SELL AXISBANK.NS @ 785.92
SELL TCS.NS @ 3345.70
SELL TECHM.NS @ 1218.71
SELL ASIANPAINT.NS @ 3196.47
BUY SUNPHARMA.NS @ 774.23 (size=186)
BUY CIPLA.NS @ 956.50 (size=151)
SELL LT.NS @ 1634.29
SELL BHARTIARTL.NS @ 672.72
SELL HEROMOTOCO.NS @ 2414.98
SELL BAJAJFINSV.NS @ 1714.34
BUY DRREDDY.NS @ 981.82 (size=228)
SELL CIPLA.NS @ 927.35
SELL BAJAJ-AUTO.NS @ 3410.85
SELL KOTAKBANK.NS @ 389.72
SELL GRASIM.NS @ 1562.42
SELL DRREDDY.NS @ 952.31
BUY TITAN.NS @ 2344.58 (size=98)
SELL ITC.NS @ 187.41
BUY BAJAJ-AUTO.NS @ 3599.67 (size=64)
SELL HCLTECH.NS @ 1046.47
BUY ADANIPORTS.NS @ 794.53 (size=210)
BUY LT.NS @ 1717.16 (size=97)
BUY WIPRO.NS @ 327.18 (size=512)
BUY GRASIM.NS @ 1712.41 (size=97)
BUY ITC.NS @ 207.51 (size=807)
BUY JSWSTEEL.NS @ 684.22 (size=22)
BUY ITC.NS @ 212.36 (size=72)
BUY INFY.NS @ 1594.69 (size=9)
BUY HINDALCO.NS @ 527.46 (size=29)
SELL BAJAJ-AUTO.NS @ 3481.96
SELL COALINDIA.NS @ 122.06
BUY KOTAKBANK.NS @ 427.18 (size=220)
SELL JSWSTEEL.NS @ 644.36
SELL MARUTI.NS @ 7146.24
SELL ITC.NS @ 191.37
SELL SUNPHARMA.NS @ 775.42
SELL ADANIPORTS.NS @ 735.14
BUY ICICIBANK.NS @ 816.47 (size=179)
BUY AXISBANK.NS @ 841.59 (size=174)
SELL RELIANCE.NS @ 1183.85
SELL INFY.NS @ 1519.41
SELL NTPC.NS @ 122.69
SELL INDUSINDBK.NS @ 1120.79
SELL POWERGRID.NS @ 112.32
SELL AXISBANK.NS @ 784.23
SELL HDFCBANK.NS @ 757.98
SELL ONGC.NS @ 111.66
SELL WIPRO.NS @ 303.45
SELL M&M.NS @ 853.07
SELL KOTAKBANK.NS @ 404.74
SELL TITAN.NS @ 2352.68
BUY BHARTIARTL.NS @ 696.37 (size=575)
BUY ULTRACEMCO.NS @ 8031.17 (size=34)
BUY UPL.NS @ 741.24 (size=267)
SELL ICICIBANK.NS @ 748.32
SELL SBIN.NS @ 471.72
BUY CIPLA.NS @ 908.61 (size=196)
BUY APOLLOHOSP.NS @ 5018.43 (size=35)
BUY M&M.NS @ 926.43 (size=86)
BUY MARUTI.NS @ 7764.95 (size=10)
SELL CIPLA.NS @ 876.84
SELL LT.NS @ 1789.33
SELL UPL.NS @ 688.58
SELL ULTRACEMCO.NS @ 7483.40
BUY POWERGRID.NS @ 119.08 (size=2240)
SELL M&M.NS @ 861.70
SELL MARUTI.NS @ 7397.56
BUY CIPLA.NS @ 936.26 (size=246)
SELL BHARTIARTL.NS @ 711.76
SELL CIPLA.NS @ 883.33
SELL APOLLOHOSP.NS @ 5267.88
BUY ASIANPAINT.NS @ 3161.82 (size=128)
BUY WIPRO.NS @ 309.88 (size=915)
BUY INFY.NS @ 1634.59 (size=173)
BUY HCLTECH.NS @ 1016.77 (size=113)
BUY TECHM.NS @ 1553.72 (size=51)
BUY DRREDDY.NS @ 923.63 (size=60)
BUY SUNPHARMA.NS @ 800.47 (size=49)
BUY HINDALCO.NS @ 462.11 (size=60)
BUY TITAN.NS @ 2489.73 (size=11)
BUY EICHERMOT.NS @ 2608.25 (size=4)
BUY BAJFINANCE.NS @ 752.62 (size=11)
BUY BAJAJFINSV.NS @ 1795.24 (size=4)
BUY ICICIBANK.NS @ 764.42 (size=10)
BUY JSWSTEEL.NS @ 663.86 (size=12)
BUY UPL.NS @ 752.25 (size=1)
SELL INFY.NS @ 1631.85
SELL TECHM.NS @ 1472.86
BUY ONGC.NS @ 121.06 (size=895)
SELL DRREDDY.NS @ 916.73
BUY GRASIM.NS @ 1756.53 (size=61)
SELL POWERGRID.NS @ 124.57
BUY MARUTI.NS @ 7837.54 (size=7)
BUY BRITANNIA.NS @ 3548.66 (size=16)
BUY HEROMOTOCO.NS @ 2198.08 (size=27)
BUY ADANIPORTS.NS @ 747.90 (size=123)
SELL WIPRO.NS @ 320.66
BUY M&M.NS @ 849.50 (size=180)
BUY BHARTIARTL.NS @ 713.67 (size=214)
BUY COALINDIA.NS @ 118.06 (size=519)
BUY TATASTEEL.NS @ 107.48 (size=571)
BUY LT.NS @ 1962.31 (size=12)
SELL ASIANPAINT.NS @ 3240.07
BUY ULTRACEMCO.NS @ 7694.88 (size=18)
BUY JSWSTEEL.NS @ 668.54 (size=212)
SELL HCLTECH.NS @ 1062.12
SELL BRITANNIA.NS @ 3410.79
SELL ADANIPORTS.NS @ 727.47
SELL ULTRACEMCO.NS @ 7268.88
BUY POWERGRID.NS @ 131.07 (size=1347)
SELL BAJAJFINSV.NS @ 1722.44
SELL SUNPHARMA.NS @ 782.53
SELL BAJFINANCE.NS @ 723.47
SELL UPL.NS @ 756.23
SELL EICHERMOT.NS @ 2600.86
SELL JSWSTEEL.NS @ 636.85
SELL BHARTIARTL.NS @ 679.51
SELL TITAN.NS @ 2495.40
SELL COALINDIA.NS @ 112.00
SELL M&M.NS @ 824.56
SELL LT.NS @ 1823.30
SELL TATASTEEL.NS @ 96.75
SELL GRASIM.NS @ 1652.03
SELL HINDALCO.NS @ 464.88
SELL ICICIBANK.NS @ 770.83
BUY AXISBANK.NS @ 770.63 (size=462)
BUY NTPC.NS @ 120.08 (size=2094)
BUY SBIN.NS @ 501.28 (size=349)
BUY SUNPHARMA.NS @ 851.00 (size=143)
BUY INDUSINDBK.NS @ 946.54 (size=90)
BUY ITC.NS @ 187.77 (size=454)
SELL POWERGRID.NS @ 128.05
BUY HINDALCO.NS @ 510.31 (size=67)
SELL HEROMOTOCO.NS @ 2257.72
BUY COALINDIA.NS @ 120.82 (size=781)
SELL ONGC.NS @ 126.38
SELL NTPC.NS @ 116.83
SELL SBIN.NS @ 466.92
SELL COALINDIA.NS @ 115.84
SELL MARUTI.NS @ 8069.80
SELL ITC.NS @ 180.56
SELL SUNPHARMA.NS @ 811.65
SELL HINDALCO.NS @ 497.53
SELL INDUSINDBK.NS @ 911.36
SELL AXISBANK.NS @ 775.91
BUY COALINDIA.NS @ 125.24 (size=3735)
BUY HINDALCO.NS @ 557.54 (size=839)
BUY TITAN.NS @ 2513.56 (size=186)
BUY TATASTEEL.NS @ 113.48 (size=393)
BUY APOLLOHOSP.NS @ 4801.44 (size=9)
SELL TITAN.NS @ 2409.38
BUY ONGC.NS @ 145.63 (size=1036)
BUY ITC.NS @ 195.76 (size=535)
BUY SUNPHARMA.NS @ 867.58 (size=120)
BUY CIPLA.NS @ 1011.08 (size=103)
SELL ONGC.NS @ 127.56
BUY TATACONSUM.NS @ 724.31 (size=14)
SELL HINDALCO.NS @ 543.93
BUY TITAN.NS @ 2667.99 (size=70)
SELL APOLLOHOSP.NS @ 4620.05
BUY DRREDDY.NS @ 842.77 (size=169)
SELL TITAN.NS @ 2491.21
BUY BHARTIARTL.NS @ 737.86 (size=206)
SELL COALINDIA.NS @ 135.10
BUY NTPC.NS @ 126.05 (size=2049)
BUY POWERGRID.NS @ 141.24 (size=1829)
SELL CIPLA.NS @ 982.90
BUY HDFCBANK.NS @ 788.04 (size=169)
BUY ADANIPORTS.NS @ 800.15 (size=167)
BUY COALINDIA.NS @ 143.19 (size=366)
BUY GRASIM.NS @ 1730.73 (size=21)
SELL TATASTEEL.NS @ 116.20
SELL HDFCBANK.NS @ 696.79
SELL BHARTIARTL.NS @ 712.98
SELL DRREDDY.NS @ 819.64
BUY APOLLOHOSP.NS @ 4757.09 (size=24)
BUY RELIANCE.NS @ 1236.93 (size=101)
BUY EICHERMOT.NS @ 2543.68 (size=34)
BUY MARUTI.NS @ 7624.27 (size=8)
SELL POWERGRID.NS @ 139.86
SELL COALINDIA.NS @ 139.20
SELL TATACONSUM.NS @ 767.03
SELL GRASIM.NS @ 1654.96
SELL ITC.NS @ 211.42
SELL SUNPHARMA.NS @ 865.65
BUY BAJAJ-AUTO.NS @ 3521.27 (size=61)
SELL APOLLOHOSP.NS @ 4567.16
BUY HEROMOTOCO.NS @ 2178.62 (size=84)
BUY HINDUNILVR.NS @ 2089.30 (size=61)
BUY ASIANPAINT.NS @ 3127.68 (size=41)
SELL BAJAJ-AUTO.NS @ 3374.21
BUY INDUSINDBK.NS @ 988.03 (size=115)
SELL MARUTI.NS @ 7364.09
SELL EICHERMOT.NS @ 2448.71
SELL ADANIPORTS.NS @ 794.53
SELL ASIANPAINT.NS @ 2986.26
SELL INDUSINDBK.NS @ 909.13
SELL RELIANCE.NS @ 1201.64
SELL HINDUNILVR.NS @ 2002.95
BUY POWERGRID.NS @ 153.85 (size=1960)
SELL NTPC.NS @ 137.07
SELL POWERGRID.NS @ 143.03
BUY KOTAKBANK.NS @ 368.01 (size=799)
BUY ITC.NS @ 228.31 (size=1269)
BUY DRREDDY.NS @ 846.39 (size=239)
BUY M&M.NS @ 963.14 (size=146)
BUY ICICIBANK.NS @ 730.28 (size=135)
SELL HEROMOTOCO.NS @ 2251.60
SELL DRREDDY.NS @ 806.83
SELL KOTAKBANK.NS @ 367.75
SELL ICICIBANK.NS @ 698.41
SELL ITC.NS @ 224.55
SELL M&M.NS @ 962.47
BUY MARUTI.NS @ 7977.78 (size=53)
BUY EICHERMOT.NS @ 2704.42 (size=157)
BUY M&M.NS @ 1072.78 (size=158)
BUY ITC.NS @ 241.26 (size=496)
BUY BRITANNIA.NS @ 3544.87 (size=23)
BUY HINDUNILVR.NS @ 2348.95 (size=25)
BUY LT.NS @ 1619.42 (size=25)
BUY AXISBANK.NS @ 667.38 (size=62)
BUY DRREDDY.NS @ 882.36 (size=19)
BUY ADANIPORTS.NS @ 715.45 (size=16)
BUY KOTAKBANK.NS @ 352.71 (size=24)
BUY SUNPHARMA.NS @ 846.32 (size=10)
BUY TATACONSUM.NS @ 770.98 (size=4)
BUY ULTRACEMCO.NS @ 5950.35 (size=1)
BUY SBIN.NS @ 481.02 (size=1)
BUY INDUSINDBK.NS @ 920.10 (size=1)
SELL DRREDDY.NS @ 856.90
BUY UPL.NS @ 696.75 (size=7)
BUY GRASIM.NS @ 1486.55 (size=3)
SELL MARUTI.NS @ 8223.60
BUY BAJAJFINSV.NS @ 1329.11 (size=1)
BUY BAJFINANCE.NS @ 696.85 (size=190)
BUY TATASTEEL.NS @ 93.09 (size=1429)
BUY COALINDIA.NS @ 156.04 (size=331)
BUY NESTLEIND.NS @ 930.16 (size=55)
BUY MARUTI.NS @ 8684.22 (size=2)
BUY CIPLA.NS @ 972.92 (size=21)
BUY NTPC.NS @ 140.68 (size=66)
SELL BRITANNIA.NS @ 3628.88
SELL TATACONSUM.NS @ 769.71
BUY DIVISLAB.NS @ 3787.11 (size=8)
SELL SBIN.NS @ 486.79
SELL MARUTI.NS @ 8446.04
SELL HINDUNILVR.NS @ 2439.72
SELL DIVISLAB.NS @ 3657.15
BUY BPCL.NS @ 143.14 (size=389)
BUY HEROMOTOCO.NS @ 2571.05 (size=15)
BUY BHARTIARTL.NS @ 719.79 (size=37)
SELL SUNPHARMA.NS @ 869.80
SELL KOTAKBANK.NS @ 365.29
SELL UPL.NS @ 725.26
SELL TATASTEEL.NS @ 97.45
SELL ULTRACEMCO.NS @ 6359.81
SELL GRASIM.NS @ 1537.87
SELL HEROMOTOCO.NS @ 2453.76
SELL BAJFINANCE.NS @ 706.72
SELL BPCL.NS @ 138.59
SELL NESTLEIND.NS @ 938.28
SELL INDUSINDBK.NS @ 1036.20
SELL AXISBANK.NS @ 726.77
SELL CIPLA.NS @ 990.06
BUY TITAN.NS @ 2580.01 (size=67)
BUY TATACONSUM.NS @ 817.65 (size=149)
BUY SHREECEM.NS @ 22851.43 (size=3)
BUY ULTRACEMCO.NS @ 6658.06 (size=12)
BUY CIPLA.NS @ 1023.34 (size=83)
BUY AXISBANK.NS @ 777.69 (size=18)
BUY INDUSINDBK.NS @ 1112.46 (size=9)
BUY SBIN.NS @ 523.34 (size=19)
BUY TECHM.NS @ 1030.66 (size=3)
BUY POWERGRID.NS @ 147.38 (size=21)
BUY HDFCBANK.NS @ 735.54 (size=4)
SELL CIPLA.NS @ 1005.63
SELL TECHM.NS @ 970.53
SELL M&M.NS @ 1218.35
SELL TATACONSUM.NS @ 775.52
SELL LT.NS @ 1866.19
SELL ULTRACEMCO.NS @ 6373.48
SELL COALINDIA.NS @ 172.17
BUY CIPLA.NS @ 1063.05 (size=163)
SELL POWERGRID.NS @ 143.89
SELL SHREECEM.NS @ 21710.78
BUY APOLLOHOSP.NS @ 4560.59 (size=26)
SELL HDFCBANK.NS @ 715.02
BUY HINDUNILVR.NS @ 2531.67 (size=42)
BUY BRITANNIA.NS @ 3665.10 (size=29)
SELL NTPC.NS @ 147.34
SELL BAJAJFINSV.NS @ 1719.07
SELL AXISBANK.NS @ 766.57
BUY SUNPHARMA.NS @ 888.86 (size=48)
SELL INDUSINDBK.NS @ 1124.64
SELL SBIN.NS @ 513.84
SELL ADANIPORTS.NS @ 849.84
SELL BHARTIARTL.NS @ 741.24
SELL APOLLOHOSP.NS @ 4241.58
SELL TITAN.NS @ 2575.75
BUY ASIANPAINT.NS @ 3458.51 (size=40)
SELL ITC.NS @ 275.71
BUY DRREDDY.NS @ 854.86 (size=165)
SELL ASIANPAINT.NS @ 3278.50
SELL EICHERMOT.NS @ 3344.63
SELL HINDUNILVR.NS @ 2457.63
SELL BRITANNIA.NS @ 3571.17
SELL DRREDDY.NS @ 831.42
BUY HCLTECH.NS @ 859.16 (size=467)
BUY INFY.NS @ 1337.46 (size=208)
BUY NESTLEIND.NS @ 948.41 (size=205)
BUY KOTAKBANK.NS @ 379.36 (size=359)
BUY AXISBANK.NS @ 898.02 (size=151)
BUY SBIN.NS @ 547.17 (size=98)
BUY ICICIBANK.NS @ 902.70 (size=59)
BUY MARUTI.NS @ 8778.82 (size=2)
BUY APOLLOHOSP.NS @ 4523.15 (size=3)
BUY M&M.NS @ 1314.35 (size=9)
BUY LT.NS @ 1966.40 (size=6)
BUY NTPC.NS @ 163.38 (size=31)
BUY HDFCBANK.NS @ 728.13 (size=7)
BUY DRREDDY.NS @ 889.08 (size=5)
BUY TCS.NS @ 2931.22 (size=1)
BUY BHARTIARTL.NS @ 820.26 (size=6)
BUY DIVISLAB.NS @ 3765.36 (size=1)
BUY HINDALCO.NS @ 413.15 (size=1)
BUY ADANIPORTS.NS @ 849.34 (size=1)
BUY BAJAJFINSV.NS @ 1797.74 (size=1)
BUY TATASTEEL.NS @ 97.17 (size=6)
SELL APOLLOHOSP.NS @ 4320.71
BUY TATASTEEL.NS @ 98.98 (size=43)
BUY BRITANNIA.NS @ 3965.22 (size=1)
SELL CIPLA.NS @ 1100.61
BUY COALINDIA.NS @ 191.56 (size=292)
SELL AXISBANK.NS @ 841.47
BUY HEROMOTOCO.NS @ 2393.71 (size=16)
SELL M&M.NS @ 1254.42
BUY WIPRO.NS @ 186.48 (size=352)
BUY TCS.NS @ 2981.80 (size=22)
SELL NTPC.NS @ 154.08
SELL ICICIBANK.NS @ 873.33
SELL DRREDDY.NS @ 855.43
SELL NESTLEIND.NS @ 969.35
BUY TATACONSUM.NS @ 766.54 (size=139)
SELL MARUTI.NS @ 8724.94
SELL COALINDIA.NS @ 183.01
SELL SUNPHARMA.NS @ 974.26
SELL WIPRO.NS @ 181.33
SELL TATACONSUM.NS @ 751.09
SELL HEROMOTOCO.NS @ 2346.37
BUY BPCL.NS @ 135.18 (size=1276)
BUY TATACONSUM.NS @ 773.13 (size=223)
BUY APOLLOHOSP.NS @ 4768.82 (size=36)
BUY INDUSINDBK.NS @ 1161.33 (size=14)
SELL TATASTEEL.NS @ 97.31
BUY RELIANCE.NS @ 1235.99 (size=9)
SELL HINDALCO.NS @ 422.81
BUY HEROMOTOCO.NS @ 2456.37 (size=4)
BUY HINDUNILVR.NS @ 2493.24 (size=2)
BUY ICICIBANK.NS @ 929.88 (size=6)
BUY JSWSTEEL.NS @ 732.56 (size=7)
BUY TATASTEEL.NS @ 102.74 (size=24)
BUY ULTRACEMCO.NS @ 7152.88 (size=1)
BUY TECHM.NS @ 1004.27 (size=2)
BUY GRASIM.NS @ 1789.13 (size=1)
BUY UPL.NS @ 781.84 (size=1)
BUY HINDALCO.NS @ 471.89 (size=2)
SELL ICICIBANK.NS @ 900.36
SELL KOTAKBANK.NS @ 381.12
BUY ASIANPAINT.NS @ 3129.68 (size=1)
SELL HCLTECH.NS @ 977.14
BUY AXISBANK.NS @ 936.87 (size=192)
SELL TCS.NS @ 3012.92
SELL UPL.NS @ 743.76
SELL RELIANCE.NS @ 1191.05
SELL INFY.NS @ 1439.25
SELL HEROMOTOCO.NS @ 2428.13
SELL ADANIPORTS.NS @ 867.45
SELL ASIANPAINT.NS @ 3051.55
SELL APOLLOHOSP.NS @ 4621.35
SELL SBIN.NS @ 570.63
SELL GRASIM.NS @ 1726.89
SELL BPCL.NS @ 140.69
SELL HDFCBANK.NS @ 778.34
SELL TATACONSUM.NS @ 782.73
SELL TATASTEEL.NS @ 101.48
SELL HINDALCO.NS @ 448.31
BUY DIVISLAB.NS @ 3453.55 (size=89)
SELL INDUSINDBK.NS @ 1154.53
SELL LT.NS @ 2050.81
SELL HINDUNILVR.NS @ 2503.79
SELL AXISBANK.NS @ 917.12
SELL BRITANNIA.NS @ 4206.82
SELL JSWSTEEL.NS @ 726.79
BUY JSWSTEEL.NS @ 753.79 (size=517)
BUY TATASTEEL.NS @ 110.62 (size=2472)
BUY HINDALCO.NS @ 477.63 (size=572)
SELL DIVISLAB.NS @ 3310.16
SELL JSWSTEEL.NS @ 725.56
SELL HINDALCO.NS @ 452.57
BUY M&M.NS @ 1277.07 (size=304)
BUY ULTRACEMCO.NS @ 7034.24 (size=38)
BUY HCLTECH.NS @ 946.88 (size=287)
BUY LT.NS @ 2151.07 (size=51)
BUY HINDUNILVR.NS @ 2542.46 (size=30)
BUY WIPRO.NS @ 188.11 (size=418)
SELL HINDUNILVR.NS @ 2412.36
BUY UPL.NS @ 729.88 (size=74)
SELL ULTRACEMCO.NS @ 6735.69
BUY HDFCBANK.NS @ 815.82 (size=140)
BUY MARUTI.NS @ 8445.66 (size=13)
SELL HDFCBANK.NS @ 777.47
BUY BAJAJ-AUTO.NS @ 3695.44 (size=12)
BUY ITC.NS @ 293.57 (size=162)
SELL LT.NS @ 2053.68
SELL TATASTEEL.NS @ 110.16
BUY NTPC.NS @ 153.81 (size=1074)
BUY EICHERMOT.NS @ 3189.88 (size=36)
SELL NTPC.NS @ 149.99
SELL UPL.NS @ 678.22
BUY BRITANNIA.NS @ 4380.79 (size=18)
BUY DRREDDY.NS @ 870.45 (size=139)
SELL EICHERMOT.NS @ 3102.24
SELL HCLTECH.NS @ 994.67
SELL WIPRO.NS @ 187.36
BUY TITAN.NS @ 2495.22 (size=81)
BUY APOLLOHOSP.NS @ 4444.81 (size=37)
BUY ONGC.NS @ 130.55 (size=900)
BUY TECHM.NS @ 1030.48 (size=114)
SELL M&M.NS @ 1307.43
BUY SHREECEM.NS @ 26183.24 (size=6)
SELL MARUTI.NS @ 8440.66
SELL BRITANNIA.NS @ 4266.55
BUY NTPC.NS @ 159.76 (size=1100)
SELL BAJAJ-AUTO.NS @ 3601.90
SELL TITAN.NS @ 2408.54
BUY POWERGRID.NS @ 145.60 (size=1335)
SELL DRREDDY.NS @ 866.68
SELL APOLLOHOSP.NS @ 4365.28
BUY COALINDIA.NS @ 182.02 (size=1210)
SELL ITC.NS @ 323.86
BUY ADANIPORTS.NS @ 673.89 (size=251)
SELL TECHM.NS @ 983.11
SELL SHREECEM.NS @ 24911.11
SELL ONGC.NS @ 131.14
BUY BPCL.NS @ 147.77 (size=1572)
SELL COALINDIA.NS @ 177.28
BUY TITAN.NS @ 2490.26 (size=91)
SELL NTPC.NS @ 160.78
SELL POWERGRID.NS @ 147.56
SELL ADANIPORTS.NS @ 627.98
BUY HINDUNILVR.NS @ 2395.42 (size=132)
BUY ULTRACEMCO.NS @ 7444.69 (size=42)
BUY NESTLEIND.NS @ 952.39 (size=134)
SELL BPCL.NS @ 138.95
BUY BAJAJ-AUTO.NS @ 3776.54 (size=41)
BUY GRASIM.NS @ 1631.42 (size=95)
BUY KOTAKBANK.NS @ 368.17 (size=169)
BUY JSWSTEEL.NS @ 703.19 (size=88)
BUY ITC.NS @ 341.50 (size=183)
BUY DRREDDY.NS @ 956.85 (size=6)
BUY CIPLA.NS @ 893.37 (size=7)
BUY DIVISLAB.NS @ 3152.58 (size=1)
BUY EICHERMOT.NS @ 3102.91 (size=1)
BUY SBIN.NS @ 514.50 (size=1)
BUY POWERGRID.NS @ 157.19 (size=4)
SELL ULTRACEMCO.NS @ 7390.75
SELL HINDUNILVR.NS @ 2359.22
BUY TATACONSUM.NS @ 728.22 (size=257)
BUY BAJFINANCE.NS @ 610.53 (size=215)
BUY WIPRO.NS @ 180.07 (size=509)
BUY BRITANNIA.NS @ 4436.90 (size=20)
BUY BHARTIARTL.NS @ 784.68 (size=117)
BUY APOLLOHOSP.NS @ 4476.40 (size=20)
BUY TATASTEEL.NS @ 102.32 (size=94)
BUY HDFCBANK.NS @ 831.36 (size=8)
SELL HDFCBANK.NS @ 782.21
BUY MARUTI.NS @ 8688.24 (size=1)
BUY BAJAJFINSV.NS @ 1402.49 (size=2)
SELL DRREDDY.NS @ 954.17
SELL JSWSTEEL.NS @ 713.78
BUY ASIANPAINT.NS @ 3045.54 (size=7)
SELL TATASTEEL.NS @ 99.03
BUY HEROMOTOCO.NS @ 2437.50 (size=8)
SELL POWERGRID.NS @ 158.62
SELL KOTAKBANK.NS @ 380.66
SELL GRASIM.NS @ 1695.92
SELL DIVISLAB.NS @ 3207.44
SELL ITC.NS @ 361.94
SELL CIPLA.NS @ 890.01
SELL BRITANNIA.NS @ 4384.57
BUY ADANIPORTS.NS @ 718.24 (size=182)
SELL NESTLEIND.NS @ 1044.12
SELL TITAN.NS @ 2658.06
BUY COALINDIA.NS @ 201.01 (size=1022)
BUY M&M.NS @ 1296.37 (size=158)
BUY ITC.NS @ 387.29 (size=530)
BUY SHREECEM.NS @ 25268.80 (size=1)
BUY ULTRACEMCO.NS @ 7770.37 (size=2)
BUY KOTAKBANK.NS @ 401.63 (size=20)
SELL COALINDIA.NS @ 188.14
SELL KOTAKBANK.NS @ 384.83
BUY APOLLOHOSP.NS @ 4774.47 (size=1)
BUY TATASTEEL.NS @ 103.43 (size=616)
BUY BRITANNIA.NS @ 4767.80 (size=13)
BUY NESTLEIND.NS @ 1086.52 (size=58)
BUY NTPC.NS @ 167.88 (size=41)
BUY JSWSTEEL.NS @ 737.88 (size=9)
SELL EICHERMOT.NS @ 3458.54
SELL WIPRO.NS @ 185.02
SELL SBIN.NS @ 555.73
BUY BPCL.NS @ 159.56 (size=203)
BUY DRREDDY.NS @ 941.65 (size=34)
SELL BAJAJ-AUTO.NS @ 4357.41
BUY RELIANCE.NS @ 1176.57 (size=11)
SELL HEROMOTOCO.NS @ 2564.41
SELL ADANIPORTS.NS @ 724.09
SELL BHARTIARTL.NS @ 813.00
SELL MARUTI.NS @ 9215.87
BUY HCLTECH.NS @ 1059.73 (size=129)
BUY POWERGRID.NS @ 171.50 (size=573)
BUY HDFCBANK.NS @ 799.92 (size=86)
SELL BAJFINANCE.NS @ 692.26
SELL BPCL.NS @ 151.43
SELL SHREECEM.NS @ 24886.99
SELL ULTRACEMCO.NS @ 7945.65
SELL ITC.NS @ 392.15
SELL RELIANCE.NS @ 1139.21
BUY SUNPHARMA.NS @ 993.44 (size=181)
BUY TITAN.NS @ 2999.45 (size=59)
BUY MARUTI.NS @ 9504.18 (size=7)
BUY INFY.NS @ 1241.29 (size=58)
BUY BAJFINANCE.NS @ 725.16 (size=42)
BUY HEROMOTOCO.NS @ 2743.47 (size=7)
BUY INDUSINDBK.NS @ 1384.18 (size=11)
BUY BPCL.NS @ 162.78 (size=96)
BUY BAJAJ-AUTO.NS @ 4730.73 (size=3)
BUY ITC.NS @ 418.91 (size=37)
BUY DIVISLAB.NS @ 3678.50 (size=4)
BUY TECHM.NS @ 1071.28 (size=14)
SELL TATACONSUM.NS @ 833.09
BUY RELIANCE.NS @ 1204.58 (size=1)
SELL HCLTECH.NS @ 1049.71
SELL POWERGRID.NS @ 166.05
SELL NESTLEIND.NS @ 1096.85
SELL HDFCBANK.NS @ 794.73
BUY ONGC.NS @ 144.12 (size=1071)
SELL NTPC.NS @ 173.27
BUY HINDALCO.NS @ 426.78 (size=301)
SELL MARUTI.NS @ 9324.18
BUY WIPRO.NS @ 189.44 (size=483)
BUY TCS.NS @ 3256.36 (size=28)
BUY TECHM.NS @ 1120.19 (size=81)
BUY ICICIBANK.NS @ 951.88 (size=30)
SELL TITAN.NS @ 2977.72
BUY KOTAKBANK.NS @ 390.18 (size=187)
BUY ITC.NS @ 433.95 (size=168)
BUY LT.NS @ 2513.77 (size=11)
SELL BRITANNIA.NS @ 4917.71
SELL JSWSTEEL.NS @ 778.24
SELL INFY.NS @ 1237.66
SELL KOTAKBANK.NS @ 373.95
SELL ASIANPAINT.NS @ 3320.33
SELL ITC.NS @ 407.63
SELL BAJFINANCE.NS @ 735.07
BUY CIPLA.NS @ 1048.32 (size=107)
SELL APOLLOHOSP.NS @ 5113.14
SELL TECHM.NS @ 1069.60
SELL BPCL.NS @ 159.71
SELL M&M.NS @ 1425.43
SELL WIPRO.NS @ 187.06
SELL RELIANCE.NS @ 1237.78
BUY NTPC.NS @ 193.65 (size=1103)
SELL BAJAJFINSV.NS @ 1583.08
SELL TCS.NS @ 3116.89
BUY ADANIPORTS.NS @ 770.78 (size=228)
SELL INDUSINDBK.NS @ 1379.29
BUY COALINDIA.NS @ 196.31 (size=627)
SELL BAJAJ-AUTO.NS @ 4674.67
SELL HEROMOTOCO.NS @ 2741.05
SELL COALINDIA.NS @ 187.90
SELL ICICIBANK.NS @ 941.69
BUY DIVISLAB.NS @ 3838.09 (size=37)
SELL TATASTEEL.NS @ 113.18
BUY JSWSTEEL.NS @ 822.82 (size=149)
SELL DIVISLAB.NS @ 3640.13
SELL JSWSTEEL.NS @ 791.11
SELL HINDALCO.NS @ 439.44
BUY TITAN.NS @ 3052.55 (size=65)
SELL SUNPHARMA.NS @ 1096.37
SELL ONGC.NS @ 149.23
SELL LT.NS @ 2593.63
SELL DRREDDY.NS @ 1141.80
SELL CIPLA.NS @ 1186.56
BUY TATASTEEL.NS @ 116.96 (size=2626)
SELL ADANIPORTS.NS @ 785.00
BUY MARUTI.NS @ 9804.08 (size=21)
BUY COALINDIA.NS @ 196.88 (size=1042)
BUY ONGC.NS @ 156.68 (size=1310)
BUY HINDALCO.NS @ 467.13 (size=439)
BUY SHREECEM.NS @ 25407.89 (size=1)
BUY WIPRO.NS @ 203.03 (size=92)
BUY ULTRACEMCO.NS @ 8478.21 (size=2)
BUY HCLTECH.NS @ 1127.28 (size=16)
BUY TECHM.NS @ 1175.84 (size=15)
BUY TATACONSUM.NS @ 866.46 (size=1)
BUY POWERGRID.NS @ 180.67 (size=1)
SELL ULTRACEMCO.NS @ 8212.48
SELL WIPRO.NS @ 195.73
SELL TATASTEEL.NS @ 121.42
BUY BAJFINANCE.NS @ 773.31 (size=137)
BUY BAJAJFINSV.NS @ 1575.64 (size=67)
BUY ASIANPAINT.NS @ 3245.00 (size=32)
SELL HINDALCO.NS @ 463.28
SELL SHREECEM.NS @ 25368.44
SELL ASIANPAINT.NS @ 3095.70
SELL TITAN.NS @ 3137.51
SELL BAJAJFINSV.NS @ 1538.53
SELL ONGC.NS @ 159.14
SELL TATACONSUM.NS @ 859.56
SELL MARUTI.NS @ 10140.33
SELL NTPC.NS @ 219.88
SELL POWERGRID.NS @ 177.51
BUY BAJAJFINSV.NS @ 1632.82 (size=245)
BUY GRASIM.NS @ 1979.04 (size=142)
BUY TATACONSUM.NS @ 900.42 (size=220)
BUY HEROMOTOCO.NS @ 2894.48 (size=47)
SELL BAJFINANCE.NS @ 777.93
BUY BAJAJ-AUTO.NS @ 5303.98 (size=24)
BUY ULTRACEMCO.NS @ 8414.99 (size=15)
BUY NESTLEIND.NS @ 1172.24 (size=110)
BUY INDUSINDBK.NS @ 1452.97 (size=9)
SELL TATACONSUM.NS @ 870.60
SELL GRASIM.NS @ 1881.12
SELL INDUSINDBK.NS @ 1397.19
SELL ULTRACEMCO.NS @ 8155.98
SELL BAJAJFINSV.NS @ 1558.26
SELL HEROMOTOCO.NS @ 2827.95
BUY ONGC.NS @ 166.55 (size=2063)
BUY BPCL.NS @ 163.60 (size=1468)
BUY APOLLOHOSP.NS @ 5263.50 (size=31)
BUY NTPC.NS @ 231.96 (size=512)
BUY EICHERMOT.NS @ 3559.30 (size=33)
BUY HINDALCO.NS @ 498.86 (size=94)
BUY HCLTECH.NS @ 1210.58 (size=27)
BUY HEROMOTOCO.NS @ 3003.49 (size=10)
BUY DIVISLAB.NS @ 3634.00 (size=3)
SELL NESTLEIND.NS @ 1179.37
BUY ADANIPORTS.NS @ 830.08 (size=59)
BUY HDFCBANK.NS @ 758.65 (size=45)
BUY SHREECEM.NS @ 26467.09 (size=1)
BUY M&M.NS @ 1622.74 (size=21)
BUY HINDUNILVR.NS @ 2446.83 (size=14)
BUY WIPRO.NS @ 193.18 (size=179)
BUY AXISBANK.NS @ 1072.51 (size=32)
BUY ULTRACEMCO.NS @ 8894.19 (size=3)
BUY JSWSTEEL.NS @ 792.74 (size=43)
BUY BHARTIARTL.NS @ 1000.71 (size=34)
BUY LT.NS @ 3136.51 (size=1)
BUY AXISBANK.NS @ 1102.86 (size=5)
BUY BRITANNIA.NS @ 4843.41 (size=1)
BUY ITC.NS @ 396.61 (size=15)
BUY SBIN.NS @ 573.38 (size=1)
BUY KOTAKBANK.NS @ 362.89 (size=1)
BUY UPL.NS @ 572.66 (size=1)
BUY ICICIBANK.NS @ 975.21 (size=1)
SELL DIVISLAB.NS @ 3631.57
BUY ULTRACEMCO.NS @ 9743.59 (size=1)
SELL APOLLOHOSP.NS @ 5394.01
SELL ONGC.NS @ 171.49
BUY WIPRO.NS @ 203.17 (size=776)
BUY INFY.NS @ 1413.59 (size=111)
BUY TECHM.NS @ 1196.04 (size=131)
BUY ASIANPAINT.NS @ 3241.51 (size=4)
BUY TATASTEEL.NS @ 130.71 (size=116)
BUY TCS.NS @ 3595.84 (size=4)
BUY NESTLEIND.NS @ 1245.37 (size=1)
SELL M&M.NS @ 1621.95
BUY TATACONSUM.NS @ 962.48 (size=2)
SELL EICHERMOT.NS @ 3819.99
SELL TATASTEEL.NS @ 124.29
SELL AXISBANK.NS @ 1093.62
BUY DIVISLAB.NS @ 3822.53 (size=14)
SELL SHREECEM.NS @ 27800.06
SELL LT.NS @ 3379.76
BUY SUNPHARMA.NS @ 1264.68 (size=30)
SELL TCS.NS @ 3438.21
SELL INFY.NS @ 1402.81
SELL TECHM.NS @ 1176.65
BUY INDUSINDBK.NS @ 1630.45 (size=82)
BUY BAJFINANCE.NS @ 762.00 (size=176)
BUY ONGC.NS @ 190.58 (size=705)
SELL HCLTECH.NS @ 1311.14
SELL KOTAKBANK.NS @ 368.69
SELL ULTRACEMCO.NS @ 9894.29
SELL SBIN.NS @ 604.52
SELL HDFCBANK.NS @ 809.58
SELL ASIANPAINT.NS @ 3226.35
SELL WIPRO.NS @ 210.82
SELL BRITANNIA.NS @ 4991.17
SELL HINDALCO.NS @ 568.50
SELL BPCL.NS @ 201.22
SELL NESTLEIND.NS @ 1259.60
BUY CIPLA.NS @ 1304.09 (size=83)
BUY RELIANCE.NS @ 1349.91 (size=122)
BUY HCLTECH.NS @ 1422.73 (size=81)
BUY INFY.NS @ 1518.38 (size=76)
SELL BAJFINANCE.NS @ 739.50
BUY WIPRO.NS @ 231.33 (size=191)
BUY TECHM.NS @ 1265.03 (size=35)
BUY BPCL.NS @ 210.86 (size=269)
BUY TITAN.NS @ 3796.42 (size=14)
SELL DIVISLAB.NS @ 3774.05
SELL NTPC.NS @ 292.01
SELL INDUSINDBK.NS @ 1595.19
SELL COALINDIA.NS @ 326.52
BUY BHARTIARTL.NS @ 1109.49 (size=204)
BUY ICICIBANK.NS @ 1012.45 (size=155)
SELL ITC.NS @ 404.98
BUY APOLLOHOSP.NS @ 6114.14 (size=25)
BUY POWERGRID.NS @ 226.61 (size=294)
SELL ADANIPORTS.NS @ 1110.41
BUY COALINDIA.NS @ 358.81 (size=185)
SELL TATACONSUM.NS @ 1107.01
SELL TITAN.NS @ 3712.39
SELL CIPLA.NS @ 1292.22
BUY DRREDDY.NS @ 1209.35 (size=78)
BUY SHREECEM.NS @ 29309.40 (size=2)
BUY MARUTI.NS @ 10425.57 (size=6)
BUY NTPC.NS @ 313.91 (size=96)
BUY TATASTEEL.NS @ 132.86 (size=228)
SELL SHREECEM.NS @ 26677.96
SELL BHARTIARTL.NS @ 1098.20
BUY TCS.NS @ 3878.79 (size=24)
BUY SBIN.NS @ 651.04 (size=104)
SELL TECHM.NS @ 1246.44
SELL ICICIBANK.NS @ 973.35
BUY HINDALCO.NS @ 593.52 (size=101)
SELL NTPC.NS @ 301.39
SELL HINDALCO.NS @ 503.50
SELL INFY.NS @ 1568.70
BUY M&M.NS @ 1738.26 (size=85)
SELL HEROMOTOCO.NS @ 4270.15
SELL TCS.NS @ 3743.27
SELL COALINDIA.NS @ 388.09
SELL BPCL.NS @ 271.70
SELL ONGC.NS @ 239.41
SELL TATASTEEL.NS @ 134.83
SELL RELIANCE.NS @ 1444.93
SELL APOLLOHOSP.NS @ 6327.10
SELL BAJAJ-AUTO.NS @ 7651.66
BUY LT.NS @ 3571.85 (size=112)
SELL DRREDDY.NS @ 1223.66
BUY TATASTEEL.NS @ 143.64 (size=2796)
SELL HCLTECH.NS @ 1529.82
BUY TITAN.NS @ 3742.36 (size=107)
BUY NTPC.NS @ 337.33 (size=301)
SELL WIPRO.NS @ 240.58
BUY INDUSINDBK.NS @ 1537.48 (size=55)
BUY AXISBANK.NS @ 1123.17 (size=75)
BUY BAJAJ-AUTO.NS @ 8589.77 (size=3)
BUY TATACONSUM.NS @ 1243.69 (size=27)
BUY BHARTIARTL.NS @ 1183.16 (size=28)
SELL SBIN.NS @ 732.46
BUY TCS.NS @ 3931.54 (size=1)
SELL NTPC.NS @ 307.44
SELL INDUSINDBK.NS @ 1486.15
SELL POWERGRID.NS @ 247.34
SELL M&M.NS @ 1825.56
SELL TATACONSUM.NS @ 1162.26
SELL MARUTI.NS @ 11162.75
SELL AXISBANK.NS @ 1078.65
SELL TATASTEEL.NS @ 137.60
SELL SUNPHARMA.NS @ 1529.36
SELL TITAN.NS @ 3603.03
SELL BAJAJ-AUTO.NS @ 8078.63
SELL LT.NS @ 3442.28
SELL TCS.NS @ 3729.95
BUY MARUTI.NS @ 11702.75 (size=48)
BUY ITC.NS @ 383.68 (size=1043)
BUY BAJAJ-AUTO.NS @ 8863.99 (size=31)
BUY BAJFINANCE.NS @ 716.48 (size=276)
BUY LT.NS @ 3700.04 (size=53)
BUY BAJAJFINSV.NS @ 1642.01 (size=120)
BUY EICHERMOT.NS @ 3924.37 (size=50)
BUY GRASIM.NS @ 2270.29 (size=87)
BUY JSWSTEEL.NS @ 862.85 (size=23)
BUY ADANIPORTS.NS @ 1391.38 (size=10)
BUY DIVISLAB.NS @ 3645.82 (size=2)
BUY HDFCBANK.NS @ 743.46 (size=10)
SELL BHARTIARTL.NS @ 1190.21
BUY EICHERMOT.NS @ 4106.42 (size=3)
SELL ADANIPORTS.NS @ 1303.59
BUY ONGC.NS @ 252.11 (size=46)
SELL LT.NS @ 3539.70
SELL BAJAJ-AUTO.NS @ 8628.56
SELL BAJFINANCE.NS @ 687.71
SELL BAJAJFINSV.NS @ 1616.69
SELL JSWSTEEL.NS @ 835.98
SELL ITC.NS @ 374.95
BUY BHARTIARTL.NS @ 1248.30 (size=211)
BUY GRASIM.NS @ 2352.52 (size=130)
BUY SBIN.NS @ 783.56 (size=273)
BUY AXISBANK.NS @ 1125.17 (size=190)
BUY JSWSTEEL.NS @ 896.35 (size=238)
BUY ITC.NS @ 391.69 (size=546)
BUY ICICIBANK.NS @ 1141.44 (size=18)
BUY POWERGRID.NS @ 282.48 (size=52)
BUY M&M.NS @ 2123.61 (size=6)
BUY BPCL.NS @ 283.01 (size=22)
BUY ASIANPAINT.NS @ 2910.41 (size=2)
SELL HDFCBANK.NS @ 739.57
BUY COALINDIA.NS @ 417.28 (size=6)
SELL MARUTI.NS @ 12242.75
BUY BRITANNIA.NS @ 4931.93 (size=36)
SELL ONGC.NS @ 246.48
BUY HINDUNILVR.NS @ 2287.12 (size=55)
SELL JSWSTEEL.NS @ 848.40
SELL ASIANPAINT.NS @ 2781.19
SELL BPCL.NS @ 264.06
SELL COALINDIA.NS @ 389.93
SELL BHARTIARTL.NS @ 1257.87
SELL DIVISLAB.NS @ 3749.76
BUY HEROMOTOCO.NS @ 4458.75 (size=34)
BUY UPL.NS @ 528.34 (size=366)
BUY COALINDIA.NS @ 431.39 (size=315)
SELL ICICIBANK.NS @ 1102.87
BUY TATASTEEL.NS @ 167.01 (size=814)
BUY JSWSTEEL.NS @ 913.81 (size=148)
BUY HINDALCO.NS @ 684.63 (size=198)
SELL AXISBANK.NS @ 1124.17
BUY CIPLA.NS @ 1454.30 (size=13)
BUY ADANIPORTS.NS @ 1430.23 (size=54)
SELL GRASIM.NS @ 2372.87
BUY DIVISLAB.NS @ 4210.12 (size=12)
BUY HINDALCO.NS @ 696.17 (size=189)
SELL POWERGRID.NS @ 287.02
SELL TATASTEEL.NS @ 157.24
SELL JSWSTEEL.NS @ 874.48
SELL HINDUNILVR.NS @ 2238.72
BUY NTPC.NS @ 373.51 (size=569)
BUY INDUSINDBK.NS @ 1512.90 (size=140)
BUY POWERGRID.NS @ 315.98 (size=673)
BUY HDFCBANK.NS @ 775.62 (size=274)
BUY LT.NS @ 3831.02 (size=55)
BUY ICICIBANK.NS @ 1141.29 (size=186)
BUY AXISBANK.NS @ 1221.91 (size=174)
SELL EICHERMOT.NS @ 4560.53
SELL BRITANNIA.NS @ 5035.41
BUY ULTRACEMCO.NS @ 10342.77 (size=20)
BUY RELIANCE.NS @ 1499.23 (size=141)
SELL NTPC.NS @ 315.78
SELL INDUSINDBK.NS @ 1376.22
SELL SBIN.NS @ 759.94
SELL POWERGRID.NS @ 276.96
SELL ADANIPORTS.NS @ 1237.59
SELL COALINDIA.NS @ 388.53
SELL UPL.NS @ 490.60
BUY HINDUNILVR.NS @ 2399.49 (size=9)
SELL EICHERMOT.NS @ 4389.22
SELL HINDALCO.NS @ 640.65
BUY BAJFINANCE.NS @ 711.16 (size=563)
BUY WIPRO.NS @ 227.11 (size=1764)
BUY ITC.NS @ 400.37 (size=1000)
BUY INFY.NS @ 1472.75 (size=272)
BUY TECHM.NS @ 1302.81 (size=307)
BUY ULTRACEMCO.NS @ 10694.64 (size=3)
BUY TITAN.NS @ 3507.98 (size=7)
BUY HDFCBANK.NS @ 817.87 (size=25)
SELL ITC.NS @ 386.24
SELL HINDUNILVR.NS @ 2369.48
SELL BRITANNIA.NS @ 5193.75
SELL HEROMOTOCO.NS @ 5101.71
SELL CIPLA.NS @ 1475.98
SELL TITAN.NS @ 3351.66
BUY KOTAKBANK.NS @ 365.29 (size=702)
BUY RELIANCE.NS @ 1519.30 (size=168)
BUY GRASIM.NS @ 2617.98 (size=98)
BUY DRREDDY.NS @ 1264.91 (size=20)
SELL BAJFINANCE.NS @ 706.35
BUY HCLTECH.NS @ 1435.55 (size=12)
SELL HDFCBANK.NS @ 813.06
BUY ONGC.NS @ 259.63 (size=512)
SELL M&M.NS @ 2828.62
SELL DIVISLAB.NS @ 4416.86
BUY BRITANNIA.NS @ 5523.62 (size=21)
BUY ITC.NS @ 412.63 (size=290)
BUY ASIANPAINT.NS @ 2959.36 (size=16)
BUY TCS.NS @ 3952.27 (size=8)
BUY BPCL.NS @ 281.78 (size=89)
BUY COALINDIA.NS @ 450.55 (size=56)
SELL KOTAKBANK.NS @ 360.25
BUY HINDUNILVR.NS @ 2609.36 (size=9)
BUY BAJAJFINSV.NS @ 1650.45 (size=47)
BUY APOLLOHOSP.NS @ 6484.73 (size=12)
SELL BPCL.NS @ 270.95
SELL ULTRACEMCO.NS @ 11121.43
BUY INFY.NS @ 1721.81 (size=18)
SELL WIPRO.NS @ 237.07
SELL RELIANCE.NS @ 1489.65
SELL COALINDIA.NS @ 428.18
BUY TATACONSUM.NS @ 1232.34 (size=195)
SELL ASIANPAINT.NS @ 2861.24
BUY NTPC.NS @ 374.27 (size=506)
SELL BAJAJFINSV.NS @ 1578.48
BUY BPCL.NS @ 290.88 (size=532)
BUY SUNPHARMA.NS @ 1639.74 (size=94)
BUY CIPLA.NS @ 1545.25 (size=40)
BUY DIVISLAB.NS @ 4739.79 (size=13)
BUY POWERGRID.NS @ 327.35 (size=75)
BUY ASIANPAINT.NS @ 3046.27 (size=5)
SELL GRASIM.NS @ 2756.09
BUY ADANIPORTS.NS @ 1582.45 (size=59)
BUY COALINDIA.NS @ 475.13 (size=197)
BUY MARUTI.NS @ 13092.35 (size=7)
SELL BRITANNIA.NS @ 5583.35
SELL POWERGRID.NS @ 320.80
SELL ADANIPORTS.NS @ 1486.62
SELL ONGC.NS @ 279.50
SELL MARUTI.NS @ 12070.21
SELL TCS.NS @ 3934.09
SELL HCLTECH.NS @ 1484.61
SELL INFY.NS @ 1682.39
SELL COALINDIA.NS @ 439.26
SELL TATACONSUM.NS @ 1169.63
SELL APOLLOHOSP.NS @ 6466.38
SELL NTPC.NS @ 380.68
SELL HINDUNILVR.NS @ 2641.97
SELL DRREDDY.NS @ 1351.64
SELL DIVISLAB.NS @ 4640.87
BUY BAJAJ-AUTO.NS @ 10149.23 (size=37)
BUY HINDALCO.NS @ 706.67 (size=382)
BUY BAJAJFINSV.NS @ 1718.16 (size=110)
BUY BAJFINANCE.NS @ 702.02 (size=188)
BUY UPL.NS @ 592.92 (size=156)
BUY BHARTIARTL.NS @ 1575.88 (size=58)
BUY HEROMOTOCO.NS @ 5142.37 (size=18)
BUY HCLTECH.NS @ 1716.70 (size=5)
SELL ITC.NS @ 457.40
SELL HINDALCO.NS @ 662.24
BUY HINDUNILVR.NS @ 2835.84 (size=42)
SELL BPCL.NS @ 318.42
BUY DIVISLAB.NS @ 5401.85 (size=15)
BUY BRITANNIA.NS @ 6030.22 (size=18)
BUY ULTRACEMCO.NS @ 11636.49 (size=9)
BUY ITC.NS @ 473.63 (size=238)
BUY APOLLOHOSP.NS @ 7033.47 (size=16)
BUY WIPRO.NS @ 258.07 (size=57)
SELL ITC.NS @ 462.91
SELL HCLTECH.NS @ 1669.05
SELL UPL.NS @ 589.41
BUY NESTLEIND.NS @ 1296.24 (size=35)
BUY M&M.NS @ 2927.33 (size=20)
BUY KOTAKBANK.NS @ 380.46 (size=156)
BUY MARUTI.NS @ 12479.43 (size=4)
BUY LT.NS @ 3758.84 (size=15)
BUY ICICIBANK.NS @ 1328.20 (size=44)
BUY JSWSTEEL.NS @ 978.91 (size=60)
BUY POWERGRID.NS @ 330.31 (size=27)
SELL ASIANPAINT.NS @ 3208.19
BUY TATASTEEL.NS @ 156.87 (size=58)
BUY JSWSTEEL.NS @ 987.04 (size=9)
BUY HINDALCO.NS @ 712.62 (size=12)
SELL CIPLA.NS @ 1620.24
BUY BPCL.NS @ 338.07 (size=66)
BUY EICHERMOT.NS @ 4997.80 (size=4)
BUY RELIANCE.NS @ 1520.10 (size=14)
BUY APOLLOHOSP.NS @ 7204.98 (size=3)
SELL RELIANCE.NS @ 1470.70
SELL HEROMOTOCO.NS @ 5384.62
SELL BAJAJ-AUTO.NS @ 11514.62
SELL BAJFINANCE.NS @ 738.83
SELL KOTAKBANK.NS @ 364.14
SELL HINDUNILVR.NS @ 2808.23
SELL WIPRO.NS @ 248.48
SELL EICHERMOT.NS @ 4721.28
SELL BPCL.NS @ 313.17
SELL POWERGRID.NS @ 319.74
SELL BAJAJFINSV.NS @ 1883.63
SELL ULTRACEMCO.NS @ 11378.13
SELL NESTLEIND.NS @ 1278.50
SELL BHARTIARTL.NS @ 1627.30
SELL MARUTI.NS @ 12393.36
SELL BRITANNIA.NS @ 6041.13
SELL DIVISLAB.NS @ 5379.85
BUY DIVISLAB.NS @ 5962.60 (size=81)
SELL TATASTEEL.NS @ 154.71
BUY HCLTECH.NS @ 1776.99 (size=192)
SELL M&M.NS @ 3043.55
SELL JSWSTEEL.NS @ 986.69
SELL SUNPHARMA.NS @ 1859.99
BUY TECHM.NS @ 1636.52 (size=159)
SELL HINDALCO.NS @ 715.01
SELL DIVISLAB.NS @ 5701.64
BUY ICICIBANK.NS @ 1282.95 (size=293)
BUY SBIN.NS @ 816.31 (size=322)
SELL HCLTECH.NS @ 1689.12
SELL TECHM.NS @ 1563.42
BUY APOLLOHOSP.NS @ 7395.07 (size=48)
SELL ICICIBANK.NS @ 1249.21
SELL APOLLOHOSP.NS @ 6991.39
SELL SBIN.NS @ 792.73
BUY POWERGRID.NS @ 322.51 (size=1667)
BUY WIPRO.NS @ 272.99 (size=1370)
BUY ULTRACEMCO.NS @ 11385.28 (size=32)
BUY TCS.NS @ 4095.59 (size=91)
BUY DIVISLAB.NS @ 6110.63 (size=61)
SELL ULTRACEMCO.NS @ 10928.53
BUY SHREECEM.NS @ 25905.64 (size=5)
BUY DIVISLAB.NS @ 6144.72 (size=23)
BUY ULTRACEMCO.NS @ 11575.18 (size=5)
BUY ICICIBANK.NS @ 1326.27 (size=33)
BUY TITAN.NS @ 3430.73 (size=13)
BUY LT.NS @ 3910.83 (size=4)
SELL DIVISLAB.NS @ 5932.64
BUY BAJFINANCE.NS @ 707.15 (size=77)
BUY BHARTIARTL.NS @ 1667.81 (size=22)
SELL POWERGRID.NS @ 315.67
SELL TCS.NS @ 4108.31
SELL LT.NS @ 3723.42
SELL ICICIBANK.NS @ 1277.05
BUY DRREDDY.NS @ 1317.25 (size=227)
SELL BHARTIARTL.NS @ 1587.03
SELL TITAN.NS @ 3346.78
SELL BAJFINANCE.NS @ 680.63
SELL ULTRACEMCO.NS @ 11350.85
SELL SHREECEM.NS @ 26532.75
SELL WIPRO.NS @ 284.69
BUY SUNPHARMA.NS @ 1854.42 (size=172)

Initial Capital: ₹1,000,000.00
Final Portfolio: ₹1,764,627.35
Total Return: +76.46%

================================================================================
📈 COMPREHENSIVE PERFORMANCE ANALYSIS
================================================================================

💰 RETURNS ANALYSIS:
   Total Return: 56.79%
   Average Return: 0.02%
   CAGR: 5.98%
   XIRR: 5.84%
   Annual Returns:
     2015: -14.00%
     2016: 2.92%
     2017: 13.20%
     2018: -4.15%
     2019: 3.29%
     2020: 35.69%
     2021: 25.35%
     2022: -5.11%
     2023: 21.30%
     2024: -9.14%

🎯 RISK ANALYSIS:
   Sharpe Ratio: 0.06 (Higher is better, >1 is good)
   Sharpe Ratio indicates how my returns are with respect to volatility of returns. A higher Sharpe Ratio means better risk-adjusted returns.
   Sortino Ratio: -0.00 (Higher is better, >1 is good)
   Sortino Ratio indicates how my returns are with respect to downside volatility. A higher Sortino Ratio means better risk-adjusted returns.
   Max Drawdown: 28.49% (Usually it should be 15-20% or lower)
   Drawdown Period: 1252 days (Lower is better)

📊 TRADING STATISTICS:
   Total Trades: 1495
   Winning Trades: 599
   Losing Trades: 894
   Win Rate: 40.1%
   Average Win: ₹6099.25
   Average Loss: ₹-3248.10
   Risk/Reward Ratio: 1.88
   Expectancy: 497.09
   Profit Factor: 1.26
